0
0
0
0
0
0
0
0
0
0
0
0
0
0
0
0
0
0
0
0
0
0
0
0
0
0
0
0
0
0
0
0
0
0
0
0
0
0
0
0
0
0
0
0
0
0
0
0
0
0
0
0
0
0
0
0
0
0
0
0
0
0
0
0
0
0
0
0
0
0
0
0
0
0
0
0
0
0
0
0
0
0
3 53 222 66
4 122 199 17 270
5 118 291 115 231 46
5 299 263 86 51 229
14 99 286 24 56 166 172 64 268 253 45 264 192 100 251
13 34 246 38 254 26 3 109 81 289 280 120 194 278
10 110 210 198 209 191 35 182 252 186 69
21 184 134 220 193 225 261 232 230 14 157 236 22 269 287 248 250 67 215 30 123 9
14 275 62 171 32 170 90 93 139 255 31 55 43 37 189
22 164 4 7 133 58 144 187 267 281 40 202 158 298 190 70 138 266 78 288 135 211 165
22 168 41 8 13 107 19 91 29 28 217 258 163 23 235 5 20 152 297 97 1 247 2
23 116 72 294 92 105 44 113 277 128 244 11 177 147 6 83 124 238 292 142 228 233 153 149
20 54 88 203 136 227 125 129 224 102 239 243 140 25 219 106 104 47 143 208 175
21 167 108 103 161 137 218 18 226 21 284 204 82 50 114 201 181 265 256 293 169 274
26 216 212 148 159 290 74 60 79 188 39 241 214 295 27 73 48 101 16 196 141 206 279 178 52 173 130
23 180 75 276 95 15 57 200 245 282 68 271 61 160 42 119 112 242 145 155 154 94 77 151
23 296 87 85 162 127 150 273 63 213 146 111 207 197 237 76 131 98 223 59 126 272 84 257
31 0 249 80 259 260 285 156 96 174 185 121 117 195 89 283 10 205 12 176 71 262 240 49 132 183 234 221 179 65 36 33
