16 6562 7164 8807 2670 537 2354 5255 2517 5066 4380 2218 834 9389 7242 685 9668
25 376 475 596 9037 2791 8116 1393 1820 9438 2021 1307 1034 9245 3118 8381 6516 2685 2249 7978 5607 7202 7758 1191 1120 4348
17 680 2370 6619 3285 5805 2587 1934 9437 1566 4774 2946 1044 2080 4904 9211 9638 3914
16 7650 2142 3613 6429 5286 4974 4254 2728 304 312 664 5749 2730 2905 9891 2521
23 5686 6984 6023 8412 4872 5627 7749 6839 2645 458 8366 7741 4614 9621 3187 8095 2310 1258 3730 994 3934 5273 3931
18 9810 2741 9012 659 1132 6883 6376 8151 71 9017 1732 7023 3971 6569 5773 7946 1805 6539
19 4274 9731 1791 3845 9264 8212 6982 1106 5171 723 7071 4609 7478 257 8934 2529 5542 1575 8012
19 7555 2673 3319 7267 7630 2596 3211 2545 3385 9967 1596 9725 4051 2148 7450 6291 5485 220 7568
18 6298 3511 6915 6130 8997 2358 5456 4578 4961 8927 8561 5867 8142 6895 7789 998 2243 4277
20 6630 4532 3974 1198 5092 3494 5558 1859 1671 8526 8828 2201 1712 5223 3677 5322 7069 1829 4962 2238
15 4698 4824 8039 5168 2646 6691 5938 6899 1905 8341 1374 6322 4716 7615 3871
14 3650 3788 7454 4647 5703 9772 2139 5696 7705 9024 7358 8770 667 5399
11 8632 6397 6918 4943 9568 6411 731 4416 4069 1359 7586
16 1842 3828 7124 2842 1237 1740 9324 7345 6211 8305 5489 3942 706 4741 3741 9312
28 1869 5554 5746 802 5719 1729 1054 8059 9617 102 6818 3901 8407 979 1746 7672 6102 4608 5530 7785 5595 2889 9755 4412 2337 2289 8527 5544
28 1986 2957 1500 1496 9527 100 9858 8585 7490 3992 4985 5133 8743 1486 4009 1606 2054 5785 6860 4726 4808 5339 7955 2287 1290 5435 3035 124
34 6656 6189 8376 4885 3424 277 8835 1908 417 3840 6836 92 6425 3636 348 6121 2077 8772 8798 5120 6134 6808 4942 6081 2553 4407 7265 7233 9428 269 5010 7878 1962 9829
10 7528 9295 574 9528 1940 9266 7112 5202 7899 8654
15 1513 6387 256 9170 8513 9386 6838 3034 8409 6388 8423 163 4844 8716 9465
9 8886 9398 413 2347 9147 5895 2070 8622 4186
17 550 8339 5730 3102 940 1119 4427 8754 4509 1126 1129 8084 1661 4284 5688 8363 3825
20 1565 1725 1436 5844 1752 6292 3221 1259 3689 9788 9122 7607 1788 9119 5431 3327 6093 7980 9461 2252
18 5394 161 3583 6290 6974 5908 5191 1025 2524 5768 426 5932 4680 5355 1990 6911 4189 7024
24 4141 7631 9832 8768 2011 5799 290 1930 6064 8987 6806 90 5734 7520 3852 9431 5035 8443 764 4230 9126 3612 5776 616
25 1240 6012 2605 9477 5477 9562 704 7477 9751 2407 6346 2715 473 5396 9894 9230 5820 673 2849 944 6788 3965 8083 6603 9922
11 1286 5639 7056 5392 191 4983 1274 5533 7828 148 5953
16 4772 8160 4278 6318 6947 5747 829 9222 5236 7291 9040 5812 7079 762 1691 4292
20 2882 5619 9130 2284 3895 2034 2364 7082 7532 8655 2069 3162 4631 6700 5095 18 5459 1923 9387 3857
21 3468 3482 7315 8033 9701 5380 5658 9361 1461 1008 6178 3074 6270 5331 3344 1895 488 9767 3019 1906 1562
20 156 6659 5070 3905 6566 2766 7094 9748 1918 6668 5754 101 3835 460 3151 6991 2516 4042 6080 3664
13 9848 2433 1239 7047 1806 9713 8732 9455 5946 5912 1966 2172 107
14 5498 2700 7029 2757 6688 6936 9148 5414 1642 3041 980 8002 8980 2210
29 1313 1830 3816 5678 5466 7840 2355 9561 6066 461 3524 216 6897 8545 5527 6802 2104 7725 5117 3303 5110 5410 2723 4463 6770 9499 5057 5248 6124
14 742 10 6785 6510 2428 8393 4991 171 6250 4015 1961 7123 710 3224
19 921 4441 5279 9478 5486 6602 9929 3598 3361 8887 5378 6854 4573 3235 5051 13 7437 398 2134
28 656 9681 4546 1527 4137 5695 3451 4497 1309 5907 106 9620 5221 2762 3101 1612 7790 9447 3660 2083 8914 8270 2822 4242 8327 7744 7261 6721
20 5064 4734 4539 2580 1551 232 7982 3465 3198 9193 3823 8388 3399 8777 4303 6914 8959 6300 8332 9931
28 3050 6718 6316 2641 7494 8155 3073 5366 607 4163 779 9724 9268 1308 5704 3455 4322 6432 2097 2655 3941 5740 9542 5506 3644 3448 7968 1813
16 9462 8646 4173 9479 1765 6309 4131 7225 291 1183 4215 4122 8701 3671 9792 8712
25 8609 8379 6989 3909 3554 46 5818 8926 5310 543 2602 9908 1163 5827 9686 3980 1577 1964 4763 8452 2629 1095 9484 1277 2090
6 3774 5570 2844 8929 4320 5616
15 5140 744 4876 8881 2454 5462 7121 736 3214 9749 9525 9567 3637 9281 8178
13 2777 7960 4262 6180 356 6866 7658 9787 2133 5936 6057 3688 8147
27 9255 1955 6123 3108 3966 3370 3051 8167 5803 5107 833 847 4426 5503 2468 3625 243 3438 7743 6561 5676 5787 5002 6781 879 3903 8870
4 8982 1699 1093 2540
12 8200 9366 8592 2872 5151 2855 8468 755 9220 1636 7374 3562
20 230 6967 9015 4703 8400 402 4472 4964 9683 9945 7835 8875 5349 7538 4237 301 2697 8319 2897 9476
30 4184 8309 6922 6029 1863 9286 6498 1232 4410 8816 2809 8182 1942 5172 3141 122 4060 7488 96 6034 7449 2903 9903 6256 4275 6158 8908 3012 8467 9606
26 5034 3329 4164 8203 5541 6454 3426 5303 4593 2653 9419 9912 30 4658 582 3699 9583 1371 1603 6894 45 7354 1936 31 4127 9736
23 6575 5189 7912 5838 3393 7666 5915 7580 281 115 194 5100 6823 5943 2405 5761 7408 3733 7518 5470 690 9811 8582
21 5008 2527 2415 724 8760 8656 508 3776 1388 6231 4505 8325 3350 7305 4721 777 6339 3412 2902 7742 3850
31 7677 9627 7704 6168 1221 658 1873 9610 7683 4605 9116 7043 2702 2248 2497 6722 2805 9826 8014 859 2416 2744 4298 8092 2763 8964 2594 1301 5176 8463 3349
9 1789 4144 4192 3071 165 8369 1894 432 1599
23 9042 4153 5287 6601 2732 3783 7727 8419 8620 8343 2178 4989 6990 7592 8504 5767 8944 2965 1848 8866 9048 7146 8594
19 4819 1325 516 1891 7610 6513 7492 9135 3599 1130 1413 2494 3423 6183 6988 3630 6606 5354 4732
15 688 9880 8115 7419 6709 2950 1762 6065 4516 5910 2689 3889 6136 2704 1619
21 2556 6380 7392 8551 2613 9734 3150 2340 5878 2462 6949 9807 4183 5781 3063 6351 6330 7268 1576 8080 9915
26 5282 7638 3991 8766 3807 3036 2059 4326 1595 8597 5182 674 1030 9321 6301 8616 6648 43 1554 3297 205 324 1333 7382 5011 8923
24 3453 9118 8259 9742 2115 1504 6247 3534 4159 6790 4176 4513 1885 237 9001 5338 4928 7241 6637 7577 5850 9990 7307 131
22 5516 9757 2967 5636 9345 3717 506 5837 4623 8266 9570 2931 883 4773 5166 1229 7050 9664 5813 2698 8221 9711
31 2230 3317 8198 5205 5663 9654 2140 2235 4376 9628 982 354 40 4356 4209 2498 5031 255 9872 518 1342 904 3223 6114 1107 3703 1720 9253 8087 7168 2321
35 190 8484 9473 1637 9306 6455 4848 4502 168 2455 1201 6305 7759 7019 6078 7595 2568 15 3722 8935 4372 9946 6667 3805 1933 9588 9502 1152 1549 185 7667 5508 1202 8238 1055
35 55 6115 8559 6952 4873 2738 3148 9852 4455 8832 718 3170 4299 6729 4786 4017 9712 4147 4652 5770 2033 9103 1383 9331 5482 4016 3013 6801 1021 8619 3837 1479 6994 2145 2625
26 1777 8747 3083 3054 8796 5779 7466 9410 4722 1541 5804 8917 9006 862 1283 9653 4169 9423 1426 8411 7559 6032 2457 2253 1573 6505
28 9556 627 1010 9485 1640 1845 2250 9738 7792 8506 2790 2234 5036 9026 1320 7737 1965 4272 4082 4572 8657 1953 4161 4079 1085 9277 2830 5423
22 9179 6141 5241 5369 2518 4990 5201 9376 4232 2793 8525 7856 4748 1241 6428 5928 6661 3484 4925 8430 5078 4399
19 7988 8991 8051 7080 6680 2160 9456 6382 1775 4809 1296 3563 5926 8286 7485 669 8726 2322 170
28 6220 7884 9199 3532 5487 5962 1831 9054 800 865 6243 9539 1446 3917 201 6083 6841 9091 9057 9854 3844 5745 2010 8255 4909 9781 5659 9311
18 9497 8653 4764 4481 6538 3952 2680 4204 1502 1727 4100 3515 5197 1526 9095 3571 8837 8078
26 3176 4437 7430 9246 6711 7994 4088 6280 7162 5228 9457 4575 8486 3135 6297 3553 116 5350 6427 9760 5625 4901 5836 1060 8137 2618
21 8194 2787 8761 6503 5116 6832 3782 3258 9083 9780 8006 2619 7139 5320 1083 5750 3254 3039 6187 4779 6477
30 3910 2536 6307 6741 8784 378 9002 6903 9981 3663 2745 4787 2126 6674 8058 6146 3061 6320 7970 5216 1487 4859 6976 3283 195 5454 79 1086 868 3987
22 2480 7398 1910 3754 2167 5952 2765 7626 4234 6886 9553 9843 6267 6773 6302 9290 1730 1205 2318 8943 7943 4354
26 8803 615 8682 832 3615 1346 8300 6356 8820 7796 4409 6094 589 9524 2192 2029 2427 3419 5509 6145 8507 1400 1092 4425 5077 1507
15 4068 3173 7296 1804 7588 5136 5496 8568 6720 9849 6792 9004 3533 9439 4951
19 7940 6352 1967 9043 7872 9233 9863 6315 2404 3001 8206 571 9885 7708 7413 2469 6112 6241 2409
16 9754 3213 3714 8576 3237 5993 8829 5420 5987 651 4367 9339 926 6631 6534 5293
12 1670 78 2859 5365 3282 7841 8230 6285 2593 9099 7460 1425
18 8038 9741 8830 2850 8109 4912 855 198 8126 9108 985 6371 9994 1329 9123 3158 1652 5790
17 9817 1431 8312 3031 4043 9547 6446 8810 6230 4438 7892 1877 8156 9674 1641 6853 3413
30 6875 328 3024 41 6021 6360 3947 7434 1843 98 8214 9512 4366 7414 2513 2175 8510 8105 7587 1976 7798 1846 2063 3516 2879 6626 7784 5174 3032 3950
14 6333 4029 7843 3970 1598 991 6452 8679 7218 8389 4554 5408 6964 4671
24 4657 6000 4291 128 5584 5783 7034 7364 7498 4654 4125 9833 7560 6692 5925 1253 3320 5121 4504 4672 4620 1808 4339 1452
23 1755 502 846 3669 4615 3930 3432 8511 1960 8662 8687 6043 7699 6578 964 5736 5348 2196 9661 5390 1887 4861 4908
22 3445 6058 992 2180 409 8272 2885 9319 4117 929 2916 2694 9821 8473 6184 6759 1354 54 2998 4220 1570 8279
23 5124 2663 7686 6727 8188 6223 7857 2443 3973 6225 4915 8408 7426 6314 4269 6827 4541 9129 3523 913 8808 4268 1336
28 4349 4794 8346 511 6192 9064 3058 4331 3531 2333 3493 3946 7627 9159 7734 285 7521 5099 8281 6109 8999 2692 294 5664 8195 3927 7348 3033
21 6244 3117 4656 7103 5700 387 536 5262 8523 5385 1519 1166 7815 7854 3015 1156 7290 648 6242 1128 5432
13 894 8721 8470 6540 8344 654 5561 8986 7606 8685 9977 6955 4133
26 6765 7085 9078 3220 6402 9684 6422 2686 3469 7941 5001 9998 1624 5080 1590 4235 548 345 3464 2096 2592 7126 2750 2165 5884 3569
26 5347 7787 5285 8445 9466 7211 7479 7562 7081 1181 6999 5238 7062 7006 8027 4251 4625 9856 3277 1379 2886 8216 702 6766 5230 6919
14 8326 9784 6116 6622 7130 1187 8805 7771 3762 5524 1347 6795 1801 7696
18 1046 9647 1110 7811 5452 4854 7754 52 3216 1538 8778 9506 4500 9624 3728 3298 2806 6993
36 9411 9799 1883 4882 5881 8262 2357 271 7357 1852 4630 3384 950 3022 1745 4639 7287 7245 1179 3062 2557 3940 509 3293 5094 5801 7247 1818 8235 534 4261 2131 7625 2203 5416 2659
6 3272 9986 7954 707 1473 2770
23 7000 248 2982 633 2539 1474 4398 280 6359 8860 7757 4135 9867 4626 8469 5401 4465 5762 242 5637 5127 4577 5944
18 4913 6900 4965 3789 5608 9593 6262 5391 9384 8958 4148 8975 3206 1935 4310 336 845 2940
17 7609 8031 8299 7086 80 288 2478 3091 5924 1881 6074 9591 5989 3716 9215 2411 5988
23 210 6475 4704 4782 5457 1048 3666 2417 2037 2565 3470 1235 4840 8857 9239 5741 3595 2582 446 5312 3679 6191 5817
28 5218 8213 6658 2006 3849 5856 9926 7465 6202 2118 9874 6969 1553 5994 3099 3210 5247 4503 5502 7195 4932 5164 564 2125 9642 4735 9443 9677
20 6563 2651 5240 9158 3122 4244 7698 3785 542 7277 7363 6868 3389 1442 5257 7038 2334 2961 392 8301
22 435 8786 6413 5135 4035 8157 6089 9273 1276 1453 2504 561 134 4517 7288 2852 7591 9587 351 6306 1427 9097
16 6484 9232 3731 2740 1772 5537 9299 8755 600 9798 8132 5897 3681 4473 1118 4996
21 7579 5650 6580 1686 5156 9106 1709 7176 8872 5733 6264 6006 6962 8347 3079 1754 2450 6217 5842 3959 5545
27 7512 7180 6206 1218 3188 6550 4666 2119 9381 799 4114 4498 2945 8650 9221 9964 9571 5793 2381 7292 2615 3265 1285 5505 176 6439 20
21 7557 7226 9341 9576 7665 1443 2335 1679 5708 8550 7507 2501 4950 7153 6174 8356 5098 7395 9058 6933 2851
24 2216 9595 439 2464 4200 2817 481 9272 871 1561 6106 7529 9911 4582 4477 5851 3215 1764 776 9966 5325 2257 8269 8113
15 5557 4944 9949 4433 4802 1508 4335 3004 1787 2342 8565 8172 1173 6499 8019
14 7483 6059 9157 8471 1071 4856 4612 9791 1056 630 1390 6384 421 1185
17 4744 6850 6391 7513 7682 6880 6431 1622 2894 7659 2487 6594 3662 2786 4364 3043 5063
22 6567 2198 8995 4617 8996 3338 2989 5154 3027 1781 9783 4030 8061 5185 6501 3902 1708 1858 9614 9993 2628 9673
18 5169 2128 4347 7316 9270 7503 7187 684 1525 6769 9708 5687 2258 9488 8658 9878 3929 8861
24 6410 9487 9543 1627 8868 4938 1422 5123 1568 1428 5004 3447 946 814 9822 4152 5327 1026 8145 7983 1704 6212 3863 5376
29 1090 8548 4661 5090 6139 7554 6942 8588 9191 6752 2290 7931 3434 657 67 8906 7966 539 2873 7753 1836 6568 3876 1366 9067 756 6958 9184 3883
21 1102 8795 6843 3169 5782 5660 3308 6272 9658 7924 6522 6036 4362 7295 8165 2811 6323 5461 1385 5536 5874
22 4080 3490 497 583 856 6172 9065 66 9607 5021 3454 6014 4359 6325 6226 3407 6049 8201 2579 5404 4823 7311
22 415 4344 8851 9440 2975 7150 3292 9659 9697 8318 5428 7642 160 8336 6447 1174 5633 2943 3087 1633 1225 2848
26 7320 9347 6485 1251 7117 730 7690 2577 6558 141 3949 4249 2373 3232 5344 5763 8844 3312 5475 6046 8893 4570 3000 4600 4542 5449
19 8028 1715 2535 5872 3450 9379 8540 936 556 8004 1058 503 7053 8124 3670 455 8278 7042 9776
22 3740 4953 5214 9947 5809 1480 1282 4777 5211 9062 5810 2911 226 4567 2024 8141 5316 5463 948 7476 6193 9794
19 9138 5260 6512 6921 2477 928 8064 2769 7497 7031 1749 6249 1793 784 5130 611 4490 7953 8612
27 8448 4020 5602 2999 292 7386 6523 9364 2397 6218 1700 1523 7148 4312 4871 8258 9865 2485 2226 2876 999 9154 1623 8879 2499 8120 1658
24 4228 164 8085 9464 1587 2640 2771 9151 6907 8018 2899 5587 6157 9021 1548 2473 6679 804 2823 1397 7623 8215 5048 914
26 315 2711 2531 3017 6951 1170 7876 661 2338 2537 1768 6041 4453 7516 5583 1045 9877 3360 3935 6612 1096 8780 5961 5705 6365 6690
32 3444 7463 4855 610 6780 219 9405 2942 8435 8699 8783 8207 9869 6474 5712 7816 9575 9357 636 938 7697 2311 2156 4754 7853 1321 1411 7052 8888 5563 3134 4178
19 6340 8187 3632 1215 9182 9238 5074 990 9284 3487 6129 5997 4745 5531 1149 8251 6616 5460 7731
19 4709 5815 4119 7193 6255 5088 2831 449 9480 7352 5589 1533 8684 3899 9076 4757 2488 8226 2865
15 8373 6904 5041 1882 7536 4899 9957 7200 6687 9301 7337 7566 5937 8503 7039
18 3986 8110 9322 8749 4902 7397 1786 3684 9919 3234 5000 4324 103 4751 2677 7496 4383 2862
31 8310 2920 4377 769 7877 2278 9207 7140 4693 1593 945 699 8774 8410 7934 95 9680 1537 7778 4937 6548 5134 8432 5778 2595 7583 7624 4005 2269 0 4023
24 7585 4761 7248 482 3778 9070 5888 9836 8800 6357 1819 8242 3356 2796 1094 6072 4151 5346 3256 8756 4210 3633 4987 1207
25 5517 2143 2401 3603 780 4720 5698 1655 7275 412 2246 9444 1292 547 6077 5326 5898 1289 746 3978 9323 9875 4530 722 5512
13 8173 6274 9975 6584 5690 6159 8793 9372 9519 3337 1462 6355 207
22 6135 3596 9052 8426 5425 3354 1430 5426 9516 4584 6416 1424 510 9687 819 7328 1360 5258 995 5889 6311 6152
23 1697 6669 4807 3199 608 708 2470 2612 3075 8334 581 1448 614 5830 6542 6697 528 3076 3676 2936 4140 7264 8331
8 3161 798 3911 5918 8704 7001 9876 3020
29 2436 9412 1588 720 5017 6767 6473 8823 1175 8037 8951 3205 1365 4121 7732 7282 4221 5670 1457 4165 9973 3548 9984 5157 7154 441 5024 7649 8972
25 8978 6756 1100 2079 1580 9297 4645 8595 3530 6910 8918 6856 515 8493 1016 558 2858 8907 3098 9307 4188 9721 5825 9069 6934
20 5621 3512 1111 2997 494 6062 3846 5495 6313 9363 4651 2057 3296 9750 1262 3792 9608 3723 2845 3286
17 6645 977 1835 2857 1564 4012 624 7037 9958 361 4442 5073 2812 1586 6545 869 8232
23 6877 4194 817 9974 150 2973 1550 1518 559 6009 1 8937 8150 2898 7679 984 8549 605 9978 2191 8606 3322 1375
22 1524 9633 9559 2426 4202 5409 6526 7971 4940 1324 5564 6056 4073 2690 4468 4191 631 866 8900 3492 8666 7673
17 6319 2330 1203 3428 6813 4340 9518 8668 752 4174 1484 5549 4820 2908 9172 8744 8163
24 902 9544 8323 6003 1628 1460 6398 6125 7372 7118 6618 9392 8909 576 2768 2004 7997 6509 6621 4218 9663 108 7836 1726
21 8848 6851 7230 4863 8554 8940 3181 3537 272 5933 5603 1702 2923 7720 5139 3165 3890 6207 6349 1931 495
18 7534 4415 3906 2314 852 4371 6235 5105 21 9258 8153 5555 1982 73 4239 5840 6514 9005
18 8104 3779 9830 5507 7172 7687 3601 6222 8244 8481 5610 1747 9533 8199 1821 3252 8913 5857
9 4523 4810 3503 6632 2481 2298 8202 8971 973
13 2359 3163 8026 8574 3392 9375 1298 1703 2522 4510 4333 5828 8304
24 6239 4208 2783 2382 4826 47 1660 8617 767 2760 4768 5559 8738 6443 3832 2380 8661 932 4118 6099 593 2564 401 6348
22 9735 9180 4602 3875 772 2121 8785 7769 4358 3305 7021 9441 5877 3186 595 486 7189 7228 8838 3427 9013 1293
17 3751 6581 7510 7817 5215 2003 9667 3526 9124 7423 8522 4900 2836 5446 6260 9637 1288
32 5971 1332 6849 5744 4170 8736 6924 9691 8536 513 4028 3433 7882 3759 2937 5101 9160 4701 7276 5630 1073 7175 9688 9895 2672 1694 8162 8538 4691 322 8349 8123
21 1970 6245 5158 6133 849 6927 459 1415 189 3330 5019 7886 1780 7157 4640 6528 9739 899 5811 3887 6246
18 5711 2825 9557 6279 7010 6426 952 7746 105 9548 4470 1007 393 2283 4753 4116 5652 2326
22 9495 5393 2293 1267 7867 645 6966 9761 3993 1872 379 7125 2084 7192 609 5556 4252 8340 6614 1744 1868 7133
18 6293 9100 2240 4245 4939 816 6820 202 3597 1666 2350 6937 4000 8815 5753 1663 8365 9088
16 2171 1433 5382 9862 2534 4550 2739 2749 6775 5786 971 8276 5138 3505 7996 7611
19 318 313 2928 1186 935 2977 584 2368 8974 9047 2155 1849 5492 8948 2847 1701 3184 5788 9850
1 7432
24 400 9965 1995 2782 3398 212 2000 4857 4834 7777 9229 6462 8218 2678 184 3956 9756 17 6289 8322 4492 6 1020 6890
9 8599 5950 1615 6760 9257 251 5467 9796 7795
22 2147 9104 9071 3325 2551 7344 8667 2323 5364 3661 3939 7551 3700 538 3227 264 9644 8891 1542 4747 49 797
17 6076 1721 8273 7729 4099 7334 249 7635 1368 2500 388 3864 8478 9034 6611 4971 9714
19 6547 4973 2654 2075 1689 9132 9143 9657 4800 5622 2237 5062 1108 1763 8946 4363 7917 7251 143
17 7662 5437 8500 369 601 5373 4032 698 9732 6104 2933 6830 3797 5072 327 3525 2814
3 1037 5281 7844
20 9289 1977 5112 7636 3640 967 199 6268 2710 5864 5419 8050 6229 6995 6564 5634 1080 7702 5412 3536
32 3156 677 5497 1305 2356 2296 5727 3579 3575 9128 7114 3510 3396 7255 9743 4595 5572 7874 120 7558 1464 7637 1098 3694 8819 5725 6726 5707 1216 8070 3611 8275
13 384 3508 7930 6531 129 1851 6847 9169 2968 5977 5439 9454 3275
32 7861 961 157 4742 2020 5406 3239 8698 3410 8158 394 892 2748 3276 332 9586 428 7191 454 4074 5909 6855 3659 1925 8307 6768 5550 4551 5683 6214 1088 8106
27 8271 477 8932 1609 3236 5049 7224 5626 1792 989 8529 9458 4285 3566 1947 9800 9351 5635 2144 7099 9883 8387 7012 2308 9451 8345 8569
23 4984 4056 6110 9851 3891 4583 2538 9806 7927 498 2984 7411 643 4123 3315 8284 8335 7898 4419 613 6154 6889 7181
23 457 2881 5955 5674 7380 1949 4397 1297 6932 4457 6824 2122 6681 2561 167 2202 8197 4766 7989 579 1478 562 7820
24 3430 8440 6536 5920 4205 1245 8945 5777 330 5540 8933 2025 283 153 3145 7671 6891 8714 9271 7100 3820 3359 3771 3514
22 9109 1634 267 1369 2754 867 5045 7842 2978 3977 4997 1736 5384 2168 7095 3926 4926 5731 1731 7590 2002 390
29 1492 9166 4706 9452 7546 9640 2904 3029 3092 1223 5816 874 8782 1797 7145 839 7788 7651 3570 6747 5532 5104 77 2001 8633 1698 5147 6520 7985
1 5254
22 3540 7186 6053 5654 6361 3918 9511 8791 6985 1676 1459 137 6495 7068 8048 1654 3023 4936 4811 7011 748 9396
19 3557 2896 3802 7209 6615 5374 5298 3502 7014 9092 8017 3194 7599 594 5141 7863 3324 7904 6444
26 726 4511 9267 9890 6786 2031 7435 2036 1352 4404 8843 320 350 1827 3178 4881 4004 9181 2953 592 4548 7359 1377 7059 7992 4185
3 5742 9600 5599
1 2448
14 2981 5593 2343 8931 7425 5484 7340 3387 3081 3504 8762 3229 7356 5873
16 3739 9011 2731 7342 4403 6389 8741 275 5919 262 418 9726 438 8623 5493 9404
23 3527 5227 5358 1734 5990 9282 533 4686 6647 39 3496 4024 1199 1168 6543 9403 4373 9840 4952 836 5669 5896 8607
1 3870
2 1695 4321
27 5299 4094 6456 9888 7849 3697 7188 2507 1651 2642 965 8274 35 5662 7762 6746 1710 1693 9353 9534 6042 3429 6737 905 4175 4212 9910
1 1018
1 1546
22 7198 2714 3103 8328 4624 8586 4223 1685 640 1913 1177 8035 9240 408 3767 7280 4931 8354 8441 1249 4599 7733
31 6807 5598 5769 1815 9698 3564 7640 6502 8787 8302 1406 4635 8573 1674 507 6399 8902 951 7643 5481 7680 524 1682 6363 3609 850 6869 2993 831 9639 9243
2 7383 3367
1 6834
2 5573 8753
29 2949 6706 8518 9707 2429 4618 554 2576 9626 3049 1735 8021 1625 565 9030 1363 2324 4107 6762 6251 7501 907 3818 1035 4638 8697 9989 2630 3705
2 7655 644
1 1284
1 766
1 1998
2 923 7641
2 5985 5883
2 2177 7713
1 7522
34 9514 5335 1066 6002 4059 61 741 3743 5027 7810 8055 2523 825 7870 5732 9666 3680 4405 9526 5291 3624 81 5340 1029 9941 4762 815 3242 9415 7688 8809 5198 763 7017
18 4065 5679 5913 8431 6859 333 7945 3018 8528 3822 8097 4998 7051 7918 4641 5294 3417 2816
30 9409 606 2912 24 4098 541 4877 7329 4537 4648 9613 284 9897 9737 8239 5941 9474 4351 152 4482 1322 2795 1659 420 3125 9467 7338 26 4922 7964
1 1114
19 445 8179 3333 3257 4112 8209 8370 3066 7668 7438 6420 4003 8348 5250 1753 1396 1979 9740 1087
2 9914 4580
21 6961 7318 4894 1384 696 7553 2233 6004 8566 4705 6430 7097 7028 5710 382 7926 7106 9541 9509 8845 3861
1 9359
1 7621
1 9530
11 211 881 8542 2173 3439 4930 5582 7718 6733 8498 4868
23 5300 3149 1528 3817 5902 6794 3409 5213 6404 9137 9305 5307 4450 1879 97 8998 5959 8532 6682 693 2406 8476 7482
2 4736 1064
2 3088 8119
5 1956 6521 1760 1089 5760
4 943 1131 8572 5784
2 7015 3755
2 6583 807
22 2869 5716 9901 6649 7064 7156 5808 8449 7129 5890 1142 5295 2112 7152 3829 3547 4561 6038 6728 2099 4337 4332
2 8571 89
2 3827 4778
3 5969 2463 9350
3 7362 5597 7509
2 4317 218
6 7506 8139 9764 7723 3097 8558
4 5780 5296 4898 5865
2 3824 437
28 9140 2559 1993 8406 1833 1097 4428 9393 2838 5491 3865 3403 9385 4493 8421 5847 6460 3915 1024 4559 9489 9231 5190 4972 3848 5144 82 224
10 9985 7314 6327 8464 6173 8020 3811 8245 6090 1559
4 9418 2007 3185 4760
2 4420 3388
2 1143 8402
3 5444 1713 5084
3 3709 3246 7527
26 8329 372 222 2571 88 7709 3294 1605 4781 2123 2026 7446 448 3830 146 9819 5341 4862 8665 9283 5054 7730 3086 8722 1680 4095
2 1922 8000
19 4525 8708 297 585 5343 9820 1447 4260 9920 4154 5771 895 3368 127 6597 5829 7990 6665 9648
5 4329 4361 7368 4755 6087
19 4839 2720 7928 4307 3471 6783 5860 273 6424 3990 1794 4084 9503 7102 8353 1222 2966 8111 8047
16 3253 4637 5235 9187 9649 8728 9523 3667 5875 4421 2742 3773 2511 8546 1027 8433
2 310 835
5 8605 229 8825 4040 3517
2 8788 1140
21 3549 8962 8175 7911 4536 1438 9976 6044 7768 9744 1227 8892 6409 3114 2132 3278 3685 1217 6744 9999 6935
21 2883 8640 423 4008 6277 1543 5440 1323 1512 2495 672 7210 8614 7535 2706 8099 4830 2693 1435 5979 8364
1 5968
2 7075 2709
6 6591 4052 4678 4311 5159 4783
2 6515 3288
2 3729 7760
2 233 7061
2 4838 4949
2 8719 2265
2 9249 1545
19 3167 29 8342 8029 580 7846 8447 5359 2422 5511 3116 2209 3594 2074 9436 7113 4853 5975 7391
2 2412 4604
2 4588 4417
2 9346 641
19 4071 1664 9752 4788 6694 7141 2788 8073 3833 5917 2828 2008 4629 5317 3635 5986 6588 8422 3749
2 1246 6143
20 1138 7399 3281 5445 1888 9935 1860 8715 3989 7428 8739 1260 7174 7633 5764 442 5724 8904 5914 7972
18 4494 7965 2432 519 7293 7499 5402 3826 4387 1013 4507 5954 9046 908 8553 389 5272 7676
2 23 6960
17 4379 3988 8675 4601 4346 5192 7993 2512 2915 1421 9636 493 8040 7239 6463 3507 2491
2 4528 5578
5 1529 1061 3809 3310 8850
16 303 7040 8703 4495 4586 3546 9003 6160 9463 3758 8254 8298 2954 6197 1785 240
2 1023 2951
14 2519 1005 9979 957 3008 8458 5885 4815 9815 9804 4673 4636 7453 1022
3 7684 174 5334
14 1978 6689 5424 2313 8489 5304 567 2917 8792 854 6200 7387 9019 2866
17 9084 2941 3442 6831 9020 7475 3651 6304 5086 5887 1252 5748 6634 1326 8505 2541 9693
11 1757 117 375 8564 113 920 6150 3311 1206 4006 1015
2 1146 5886
14 7070 84 9847 8420 5381 8189 6662 8840 5615 326 8224 209 5553 9515
13 6412 9216 3855 7229 6269 6418 9402 6164 3005 6607 7196 3230 6018
18 5324 713 3307 2135 5161 8509 3025 4475 5500 7319 6529 8915 7864 7663 6480 8237 3225 7600
2 9044 9520
19 187 6198 9675 8587 4150 1315 7455 1353 9670 864 6208 9702 9105 6825 933 2291 1959 4301 5618
2 9763 4483
2 7613 9049
2 1319 9360
5 4048 7147 1706 3656 9304
20 5693 9581 2327 3457 6670 1724 5387 3869 3334 7373 4207 3345 8277 2649 8598 8291 6238 3028 1327 6221
2 7284 2445
2 4070 5478
10 7952 3629 7799 2316 3607 8204 5721 9579 9186 2620
10 3371 3030 3692 6815 4687 1113 3168 2717 7122 7458
9 7119 7711 1407 734 2166 6884 4836 1067 6600
12 5717 9679 2986 8149 6654 2774 8395 5743 8557 7891 2288 8330
10 1992 2247 6913 5858 3245 1773 8086 8459 2751 5059
3 1002 1844 4181
11 5018 7429 6695 6263 6822 5222 2589 6740 5377 3193 2430
10 3693 9090 1228 4196 9996 3191 1838 7379 872 2669
2 1376 6441
11 1867 7401 622 4214 3197 7020 3138 6155 2056 7464 8253
6 6541 268 568 789 4520 9723
2 3614 180
2 5441 9250
8 4758 6228 5868 7956 1414 8290 9349 7025
13 4078 7657 8950 6466 3249 2465 7104 1515 3104 8477 1784 5371 4793
12 1273 6381 700 5970 4842 7889 5237 3655 8731 1904 4717 773
4 3362 4138 9569 204
10 8292 2061 3555 9291 7088 7561 4255 9845 5562 7773
3 9864 9251 4557
2 9252 7632
2 3291 9824
2 1208 9868
2 7444 5513
5 7346 8968 3111 4700 2658
4 7347 2346 4476 1403
7 9563 6724 6901 8024 489 7779 4646
2 8192 9803
2 3381 978
2 9925 8730
2 368 1555
2 7355 4469
5 1269 4467 2212 7519 4374
9 1040 6663 4143 6916 6965 4090 4352 6190 7813
2 6879 8824
3 1973 8303 6063
2 4411 3491
2 499 492
4 8306 4390 7182 8013
5 4058 8102 5245 873 6686
2 5332 5226
2 9483 3341
2 1874 2758
7 3055 7929 6633 1866 6745 1381 2486
2 1778 1000
2 8071 7376
7 9313 2695 4309 9325 1194 364 8596
2 1803 1339
6 1560 7108 3760 8397 7304 4817
7 3090 4435 9619 1209 2944 4011 1344
4 8711 3936 5891 8308
2 306 8994
6 3580 5934 4066 3147 9377 4865
2 666 1159
2 2297 1399
2 3608 3560
2 5983 7809
3 6912 6377 9921
5 4644 9954 8895 8885 1082
2 1192 8727
8 2735 1335 7957 474 8520 6735 9927 5821
2 8967 4325
4 1776 768 7804 7678
4 549 4948 2718 1190
2 3708 8563
2 1563 4027
2 8965 7206
4 7862 5091 2502 3897
2 8578 2053
2 8184 476
2 7325 4818
2 5649 1880
2 5991 2939
3 9449 7575 5067
2 4829 5903
2 6039 1855
2 311 7110
3 8878 3358 6610
4 1105 5480 4022 1594
2 3647 6517
5 9913 3321 1356 4054 8898
2 7913 3202
2 8227 3638
3 8758 9459 7767
2 2176 820
2 7716 6753
4 6403 8088 9601 962
3 9550 2660 5653
2 6321 4941
3 2015 2573 2650
2 9121 5071
2 3578 4796
2 2418 7909
2 7227 1626
2 3696 5982
2 7468 3207
3 6031 7948 6828
2 3654 6527
3 563 6544 3064
3 7109 2736 5575
2 1178 4887
2 1135 7433
3 6252 3539 2617
4 719 1817 6644 2746
2 4679 2591
2 8670 7581
2 2384 4471
2 7013 2887
2 8773 9287
4965 8890 2528 9997 9995 9992 9991 9988 9987 9983 9982 9980 9972 9971 9970 9969 9968 9963 9962 9961 9960 9959 9956 9955 9953 9952 9951 9950 9948 9944 9943 9942 9940 9939 9938 9937 9936 9934 9933 9932 9930 9928 9924 9923 9918 9917 9916 9909 9907 9906 9905 9904 9902 9900 9899 9898 9896 9893 9892 9889 9887 9886 9884 9882 9881 9879 9873 9871 9870 9866 9861 9860 9859 9857 9855 9853 9846 9844 9842 9841 9839 9838 9837 9835 9834 9831 9828 9827 9825 9823 9818 9816 9814 9813 9812 9809 9808 9805 9802 9801 9797 9795 9793 9790 9789 9786 9785 9782 9779 9778 9777 9775 9774 9773 9771 9770 9769 9768 9766 9765 9762 9759 9758 9753 9747 9746 9745 9733 9730 9729 9728 9727 9722 9720 9719 9718 9717 9716 9715 9710 9709 9706 9705 9704 9703 9700 9699 9696 9695 9694 9692 9690 9689 9685 9682 9678 9676 9672 9671 9669 9665 9662 9660 9656 9655 9652 9651 9650 9646 9645 9643 9641 9635 9634 9632 9631 9630 9629 9625 9623 9622 9618 9616 9615 9612 9611 9609 9605 9604 9603 9602 9599 9598 9597 9596 9594 9592 9590 9589 9585 9584 9582 9580 9578 9577 9574 9573 9572 9566 9565 9564 9560 9558 9555 9554 9552 9551 9549 9546 9545 9540 9538 9537 9536 9535 9532 9531 9529 9522 9521 9517 9513 9510 9508 9507 9505 9504 9501 9500 9498 9496 9494 9493 9492 9491 9490 9486 9482 9481 9475 9472 9471 9470 9469 9468 9460 9453 9450 9448 9446 9445 9442 9435 9434 9433 9432 9430 9429 9427 9426 9425 9424 9422 9421 9420 9417 9416 9414 9413 9408 9407 9406 9401 9400 9399 9397 9395 9394 9391 9390 9388 9383 9382 9380 9378 9374 9373 9371 9370 9369 9368 9367 9365 9362 9358 9356 9355 9354 9352 9348 9344 9343 9342 9340 9338 9337 9336 9335 9334 9333 9332 9330 9329 9328 9327 9326 9320 9318 9317 9316 9315 9314 9310 9309 9308 9303 9302 9300 9298 9296 9294 9293 9292 9288 9285 9280 9279 9278 9276 9275 9274 9269 9265 9263 9262 9261 9260 9259 9256 9254 9248 9247 9244 9242 9241 9237 9236 9235 9234 9228 9227 9226 9225 9224 9223 9219 9218 9217 9214 9213 9212 9210 9209 9208 9206 9205 9204 9203 9202 9201 9200 9198 9197 9196 9195 9194 9192 9190 9189 9188 9185 9183 9178 9177 9176 9175 9174 9173 9171 9168 9167 9165 9164 9163 9162 9161 9156 9155 9153 9152 9150 9149 9146 9145 9144 9142 9141 9139 9136 9134 9133 9131 9127 9125 9120 9117 9115 9114 9113 9112 9111 9110 9107 9102 9101 9098 9096 9094 9093 9089 9087 9086 9085 9082 9081 9080 9079 9077 9075 9074 9073 9072 9068 9066 9063 9061 9060 9059 9056 9055 9053 9051 9050 9045 9041 9039 9038 9036 9035 9033 9032 9031 9029 9028 9027 9025 9023 9022 9018 9016 9014 9010 9009 9008 9007 9000 8993 8992 8990 8989 8988 8985 8984 8983 8981 8979 8977 8976 8973 8970 8969 8966 8963 8961 8960 8957 8956 8955 8954 8953 8952 8949 8947 8942 8941 8939 8938 8936 8930 8928 8925 8924 8922 8921 8920 8919 8916 8912 8911 8910 8905 8903 8901 8899 8897 8896 8894 8889 8884 8883 8882 8880 8877 8876 8874 8873 8871 8869 8867 8865 8864 8863 8862 8859 8858 8856 8855 8854 8853 8852 8849 8847 8846 8842 8841 8839 8836 8834 8833 8831 8827 8826 8822 8821 8818 8817 8814 8813 8812 8811 8806 8804 8802 8801 8799 8797 8794 8790 8789 8781 8779 8776 8775 8771 8769 8767 8765 8764 8763 8759 8757 8752 8751 8750 8748 8746 8745 8742 8740 8737 8735 8734 8733 8729 8725 8724 8723 8720 8718 8717 8713 8710 8709 8707 8706 8705 8702 8700 8696 8695 8694 8693 8692 8691 8690 8689 8688 8686 8683 8681 8680 8678 8677 8676 8674 8673 8672 8671 8669 8664 8663 8660 8659 8652 8651 8649 8648 8647 8645 8644 8643 8642 8641 8639 8638 8637 8636 8635 8634 8631 8630 8629 8628 8627 8626 8625 8624 8621 8618 8615 8613 8611 8610 8608 8604 8603 8602 8601 8600 8593 8591 8590 8589 8584 8583 8581 8580 8579 8577 8575 8570 8567 8562 8560 8556 8555 8552 8547 8544 8543 8541 8539 8537 8535 8534 8533 8531 8530 8524 8521 8519 8517 8516 8515 8514 8512 8508 8502 8501 8499 8497 8496 8495 8494 8492 8491 8490 8488 8487 8485 8483 8482 8480 8479 8475 8474 8472 8466 8465 8462 8461 8460 8457 8456 8455 8454 8453 8451 8450 8446 8444 8442 8439 8438 8437 8436 8434 8429 8428 8427 8425 8424 8418 8417 8416 8415 8414 8413 8405 8404 8403 8401 8399 8398 8396 8394 8392 8391 8390 8386 8385 8384 8383 8382 8380 8378 8377 8375 8374 8372 8371 8368 8367 8362 8361 8360 8359 8358 8357 8355 8352 8351 8350 8338 8337 8333 8324 8321 8320 8317 8316 8315 8314 8313 8311 8297 8296 8295 8294 8293 8289 8288 8287 8285 8283 8282 8280 8268 8267 8265 8264 8263 8261 8260 8257 8256 8252 8250 8249 8248 8247 8246 8243 8241 8240 8236 8234 8233 8231 8229 8228 8225 8223 8222 8220 8219 8217 8211 8210 8208 8205 8196 8193 8191 8190 8186 8185 8183 8181 8180 8177 8176 8174 8171 8170 8169 8168 8166 8164 8161 8159 8154 8152 8148 8146 8144 8143 8140 8138 8136 8135 8134 8133 8131 8130 8129 8128 8127 8125 8122 8121 8118 8117 8114 8112 8108 8107 8103 8101 8100 8098 8096 8094 8093 8091 8090 8089 8082 8081 8079 8077 8076 8075 8074 8072 8069 8068 8067 8066 8065 8063 8062 8060 8057 8056 8054 8053 8052 8049 8046 8045 8044 8043 8042 8041 8036 8034 8032 8030 8025 8023 8022 8016 8015 8011 8010 8009 8008 8007 8005 8003 8001 7999 7998 7995 7991 7987 7986 7984 7981 7979 7977 7976 7975 7974 7973 7969 7967 7963 7962 7961 7959 7958 7951 7950 7949 7947 7944 7942 7939 7938 7937 7936 7935 7933 7932 7925 7923 7922 7921 7920 7919 7916 7915 7914 7910 7908 7907 7906 7905 7903 7902 7901 7900 7897 7896 7895 7894 7893 7890 7888 7887 7885 7883 7881 7880 7879 7875 7873 7871 7869 7868 7866 7865 7860 7859 7858 7855 7852 7851 7850 7848 7847 7845 7839 7838 7837 7834 7833 7832 7831 7830 7829 7827 7826 7825 7824 7823 7822 7821 7819 7818 7814 7812 7808 7807 7806 7805 7803 7802 7801 7800 7797 7794 7793 7791 7786 7783 7782 7781 7780 7776 7775 7774 7772 7770 7766 7765 7764 7763 7761 7756 7755 7752 7751 7750 7748 7747 7745 7740 7739 7738 7736 7735 7728 7726 7724 7722 7721 7719 7717 7715 7714 7712 7710 7707 7706 7703 7701 7700 7695 7694 7693 7692 7691 7689 7685 7681 7675 7674 7670 7669 7664 7661 7660 7656 7654 7653 7652 7648 7647 7646 7645 7644 7639 7634 7629 7628 7622 7620 7619 7618 7617 7616 7614 7612 7608 7605 7604 7603 7602 7601 7598 7597 7596 7594 7593 7589 7584 7582 7578 7576 7574 7573 7572 7571 7570 7569 7567 7565 7564 7563 7556 7552 7550 7549 7548 7547 7545 7544 7543 7542 7541 7540 7539 7537 7533 7531 7530 7526 7525 7524 7523 7517 7515 7514 7511 7508 7505 7504 7502 7500 7495 7493 7491 7489 7487 7486 7484 7481 7480 7474 7473 7472 7471 7470 7469 7467 7462 7461 7459 7457 7456 7452 7451 7448 7447 7445 7443 7442 7441 7440 7439 7436 7431 7427 7424 7422 7421 7420 7418 7417 7416 7415 7412 7410 7409 7407 7406 7405 7404 7403 7402 7400 7396 7394 7393 7390 7389 7388 7385 7384 7381 7378 7377 7375 7371 7370 7369 7367 7366 7365 7361 7360 7353 7351 7350 7349 7343 7341 7339 7336 7335 7333 7332 7331 7330 7327 7326 7324 7323 7322 7321 7317 7313 7312 7310 7309 7308 7306 7303 7302 7301 7300 7299 7298 7297 7294 7289 7286 7285 7283 7281 7279 7278 7274 7273 7272 7271 7270 7269 7266 7263 7262 7260 7259 7258 7257 7256 7254 7253 7252 7250 7249 7246 7244 7243 7240 7238 7237 7236 7235 7234 7232 7231 7223 7222 7221 7220 7219 7217 7216 7215 7214 7213 7212 7208 7207 7205 7204 7203 7201 7199 7197 7194 7190 7185 7184 7183 7179 7178 7177 7173 7171 7170 7169 7167 7166 7165 7163 7161 7160 7159 7158 7155 7151 7149 7144 7143 7142 7138 7137 7136 7135 7134 7132 7131 7128 7127 7120 7116 7115 7111 7107 7105 7101 7098 7096 7093 7092 7091 7090 7089 7087 7084 7083 7078 7077 7076 7074 7073 7072 7067 7066 7065 7063 7060 7058 7057 7055 7054 7049 7048 7046 7045 7044 7041 7036 7035 7033 7032 7030 7027 7026 7022 7018 7016 7009 7008 7007 7005 7004 7003 7002 6998 6997 6996 6992 6987 6986 6983 6981 6980 6979 6978 6977 6975 6973 6972 6971 6970 6968 6963 6959 6957 6956 6954 6953 6950 6948 6946 6945 6944 6943 6941 6940 6939 6938 6931 6930 6929 6928 6926 6925 6923 6920 6917 6909 6908 6906 6905 6902 6898 6896 6893 6892 6888 6887 6885 6882 6881 6878 6876 6874 6873 6872 6871 6870 6867 6865 6864 6863 6862 6861 6858 6857 6852 6848 6846 6845 6844 6842 6840 6837 6835 6833 6829 6826 6821 6819 6817 6816 6814 6812 6811 6810 6809 6805 6804 6803 6800 6799 6798 6797 6796 6793 6791 6789 6787 6784 6782 6779 6778 6777 6776 6774 6772 6771 6764 6763 6761 6758 6757 6755 6754 6751 6750 6749 6748 6743 6742 6739 6738 6736 6734 6732 6731 6730 6725 6723 6719 6717 6716 6715 6714 6713 6712 6710 6708 6707 6705 6704 6703 6702 6701 6699 6698 6696 6693 6685 6684 6683 6678 6677 6676 6675 6673 6672 6671 6666 6664 6660 6657 6655 6653 6652 6651 6650 6646 6643 6642 6641 6640 6639 6638 6636 6635 6629 6628 6627 6625 6624 6623 6620 6617 6613 6609 6608 6605 6604 6599 6598 6596 6595 6593 6592 6590 6589 6587 6586 6585 6582 6579 6577 6576 6574 6573 6572 6571 6570 6565 6560 6559 6557 6556 6555 6554 6553 6552 6551 6549 6546 6537 6535 6533 6532 6530 6525 6524 6519 6518 6511 6508 6507 6506 6504 6500 6497 6496 6494 6493 6492 6491 6490 6489 6488 6487 6486 6483 6482 6481 6479 6478 6476 6472 6471 6470 6469 6468 6467 6465 6464 6461 6459 6458 6457 6453 6451 6450 6449 6448 6445 6442 6440 6438 6437 6436 6435 6434 6433 6423 6421 6419 6417 6415 6414 6408 6407 6406 6405 6401 6400 6396 6395 6394 6393 6392 6390 6386 6385 6383 6379 6378 6375 6374 6373 6372 6370 6369 6368 6367 6366 6364 6362 6358 6354 6353 6350 6347 6345 6344 6343 6342 6341 6338 6337 6336 6335 6334 6332 6331 6329 6328 6326 6324 6317 6312 6310 6308 6303 6299 6296 6295 6294 6288 6287 6286 6284 6283 6282 6281 6278 6276 6275 6273 6271 6266 6265 6261 6259 6258 6257 6254 6253 6248 6240 6237 6236 6234 6233 6232 6227 6224 6219 6216 6215 6213 6210 6209 6205 6204 6203 6201 6199 6196 6195 6194 6188 6186 6185 6182 6181 6179 6177 6176 6175 6171 6170 6169 6167 6166 6165 6163 6162 6161 6156 6153 6151 6149 6148 6147 6144 6142 6140 6138 6137 6132 6131 6128 6127 6126 6122 6120 6119 6118 6117 6113 6111 6108 6107 6105 6103 6101 6100 6098 6097 6096 6095 6092 6091 6088 6086 6085 6084 6082 6079 6075 6073 6071 6070 6069 6068 6067 6061 6060 6055 6054 6052 6051 6050 6048 6047 6045 6040 6037 6035 6033 6030 6028 6027 6026 6025 6024 6022 6020 6019 6017 6016 6015 6013 6011 6010 6008 6007 6005 6001 5999 5998 5996 5995 5992 5984 5981 5980 5978 5976 5974 5973 5972 5967 5966 5965 5964 5963 5960 5958 5957 5956 5951 5949 5948 5947 5945 5942 5940 5939 5935 5931 5930 5929 5927 5923 5922 5921 5916 5911 5906 5905 5904 5901 5900 5899 5894 5893 5892 5882 5880 5879 5876 5871 5870 5869 5866 5863 5862 5861 5859 5855 5854 5853 5852 5849 5848 5846 5845 5843 5841 5839 5835 5834 5833 5832 5831 5826 5824 5823 5822 5819 5814 5807 5806 5802 5800 5798 5797 5796 5795 5794 5792 5791 5789 5775 5774 5772 5766 5765 5759 5758 5757 5756 5755 5752 5751 5739 5738 5737 5735 5729 5728 5726 5723 5722 5720 5718 5715 5714 5713 5709 5706 5702 5701 5699 5697 5694 5692 5691 5689 5685 5684 5682 5681 5680 5677 5675 5673 5672 5671 5668 5667 5666 5665 5661 5657 5656 5655 5651 5648 5647 5646 5645 5644 5643 5642 5641 5640 5638 5632 5631 5629 5628 5624 5623 5620 5617 5614 5613 5612 5611 5609 5606 5605 5604 5601 5600 5596 5594 5592 5591 5590 5588 5586 5585 5581 5580 5579 5577 5576 5574 5571 5569 5568 5567 5566 5565 5560 5552 5551 5548 5547 5546 5543 5539 5538 5535 5534 5529 5528 5526 5525 5523 5522 5521 5520 5519 5518 5515 5514 5510 5504 5501 5499 5494 5490 5488 5483 5479 5476 5474 5473 5472 5471 5469 5468 5465 5464 5458 5455 5453 5451 5450 5448 5447 5443 5442 5438 5436 5434 5433 5430 5429 5427 5422 5421 5418 5417 5415 5413 5411 5407 5405 5403 5400 5398 5397 5395 5389 5388 5386 5383 5379 5375 5372 5370 5368 5367 5363 5362 5361 5360 5357 5356 5353 5352 5351 5345 5342 5337 5336 5333 5330 5329 5328 5323 5321 5319 5318 5315 5314 5313 5311 5309 5308 5306 5305 5302 5301 5297 5292 5290 5289 5288 5284 5283 5280 5278 5277 5276 5275 5274 5271 5270 5269 5268 5267 5266 5265 5264 5263 5261 5259 5256 5253 5252 5251 5249 5246 5244 5243 5242 5239 5234 5233 5232 5231 5229 5225 5224 5220 5219 5217 5212 5210 5209 5208 5207 5206 5204 5203 5200 5199 5196 5195 5194 5193 5188 5187 5186 5184 5183 5181 5180 5179 5178 5177 5175 5173 5170 5167 5165 5163 5162 5160 5155 5153 5152 5150 5149 5148 5146 5145 5143 5142 5137 5132 5131 5129 5128 5126 5125 5122 5119 5118 5115 5114 5113 5111 5109 5108 5106 5103 5102 5097 5096 5093 5089 5087 5085 5083 5082 5081 5079 5076 5075 5069 5068 5065 5061 5060 5058 5056 5055 5053 5052 5050 5047 5046 5044 5043 5042 5040 5039 5038 5037 5033 5032 5030 5029 5028 5026 5025 5023 5022 5020 5016 5015 5014 5013 5012 5009 5007 5006 5005 5003 4999 4995 4994 4993 4992 4988 4986 4982 4981 4980 4979 4978 4977 4976 4975 4970 4969 4968 4967 4966 4963 4960 4959 4958 4957 4956 4955 4954 4947 4946 4945 4935 4934 4933 4929 4927 4924 4923 4921 4920 4919 4918 4917 4916 4914 4911 4910 4907 4906 4905 4903 4897 4896 4895 4893 4892 4891 4890 4889 4888 4886 4884 4883 4880 4879 4878 4875 4874 4870 4869 4867 4866 4864 4860 4858 4852 4851 4850 4849 4847 4846 4845 4843 4841 4837 4835 4833 4832 4831 4828 4827 4825 4822 4821 4816 4814 4813 4812 4806 4805 4804 4803 4801 4799 4798 4797 4795 4792 4791 4790 4789 4785 4784 4780 4776 4775 4771 4770 4769 4767 4765 4759 4756 4752 4750 4749 4746 4743 4740 4739 4738 4737 4733 4731 4730 4729 4728 4727 4725 4724 4723 4719 4718 4715 4714 4713 4712 4711 4710 4708 4707 4702 4699 4697 4696 4695 4694 4692 4690 4689 4688 4685 4684 4683 4682 4681 4677 4676 4675 4674 4670 4669 4668 4667 4665 4664 4663 4662 4660 4659 4655 4653 4650 4649 4643 4642 4634 4633 4632 4628 4627 4622 4621 4619 4616 4613 4611 4610 4607 4606 4603 4598 4597 4596 4594 4592 4591 4590 4589 4587 4585 4581 4579 4576 4574 4571 4569 4568 4566 4565 4564 4563 4562 4560 4558 4556 4555 4553 4552 4549 4547 4545 4544 4543 4540 4538 4535 4534 4533 4531 4529 4527 4526 4524 4522 4521 4519 4518 4515 4514 4512 4508 4506 4501 4499 4496 4491 4489 4488 4487 4486 4485 4484 4480 4479 4478 4474 4466 4464 4462 4461 4460 4459 4458 4456 4454 4452 4451 4449 4448 4447 4446 4445 4444 4443 4440 4439 4436 4434 4432 4431 4430 4429 4424 4423 4422 4418 4414 4413 4408 4406 4402 4401 4400 4396 4395 4394 4393 4392 4391 4389 4388 4386 4385 4384 4382 4381 4378 4375 4370 4369 4368 4365 4360 4357 4355 4353 4350 4345 4343 4342 4341 4338 4336 4334 4330 4328 4327 4323 4319 4318 4316 4315 4314 4313 4308 4306 4305 4304 4302 4300 4297 4296 4295 4294 4293 4290 4289 4288 4287 4286 4283 4282 4281 4280 4279 4276 4273 4271 4270 4267 4266 4265 4264 4263 4259 4258 4257 4256 4253 4250 4248 4247 4246 4243 4241 4240 4238 4236 4233 4231 4229 4227 4226 4225 4224 4222 4219 4217 4216 4213 4211 4206 4203 4201 4199 4198 4197 4195 4193 4190 4187 4182 4180 4179 4177 4172 4171 4168 4167 4166 4162 4160 4158 4157 4156 4155 4149 4146 4145 4142 4139 4136 4134 4132 4130 4129 4128 4126 4124 4120 4115 4113 4111 4110 4109 4108 4106 4105 4104 4103 4102 4101 4097 4096 4093 4092 4091 4089 4087 4086 4085 4083 4081 4077 4076 4075 4072 4067 4064 4063 4062 4061 4057 4055 4053 4050 4049 4047 4046 4045 4044 4041 4039 4038 4037 4036 4034 4033 4031 4026 4025 4021 4019 4018 4014 4013 4010 4007 4002 4001 3999 3998 3997 3996 3995 3994 3985 3984 3983 3982 3981 3979 3976 3975 3972 3969 3968 3967 3964 3963 3962 3961 3960 3958 3957 3955 3954 3953 3951 3948 3945 3944 3943 3938 3937 3933 3932 3928 3925 3924 3923 3922 3921 3920 3919 3916 3913 3912 3908 3907 3904 3900 3898 3896 3894 3893 3892 3888 3886 3885 3884 3882 3881 3880 3879 3878 3877 3874 3873 3872 3868 3867 3866 3862 3860 3859 3858 3856 3854 3853 3851 3847 3843 3842 3841 3839 3838 3836 3834 3831 3821 3819 3815 3814 3813 3812 3810 3808 3806 3804 3803 3801 3800 3799 3798 3796 3795 3794 3793 3791 3790 3787 3786 3784 3781 3780 3777 3775 3772 3770 3769 3768 3766 3765 3764 3763 3761 3757 3756 3753 3752 3750 3748 3747 3746 3745 3744 3742 3738 3737 3736 3735 3734 3732 3727 3726 3725 3724 3721 3720 3719 3718 3715 3713 3712 3711 3710 3707 3706 3704 3702 3701 3698 3695 3691 3690 3687 3686 3683 3682 3678 3675 3674 3673 3672 3668 3665 3658 3657 3653 3652 3649 3648 3646 3645 3643 3642 3641 3639 3634 3631 3628 3627 3626 3623 3622 3621 3620 3619 3618 3617 3616 3610 3606 3605 3604 3602 3600 3593 3592 3591 3590 3589 3588 3587 3586 3585 3584 3582 3581 3577 3576 3574 3573 3572 3568 3567 3565 3561 3559 3558 3556 3552 3551 3550 3545 3544 3543 3542 3541 3538 3535 3529 3528 3522 3521 3520 3519 3518 3513 3509 3506 3501 3500 3499 3498 3497 3495 3489 3488 3486 3485 3483 3481 3480 3479 3478 3477 3476 3475 3474 3473 3472 3467 3466 3463 3462 3461 3460 3459 3458 3456 3452 3449 3446 3443 3441 3440 3437 3436 3435 3431 3425 3422 3421 3420 3418 3416 3415 3414 3411 3408 3406 3405 3404 3402 3401 3400 3397 3395 3394 3391 3390 3386 3383 3382 3380 3379 3378 3377 3376 3375 3374 3373 3372 3369 3366 3365 3364 3363 3357 3355 3353 3352 3351 3348 3347 3346 3343 3342 3340 3339 3336 3335 3332 3331 3328 3326 3323 3318 3316 3314 3313 3309 3306 3304 3302 3301 3300 3299 3295 3290 3289 3287 3284 3280 3279 3274 3273 3271 3270 3269 3268 3267 3266 3264 3263 3262 3261 3260 3259 3255 3251 3250 3248 3247 3244 3243 3241 3240 3238 3233 3231 3228 3226 3222 3219 3218 3217 3212 3209 3208 3204 3203 3201 3200 3196 3195 3192 3190 3189 3183 3182 3180 3179 3177 3175 3174 3172 3171 3166 3164 3160 3159 3157 3155 3154 3153 3152 3146 3144 3143 3142 3140 3139 3137 3136 3133 3132 3131 3130 3129 3128 3127 3126 3124 3123 3121 3120 3119 3115 3113 3112 3110 3109 3107 3106 3105 3100 3096 3095 3094 3093 3089 3085 3084 3082 3080 3078 3077 3072 3070 3069 3068 3067 3065 3060 3059 3057 3056 3053 3052 3048 3047 3046 3045 3044 3042 3040 3038 3037 3026 3021 3016 3014 3011 3010 3009 3007 3006 3003 3002 2996 2995 2994 2992 2991 2990 2988 2987 2985 2983 2980 2979 2976 2974 2972 2971 2970 2969 2964 2963 2962 2960 2959 2958 2956 2955 2952 2948 2947 2938 2935 2934 2932 2930 2929 2927 2926 2925 2924 2922 2921 2919 2918 2914 2913 2910 2909 2907 2906 2901 2900 2895 2893 2892 2891 2890 2888 2884 2880 2878 2877 2875 2874 2871 2870 2868 2867 2864 2863 2861 2860 2856 2854 2853 2846 2843 2841 2840 2839 2837 2835 2834 2833 2832 2829 2827 2826 2824 2821 2820 2819 2818 2815 2813 2810 2808 2807 2804 2803 2802 2801 2800 2799 2798 2797 2794 2792 2789 2785 2784 2781 2780 2779 2778 2776 2775 2773 2772 2767 2764 2761 2759 2756 2755 2753 2752 2747 2743 2737 2734 2733 2729 2727 2726 2725 2724 2722 2721 2719 2716 2713 2712 2708 2707 2705 2703 2701 2699 2696 2691 2688 2687 2684 2683 2682 2681 2679 2676 2675 2674 2671 2668 2667 2666 2665 2664 2662 2661 2657 2656 2652 2648 2647 2644 2643 2639 2638 2637 2636 2635 2634 2633 2632 2631 2627 2626 2624 2623 2622 2621 2616 2614 2611 2610 2609 2608 2607 2606 2604 2603 2601 2600 2599 2598 2597 2590 2588 2586 2585 2584 2583 2581 2578 2575 2574 2572 2570 2569 2567 2566 2563 2562 2560 2558 2555 2554 2552 2550 2549 2548 2547 2546 2544 2543 2542 2533 2532 2530 2526 2525 2520 2515 2514 2510 2509 2508 2506 2505 2503 2496 2493 2492 2490 2489 2484 2483 2482 2479 2476 2475 2474 2472 2471 2467 2466 2461 2460 2459 2458 2456 2453 2452 2451 2449 2447 2446 2444 2442 2441 2440 2439 2438 2437 2435 2434 2431 2425 2424 2423 2421 2420 2419 2414 2413 2410 2408 2403 2402 2400 2399 2398 2396 2395 2394 2393 2392 2391 2390 2389 2388 2387 2386 2385 2383 2379 2378 2377 2376 2375 2374 2372 2371 2369 2367 2366 2365 2363 2362 2361 2360 2353 2352 2351 2349 2348 2345 2344 2341 2339 2336 2332 2331 2329 2328 2325 2320 2319 2317 2315 2312 2309 2307 2306 2305 2304 2303 2302 2301 2300 2299 2295 2294 2292 2286 2285 2282 2281 2280 2279 2277 2276 2275 2274 2273 2272 2271 2270 2268 2267 2266 2264 2263 2262 2261 2260 2259 2256 2255 2254 2251 2245 2244 2242 2241 2239 2236 2232 2231 2229 2228 2227 2225 2224 2223 2222 2221 2220 2219 2217 2215 2214 2213 2211 2208 2207 2206 2205 2204 2200 2199 2197 2195 2194 2193 2190 2189 2188 2187 2186 2185 2184 2183 2182 2181 2179 2174 2170 2169 2164 2163 2162 2161 2159 2158 2157 2154 2153 2152 2151 2150 2149 2146 2141 2138 2137 2136 2130 2129 2127 2124 2120 2117 2116 2114 2113 2111 2110 2109 2108 2107 2106 2105 2103 2102 2101 2100 2098 2095 2094 2093 2092 2091 2089 2088 2087 2086 2085 2082 2081 2078 2076 2073 2072 2071 2068 2067 2066 2065 2064 2062 2060 2058 2055 2052 2051 2050 2049 2048 2047 2046 2045 2044 2043 2042 2041 2040 2039 2038 2035 2032 2030 2028 2027 2023 2022 2019 2018 2017 2016 2014 2013 2012 2009 2005 1999 1997 1996 1994 1991 1989 1988 1987 1985 1984 1983 1981 1980 1975 1974 1972 1971 1969 1968 1963 1958 1957 1954 1952 1951 1950 1948 1946 1945 1944 1943 1941 1939 1938 1937 1932 1929 1928 1927 1926 1924 1921 1920 1919 1917 1916 1915 1914 1912 1911 1909 1907 1903 1902 1901 1900 1899 1898 1897 1896 1893 1892 1890 1889 1886 1884 1878 1876 1875 1871 1870 1865 1864 1862 1861 1857 1856 1854 1853 1850 1847 1841 1840 1839 1837 1834 1832 1828 1826 1825 1824 1823 1822 1816 1814 1812 1811 1810 1809 1807 1802 1800 1799 1798 1796 1795 1790 1783 1782 1779 1774 1771 1770 1769 1767 1766 1761 1759 1758 1756 1751 1750 1748 1743 1742 1741 1739 1738 1737 1733 1728 1723 1722 1719 1718 1717 1716 1714 1711 1707 1705 1696 1692 1690 1688 1687 1684 1683 1681 1678 1677 1675 1673 1672 1669 1668 1667 1665 1662 1657 1656 1653 1650 1649 1648 1647 1646 1645 1644 1643 1639 1638 1635 1632 1631 1630 1629 1621 1620 1618 1617 1616 1614 1613 1611 1610 1608 1607 1604 1602 1601 1600 1597 1592 1591 1589 1585 1584 1583 1582 1581 1579 1578 1574 1572 1571 1569 1567 1558 1557 1556 1552 1547 1544 1540 1539 1536 1535 1534 1532 1531 1530 1522 1521 1520 1517 1516 1514 1511 1510 1509 1506 1505 1503 1501 1499 1498 1497 1495 1494 1493 1491 1490 1489 1488 1485 1483 1482 1481 1477 1476 1475 1472 1471 1470 1469 1468 1467 1466 1465 1463 1458 1456 1455 1454 1451 1450 1449 1445 1444 1441 1440 1439 1437 1434 1432 1429 1423 1420 1419 1418 1417 1416 1412 1410 1409 1408 1405 1404 1402 1401 1398 1395 1394 1392 1391 1389 1387 1386 1382 1380 1378 1373 1372 1370 1367 1364 1362 1361 1358 1357 1355 1351 1350 1349 1348 1345 1343 1341 1340 1338 1337 1334 1331 1330 1328 1318 1317 1316 1314 1312 1311 1310 1306 1304 1303 1302 1300 1299 1295 1294 1291 1287 1281 1280 1279 1278 1275 1272 1271 1270 1268 1266 1265 1264 1263 1261 1257 1256 1255 1254 1250 1248 1247 1244 1243 1242 1238 1236 1234 1233 1231 1230 1226 1224 1220 1219 1214 1213 1212 1211 1210 1204 1200 1197 1196 1195 1193 1189 1188 1184 1182 1180 1176 1172 1171 1169 1167 1165 1164 1162 1161 1160 1158 1157 1155 1154 1153 1151 1150 1148 1147 1145 1144 1141 1139 1137 1136 1134 1133 1127 1125 1124 1123 1122 1121 1117 1116 1115 1112 1109 1104 1103 1101 1099 1091 1084 1081 1079 1078 1077 1076 1075 1074 1072 1070 1069 1068 1065 1063 1062 1059 1057 1053 1052 1051 1050 1049 1047 1043 1042 1041 1039 1038 1036 1033 1032 1031 1028 1019 1017 1014 1012 1011 1009 1006 1004 1003 1001 997 996 993 988 987 986 983 981 976 975 974 972 970 969 968 966 963 960 959 958 956 955 954 953 949 947 942 941 939 937 934 931 930 927 925 924 922 919 918 917 916 915 912 911 910 909 906 903 901 900 898 897 896 893 891 890 889 888 887 886 885 884 882 880 878 877 876 875 870 863 861 860 858 857 853 851 848 844 843 842 841 840 838 837 830 828 827 826 824 823 822 821 818 813 812 811 810 809 808 806 805 803 801 796 795 794 793 792 791 790 788 787 786 785 783 782 781 778 775 774 771 770 765 761 760 759 758 757 754 753 751 750 749 747 745 743 740 739 738 737 735 733 732 729 728 727 725 721 717 716 715 714 712 711 709 705 703 701 697 695 694 692 691 689 687 686 683 682 681 679 678 676 675 671 670 668 665 663 662 660 655 653 652 650 649 647 646 642 639 638 637 635 634 632 629 628 626 625 623 621 620 619 618 617 612 604 603 602 599 598 597 591 590 588 587 586 578 577 575 573 572 570 569 566 560 557 555 553 552 551 546 545 544 540 535 532 531 530 529 527 526 525 523 522 521 520 517 514 512 505 504 501 500 496 491 490 487 485 484 483 480 479 478 472 471 470 469 468 467 466 465 464 463 462 456 453 452 451 450 447 444 443 440 436 434 433 431 430 429 427 425 424 422 419 416 414 411 410 407 406 405 404 403 399 397 396 395 391 386 385 383 381 380 377 374 373 371 370 367 366 365 363 362 360 359 358 357 355 353 352 349 347 346 344 343 342 341 340 339 338 337 335 334 331 329 325 323 321 319 317 316 314 309 308 307 305 302 300 299 298 296 295 293 289 287 286 282 279 278 276 274 270 266 265 263 261 260 259 258 254 253 252 250 247 246 245 244 241 239 238 236 235 234 231 228 227 225 223 221 217 215 214 213 208 206 203 200 197 196 193 192 188 186 183 182 181 179 178 177 175 173 172 169 166 162 159 158 155 154 151 149 147 145 144 142 140 139 138 136 135 133 132 130 126 125 123 121 119 118 114 112 111 110 109 104 99 94 93 91 87 86 85 83 76 75 74 72 70 69 68 65 64 63 62 60 59 58 57 56 53 51 50 48 44 42 38 37 36 34 33 32 28 27 25 22 19 16 14 12 11 9 8 7 5 4 3 2
