25 7693 1062 6703 1799 5076 9228 4128 1130 9237 8361 3266 3920 9945 3506 6232 4422 5333 1759 6373 3162 9427 1966 2329 8718 1378
18 8009 8624 4400 4565 9959 2367 5984 569 14 6690 1361 7489 7991 5659 6723 6148 1951 8947
19 9152 4105 1629 6854 6429 1065 4552 1807 7979 2572 413 6343 75 4149 6310 1602 3687 5953 9690
17 1551 232 9704 7179 6604 2700 9081 7421 8472 3071 7317 3683 9243 6586 3405 7881 464
31 8094 8228 7323 4328 1364 3761 6722 4669 7857 8616 9242 6858 4694 2485 9969 3854 8669 8399 1401 4389 9098 8567 925 705 1812 7413 7079 2976 1127 7731 6288
27 2209 1109 4256 7234 3798 9838 5995 1914 1684 9368 7177 695 4804 8697 5203 344 8068 5643 3497 5207 4222 3882 9373 2301 4295 6576 7713
33 9757 3821 3129 8425 8642 300 5695 241 1081 2613 402 4426 8911 9070 2341 782 5220 6459 8498 7620 2832 1162 1099 7919 9173 9094 4284 9767 9494 3715 82 9970 3562
28 6119 6969 9761 8403 374 8827 178 2900 7920 518 2332 6940 7944 6572 7377 9435 8457 7200 101 5936 885 4424 6522 7565 8282 2848 170 5944
23 6121 2665 3157 6751 2935 5050 9407 9900 1656 6802 50 1941 4254 4436 3868 188 6057 3727 3934 6448 108 8939 3969
18 216 5976 6375 6504 6312 9801 2303 1167 2800 8759 9674 1517 3095 1481 8451 8707 2609 3819
15 2285 999 1578 7529 9911 8634 1445 526 8491 2555 2703 9250 5322 4606 6405
20 6602 6908 6655 2960 2834 1011 7674 8621 2801 2744 8655 5119 1268 6037 5275 6573 8404 2772 3347 9354
25 7134 9481 6930 1182 8407 4014 2737 6625 2850 8109 7462 9275 3599 7260 1531 6554 4934 8867 6539 5924 1881 6074 9591 6702 6191
10 3810 7431 3944 8626 1329 1683 4162 6464 1149 3478
19 2599 1004 3907 173 2398 6061 9584 2587 2721 3000 7033 5450 8657 4463 3956 6417 1295 5819 794
22 2548 4456 8030 9300 3443 1307 1154 3404 2712 7699 2932 6027 6697 2650 2723 5935 3441 792 2550 845 3126 8374
24 5400 4384 8782 8125 2885 9106 9789 3909 4125 6414 7735 8347 875 6675 9093 2092 8456 3234 9124 3390 9214 3535 8862 4393
20 9026 6953 1116 2414 2104 7725 7294 2068 3383 9315 6949 9807 7973 2727 3046 2138 9296 2819 8001 729
24 8610 1716 9192 4711 4851 3574 2024 7222 2632 6763 4682 3756 3634 9907 9073 7658 9746 522 2010 8255 7722 1087 3612 5225
23 8652 5861 691 1211 8007 7341 1871 9963 8593 5166 2871 3374 6972 9212 5066 793 7852 2083 9154 4844 4308 6569 9887
6 5141 7863 4752 9827 12 8057
14 2214 1477 3449 3897 2545 7786 781 2827 2460 3422 4728 8612 2203 4432
15 687 539 466 2945 953 2149 5832 1938 416 1234 3945 2152 9775 9771 2840
30 5751 8555 646 1527 7096 3531 3466 3904 319 1470 5026 2174 6262 6006 4289 3967 453 4831 5165 2101 9529 1103 110 7437 5773 4231 5142 8636 5758 6919
14 9621 1816 6553 3674 7238 4956 609 269 7781 9635 5900 8044 6487 8012
12 8357 2378 6778 564 5236 1303 8443 9390 6212 7814 6051 955
31 4017 381 4300 4607 1595 5539 281 2875 5372 3799 1791 2129 8916 7531 2938 1770 2351 1856 1373 9572 2549 2621 2970 8267 8589 6651 2098 3048 1456 7202 7472
14 7556 3379 4521 5945 6577 9989 9841 747 1698 2647 7869 2069 2773 1705
26 8615 9562 9450 4297 244 9948 6268 7256 9962 6882 6134 293 5357 1302 8264 7345 6406 6945 6287 6535 7261 9756 8641 9971 5046 1150
24 5405 8713 8419 1886 3370 365 7334 9424 2729 8432 4370 6660 8729 5759 7470 5338 7983 6673 5022 2843 430 4790 4799 4649
31 3717 7554 7243 4659 6316 2434 830 2657 2072 7628 821 1309 2234 4564 7894 9710 3879 7009 4858 3142 7923 337 9161 3166 804 1144 6941 9977 392 1084 2888
27 6172 7812 649 3859 7808 5040 1861 3221 1918 5475 114 4590 334 7332 2863 5274 6701 4598 4650 5839 8043 8295 8238 6534 5596 7855 2210
24 9952 2121 355 4111 6253 9475 8164 3085 4978 8247 809 43 2111 2483 1974 291 6653 1091 436 9210 8130 4563 2922 8543
16 8534 5694 5379 7361 1235 2451 8052 7240 7646 4763 2877 8460 898 6242 8311 2225
21 7903 461 1104 890 5033 3672 3372 5139 3813 5827 67 5680 1108 362 1183 4215 4785 5224 7303 6295 6603
8 3964 8095 4611 2185 6676 5471 7035 8897
10 2510 6530 7132 6890 2624 5533 3301 8808 2618 8120
21 6596 9263 1106 5411 90 8976 8359 1686 723 1836 6568 1574 2529 6954 9898 6005 6595 2227 4416 5575 8036
23 5087 847 7933 671 3784 2444 6374 7935 9724 9268 4710 6859 1423 3563 8859 8756 2091 1390 6384 421 5978 5390 7950
21 9513 5959 4690 3016 2931 5882 6079 8496 2757 7858 5215 9279 7084 5893 1074 6731 1472 906 4338 4077 2038
19 1132 1907 1458 8668 125 803 647 2943 3087 8880 7283 8724 4242 1185 8280 2170 2029 299 3043
18 4965 4756 3482 6593 8108 3052 9333 4595 9471 5638 6427 1940 1077 6230 5508 8797 8877 2554
39 5890 5025 4665 2520 6710 4246 2626 665 248 92 6425 3636 9511 64 9209 458 8664 6587 2402 8767 740 4591 2016 305 2388 4560 149 8287 8537 3352 8315 4599 7031 5204 7416 1892 4315 7044 8618
30 9037 4007 8806 1509 2856 2967 8970 843 6885 7301 7645 8034 9110 5786 5525 4464 8927 7675 5397 4719 2317 7439 3248 5750 5645 5545 579 1939 4145 840
14 9929 6511 6894 45 3344 1928 8260 4484 2993 4501 3586 4091 616 7
15 183 5512 5217 6827 4541 7511 2302 7705 9961 5024 1052 5318 8453 6433 8131
32 6069 5668 3544 986 9923 6698 91 7629 982 3993 1872 2370 6619 3285 2017 8842 6282 1432 7644 3707 4086 4110 3485 1172 6035 7742 6400 5354 1658 3218 2658 8684
26 4355 2781 3493 7843 3970 1598 8494 8693 5052 7582 1463 2413 8366 7806 4576 6022 8333 9201 1059 5752 51 750 5889 1865 9915 757
18 9397 6042 3547 2279 4461 5383 274 806 7932 2820 4556 4923 7144 107 9004 3863 7183 5784
12 5802 3852 743 5146 4732 4982 911 8053 4378 7714 4310 8154
29 9645 8973 560 2919 1994 8984 7573 9701 9823 862 9968 5041 8764 3714 6808 7536 1690 6234 7514 5703 9772 5096 8389 9063 9290 4683 5988 3914 1202
43 4855 6115 6952 9733 2603 2424 3208 3951 3572 1635 4935 8133 3840 2952 8309 4485 4643 2640 9684 6422 9165 6746 1710 1417 7987 7793 37 3948 2837 9079 5738 3096 7367 9699 555 6788 5490 7487 9956 6096 6955 6185 8925
22 6248 2040 5001 1317 3501 1681 7588 9060 2215 1342 9715 4547 363 6668 1829 336 9010 3349 9568 818 8838 2816
18 3534 4159 2909 3038 2062 8270 1591 5103 4631 1389 5153 2371 6300 9404 3998 2728 7410 3286
38 7612 6199 3196 7357 5510 4910 4233 5957 1723 9078 4585 9610 2585 9564 8300 5656 2054 8182 1942 5172 3141 122 1541 9400 2994 5301 2631 6224 7747 3804 3600 5469 7540 3238 6968 2211 7601 7527
32 3972 7685 6068 2570 6814 3290 6784 3793 444 2467 9678 9321 2086 8093 6203 6838 2447 1688 4945 6623 5755 6506 5115 6500 4061 7833 5150 9145 6693 1195 7467 4865
29 2036 1500 6101 6638 7912 5838 2673 3319 252 7415 4085 9208 4628 7999 4880 3262 6131 6866 333 3982 1895 4774 2946 9716 9616 535 6964 5865 9476
33 6265 2904 3105 5636 6392 8791 8629 8445 5628 9871 147 4250 9143 2648 7394 4613 6353 3213 6318 3155 8383 2336 9725 4051 9518 1926 9660 9189 4079 3488 488 5688 2508
22 2110 2453 3461 5351 6848 6159 4497 5792 1921 8242 8532 6682 4603 7199 6732 9597 8743 9540 8581 7436 1076 6278
21 1160 8263 7167 4356 4209 7757 2959 9479 1668 9835 7942 4169 6852 7127 3452 9667 6632 4288 3899 7733 6339
25 9314 7574 6538 922 8575 1494 4195 9617 6865 5221 4314 6036 3045 4988 8127 1603 3320 6259 7023 9531 9555 5774 1341 4286 1300
12 4727 6014 3010 2870 5392 4760 8507 411 3591 5682 9990 2223
12 8077 5980 5206 8393 5185 6501 3376 9336 2492 6782 3812 8957
12 9548 155 5546 3598 2929 3254 1696 8777 4303 6470 9391 5646
22 9505 6657 3499 6140 9116 5534 4221 5670 6211 104 1853 7461 4505 9672 1919 9365 2638 9484 2258 9488 7393 1226
24 4914 9634 8671 7456 8990 6283 5291 7712 8063 9376 4232 5878 2462 3006 1748 4306 9491 3143 9615 4918 5068 6465 5825 5108
3 5296 4320 2055
12 6387 5810 2494 6561 620 9356 4174 5364 185 4188 5404 8019
21 8585 4656 709 2076 4605 8293 2042 5479 8872 8936 451 8771 4609 8757 9032 4610 6311 8332 4886 3656 2586
18 5794 2164 5514 9828 8450 1034 9924 5612 3613 7969 79 5177 5122 2372 1809 2310 8226 8100
16 7707 9153 5852 1964 3700 28 5277 6233 858 3250 323 1274 8222 4741 3975 4268
30 57 5881 5012 753 5375 4063 1239 7830 816 9734 3150 2340 2817 4871 2229 3342 5106 4357 5805 570 4543 7385 9197 9074 111 5964 6991 2516 4042 8147
13 2476 1155 6055 6105 5657 2637 1969 5707 9676 2830 2540 1898 9088
13 6560 5639 577 4182 6086 5960 4240 140 1398 5458 5931 321 410
26 4733 5663 9477 7690 2577 9035 2776 9262 5451 6367 886 2151 1047 8576 1393 6758 1654 2911 5349 7538 4237 1021 6445 770 8078 4759
21 1944 4930 5582 8692 6181 7285 7543 972 7047 2810 8483 6688 6936 9148 3106 8683 9669 4817 7943 195 3886
19 377 2264 8864 754 6821 5303 6678 694 5102 8565 5648 785 3835 2707 9211 5130 669 1599 9721
18 4121 8413 4569 8289 7886 6755 4573 9295 9957 5266 1044 2080 49 859 7335 7751 6354 9834
24 772 7941 7143 4532 544 2362 83 8214 2956 996 4539 8003 9244 4571 8032 8240 5121 4504 3327 6093 7980 265 3204 142
10 905 7703 604 6796 834 246 9057 8949 1579 8716
18 1051 2835 7922 9270 3300 8437 42 8231 1765 8914 1366 9067 3644 3448 4977 7154 443 1653
16 5250 7065 6102 4608 5350 4082 2379 6468 573 637 2643 395 1514 5817 702 2276
18 5465 397 912 4675 4906 2768 7090 6281 9856 450 3019 1906 2689 2987 1204 7405 1878 6828
19 7078 4072 6085 9785 3992 4985 9350 7706 3960 3777 2779 5776 8114 8572 4324 1374 1213 3679 8377
17 9658 3323 5249 6823 5943 7244 1960 5258 6542 7739 7423 8522 3113 6978 1095 3971 7349
20 2893 3211 9612 2732 6020 7094 5793 9318 8416 4382 7607 4577 1404 3070 1732 3898 7024 9146 5474 2544
19 7630 5039 1643 9939 9175 5462 4238 6798 4402 8234 7262 2575 4672 4620 8818 3702 7937 9637 4841
27 8784 9406 3966 4875 7759 5228 9457 380 990 8945 4270 126 4840 9302 5729 9375 1298 3282 7841 915 5126 4943 6250 1837 9831 948 1823
22 8798 7931 7698 1771 282 3039 6187 7137 2360 9077 3736 4175 3610 5826 534 3744 1231 3440 1128 2908 926 9714
25 8529 7135 3119 4857 4834 7777 5005 3 4019 7397 2263 9193 3465 7003 2400 504 7390 5044 7039 5926 1086 868 7485 9117 8874
15 6582 2948 4496 2374 2645 1169 9218 441 3794 6225 5178 2204 4823 9061 7673
36 6485 8736 4414 627 3148 5089 277 3976 9144 3036 7710 7901 102 6818 9712 4147 4652 1461 1008 3874 8177 9185 6483 5267 9431 3182 5181 103 87 2392 9893 7258 9580 2411 2926 1825
23 8412 9944 1415 7794 2011 5082 3845 2535 3748 2268 2299 884 5053 4146 1753 1291 7216 9955 6895 8195 4968 3954 1646
14 5734 7520 7510 7817 4381 5739 1811 4917 7597 8061 5551 8468 6355 8942
25 6132 9127 2095 9394 290 1504 3476 9388 6223 5872 3450 1786 3684 4730 9895 9903 6388 8423 7269 3533 9439 7591 7257 6559 9876
17 9072 9490 6204 889 7907 8689 3545 5418 5378 3011 1395 2342 619 3965 5446 1439 7105
23 553 4113 987 1199 1168 8431 3101 5023 3701 6589 7728 5993 7765 5056 5916 1730 6837 4134 289 1367 737 4908 2130
5 8929 2698 5248 9573 8789
22 8506 8023 5879 1638 5684 3494 5558 8475 7125 5114 1743 4621 6791 5834 652 9059 9438 9782 9389 9461 3172 8363
22 6946 6454 4353 8987 6806 46 11 2479 6344 223 813 5152 2860 745 192 3695 9587 1408 9308 7051 8948 6227
22 876 826 7785 1436 7614 724 3271 9718 2190 1308 7330 9028 4262 7756 1691 2022 7821 7427 9129 2337 8087 7168
14 589 7425 5484 8010 3996 1124 6097 3604 3766 4412 4554 5591 9749 9642
18 2805 2947 9447 3660 4578 1179 787 7388 4178 2616 7027 5787 5002 6781 2902 5294 3417 3713
20 6562 7164 6824 1934 5314 9870 6754 1566 5640 7775 1933 6555 4354 4448 7175 5797 7758 1191 4158 452
25 6078 7595 704 2602 8220 9000 7515 3127 6747 4060 5503 2468 4163 1889 1814 7743 8658 8678 6766 5867 1014 1205 1962 4425 2509
18 3722 7488 4550 1394 470 4001 8045 7642 160 8336 6447 1174 8943 8279 1379 3712 1576 6322
20 7555 8510 352 5627 2021 3699 9378 3247 8248 7021 9958 8966 2071 1184 6217 9664 7719 8265 8497 7343
26 8747 3083 376 475 596 2653 9419 4117 9264 6883 6165 7403 3919 1469 8015 1671 8526 8828 5276 8887 6065 301 4479 4341 590 9277
16 4698 9337 1181 6709 8738 9665 8065 5785 6860 4726 6986 9448 7784 5334 7348 1662
25 3051 9068 8938 2979 659 9837 4274 9908 7610 6513 2740 6376 8151 2826 9855 3592 6948 6011 855 7054 4364 1153 5047 6918 9753
30 1869 5554 5746 802 5719 1729 8042 7211 128 1667 5043 6584 8504 542 3073 5700 387 9983 4623 5391 9384 8105 7420 9258 9760 4612 2219 5431 2300 7069
31 6942 3605 7312 4376 1580 9297 2217 1311 5193 1779 2105 2547 3496 4101 8963 7197 4388 7782 4385 8592 8944 2965 1848 8866 1645 2287 1290 5435 3035 5973 5592
27 1986 5888 266 2352 2999 292 3554 422 5853 5584 5783 3601 8193 8486 8562 1842 3828 2619 7139 1606 3273 9434 4671 18 7899 5894 758
12 7528 6947 5509 2517 460 3151 4108 3304 2289 5652 2326 1972
21 285 3621 399 1981 4204 2636 8258 1485 261 4166 1259 9588 9502 1152 2493 3642 611 1483 4446 3850 6080
27 1221 8203 2639 9830 5507 3885 3542 6021 5433 3228 8148 7763 1320 4947 1937 1163 3788 7454 8568 5762 2096 2592 7126 2750 5745 3128 2563
10 8886 4468 7518 3431 8183 9656 5836 1060 8137 8501
21 550 6120 3216 516 2808 2438 6149 6336 5302 5313 8584 4368 5015 1788 4272 6335 2389 7011 748 9606 2853
35 6900 6656 6189 1593 945 4200 4437 3329 7465 5955 4575 9705 5428 8259 9742 1644 6648 7066 2315 1590 9859 4775 4992 9748 8317 8975 3548 9984 3179 5855 1115 2457 2253 5791 2363
29 1240 6012 2261 3420 7364 4344 8851 5603 5306 1443 8760 8656 5904 9470 6846 7982 7299 3895 2034 4265 4680 5355 764 4230 7906 2683 9198 3631 2764
14 4772 8745 5320 3455 1237 1740 7727 2004 8702 5754 8663 2172 7181 182
25 8167 5803 2377 3657 5844 1752 2498 5031 2044 7615 6478 5186 7046 3363 7736 5264 8765 7617 3745 3180 3140 327 1760 1619 9311
19 156 6659 5070 4924 2126 680 4824 8039 9943 2364 1283 9653 1280 7160 5987 304 9891 5718 4124
12 9848 3645 9630 7497 1007 393 2283 1905 9668 5607 4177 8654
25 5090 9549 6186 6048 4410 1613 629 2180 6672 777 6566 4582 4477 5083 6423 5268 7352 588 2440 191 4983 7359 1377 298 8490
25 633 1256 3783 3451 5835 106 9027 5329 1264 8935 4372 9946 6667 4626 8469 1772 1795 4808 2879 3526 2182 4962 2238 3931 2625
26 1313 1830 9654 4028 5686 2527 2415 8266 9570 1282 4777 6298 3511 8170 1331 1358 9455 1049 8358 6899 4753 5175 1540 7533 1001 7001
11 742 5733 6264 2186 5677 1462 1126 1238 2593 4127 1038
21 921 7276 6493 5962 1831 9054 5564 9225 6683 3395 531 1875 6510 3385 9967 2488 2331 238 6070 1751 8622
27 6922 6029 1863 6023 502 6771 1985 6836 2661 7274 4406 6962 3524 5420 1316 3955 3473 5 9534 1957 1380 3280 8417 3189 5311 398 9097
28 3426 8823 3938 1272 354 8191 942 674 661 7080 202 3108 4638 7077 4459 255 1519 5577 7371 6443 1229 7050 2823 1397 2815 1085 2691 3825
16 7924 1873 4224 8058 5396 2680 1464 7851 1704 2582 1847 5432 8467 9396 2100 6467
19 5782 5660 3308 4443 9795 510 2611 9092 9593 6117 9413 4812 4095 2114 1987 7744 8839 914 5312
22 6618 1325 9652 8316 3121 3079 1392 4407 7101 9686 3801 3515 2088 2394 5989 3716 3240 5753 1663 5647 2271 4662
16 8239 7490 7650 8991 8051 4454 116 776 8863 3427 3059 7593 7669 7968 2251 3259
12 3774 5570 9501 2120 6621 4218 8625 1641 6853 5363 3012 2659
31 4455 3424 4661 7637 5535 5818 5777 7683 8835 8079 895 6270 2675 3807 2780 2248 2497 6157 2844 2713 5042 8904 3060 4263 3980 5736 5348 2196 3407 8278 2408
11 2777 5352 2567 8812 3187 7291 9040 9147 8156 2463 4474
28 9255 7975 9382 511 8285 2686 853 9537 6739 846 9566 2033 463 8620 4244 3434 8492 2793 8525 3132 6516 2685 7836 6616 2629 1479 6717 9203
11 8200 3438 3519 5325 2257 8269 6294 1312 2890 962 7307
27 4184 8832 718 3170 4299 6729 7191 409 8272 5123 1568 1428 5004 9469 8986 4165 4688 8050 9170 8513 1703 2522 4510 532 8430 5460 1134
21 6575 5189 1508 3393 883 5021 3454 9240 4852 8958 2242 6309 4131 7225 1400 1092 7426 7946 1805 4142 6750
24 4704 4782 5457 1030 8523 5799 2790 7287 1840 9103 1383 9331 6578 1572 5330 367 2148 8709 6666 8561 2469 6112 6241 2409
25 378 8434 5678 9512 3901 3317 3261 9812 3691 1117 2670 537 8325 2213 5035 5529 7721 3769 6768 5550 4551 5683 8900 3492 8666
17 6247 4366 5998 1193 6451 4365 85 7807 3072 6974 1554 1442 4427 4015 6214 6087 4193
9 1789 4144 2443 6314 4261 2131 7625 8898 1562
26 9042 4153 832 8187 9738 7792 2335 8542 8953 4587 1967 9043 7872 1073 8076 151 6928 9324 4148 486 3957 6481 3322 3571 144 1136
15 8830 1513 1787 361 3214 3137 2405 9528 8478 9034 5362 4614 1350 7251 3838
15 6850 6391 7513 2715 9583 1371 7414 8471 2918 3981 7798 2726 783 1427 7228
13 688 2142 8221 1820 8822 6720 8894 6611 4900 6291 5485 7783 8923
12 6855 3659 5288 9605 7032 8600 5151 2855 5883 171 7408 3749
28 5282 8548 1601 5234 3632 2119 7580 6359 8860 3082 2290 5120 947 517 8153 3339 1468 2030 8922 2672 1648 8837 2050 8619 3791 2334 8463 4305
24 3453 9118 8037 8951 2140 8505 1201 8659 8926 1709 8284 8335 9440 5496 9697 8318 8405 36 8365 9465 2725 1952 4122 6152
34 190 8484 1630 2838 5213 9595 3067 8435 8699 5541 4873 41 506 1215 4099 5238 3790 9288 4832 1041 863 5910 6444 1053 1925 5820 7053 8124 3670 7623 4191 2134 4197 9536
29 7446 9559 9620 3411 7246 1762 2771 9151 2292 3896 4689 9657 4800 194 5100 3483 3551 7195 5807 1486 8723 4757 2747 7951 3522 9792 5588 2755 5179
16 7150 5008 4012 624 2546 5416 600 5384 1893 4054 1661 2610 5395 9126 3033 8174
24 9179 7692 8116 6984 4089 254 9872 9912 30 9358 9542 8810 7153 6174 4097 2427 3419 4859 4488 6867 7136 9865 2814 5370
17 7988 5260 7643 4942 6081 6970 8961 5092 1119 5492 5772 2481 8934 3633 7460 2914 5449
33 7293 1637 1438 6110 9974 1251 7117 1054 199 6711 7666 1792 8989 1902 3615 8796 5779 9273 1276 6357 1819 8590 1310 8881 1610 6289 8322 5197 1526 6700 4005 7146 124
24 3029 2357 271 4502 168 5285 6498 6749 720 9575 9357 7037 9441 658 4819 6378 2684 9055 3312 9609 9711 8701 3671 7986
22 2480 161 3583 2906 7592 5690 2115 120 4491 2048 5326 4845 6790 4176 4513 8354 4333 7530 424 4332 207 3153
24 8803 615 8682 3789 2957 4137 8653 4764 4481 5380 8160 4398 3593 9444 1292 4850 1535 7720 1936 31 2499 3637 9281 2252
18 4249 9159 8988 2037 887 7879 6727 3074 8473 6184 5671 3388 1129 8541 6819 3528 5244 9931
16 4068 5619 9130 7926 7106 3973 1687 2381 5633 9762 3525 2127 762 5505 176 1009
16 3669 4615 3930 1198 3169 2796 6772 736 6064 8632 9519 5604 8384 1923 9387 3857
25 8588 9806 7927 6927 3816 6805 6832 979 8876 1391 5702 918 7259 5453 7741 6249 8004 6325 9713 8732 6207 2133 5293 1359 3626
18 9817 1431 8312 3031 4043 9547 6446 6891 6010 7500 426 4928 7241 6637 7577 5361 6976 8594
16 2710 3905 7016 4486 6130 8997 2358 5456 6626 33 420 3125 4769 9507 2964 5877
27 4657 6000 4291 7479 8761 6503 5116 5952 2842 9889 9758 7856 5219 536 546 752 179 9399 4715 2475 5095 7402 2701 8082 8913 6606 9417
25 3445 3188 348 9557 6279 7010 6426 7085 1943 4957 958 3489 2765 8294 6229 356 603 7800 8608 7826 3787 8508 983 1758 6917
21 5124 8595 8194 5156 7004 9541 3962 9428 1769 9978 3927 5788 3165 5401 562 3109 4116 1990 3762 828 5616
21 4349 4794 4630 3666 1627 8868 4938 4441 5279 9478 5486 1424 1682 6362 1894 3917 7589 3298 8251 1726 1247
18 6244 6526 7971 6297 7754 2437 9524 9755 7815 7854 3015 9791 8790 1258 3730 994 7649 60
23 6765 780 1233 9926 4141 7631 9832 7162 6009 7940 3811 515 7250 7351 2668 3552 312 2872 4735 9443 3020 2049 7820
26 3510 1530 9246 9625 6985 4973 9199 2230 2907 4470 6161 9298 547 543 4076 1790 5518 3297 6108 1036 16 3184 5644 5162 8879 8046
25 2338 950 3022 1745 74 2702 9038 582 6192 3351 8129 6734 9422 985 9661 4025 3206 8454 8964 2594 1301 3703 2940 1887 4861
21 494 5241 7764 9641 1294 3062 2557 3139 7718 6733 7315 9113 6661 3484 4925 6397 1279 1347 4275 1931 495
18 799 5632 7761 561 134 7745 6932 4457 9480 717 9245 440 5884 2136 1623 8008 6624 8337
18 3594 2663 6141 66 3477 8785 7769 578 7648 5701 8833 7898 4419 7218 3023 1808 3111 5190
20 1046 7816 1476 2260 2320 1539 4278 7474 6178 1448 3532 808 5168 4625 7835 6725 3741 8215 5048 8519
21 6550 4666 3066 6537 7558 2969 9284 4340 8339 508 3776 1388 8297 5482 1440 4972 932 4118 4580 5812 8113
25 856 5892 2442 2077 8772 141 3949 3173 7296 897 279 3447 946 814 3102 6346 2404 198 8126 7038 143 2961 2697 8319 8499
13 7609 8031 8299 686 7560 9780 8006 9047 4181 1961 1633 1093 5423
28 5218 9698 6658 2006 3849 5856 565 6220 7884 7535 6716 1725 5064 9230 5247 4503 5502 2237 8394 4517 1754 2450 8623 2865 1107 6 1020 8171
25 6563 2651 5240 6601 9561 6066 6902 9729 3054 235 4892 614 9896 4964 9683 5385 548 4632 7545 2194 1793 8249 5003 1652 5790
16 8996 3338 2989 5154 3027 3844 9594 5336 9822 5830 2822 9787 5653 8611 8905 7496
18 6484 3181 3537 272 5366 1236 4100 9624 6303 4380 1720 8139 9764 7723 4901 2243 5697 5407
25 533 8198 4602 3875 7277 8937 3721 9492 5699 138 586 1496 425 6540 8344 654 5561 4361 9885 7708 7832 3014 3223 1137 4292
19 7438 1260 607 5674 7142 5658 9361 1806 4971 4963 8558 1446 351 7337 7566 9793 5630 6691 807
33 7512 5487 328 6741 4848 3375 739 4115 7994 4088 6280 3785 8018 2899 2473 2561 7788 7651 8665 4960 1946 2811 359 1927 5084 8755 5595 5010 7878 7311 980 8002 1507
22 7557 7226 9341 9576 7457 6352 1453 7686 2319 3186 3356 7503 7187 684 1525 4022 4998 5202 1426 3041 1495 4795
14 1422 6966 6674 4561 6038 6728 9363 6106 7265 7233 3890 251 2615 3630
14 5557 7516 969 6699 5470 5080 5851 1071 9029 4572 8999 2692 4531 5147
21 1111 2997 6402 1553 5994 3099 3210 6062 3846 538 5498 6551 5527 1506 201 8341 4996 3094 3456 5339 7036
18 3530 6910 8918 6856 6920 8099 3007 4856 5908 5191 1025 9826 8014 9257 9986 4911 4490 7953
24 3017 3050 6202 2118 7883 4285 8188 6305 9858 865 6243 9539 7633 5133 7729 243 8819 5725 340 6028 5770 1118 6365 3941
18 6567 9751 1346 871 9980 5107 2916 3921 3689 3061 6320 7970 5216 5489 5257 4991 6145 5376
19 5169 2556 6380 7392 8820 7796 4409 6094 7071 1727 6075 3198 5176 7378 4540 7310 3928 2677 4987
25 6410 9487 3263 4170 4658 6413 992 1175 3345 1846 3220 4472 7770 7363 4915 4219 4280 1670 345 3464 1484 5549 4820 3611 2983
21 1102 2031 2753 529 7737 3974 833 7275 3292 5532 7749 6726 7667 4438 7892 1877 0 5157 7831 6840 5269
23 9737 2605 9410 5298 2373 6059 9157 2513 3946 7627 6509 7945 3018 9998 1624 5897 3681 755 9220 1636 8106 4129 3871
21 7380 1949 3565 1693 3384 6333 3940 509 3293 7062 7006 8027 4251 6371 6525 5229 3001 6958 9184 7242 685
20 4080 3490 497 8059 5287 9158 3122 5394 5650 8906 2122 6681 8845 6760 7672 3864 9600 5599 4281 4622
16 8028 9160 4701 230 2354 5255 9788 673 2849 944 4926 5731 1731 4994 6060 1452
19 636 938 490 2694 9821 6880 528 3076 3832 7532 4298 8092 2763 324 1333 7382 5011 1173 9759
19 3433 4029 7840 2355 4807 6420 8554 3867 5211 9460 8829 217 2282 7771 9076 6914 3959 7450 4023
26 315 2711 3092 1223 5816 5017 6767 7172 9002 5809 7882 2220 2178 4989 4236 3682 8017 3194 7295 8165 3324 2491 7524 8304 998 7611
37 3444 7463 4377 769 8559 2531 1332 7687 9405 9473 8213 3024 7677 5516 1777 3398 8379 6719 1864 286 353 7193 6255 4899 6975 7726 5747 4692 7797 2201 1712 5223 8107 2454 78 2410 432
24 2426 4194 1121 8448 4020 5602 2690 9685 5756 330 9482 4828 52 8793 6692 1780 167 2139 8140 6759 1354 4220 5118 3337
21 3778 4720 1910 3754 2167 4358 7502 4198 6622 7130 5104 77 2001 4974 163 1225 667 2905 8230 6285 3237
24 4482 1908 417 8298 2954 3469 9299 1561 4651 3968 9232 2197 9163 9863 6315 2003 1728 2968 9747 8714 9271 7100 3820 181
14 3986 8110 9322 3256 4786 7960 4212 9659 3728 4500 6792 242 3558 3856
21 8035 7448 7811 5452 9238 5074 5622 3847 5099 8281 3752 5863 9423 5590 571 7368 4755 5623 7828 148 2836
22 7585 4761 825 7870 5875 4421 5170 3759 6331 76 454 9880 8115 7419 4722 5088 2097 2812 6514 6999 7288 44
25 6135 5572 5466 3160 9012 9306 5425 69 2060 210 6475 5764 8995 2923 5804 8917 2524 5768 9553 4492 5898 6687 9301 2502 7290
11 3161 6072 4151 132 6592 2353 6323 7057 8275 6477 9005
29 2436 4959 699 730 5500 6058 9282 6523 9364 3354 9089 2745 4787 8440 5556 714 2154 5850 5951 9342 8972 4168 9206 2165 6988 3265 9454 9304 231
30 8978 5517 2143 2401 8856 6903 9981 3663 6356 2525 6213 8909 576 2722 1396 484 1612 7790 8749 3034 2222 3935 6612 8540 936 556 3595 690 9811 8582
17 9436 2284 5778 2595 7583 7624 7201 7584 2175 1056 959 5078 1575 2880 6817 3559 797
28 6877 3197 7638 3991 8207 8128 2305 4558 4686 5815 4119 2368 1804 1466 5992 1768 4442 5073 3098 6617 8276 5463 2202 8197 4766 7989 2145 7568
18 6222 8173 7732 7282 3222 7271 693 2406 8476 4738 6696 7089 3084 7358 4252 6518 1594 3517
15 6319 9784 6116 9239 8233 7056 3235 3661 664 3676 2936 5148 5828 644 1254
21 4863 4003 3199 608 708 4709 4773 3570 1746 97 3750 2565 7124 1094 631 5823 1982 73 438 8083 5493
16 379 2330 1203 3428 9874 2596 3389 9933 7386 3063 6351 6330 7954 5051 13 6665
22 6536 5920 4205 1245 8609 2809 3947 2937 5101 9462 8646 6820 434 6146 5625 226 9253 9437 4140 3523 888 9918
20 7534 4415 3906 2314 852 4371 6235 5105 3277 6386 8288 4152 5327 1026 1542 4747 5937 8503 9025 8674
27 8104 9627 7704 6168 2539 5347 7787 5409 9100 9065 6886 1098 81 5340 1029 9941 4762 815 3242 9415 503 9567 2192 4445 6153 1064 9765
10 4523 9372 9732 5749 630 6545 9178 1375 9294 302
12 2359 4135 9867 5589 1289 7354 6614 6349 3902 1708 9878 6505
22 6239 1218 2537 1090 164 8085 9464 1587 715 952 7746 105 2173 3439 9899 4559 6495 5459 7059 8726 9829 9099
24 7319 8055 439 95 9680 989 1685 7847 5899 6907 6864 2407 4107 6680 2160 9456 558 2858 3481 2795 9909 9960 1722 6302
19 9613 284 3117 1352 4404 8843 320 350 1827 9682 2052 6124 8172 6761 40 1976 1586 3158 3836
23 8348 3475 9543 7043 7663 4884 7034 408 9231 8493 8807 4322 6432 4600 4542 7517 8974 5930 6489 9398 2886 8216 7834
13 3767 3163 8026 8574 3392 1618 5164 2752 9599 5949 7978 9024 3413
22 1177 9286 4228 2741 5214 9947 4645 7778 4937 5864 4096 2125 1416 2309 5414 9162 3243 3486 21 9048 3887 6246
22 5711 313 2464 507 7691 1412 3326 6089 8307 1253 8516 9849 964 4211 860 5365 5461 1385 5536 4210 8123 2318
24 8566 7398 5698 2056 7434 4024 7682 6261 1474 65 4654 991 7599 1622 2894 7659 2487 5062 4697 6046 7476 6193 9794 1157
20 4830 2881 9138 8667 2323 880 3502 2861 1338 4912 2063 3516 9006 651 4367 8528 1262 7997 784 9069
20 2171 1433 9392 9080 6810 3650 2769 3305 3353 1166 3889 6136 2704 1089 5233 9745 2868 7603 4192 4700
20 318 7174 7494 2825 9836 8800 4397 1297 1217 7697 2311 2156 4754 7853 1321 8704 294 1216 8070 9614
36 2356 372 8310 9411 6843 7435 3564 2536 9128 8021 9965 1995 6003 1628 1460 6398 6125 7372 6896 9156 6197 10 7492 9135 9862 71 9017 5117 3303 5110 6528 9739 899 5811 8893 8802
23 400 394 892 332 8786 8410 498 2984 7411 643 3135 412 2246 6581 6056 8969 4961 4401 5895 2070 6935 2361 5524
28 1024 9768 2791 2975 6206 7000 8940 2654 3839 9030 6041 4453 559 7866 4164 7665 6452 8427 7107 8186 1187 8805 6564 5634 1080 7702 5412 1473
29 2507 55 583 8262 1605 7180 4885 1697 4154 5771 1430 9897 9497 415 7498 7562 7081 595 3178 4881 4004 9181 2953 592 4548 5597 471 2806 4778
10 8599 5997 4745 1763 8946 4363 7917 5977 8648 4374
26 2074 6951 1170 9064 3058 6756 1100 6809 6272 6218 1700 1523 3952 819 7328 929 727 5925 7734 9221 4936 3911 5918 6911 4189 5629
25 2147 9104 1503 9631 1625 2333 4854 115 1521 1679 5708 8550 7507 940 1666 2350 6937 4809 1296 4567 5831 9119 3853 3620 6993
31 3149 8420 9888 2296 5727 2641 9052 8426 610 3603 977 9495 5393 2706 2852 6580 9844 1255 3278 4335 2558 8245 7844 3283 2655 8201 2579 7338 26 4922 9215
14 6076 5426 9516 5608 2642 9607 6231 2630 4647 4533 3272 1736 4811 1304
30 4059 6783 1305 541 24 2920 219 6780 8783 1407 1447 7224 7248 482 8848 2782 4123 7019 1979 6925 2882 5481 7680 5614 7082 6499 4337 869 5842 8959
21 9289 1977 5112 7636 1859 3315 7176 8741 275 9379 2057 3296 2678 7204 1035 3792 3884 707 7918 4641 2617
33 3156 5497 2020 5406 61 2278 4742 7140 7156 2538 6849 5744 965 1326 1843 98 3414 4035 2982 4744 2291 9687 9894 5140 2027 6256 6049 4239 5840 8048 6158 6994 1277
9 5919 798 1744 5928 5467 2226 2876 5198 7375
26 8271 477 8932 3239 8376 6558 4511 6455 9586 428 2059 4326 3205 3624 7267 7113 4853 6176 5715 8679 9663 6099 593 2564 401 6348
29 4984 4056 4428 9305 7114 2748 3276 935 2896 3802 7209 6615 1537 1947 9800 9351 5635 2144 7099 9883 8387 7012 8579 1611 8441 1249 2035 1935 8119
30 3457 4307 7877 6502 961 3410 6044 9412 9556 326 8224 7934 2928 1186 1797 7145 839 3782 3258 9083 5664 3013 6801 1 7068 9648 6769 6795 1306 3860
29 2324 6361 3918 1609 3236 5049 8254 1588 150 2973 1550 1518 6245 3685 5540 8933 2025 283 153 3763 5171 7280 1991 7859 6631 1764 165 7964 7281
22 3430 4781 1010 9485 6430 2132 5495 249 4433 4802 6995 5136 2739 2749 6775 7268 341 525 4269 8202 8971 9522
22 9109 1634 267 1369 2754 867 5045 7842 2978 3977 1042 2991 9578 8676 5374 8809 3995 7753 7992 1549 5454 5286
26 1492 9166 4706 554 4583 8277 9869 6474 5712 6669 1142 9527 5310 5135 2470 2612 3075 8334 581 8661 5000 6301 5946 5912 7123 437
23 3540 7186 6053 3396 5491 212 2000 382 6630 4074 774 744 5909 3330 5019 4183 5781 7157 4640 5410 9608 6226 1293
15 3557 3833 4493 8421 5847 8481 5610 1747 9533 8199 1821 3252 7813 3848 5144
13 2981 584 2977 3731 3805 2155 8931 8356 5098 7395 9058 6933 2851
16 3739 4450 137 4944 9949 6416 7340 3387 3081 6431 8180 9966 6015 831 9639 6258
26 3527 5227 3826 6924 9691 8573 2566 8892 6409 3566 9647 1110 5933 4705 1891 3536 5687 1538 8778 6267 6773 1782 9266 879 3903 9770
19 5295 2382 4826 47 6360 7579 3227 3215 9190 5006 1016 6382 1775 9001 7767 605 1849 4339 5531
37 5299 4094 1066 2559 2576 519 606 7849 3697 7188 3005 7471 8323 6851 4648 3409 7255 9743 7668 4872 4202 8597 5182 2523 1459 9366 3575 1487 4862 7871 8206 5346 9509 1642 8411 7559 6492
22 7198 2714 3103 8328 4624 6529 8915 8536 1565 1660 8617 767 2760 4768 6104 2933 5763 8064 4465 6306 8141 1713
15 4629 5593 8038 9741 5559 2501 4950 9708 1096 5618 9601 6830 3797 5072 9854
31 6807 7861 222 2912 2828 3049 9347 1406 8158 1955 4507 8274 9180 3680 5621 3512 2128 5210 967 5094 5801 7247 1818 8235 5419 1858 5506 756 9552 3662 2786
32 2949 6706 8518 9707 2429 5902 3333 741 4693 9046 9191 2079 2293 1267 7867 9071 7097 1721 8662 8687 6043 894 7904 9062 973 995 5138 3505 7996 5876 9123 3064
13 908 881 6114 8721 4000 8998 6679 1131 3809 54 2998 3134 5331
17 8546 2343 3432 4092 8857 4073 9053 3711 3635 5986 6588 1616 1953 2347 1659 5555 4473
29 9409 8708 8179 8698 6418 1384 6139 817 9851 3891 3990 1794 3068 3910 8774 2495 8373 6904 5862 7635 1368 2500 4639 4480 7478 257 262 418 9726
1 1114
31 445 1543 677 7499 5716 1883 4882 3596 9452 8586 4223 4084 2112 6399 2270 7014 4405 4114 4498 3915 7189 4810 3503 2002 706 746 3978 9323 9875 4530 7264
25 2166 5808 8449 7129 200 435 2198 8073 5382 2649 8598 8291 5097 594 8753 1854 9021 1548 1360 7606 8685 1801 4506 1088 7374
1 9359
25 1833 4495 4586 3546 9514 7320 1735 9267 9890 2422 5511 3116 3468 7662 5679 5913 6543 9403 4373 9840 4952 836 5669 5896 8607
36 5300 672 3817 4618 6002 1528 1815 3743 5027 7810 3257 4112 8209 8370 448 3830 146 9819 2250 2518 4990 3740 7194 9987 3232 5344 6363 3609 850 2666 7192 4931 6019 1083 5544 6524
26 9140 5235 6961 9626 3245 7329 1860 8715 3989 7428 6004 1835 2857 1564 4065 613 9798 9056 8286 1694 8162 8538 4691 322 8349 2862
19 8342 9216 6404 3579 5358 1734 5990 8157 2455 2511 9345 9182 9735 9833 524 9229 5317 5513 9525
31 4839 9003 1097 4894 6160 9901 6649 9187 8739 1852 2742 1689 5381 6133 4913 8780 2393 2898 7679 984 8549 3508 7930 3350 7305 2628 1156 1699 8891 9467 9850
22 3253 1888 920 4098 9523 3667 696 9649 8787 8302 7210 8614 4940 1324 35 5662 7762 3597 8244 6460 2308 5578
25 6607 5424 4387 1013 5387 3869 3334 7373 4207 9458 9752 9731 3231 6013 7546 5036 4235 1533 7292 3822 8097 264 9644 7519 1478
29 3549 9393 2571 88 5860 273 157 9207 7064 7640 5341 902 4260 9920 9636 493 8040 7239 6548 5134 3694 6154 5789 5961 5705 6520 7985 7115 8865
27 2883 297 423 4008 2720 6424 1773 9463 6875 7876 6293 5437 8500 369 601 5373 4032 698 3926 2416 4997 4751 3504 8762 3229 7356 5873
1 773
17 3167 2008 4788 6694 7141 7230 9544 5654 7768 1512 442 5724 7477 3779 6989 2191 5968
21 1138 7399 3281 7911 1724 5743 8557 6752 4208 2783 5626 6512 6034 4064 481 9272 2216 6103 1655 384 5886
22 4494 5440 5402 8728 8962 7553 2233 9402 6164 9744 1227 6313 3026 2075 3773 9810 928 189 129 1851 6847 9360
15 4379 3988 8675 4601 4346 5192 7993 2512 2915 8792 854 6200 7387 1676 7061
28 9847 9283 585 7318 6277 4877 1323 3176 2942 4537 6473 3114 3325 2551 7344 6480 8237 7466 8029 9754 9919 8340 1706 5661 8424 2873 8861 6934
1 1555
20 303 7040 5598 5769 1664 1993 8406 8329 3471 9852 726 4071 1524 9633 5054 7730 5034 2543 3751 9868
17 2519 1005 9979 957 3008 7711 6786 1363 1959 9011 2731 7342 4403 6389 4138 9569 204
1 4469
20 1978 6689 8587 9820 9976 7229 6269 1674 8346 8902 951 1640 657 4953 4584 5941 9474 4351 152 180
30 9084 2941 3442 6831 9020 7475 3651 6304 5086 5887 1252 5748 9681 4546 645 9177 9381 6274 8326 1322 7086 80 288 2478 3091 6032 8080 1356 7133 4399
15 1757 3855 8640 7965 2432 2313 8489 5304 567 2869 6884 4836 39 5914 2430
28 5324 8703 2917 84 734 1879 1315 7455 1353 9670 864 1651 5954 2578 1281 6662 388 6462 8218 8815 7521 6938 6869 7121 1285 5950 1615 455
24 6670 117 375 8564 113 2738 2788 7864 457 7028 5710 1755 1365 8768 8189 6762 6251 1286 3507 2693 1435 2433 1882 2269
2 9044 9520
16 187 713 3307 2135 5161 8509 3025 5971 6412 5343 4815 9815 9804 4673 4636 4646
2 9763 4483
2 1067 7600
14 5693 9675 8395 6794 8086 8459 7430 6208 9702 9105 6825 933 1844 446
5 8968 9451 3246 7590 2208
15 4214 29 4475 6150 3311 656 209 7152 3829 3429 6737 7316 1781 6129 9723
1 5226
12 7952 3629 7799 2316 3607 8204 5721 9579 7122 389 5272 6889
20 3371 3030 3692 6815 4687 1113 3168 4635 6340 5732 9666 9964 5158 7501 907 3818 456 9353 3738 7025
15 5717 9679 2986 8149 6654 2774 7020 3138 6155 5917 6647 2346 4390 7182 8013
8 1992 6198 9581 2327 6456 7891 4070 2951
1 1000
18 5018 7429 6695 6263 6822 5222 2589 6740 5377 3865 3403 9385 7613 9750 763 7017 8364 7586
11 3693 9090 1228 4196 9996 3191 1838 7379 872 6600 1680
14 1867 7401 5335 8175 5445 2247 8458 5885 3758 4637 9985 1376 5891 8308
6 6541 268 568 789 7464 4793
1 1339
5 8303 2007 3185 1510 2090
2 5441 5230
13 4758 6228 5868 7956 1414 8290 7314 6327 8464 6173 8020 6190 8345
2 9251 8824
16 4078 7657 8950 6466 3249 2465 7104 1515 3104 8477 1784 3368 127 6597 5829 2758
13 1273 6381 700 5970 4842 7889 5237 3655 8731 1904 1421 1381 5059
5 3760 3028 1327 7688 8196
16 8292 2061 3555 9291 7088 7561 4255 9845 640 1913 4150 2240 4245 4939 2534 9824
2 7444 8730
13 9563 6724 6901 8024 489 9935 1970 9503 7102 8353 1222 2966 9377
2 8192 8253
1 2053
2 3936 9515
3 1269 9252 7632
12 1040 6663 4143 6916 6965 4090 3640 874 513 6634 9925 7773
2 4411 9803
5 4058 8102 5245 3381 978
2 9483 3341
11 3055 7929 6633 1866 6913 5858 5307 2288 9489 4476 1403
2 364 2528
5 9954 4052 4678 4311 5159
2 1778 1159
2 8071 1015
3 1817 6644 2746
1 4027
2 5091 8722
14 9313 2695 4309 9325 7070 8840 5615 9137 2123 2026 9640 4525 2212 3491
5 1399 5813 3359 3771 3688
3 2660 6521 4277
4 1560 1194 4011 4818
4 476 8397 7304 4779
1 5982
10 3090 4435 9619 1209 7928 7709 3294 7119 6879 6686
2 8088 8433
5 306 9921 3733 9312 7391
15 3580 5934 4066 4536 622 580 7846 8447 5359 849 8306 6441 8885 1082 7509
2 7804 4557
2 6377 820
6 2718 9999 4898 1868 3310 8850
2 3608 3560
5 5983 8982 8606 8633 913
2 1192 8727
8 2735 1335 7957 474 8520 6735 9927 5821
4 8967 229 8825 4040
4 1776 768 7575 7678
4 549 4948 5480 2445
2 3708 8563
2 3358 6753
6 9459 8895 205 220 2255 8700
2 8965 7206
3 8184 6544 3224
2 7325 7909
2 5991 2939
2 4829 5903
2 6039 1855
2 3321 6527
2 3647 6517
7 8227 1411 7052 8888 5563 2298 8907
2 2176 8596
2 7716 492
2 9550 7948
2 6321 2887
2 9121 5071
2 3578 4796
2 2418 1344
2 7227 1626
2 3696 3539
2 7468 3207
2 3654 1880
2 563 2573
2 1178 4887
2 1135 4941
2 6252 2736
2 719 3202
2 4679 2591
2 8670 7433
2 2384 4471
2 7013 9287
2 8773 7110
2898 8890 7581 9997 9995 9994 9993 9992 9991 9988 9982 9975 9973 9972 9953 9951 9950 9942 9940 9938 9937 9936 9934 9932 9930 9928 9922 9917 9916 9906 9905 9904 9902 9892 9886 9884 9882 9881 9879 9877 9873 9866 9861 9860 9857 9853 9846 9843 9842 9839 9825 9818 9816 9814 9813 9809 9808 9805 9802 9799 9797 9796 9790 9786 9783 9781 9779 9778 9777 9776 9774 9773 9769 9766 9736 9730 9728 9727 9722 9720 9719 9717 9709 9706 9703 9700 9696 9695 9694 9692 9689 9688 9677 9673 9671 9662 9655 9651 9650 9646 9643 9638 9632 9629 9628 9623 9622 9618 9611 9604 9603 9602 9598 9596 9592 9590 9589 9585 9582 9577 9574 9571 9565 9560 9558 9554 9551 9546 9545 9538 9535 9532 9526 9521 9517 9510 9508 9506 9504 9500 9499 9498 9496 9493 9486 9472 9468 9466 9453 9446 9445 9442 9433 9432 9430 9429 9426 9425 9421 9420 9416 9414 9408 9401 9395 9386 9383 9380 9374 9371 9370 9369 9367 9362 9355 9352 9348 9344 9343 9340 9339 9338 9335 9334 9332 9330 9329 9328 9327 9326 9320 9319 9317 9316 9310 9309 9307 9303 9293 9292 9285 9280 9278 9276 9274 9269 9265 9261 9260 9259 9254 9248 9247 9241 9236 9235 9234 9233 9227 9226 9224 9223 9222 9219 9217 9213 9205 9204 9202 9200 9196 9195 9194 9188 9183 9176 9174 9172 9171 9169 9168 9167 9164 9155 9150 9149 9142 9141 9139 9136 9134 9133 9132 9131 9125 9122 9120 9115 9114 9112 9111 9108 9107 9102 9101 9096 9095 9091 9087 9086 9085 9082 9075 9066 9051 9050 9045 9041 9039 9036 9033 9031 9023 9022 9018 9016 9015 9014 9013 9009 9008 9007 8993 8992 8985 8983 8981 8980 8979 8977 8960 8956 8955 8954 8952 8941 8930 8928 8924 8921 8920 8919 8912 8910 8908 8903 8901 8899 8896 8889 8884 8883 8882 8875 8873 8871 8870 8869 8858 8855 8854 8853 8852 8849 8847 8846 8844 8841 8836 8834 8831 8826 8821 8817 8816 8814 8813 8811 8804 8801 8799 8795 8794 8781 8779 8776 8775 8770 8769 8766 8763 8754 8752 8751 8750 8748 8746 8744 8742 8740 8737 8735 8734 8733 8725 8720 8717 8712 8710 8706 8705 8696 8695 8694 8691 8690 8688 8686 8681 8680 8677 8673 8672 8660 8651 8650 8649 8647 8645 8644 8643 8639 8638 8637 8635 8631 8630 8628 8627 8613 8604 8603 8602 8601 8591 8583 8580 8577 8570 8569 8560 8556 8552 8551 8547 8545 8544 8539 8535 8533 8531 8530 8527 8524 8521 8517 8515 8514 8512 8511 8502 8495 8488 8487 8485 8482 8480 8479 8474 8470 8466 8465 8462 8461 8455 8452 8446 8444 8442 8439 8438 8436 8429 8428 8418 8415 8414 8409 8408 8401 8400 8398 8396 8392 8391 8390 8388 8386 8385 8382 8381 8380 8378 8375 8372 8371 8369 8368 8367 8362 8360 8355 8352 8351 8350 8343 8338 8331 8327 8324 8321 8320 8314 8313 8305 8301 8296 8283 8273 8268 8261 8257 8256 8252 8250 8246 8243 8241 8236 8232 8229 8225 8223 8219 8217 8212 8211 8210 8208 8205 8190 8185 8181 8178 8176 8169 8168 8166 8163 8161 8159 8155 8152 8150 8146 8145 8144 8143 8142 8138 8136 8135 8134 8132 8122 8121 8118 8117 8112 8103 8101 8098 8096 8091 8090 8089 8084 8081 8075 8074 8072 8069 8067 8066 8062 8060 8056 8054 8049 8041 8033 8025 8022 8016 8011 8005 7998 7995 7984 7981 7977 7976 7974 7967 7966 7963 7962 7961 7959 7958 7955 7949 7947 7939 7938 7925 7921 7916 7915 7914 7910 7908 7905 7902 7900 7897 7896 7895 7893 7890 7888 7887 7885 7880 7875 7874 7873 7868 7865 7860 7850 7848 7845 7839 7838 7837 7829 7827 7825 7824 7823 7822 7819 7818 7805 7803 7802 7801 7795 7791 7789 7780 7776 7774 7772 7766 7755 7752 7750 7748 7740 7738 7724 7717 7715 7701 7700 7696 7695 7694 7689 7681 7676 7670 7664 7661 7660 7656 7654 7653 7652 7647 7641 7639 7634 7626 7622 7619 7618 7616 7608 7605 7604 7602 7598 7596 7594 7587 7578 7576 7572 7571 7570 7569 7567 7564 7563 7552 7551 7550 7549 7548 7547 7544 7542 7541 7539 7537 7526 7525 7523 7508 7505 7504 7495 7493 7491 7486 7484 7481 7480 7473 7469 7459 7452 7451 7449 7447 7445 7443 7442 7441 7440 7424 7422 7418 7417 7412 7409 7407 7406 7404 7400 7396 7389 7384 7381 7370 7369 7366 7365 7360 7353 7350 7339 7336 7333 7331 7327 7326 7324 7322 7321 7313 7309 7308 7306 7302 7300 7298 7297 7289 7286 7279 7278 7273 7272 7270 7266 7263 7254 7253 7252 7249 7245 7237 7236 7235 7232 7231 7223 7221 7220 7219 7217 7215 7214 7213 7212 7208 7207 7205 7203 7190 7185 7184 7178 7173 7171 7170 7169 7166 7165 7163 7161 7159 7158 7155 7151 7149 7148 7138 7131 7128 7120 7118 7116 7112 7111 7103 7098 7095 7093 7092 7091 7087 7083 7076 7074 7073 7072 7067 7063 7060 7058 7055 7049 7048 7045 7042 7041 7030 7029 7026 7022 7018 7008 7007 7005 7002 6998 6997 6996 6992 6990 6987 6983 6982 6981 6980 6979 6977 6973 6971 6967 6963 6959 6957 6956 6950 6944 6943 6939 6931 6929 6926 6923 6921 6915 6909 6906 6905 6898 6897 6893 6892 6888 6887 6881 6878 6876 6874 6873 6872 6871 6870 6863 6862 6861 6857 6845 6844 6842 6841 6839 6835 6833 6829 6826 6816 6813 6812 6811 6804 6803 6800 6799 6797 6789 6787 6785 6779 6777 6776 6774 6770 6764 6757 6748 6743 6742 6738 6736 6730 6721 6718 6715 6714 6713 6712 6708 6707 6705 6704 6685 6684 6677 6671 6664 6652 6650 6646 6643 6642 6641 6640 6639 6636 6635 6629 6628 6627 6620 6613 6609 6608 6605 6599 6598 6594 6590 6585 6579 6574 6571 6570 6565 6557 6556 6552 6549 6546 6533 6532 6531 6519 6508 6507 6497 6496 6494 6491 6490 6488 6486 6482 6479 6476 6472 6471 6469 6461 6458 6457 6453 6450 6449 6442 6440 6439 6438 6437 6436 6435 6434 6428 6421 6419 6415 6411 6408 6407 6401 6396 6395 6394 6393 6390 6385 6383 6379 6372 6370 6369 6368 6366 6364 6358 6350 6347 6345 6342 6341 6338 6337 6334 6332 6329 6328 6326 6324 6317 6308 6307 6299 6296 6292 6290 6286 6284 6276 6275 6273 6271 6266 6260 6257 6254 6240 6237 6236 6221 6219 6216 6215 6210 6209 6205 6201 6196 6195 6194 6188 6183 6182 6180 6179 6177 6175 6171 6170 6169 6167 6166 6163 6162 6156 6151 6147 6144 6142 6138 6137 6128 6127 6126 6123 6122 6118 6113 6111 6109 6107 6100 6098 6095 6092 6091 6088 6084 6083 6082 6077 6073 6071 6067 6063 6054 6052 6050 6047 6045 6040 6033 6030 6026 6025 6024 6017 6016 6008 6007 6001 5999 5996 5981 5974 5972 5967 5966 5965 5963 5958 5956 5948 5947 5942 5940 5939 5938 5932 5929 5927 5923 5922 5921 5915 5911 5907 5906 5905 5901 5880 5874 5871 5870 5869 5866 5859 5857 5854 5849 5848 5846 5845 5843 5841 5837 5833 5824 5822 5814 5806 5800 5798 5796 5795 5775 5767 5766 5765 5761 5760 5757 5741 5740 5737 5735 5730 5728 5726 5723 5722 5720 5714 5713 5709 5706 5704 5696 5692 5691 5689 5685 5681 5676 5675 5673 5672 5667 5666 5665 5655 5651 5642 5641 5637 5631 5624 5620 5617 5613 5611 5609 5606 5605 5601 5600 5594 5587 5586 5585 5583 5581 5580 5579 5576 5574 5571 5569 5568 5567 5566 5565 5560 5552 5548 5547 5543 5542 5538 5537 5530 5528 5526 5523 5522 5521 5520 5519 5515 5504 5501 5499 5494 5488 5483 5477 5476 5473 5472 5468 5464 5455 5448 5447 5443 5442 5439 5438 5436 5434 5430 5429 5427 5422 5421 5417 5415 5413 5408 5403 5399 5398 5389 5388 5386 5369 5368 5367 5360 5356 5353 5345 5342 5337 5328 5323 5321 5319 5316 5315 5309 5308 5305 5297 5292 5290 5289 5284 5283 5280 5278 5273 5271 5270 5265 5263 5262 5261 5259 5256 5253 5252 5251 5246 5243 5242 5239 5232 5231 5212 5209 5208 5205 5201 5200 5199 5196 5195 5194 5188 5187 5184 5183 5180 5174 5173 5167 5163 5160 5155 5149 5145 5143 5137 5132 5131 5129 5128 5127 5125 5113 5111 5109 5093 5085 5081 5079 5077 5075 5069 5065 5063 5061 5060 5058 5057 5055 5038 5037 5032 5030 5029 5028 5020 5016 5014 5013 5009 5007 4999 4995 4993 4986 4981 4980 4979 4976 4975 4970 4969 4967 4966 4958 4955 4954 4951 4946 4933 4932 4929 4927 4921 4920 4919 4916 4909 4907 4905 4904 4903 4902 4897 4896 4895 4893 4891 4890 4889 4888 4883 4879 4878 4876 4874 4870 4869 4867 4866 4864 4860 4849 4847 4846 4843 4837 4835 4833 4827 4825 4822 4821 4816 4814 4813 4806 4805 4803 4801 4798 4797 4792 4791 4789 4784 4783 4780 4776 4771 4770 4767 4765 4750 4749 4748 4746 4743 4740 4739 4737 4734 4731 4729 4725 4724 4723 4721 4718 4716 4714 4713 4712 4708 4707 4703 4702 4699 4696 4695 4685 4684 4681 4677 4676 4674 4670 4668 4667 4664 4663 4660 4655 4653 4642 4634 4633 4627 4619 4617 4616 4597 4596 4594 4593 4592 4589 4581 4579 4574 4570 4568 4566 4562 4555 4553 4549 4545 4544 4538 4535 4534 4529 4527 4526 4524 4522 4519 4518 4516 4515 4514 4512 4509 4508 4499 4489 4487 4478 4466 4462 4460 4458 4452 4451 4449 4447 4444 4440 4439 4434 4431 4430 4429 4423 4418 4413 4408 4396 4395 4394 4392 4391 4386 4383 4375 4369 4362 4360 4359 4350 4348 4347 4345 4343 4342 4336 4334 4331 4330 4327 4323 4319 4318 4316 4313 4312 4304 4302 4296 4294 4293 4290 4287 4283 4282 4279 4276 4273 4271 4267 4266 4264 4259 4258 4257 4253 4248 4247 4243 4241 4234 4229 4227 4226 4225 4217 4216 4213 4206 4203 4201 4199 4190 4187 4186 4185 4180 4179 4173 4172 4171 4167 4161 4160 4157 4156 4155 4139 4136 4133 4132 4130 4126 4120 4109 4106 4104 4103 4102 4093 4087 4083 4081 4075 4069 4067 4062 4057 4055 4053 4050 4049 4047 4046 4045 4044 4041 4039 4038 4037 4036 4034 4033 4031 4030 4026 4021 4018 4016 4013 4010 4009 4002 3999 3997 3994 3987 3985 3984 3983 3979 3963 3961 3958 3953 3950 3943 3942 3939 3937 3933 3932 3929 3925 3924 3923 3922 3916 3913 3912 3908 3900 3894 3893 3892 3888 3883 3881 3880 3878 3877 3876 3873 3872 3866 3862 3858 3851 3843 3842 3841 3837 3834 3831 3823 3815 3814 3808 3806 3803 3800 3796 3795 3786 3781 3780 3775 3772 3770 3768 3765 3764 3757 3755 3753 3747 3746 3742 3737 3735 3734 3732 3726 3725 3724 3723 3720 3719 3718 3710 3706 3704 3698 3690 3686 3678 3677 3675 3673 3668 3665 3664 3658 3653 3652 3649 3648 3646 3643 3641 3639 3628 3627 3625 3623 3622 3619 3618 3617 3616 3606 3602 3590 3589 3588 3587 3585 3584 3582 3581 3577 3576 3573 3569 3568 3567 3561 3556 3553 3550 3543 3541 3538 3529 3521 3520 3518 3514 3513 3509 3500 3498 3495 3487 3480 3479 3474 3472 3470 3467 3463 3462 3460 3459 3458 3446 3437 3436 3435 3425 3423 3421 3418 3416 3415 3412 3408 3406 3402 3401 3400 3399 3397 3394 3391 3386 3382 3380 3378 3377 3373 3369 3366 3365 3364 3361 3360 3357 3355 3348 3346 3343 3340 3336 3335 3332 3331 3328 3318 3316 3314 3313 3309 3306 3302 3299 3295 3289 3287 3284 3279 3275 3274 3270 3269 3268 3267 3264 3260 3255 3251 3244 3241 3233 3226 3219 3217 3212 3209 3203 3201 3200 3195 3192 3190 3183 3177 3175 3174 3171 3164 3159 3154 3152 3146 3144 3136 3133 3131 3130 3124 3123 3120 3118 3115 3112 3110 3107 3100 3097 3093 3089 3080 3078 3077 3069 3065 3057 3056 3053 3047 3044 3042 3040 3037 3032 3021 3009 3004 3003 3002 2996 2995 2992 2990 2988 2985 2980 2974 2972 2971 2963 2962 2958 2955 2950 2934 2930 2927 2925 2924 2921 2913 2910 2903 2901 2897 2895 2892 2891 2889 2884 2878 2874 2867 2864 2859 2854 2847 2846 2845 2841 2839 2833 2831 2829 2824 2821 2818 2813 2807 2804 2803 2802 2799 2798 2797 2794 2792 2789 2787 2785 2784 2778 2775 2770 2767 2766 2762 2761 2759 2756 2743 2734 2733 2730 2724 2719 2716 2708 2705 2699 2696 2688 2687 2682 2681 2679 2676 2674 2671 2667 2664 2662 2656 2652 2646 2644 2635 2634 2633 2627 2623 2622 2614 2608 2607 2606 2604 2601 2600 2598 2597 2590 2588 2584 2583 2581 2580 2574 2569 2568 2562 2560 2553 2552 2542 2533 2532 2530 2526 2521 2515 2514 2506 2505 2504 2503 2496 2490 2489 2484 2482 2477 2474 2472 2471 2466 2461 2459 2458 2456 2452 2449 2446 2441 2439 2435 2431 2428 2425 2423 2421 2420 2419 2417 2403 2399 2397 2396 2395 2391 2390 2387 2386 2385 2383 2380 2376 2375 2369 2366 2365 2349 2348 2345 2344 2339 2328 2325 2322 2321 2312 2307 2306 2304 2295 2294 2286 2281 2280 2277 2275 2274 2273 2272 2267 2266 2262 2259 2256 2254 2249 2245 2244 2241 2239 2236 2235 2232 2231 2228 2224 2221 2218 2207 2206 2205 2200 2199 2195 2193 2189 2188 2187 2184 2183 2181 2179 2169 2168 2163 2162 2161 2159 2158 2157 2153 2150 2146 2141 2137 2124 2117 2116 2113 2109 2108 2107 2106 2103 2102 2094 2093 2089 2087 2085 2084 2082 2081 2078 2073 2067 2066 2065 2064 2058 2051 2047 2046 2045 2043 2041 2039 2032 2028 2023 2019 2018 2014 2013 2012 2009 2005 1999 1997 1996 1989 1988 1984 1983 1980 1975 1971 1968 1965 1963 1958 1954 1950 1948 1945 1932 1930 1929 1924 1920 1917 1916 1915 1912 1911 1909 1903 1901 1900 1899 1897 1896 1890 1885 1884 1876 1870 1862 1857 1850 1845 1841 1839 1834 1832 1828 1826 1824 1822 1813 1810 1802 1800 1798 1796 1783 1774 1767 1766 1761 1756 1750 1749 1742 1741 1739 1738 1737 1733 1719 1718 1717 1715 1714 1711 1707 1702 1701 1692 1678 1677 1675 1673 1672 1669 1665 1657 1650 1649 1647 1639 1632 1631 1621 1620 1617 1614 1608 1607 1604 1600 1597 1596 1592 1589 1585 1584 1583 1582 1581 1577 1573 1571 1570 1569 1567 1559 1558 1557 1556 1552 1547 1544 1536 1534 1532 1522 1520 1516 1511 1505 1502 1501 1499 1498 1497 1493 1491 1490 1489 1488 1482 1480 1475 1471 1467 1465 1457 1455 1454 1451 1450 1449 1444 1441 1437 1434 1429 1425 1420 1419 1418 1413 1410 1409 1405 1402 1387 1386 1382 1372 1370 1362 1357 1355 1351 1349 1348 1345 1343 1340 1337 1336 1334 1330 1328 1318 1314 1299 1288 1287 1278 1275 1271 1270 1266 1265 1263 1261 1257 1250 1248 1244 1243 1242 1241 1232 1230 1224 1220 1219 1214 1212 1210 1207 1200 1197 1196 1189 1188 1180 1176 1171 1165 1164 1161 1158 1151 1148 1147 1145 1141 1139 1133 1125 1123 1122 1120 1112 1101 1079 1078 1075 1072 1070 1069 1068 1063 1058 1057 1055 1050 1048 1045 1043 1039 1033 1032 1031 1028 1019 1017 1012 1006 1003 997 993 988 981 976 975 974 971 970 968 966 963 960 956 954 949 941 939 937 934 931 930 927 924 919 917 916 910 909 904 903 901 900 896 893 891 882 878 877 870 866 861 857 851 848 844 842 841 838 837 829 827 824 823 822 812 811 810 805 801 800 796 795 791 790 788 786 779 778 775 771 765 761 760 759 751 749 738 735 733 732 731 728 725 722 721 716 712 711 710 703 701 697 692 689 683 682 681 679 678 676 675 670 668 663 662 660 655 653 650 648 642 639 638 635 634 632 628 626 625 623 621 618 617 612 602 599 598 597 591 587 575 574 572 566 557 552 551 545 540 530 527 523 521 520 514 512 505 501 500 496 491 487 485 483 480 479 478 473 472 469 468 467 465 462 459 449 447 433 431 429 427 419 414 407 406 405 404 403 396 391 390 386 385 383 373 371 370 366 360 358 357 349 347 346 343 342 339 338 335 331 329 325 317 316 314 309 308 307 296 295 287 280 278 276 270 263 260 259 258 256 253 250 247 245 239 237 236 234 228 227 225 224 221 215 214 213 208 206 203 197 196 193 186 184 177 175 172 169 166 162 159 158 154 145 139 136 135 133 131 130 123 121 119 118 112 109 100 99 96 94 93 86 72 70 68 63 62 59 58 56 53 48 38 34 32 27 22 20 19 17 15 9 8 4 2
