15 43 2111 5038 1241 3944 8966 8790 3529 7801 2073 9940 1318 2604 910 3514
31 8190 1081 1110 2665 6800 130 8296 3710 4096 8103 5911 4777 9917 7220 8512 8135 6557 2328 6240 7995 6286 705 2733 8305 3010 6732 9 749 1641 5931 1939
33 208 2235 4376 9628 3057 552 5566 1862 459 2352 3746 8691 8446 3584 133 9205 8842 3266 754 2081 8771 3217 7326 7819 2168 6892 9622 4199 8626 2610 5395 8057 247
27 9082 4907 8062 9837 6519 5534 9333 1783 8291 9080 4038 94 4526 4259 4055 7897 3668 309 5722 7452 1802 9656 7184 7888 3543 4592 6613
27 2217 761 4724 7048 1330 7245 4605 7812 800 1741 1604 2242 4238 9991 1719 6428 974 4422 3497 2425 2460 2719 7409 9494 598 9703 8740
34 8155 655 8555 646 1527 7323 9450 4297 2952 6956 3157 5040 9574 7587 6896 9498 5305 1050 4770 6525 3888 116 8065 861 1059 5752 3671 6334 8232 5388 1614 1052 737 4649
13 9578 2344 5236 8364 3995 7717 8076 4157 2864 6595 2227 8638 142
10 9672 8056 1334 3720 7563 1974 7938 2221 4158 7311
10 7947 3670 8707 2193 9596 1865 424 1001 7001 1244
28 7309 6450 6161 826 5386 9171 9070 2341 6442 6565 4335 3045 1388 1780 8634 2201 6436 7055 6553 6195 7517 9797 5443 6664 2853 900 3698 2509
17 93 8079 4549 970 3556 875 1853 2462 3166 6406 4995 2624 3853 1928 7539 6073 2100
26 6677 4981 9433 2452 6882 886 3016 1827 7262 2990 4234 3649 9367 2087 981 1270 9338 6715 8859 4670 6461 4350 5270 635 9776 5065
24 1176 461 9421 1943 3416 4566 112 3351 487 154 1065 4552 1807 6427 8875 9468 2046 314 8313 1148 2608 9176 4292 4987
25 7763 5730 5451 3673 930 6290 8450 1417 8498 2676 5007 5061 8977 968 7221 6341 6440 3581 5146 7165 2321 8744 3128 7002 8331
10 1108 712 3131 6844 5726 4267 4 5876 3500 976
26 1930 196 8268 7208 402 7626 4217 1647 7998 4571 6219 2068 9855 7852 2083 1214 8205 9007 9307 1290 1958 8541 383 7537 12 2508
32 2651 697 3732 9033 5060 9035 8637 5263 2072 8831 1193 2206 3421 2989 1911 2375 386 3997 4173 7875 6483 1069 5114 1743 2195 9973 4172 1195 3860 8098 7283 4120
30 1845 1232 704 4888 8876 147 9242 4293 3127 4499 2633 6983 8403 7331 2084 6774 5016 5739 8812 7003 8066 9417 4923 4222 7880 6227 410 6819 465 3883
23 1364 8093 9288 3466 1747 4290 7402 3404 2712 6385 8003 1243 6949 988 5936 3226 5275 44 1127 3383 5494 9909 4040
35 1723 9795 419 2464 2570 2930 7246 3531 3228 4384 193 6885 7301 5041 5526 8952 4734 9972 8361 8562 214 1649 7222 6282 9445 3831 4668 5551 5207 3417 7214 8106 3994 6494 758
16 4439 1401 5938 4009 8604 7571 4674 6796 3002 7803 5459 421 6481 3719 3619 8022
27 3735 4046 6814 6722 2885 5472 9424 1314 7216 1756 3808 7377 9435 2871 7646 954 7597 5643 9390 7300 5791 7244 2010 8255 4909 5046 224
38 3200 2520 1550 3585 8042 5601 986 9923 5861 6746 7984 9813 5160 8928 1980 7987 2636 4852 5767 9572 738 3777 6091 186 1017 6640 7939 3449 5932 8352 3600 2157 9387 7974 3488 7831 7881 7133
21 1568 6398 1639 2580 7651 4423 5963 6337 9688 9582 5319 6295 3854 2807 2877 3327 7163 6981 3535 4281 6524
28 7693 6836 2661 8034 1182 8220 9000 6422 8748 405 6798 8807 9678 8651 4312 2239 2149 9066 4169 9008 9051 3287 3676 9024 9771 9834 6490 3528
17 9152 4105 9337 5154 6276 941 2792 2127 1231 8487 443 4741 7593 2839 2103 3422 8169
20 1551 232 9234 3757 6471 9053 6506 5278 8756 2798 4229 259 6011 9201 1901 321 4723 653 2785 5029
25 9394 7628 821 1309 5907 215 4128 1871 2766 8247 6292 1611 9828 9904 3096 721 8457 3766 4324 8683 3026 4994 5900 2492 3631
24 5070 355 7573 3765 8659 8926 5310 543 6459 1769 4590 1749 3472 7158 8223 5126 7035 7832 9922 3727 8910 3478 5244 9931
30 6119 1215 7874 4300 2640 9684 7515 2388 2875 7654 3454 6743 293 1389 3841 213 2236 347 1036 7302 9959 2367 3015 7385 2752 4728 8677 6405 4432 8717
16 2285 8963 6167 7728 9352 7225 7919 9173 6827 2474 1983 2794 4451 9650 2530 3626
18 6602 6908 6655 453 4831 5106 5115 7367 9699 9802 5429 7297 5839 4057 6384 925 9918 3458
26 7134 5012 248 1504 1436 6638 3377 6873 8074 3395 531 8936 9501 1675 7084 919 5617 4226 7959 7752 6368 3715 4501 3586 9782 9309
34 4659 6316 9262 8737 2781 4664 3798 5301 7894 9710 3879 3701 6589 7620 2311 6802 814 2396 9762 7339 2199 8775 6945 33 6144 1490 2372 3335 9955 430 4790 2586 9719 8163
23 380 1997 7916 9263 7532 3775 1963 5824 5379 4388 8841 634 4385 620 3109 1303 4967 8454 1161 9721 7641 8154 2658
23 2548 1264 3174 3269 6378 4343 4712 6684 1265 604 2043 9315 3996 1373 2870 4231 316 1295 906 2030 9196 3825 4013
19 1889 525 4334 5706 803 6187 3357 9218 3674 7238 7981 810 681 341 4474 3769 5714 6170 452
16 9682 1566 2051 2256 5430 5638 8358 407 3695 3304 2421 1488 8337 5111 587 2441
31 4028 6307 5089 922 7477 629 2415 3044 4594 5583 1045 7570 596 9963 6478 1850 8081 2215 8466 781 3234 6668 9162 3243 3486 9210 8130 4554 5408 7375 4091
20 4224 6643 1800 2332 6940 7101 5302 760 1886 5026 5761 2553 9285 3868 5581 8724 4242 8327 3945 4622
27 9410 2181 3418 7922 1745 1799 5076 9980 2558 4787 1733 8545 365 9939 9175 1302 3320 9310 6852 7127 3452 1728 8497 5342 7789 1060 2450
31 2060 3435 4372 4007 7364 8990 949 5212 7278 1686 5837 6262 2532 1921 2254 4512 3587 5421 8360 9995 238 28 5277 6787 7027 5787 2170 4458 5758 8374 7487
23 8610 1716 7066 2241 3261 9716 9112 4903 8159 414 6047 6083 6841 9728 2744 2266 3306 9521 7544 1144 8430 2609 3984
20 272 9790 8827 8705 6861 2042 4746 3481 6303 6259 3283 2655 265 7905 6411 731 6465 8120 2019 5855
29 5751 8128 4713 9685 8973 560 2919 8945 4270 5043 9106 9789 1106 1761 8903 4858 7273 969 9587 4110 9727 2889 1824 2616 16 898 7943 6113 5434
16 8357 6894 6915 9091 8206 1812 2361 6057 6637 2094 7565 4978 3922 2606 234 7349
28 4017 6698 91 9320 4920 4347 5892 2234 4564 6253 9475 8164 4906 2400 9330 34 9268 4710 1957 3610 7076 36 9057 2307 1077 8663 3264 1009
14 813 5152 2860 745 6623 8114 6845 6448 5688 796 3975 2185 5415 8789
14 7556 3379 4521 7761 4053 8678 4650 6812 6464 2779 9615 4918 7289 6518
30 8615 7263 4798 444 7569 2972 2626 4331 1424 1394 8692 4460 9355 9431 3182 1717 4762 1296 9279 2514 1811 111 5964 6194 9168 8613 5508 8797 8877 3069
17 1918 1444 5220 1124 5725 2575 3582 8495 8045 4061 7833 1552 7991 51 4606 994 7649
27 5405 8782 8300 5188 7370 7178 9438 1328 612 9706 6205 8437 4382 4765 801 8041 6964 2801 5831 885 8669 6035 3898 5363 3084 8280 5407
25 6172 883 3901 9192 3845 1684 1981 8415 3221 3263 2303 9835 5085 3183 6354 7332 9814 1158 6050 648 8676 4731 4540 3224 5334
23 4314 8257 8814 3271 3748 2268 686 7258 2045 4362 9767 2162 9689 4581 3551 7639 192 1574 4542 7011 2764 1662 6828
24 9952 7883 5369 4302 8063 3 3811 8140 7907 6859 333 359 4097 4954 1382 2325 2574 4774 2946 7413 7719 7410 8235 8925
28 7903 6902 9729 4776 6165 2129 8916 7531 3930 1307 2150 2906 3525 2485 1621 334 3960 4688 4563 7 2725 1952 7781 6177 7350 6723 6148 8321
23 5306 4365 85 7274 67 851 1164 2109 3352 6027 9059 8822 5634 4771 1577 9174 3677 6233 4522 4402 5048 6342 4795
27 9068 9165 2377 2856 982 9481 1531 2599 1004 3907 9073 8390 4789 2837 2587 7345 3440 1405 3192 2631 6224 5178 1213 3679 6191 6246 6693
17 991 2850 9879 6608 4278 7462 5022 2434 6778 6487 9932 2666 281 2650 31 4127 9736
9 3552 9145 3943 3301 4610 7722 7343 7968 1813
43 4377 9799 8559 6952 9733 2603 2424 9406 19 9974 4414 8328 8835 4250 9947 6438 8575 7840 2442 2077 8772 9375 5014 8072 716 3974 7090 5520 1033 9027 5329 551 5945 236 6810 2188 7850 1585 9423 9290 9013 1705 7371
23 5087 6818 2663 8485 8742 1198 5527 515 8992 6006 4289 3967 9163 8405 2929 9122 7607 4551 5560 5845 2922 9097 9198
21 9513 1393 4718 7298 8672 972 7047 2810 8513 9356 7317 3683 555 6468 8972 4010 966 4049 9747 343 2540
25 2907 3493 7843 216 6897 8258 178 8427 7107 4086 3365 9807 162 7526 8515 2301 7739 7423 5202 7138 6074 9591 818 4305 8044
15 1132 1907 1458 2901 114 7388 2466 8436 1070 2970 2647 7869 9669 7899 3737
36 5890 892 6199 6718 4980 3821 6771 6000 4291 9018 3904 6407 1583 9031 1774 9300 3443 5786 9026 6953 6813 2721 1596 2403 5588 9108 3171 4946 1673 8380 75 8622 5978 131 5873 7820
14 183 6376 2555 4198 5648 4609 6183 4174 139 3641 3042 2529 9990 573
30 6069 5668 3544 9118 3866 8695 5799 3073 7730 3666 2921 4689 4628 7757 252 8400 1253 6709 1678 3506 2218 834 246 5905 4614 9061 4570 3000 7601 8210
24 4355 9812 782 7941 5001 1317 7762 1235 9571 2834 9479 687 2863 9318 7592 2723 4463 6770 4702 4752 9465 4506 7751 3899
11 5802 179 5826 160 1517 4240 140 7151 522 6978 1439
20 3570 6747 1461 1008 3874 3339 4497 2903 5738 7443 2471 5338 4928 2974 4134 6070 6401 6087 4799 8463
16 2684 9400 5921 4461 5383 274 806 6531 258 2005 1141 7338 392 1084 2888 623
18 9376 4232 2817 8475 6131 1068 3953 2101 2701 5185 6501 3376 2197 4295 4911 1483 7708 9131
21 8023 897 7080 282 7021 2505 2299 9718 4389 2510 2549 2621 5075 4315 4760 8507 6782 2238 8552 4962 6853
36 7612 1438 3951 5510 7471 5189 7249 4935 9549 3783 4194 9209 2385 1511 4063 7912 244 9141 4456 6642 9612 9077 4219 4280 4089 6178 9989 6142 1766 1380 5916 5685 6005 8490 7825 8939
15 5479 1525 50 4051 915 5264 8765 7617 6096 7087 5119 8884 9339 9172 8535
19 4496 2648 8767 510 2611 9092 9593 9029 103 87 1044 2080 2685 2249 936 2277 2819 4445 8211
32 3972 7685 9871 100 7759 5477 9562 4410 8816 8713 2543 2969 8259 1041 863 3999 3372 5139 5741 878 5993 7765 6936 2370 5397 4719 7183 3644 132 3928 3929 8861
28 6265 2305 4558 3840 1863 8445 9466 691 5514 833 847 4426 5503 2468 8624 4400 6866 1423 3563 2438 7644 1696 7979 4763 8452 9676 2032 8122
22 3345 4139 1211 1299 7614 724 8760 8656 7552 4992 9899 496 6117 6429 2437 9597 6666 6015 7660 8226 6603 7235
18 4569 8289 7886 6755 8680 1934 9437 5035 8443 9294 4982 7669 8282 7136 5175 6955 431 6212
20 2110 7448 5700 9167 4449 866 4345 4004 9181 7932 2918 9643 7439 3248 8714 9271 289 1367 3791 8905
26 1160 649 2776 9319 4117 1429 7755 3070 3799 9085 90 8976 467 5033 8186 1237 1740 7658 9094 5980 6086 2827 8666 5547 9391 4846
28 9314 8285 830 9134 6216 2275 4623 6041 395 5879 8987 6806 46 5167 9616 9460 5483 3059 6036 5740 9542 5912 5328 360 1064 6959 8349 1343
22 4072 9270 2461 4033 8873 2041 260 8584 9893 7139 6835 7545 2194 9529 8174 2013 4785 4425 1080 7702 3480 1115
25 3119 9806 3370 7211 4966 6809 2453 8806 3839 3054 8693 3501 2793 2214 1477 9553 609 6037 792 2550 3405 747 6242 8311 5077
20 7457 9645 4965 4786 1914 7009 4989 6156 2950 8689 6447 3060 4431 5229 3448 4977 3819 5819 998 1254
13 8077 8922 6785 6554 1238 5640 8117 3280 9775 1347 6795 1306 3110
4 8397 5311 398 1823
14 9548 155 9903 6388 632 6577 2262 8927 8451 5047 5499 6084 5666 3838
10 8297 8643 8172 8068 2050 2629 602 2747 9770 7460
16 6387 256 7099 7921 2572 4454 6267 6773 1782 1128 1969 5696 1204 7405 73 6690
32 9631 9144 5888 1233 9116 9190 4782 241 422 5853 5584 5783 4111 7490 9357 8026 3290 2861 1338 3813 2584 8004 6720 8894 6701 9119 1259 3652 1698 3347 3836 4269
18 5794 2164 7106 5880 7745 1351 4505 9674 7299 2295 804 4459 844 1847 6315 7202 6019 8770
18 7707 8143 2682 8116 6137 2489 4708 1103 7256 9041 1021 1234 1268 269 2211 8083 1677 8222
28 9576 5628 1494 4195 516 2044 1104 890 6374 6741 793 1591 5352 4539 1409 71 4316 6555 3037 2503 5144 2727 3046 2138 2286 7008 5063 3120
12 2476 6530 1890 6918 1219 9350 3441 5055 8558 8001 5398 1408
12 6560 5639 5186 7046 2120 2522 1506 3571 828 5616 2786 8921
32 4630 128 9696 8157 3461 5351 5182 5656 529 161 6013 6121 9701 9823 9694 9934 4690 2151 7403 3919 1469 8015 1819 2757 6688 2496 9660 9609 1820 2878 9599 2983
25 1613 853 3038 4871 9276 5082 6120 2802 7440 1790 8883 5052 7582 1463 5132 9471 7706 8702 5772 5131 7744 7261 6417 6445 9749
27 4733 8309 9705 5267 7665 1443 9156 2220 2652 2938 947 7793 37 3499 6140 9621 1816 9389 9197 9074 8109 4447 301 9891 5718 9146 7814
28 3976 200 9274 2963 661 9757 753 5375 8671 7456 8266 5792 572 7525 2345 8492 2634 6679 6211 5107 5546 6511 5141 7863 1156 6559 7586 9211
16 5391 5627 4486 6130 8997 2447 9422 750 2759 3745 3407 2592 7126 2750 5631 6721
17 4121 1320 4947 2713 3846 470 8673 6522 1126 4934 6443 3681 9277 4779 4479 2493 4243
27 9625 2036 4914 9634 4938 2673 7830 6223 7857 8551 2613 9734 2958 1468 8593 1671 5136 5496 9697 4183 6761 8716 416 107 944 4145 8700
12 905 8846 2342 619 7454 9540 3804 5760 188 8501 7527 6433
21 9238 387 8494 290 9998 3150 1371 1603 8911 1836 6568 4565 9032 7589 8270 9773 1495 6482 1573 579 2816
31 8203 627 41 7580 3148 3830 7406 3036 2585 3636 9570 843 9151 1831 9054 5564 2715 6312 8242 8532 9924 2029 1321 932 4118 7023 1398 3545 3690 9915 7459
21 5250 880 1075 7286 5981 9348 9704 7072 8668 4341 9386 6838 3034 8409 1329 1683 5024 5773 8113 3712 5629
19 5465 4924 6821 7065 8745 2034 4265 96 3881 4067 3998 3964 8095 3971 9876 4904 2410 7154 8308
22 7078 352 6566 4582 4477 5083 275 8105 22 3374 6972 9212 2707 2672 5926 8286 7489 911 8898 7673 9573 8712
24 2333 9477 5228 7554 8094 6098 9537 6134 3469 4832 7205 517 9239 8233 2018 4436 5490 539 1366 9067 756 9552 5474 3965
16 9658 3750 6926 3979 3074 695 2708 6075 427 9010 3349 6691 7358 5753 7044 302
18 2893 4840 9302 8743 8432 6157 8231 7942 4283 7785 2069 3162 4631 6700 8100 2773 962 3238
14 7630 2670 537 1629 1875 6510 2428 9755 8836 9883 7416 9765 3012 9711
8 1610 6289 8322 9293 4083 8949 3180 437
20 8798 7931 6865 3753 9496 278 1130 518 1342 4626 3810 345 1242 6535 2182 5893 6576 1093 9638 3880
12 940 6309 2071 1117 9531 1028 8234 5776 411 3591 5682 5362
20 194 5100 3593 4730 4560 149 1116 8852 3118 8381 2494 3423 7038 2953 6093 7980 9461 3172 8818 7335
25 8529 2059 4326 1595 8585 586 1861 7259 3247 1932 7353 4754 7866 7961 42 3516 5894 1607 7485 3613 7969 9004 3863 8350 9476
20 8820 2702 2248 3981 3625 2358 2602 7699 3763 3363 7675 4680 9746 2830 5423 5661 8424 7307 8265 757
17 8334 9943 9153 5852 2222 3935 4015 2186 5677 5432 1638 3040 3273 390 4108 8874 8046
21 76 1169 6848 2374 6772 9395 1485 261 4166 6284 5956 5271 1759 2726 783 9296 3718 811 1230 1137 5265
18 5734 7520 7914 5529 3413 1058 503 5288 404 4488 1362 504 7390 204 9635 455 5825 8375
13 9231 1416 2309 125 4025 7328 4576 6022 8592 752 1014 5147 1003
23 6132 3524 3970 6336 6596 5101 4921 8101 5502 7516 198 4386 785 4368 5015 5355 764 4230 9126 2976 2389 1139 3204
13 9072 9490 6204 889 1187 3455 5671 9413 2378 8341 6322 7725 4140
22 553 2809 8182 4675 3085 2011 7683 1953 5396 985 4845 570 4543 5823 4961 4401 1155 171 9308 5937 9178 9336
24 354 1496 9505 6657 3785 8263 7167 4356 8126 8817 5715 1964 3700 9017 5117 3303 5781 4510 2617 2895 5599 3856 5002 1732
21 8506 9089 674 1048 9321 2086 2319 3494 5558 3895 5320 1083 1754 8052 1481 9895 1258 3094 3456 1579 1150
21 876 6213 1098 9742 7806 9264 6513 9335 8177 6540 884 5053 4146 2022 7821 7427 9129 3523 913 8808 7472
19 589 6648 227 1606 9093 577 4182 2987 5871 3886 2064 5096 1074 5797 7758 1191 1120 4203 2659
12 9686 8248 9453 9713 8732 9455 1049 9493 8964 2594 1301 7986
30 9627 4910 69 8856 3068 3966 4595 7933 671 3807 2780 8864 2402 7267 1236 2771 3714 2524 5768 1854 362 2488 2331 5435 3035 197 5609 7977 6676 2376
20 6562 5155 9397 3489 2842 9889 5512 7461 6344 1895 9098 5337 4391 8295 6941 3151 6991 2516 4042 8147
28 376 1201 6305 1239 8030 2362 1412 3326 8193 8051 279 9103 1383 9331 5482 363 7634 1337 5165 855 1361 1648 6986 6944 8581 8332 4886 5784
15 7650 7285 7661 9248 8805 2381 3355 5624 2911 5224 6895 8195 4968 3954 5542
31 5955 5393 1580 5554 5746 802 6392 9564 2653 1272 9731 1791 202 3108 4638 6346 2404 9298 4850 1535 2763 5357 7431 5354 3143 5533 7828 2623 3107 1226 5286
5 486 7170 5322 329 5646
14 6298 7727 9683 5385 7736 2772 8944 2965 1848 1395 5404 4844 1473 1437
21 3731 2916 3921 2722 1396 484 5023 7351 5506 9535 1556 8264 4298 9448 8561 5867 8123 3140 9781 5659 8519
20 8620 4944 3645 9407 1832 809 1690 6234 929 727 8570 8394 6586 5645 858 3106 8417 3189 3642 8119
9 8632 3297 6108 220 2255 6278 2337 8862 2152
26 6003 5957 3601 3462 3051 6729 5193 1942 374 2315 1590 808 6874 1702 5850 6611 9603 5774 4632 6046 1374 8006 5930 5485 322 3097
37 6656 6189 3208 4706 6068 4200 4437 9926 7465 8832 6498 417 9761 3993 4875 8682 4756 3482 9912 30 4658 6042 2859 4016 8829 217 9244 5509 5151 2855 8468 755 9220 1636 7374 3562 8267
12 7528 9295 9957 7200 9760 2692 8866 7241 9937 1837 9831 2252
19 1709 9784 6116 173 2398 7797 63 7822 829 9222 9491 4974 4254 2728 5521 7983 5232 2289 5652
17 550 8339 508 3776 4988 8127 9113 4727 3980 5736 8411 7559 7973 1350 7251 5130 4156
24 5541 615 6984 6023 2207 1263 9832 1460 7143 2021 3699 9583 8387 7012 2085 8757 6578 4412 9148 5414 4308 5331 7219 5960
17 4772 946 2104 3973 4407 6396 7895 7747 6176 1825 8053 8863 5431 6051 1202 8238 6702
7 1682 723 8975 6792 7095 9048 4320
24 3468 5409 4872 8505 6898 8316 3121 3079 7944 5036 4578 1179 787 9978 3927 1283 9653 1280 5647 6500 5596 9120 9794 9354
21 8167 5803 1537 1779 4652 9896 2417 4561 6038 3142 2027 6225 5820 5129 5683 2349 6153 8623 1731 1456 5973
21 156 6659 5847 3722 2805 2947 9447 8347 1679 3897 6014 4187 6017 958 5142 6860 4726 7054 4364 3711 6152
12 9848 9441 5877 3186 426 4322 6432 2097 4354 4448 2251 1088
27 5090 2118 5686 7686 7135 6630 9158 3554 2397 709 2076 5238 7062 7006 5097 1011 9748 8317 8986 4165 6653 4149 6310 9499 1694 6999 4378
12 5498 2700 7029 5258 6542 6697 5644 5162 8879 3310 1576 8080
16 9687 6672 5340 9607 6682 5384 6532 2994 8469 4193 8393 6769 7951 8522 3113 6060
14 8031 2364 3211 2545 7786 8460 588 7560 6055 6105 5657 2637 488 9642
24 3181 7162 1710 3867 7488 5172 3141 122 4060 9547 6446 8810 6230 7030 534 8032 3179 9206 2165 5623 4697 1149 2544 8802
31 9246 3572 1635 277 3424 1500 5875 3583 5539 8938 5695 3451 5835 1891 4406 5042 2154 5904 9470 6846 1310 8881 9245 1172 1400 1092 7426 7946 7756 1691 1185
17 3278 3534 4159 2909 3660 399 7179 6604 3511 3590 4487 7511 1940 9266 2902 7742 6127
26 1313 8133 5699 1221 9037 7034 9561 6582 8901 5844 1946 5005 6059 7853 5729 3344 4263 1554 3056 5078 1575 7721 535 6158 6717 60
14 742 10 7492 2668 1440 1704 6256 6049 4162 3214 770 8078 5273 1378
21 921 7276 6493 8407 979 1746 9299 916 7749 7538 2263 4262 6180 356 603 8764 2136 8572 879 3903 8870
20 3338 7808 199 1051 2440 2444 6683 1979 8107 7703 9275 4464 3485 440 5884 5118 7181 182 3741 2862
27 6922 6029 439 95 9680 5663 2119 506 1415 1768 4472 7770 2898 5171 7536 8318 5428 8037 5612 7124 1893 5604 6867 667 2905 5020 1653
17 9462 4394 4190 859 8720 2204 5984 1814 6624 4375 466 637 2643 5148 2677 7496 1809
27 565 9382 2967 6202 9617 102 1218 9159 377 2264 5268 6883 3968 7599 3006 1748 2978 3977 4997 4751 1919 9365 2638 2310 2373 7348 2130
25 6618 425 106 9620 8932 6021 4244 7698 5122 9929 3598 3361 8887 5378 6854 7033 3920 8084 1661 4284 9525 9567 3637 9281 4951
11 9732 450 3019 351 1795 3322 4864 9123 5361 6976 5665
18 5809 1480 1282 9604 9908 7610 4043 2936 2753 8027 4956 652 4251 5121 1868 1341 4286 1300
27 5457 1030 4541 8801 4113 1518 9240 8917 9006 862 7796 9592 2334 4357 5805 2890 1624 1762 2985 6136 2704 4079 2326 8363 8503 9025 8674
13 2777 7153 6174 9399 4715 2475 2282 8619 3837 1479 6994 9970 5149
21 7019 6078 7595 2568 7629 3657 9652 3222 7271 693 2406 3237 9580 7240 9170 4945 5834 7437 9606 9792 4185
21 6133 7555 8510 542 2790 7287 4692 887 7879 9946 6667 3805 1933 9588 9502 1152 1549 185 5707 6371 2411
20 871 7010 6426 5074 990 9284 3487 912 2546 4971 2527 6010 7500 3356 3235 5051 13 108 1426 8654
4 8679 8929 7146 3014
26 3632 2605 2904 6942 6523 4485 2497 2033 2657 7794 4221 5670 2156 3319 6281 5992 3082 6431 1622 2894 2144 3505 1703 2698 8221 4133
21 5008 9712 4147 4607 7361 4964 2740 1029 8549 288 3764 291 1183 4215 6421 8151 8249 3934 7989 2145 7568
19 6247 8187 7724 6749 6969 3952 2680 4204 1502 1727 4100 3187 7291 9040 4952 1043 9960 8319 5003
9 1789 8568 4580 5812 7079 5390 1887 4383 124
26 9042 4153 832 3615 8796 5779 6593 7924 1873 163 3323 5249 6823 5943 7674 5789 1753 1291 1167 2137 3896 8934 7518 3431 3132 438
16 688 8284 8335 8665 4960 6588 7096 5 5469 7540 1095 1760 401 7310 4725 3588
27 5282 3989 6186 8653 4764 3364 4021 4256 9962 8214 5400 6751 5004 9469 3027 5349 6726 7667 7978 5910 2689 5348 2196 5159 1006 5456 8171
20 2857 4101 4656 9859 4775 2174 5878 8366 7100 1842 4572 7689 4500 3548 2098 2697 2469 6112 6241 2409
23 8188 5576 6081 5240 1660 8617 9157 2513 3946 7627 816 4235 1533 7292 3822 8781 6899 5580 5817 5676 3665 7906 6291
25 2230 3188 4164 6413 2686 1908 7203 9948 4819 7194 9987 4698 4824 8039 5168 2646 1073 7175 5454 5233 9745 2868 7603 4192 2463
31 190 8484 9473 1637 9306 6455 8784 8548 57 6538 3789 2957 4137 9273 1276 1453 1199 7132 6268 3432 8511 3682 8017 3194 7295 8165 2811 7218 4069 5230 2329
19 9199 7636 1859 3717 2040 4937 1428 4567 7871 5353 2582 3515 5197 1526 9095 8279 1645 2287 5775
19 7679 1325 2290 3007 3597 6181 2122 3796 600 3911 8315 5068 3434 5470 690 9811 3612 4600 3931
21 9179 6141 942 5366 6248 2246 7176 8872 8813 2354 5255 2517 8388 3399 8777 4303 7771 3762 5524 5493 2926
17 7988 8667 319 544 680 8344 7798 7479 4082 4144 2443 6314 4261 7264 6990 8923 4823
25 6220 3885 3542 6357 9182 4880 6601 7513 1944 5764 582 2923 5804 2732 5832 2125 2088 2394 5989 3716 3385 654 6065 7391 5296
28 3029 5466 3160 5214 1121 7574 2639 7884 8412 5260 7643 2741 9012 9155 8150 5166 1229 8886 9398 413 2347 9147 6470 3687 1452 9250 4268 8738
25 8370 1251 7117 1054 1508 3453 1311 7150 6297 1464 7312 1937 1519 5577 8419 6728 9363 8325 1712 5223 7577 3158 7784 5174 2210
26 4973 3475 9543 6584 8504 74 7663 8272 5123 9064 3058 1034 3022 6707 8170 9527 195 5703 9772 7591 7257 6323 7057 8275 6840 5476
16 4249 2537 987 1513 1787 7142 1572 5330 5518 3071 4548 7359 1377 298 1225 2848
16 4068 5619 9130 2760 5217 4651 4076 4236 5215 8860 2139 2995 5316 8959 9555 4241
19 3669 5782 5660 3308 5394 714 3231 2274 7082 815 3242 9415 7688 7050 2823 9854 9865 702 2363
16 7940 6352 1967 9043 7872 8473 6184 5104 77 2001 3595 2091 1390 1087 7393 6080
13 9754 4884 5092 2142 2619 4465 6306 4943 2822 9787 5653 8611 1950
21 9817 1431 8312 7666 5915 7807 3072 9863 9534 647 2943 3087 8880 1358 3801 6914 3959 5545 6505 1718 4841
14 2710 4942 7363 4915 3736 4175 9953 960 8180 5750 3254 948 4220 176
26 3445 6058 992 2180 9836 8800 4397 1297 1846 2063 4366 7414 6561 8129 8465 1926 1765 4380 3285 4416 40 1976 5044 7039 6626 1157
22 4349 3947 3199 3938 9419 1346 3802 7209 6615 5374 4722 8009 6678 7125 3137 2405 5589 6687 4769 9507 2964 3313
21 6244 3117 1352 5064 9230 2979 9368 235 3465 8525 1171 4748 7157 4640 6528 9739 899 5811 8893 1086 8138
26 6765 7085 9078 3220 6402 1553 5994 3099 4828 4821 8293 9384 8958 8721 5333 226 2003 9667 4508 1906 1643 3464 2096 748 9396 9227
31 5500 8629 3317 4661 7637 5535 4285 5303 378 9002 6903 9981 4857 4834 7777 3210 5247 361 6064 7529 5181 9967 8523 1877 7056 5392 8837 6958 7590 6632 4683
23 7535 1168 9127 2095 2630 4163 7077 8646 6820 3844 9594 5336 9822 8201 2795 2148 6534 3835 2114 5848 8260 4484 6934
22 494 5241 7764 9641 1294 3062 2557 9780 8014 6283 8416 7420 3567 1420 8759 4812 4095 2968 2300 7069 1829 729
18 799 4114 4498 2945 8650 285 7521 6572 5590 571 4427 6612 5935 1153 7623 9312 2502 5037
22 1835 633 1256 4409 1271 7043 8534 2931 3031 5373 4032 3962 9725 3447 4340 1659 5555 5544 1878 1663 8365 790
23 4761 2382 4826 5712 7816 1476 2260 2320 1539 65 4443 1804 1466 870 9788 673 2849 2066 7059 6217 9664 6348 9956
4 3272 251 2615 8156
26 8586 6304 530 4794 2539 7631 1792 8989 5234 8194 2787 9364 5962 6907 8383 9941 9541 3061 5754 9021 1548 1360 2070 3206 1699 7713
27 3603 3426 8823 1175 7710 8652 8434 3169 3752 1181 8516 9849 964 4211 6628 1025 8914 340 6028 5770 5928 6661 3484 5401 9827 5312 3048
14 7609 3292 736 4442 5073 2478 3091 7800 8608 7826 3787 3702 6365 3941
32 5218 8783 2531 7704 2006 4873 6168 5771 5756 5678 9512 8191 5120 8542 8953 6699 6085 9785 5372 330 2552 8844 1448 614 7396 6516 148 451 5248 6249 7996 5836
15 8996 2330 1470 7672 6102 4608 3774 6791 7642 2739 7659 2487 7436 1633 9885
30 435 6012 8991 5433 6652 9457 4575 7562 7081 595 1715 2535 5872 3450 6331 2052 6094 7071 7775 446 7480 2223 7378 307 4611 9668 5607 4716 9088 5179
17 6484 8493 9132 9143 9657 4800 5622 3847 5099 7137 4573 9076 4757 8276 5889 5376 3749
12 8793 8200 5000 6301 5946 9601 3198 9193 8336 6569 1966 4446
23 533 8198 1729 730 5187 5006 348 9557 5632 7381 4654 6713 3992 3689 6692 5925 8751 191 4983 5883 4735 9443 7467
24 7557 9487 6851 9830 5507 7172 3663 2745 3648 8444 6641 5380 9880 8115 7419 3178 4881 1763 9184 2683 5095 8278 7042 8217
19 4744 5021 4209 2498 78 3547 9403 7960 4212 5924 3820 6621 4218 5895 7606 8685 1801 7696 4732
24 3354 6875 718 5516 2455 7994 4088 6280 342 3949 3173 7296 11 2479 611 4453 5898 1289 4030 8061 6032 2457 6889 7937
26 1102 8795 2126 2675 4645 8595 5630 5221 2762 3101 1612 7790 3256 6938 6869 1091 3004 4660 4019 8369 4759 4273 1379 2886 8216 8333
25 4080 3490 497 8059 5287 4673 4636 4532 8988 2037 2565 3470 1203 3428 2371 7016 9009 574 6175 5056 4122 548 8526 5618 3492
16 415 4344 8851 9440 7366 320 7164 1016 6362 7835 6725 6759 1354 447 1808 6063
15 8028 9160 4701 230 6452 4533 151 6928 9324 2379 5561 6614 4811 1304 616
18 3740 4615 9738 7792 4035 5838 3393 9810 2959 8576 8476 1945 9055 594 4492 3703 1602 1652
30 7186 3197 5424 5034 3329 9282 3510 1530 7226 7737 1627 2261 5170 7558 115 1521 5933 5603 3537 2360 8010 7815 7854 8946 4363 7917 5977 5439 8384 3279
20 636 938 490 2694 5929 9724 1316 3955 3473 2579 9911 167 8423 6954 9898 6250 70 3020 3559 7681
24 8448 1777 8747 8951 3205 3624 3721 9492 9838 6367 5088 2831 449 6824 3828 9047 2155 4589 8240 2879 3526 8839 914 2353
31 3005 7230 2357 271 7428 4848 6710 4246 608 7277 7690 2577 6558 6962 4202 8597 5579 6716 9444 9101 6790 4176 4513 1885 237 9001 7767 3265 8090 3620 722
23 1685 4704 6563 1474 4398 280 6359 7682 3550 9874 5039 9079 2948 4168 6675 2054 5785 1788 4272 6335 8888 5563 3630
30 3444 610 1332 7687 9405 2536 5881 1090 8573 2566 1883 4882 4141 7174 7494 4441 5279 9478 5486 5635 1947 3599 7260 1308 564 495 9624 3728 3298 6
20 3778 4720 1910 3754 2167 4990 2729 8160 3650 2769 7497 7031 6302 4556 8508 983 8907 3098 6300 9404
22 4709 5815 4119 7193 6255 4899 6975 7726 5747 9056 2687 3039 1298 8354 8441 1249 2035 5274 1927 5084 590 1923
27 8557 1609 328 6780 7357 4421 8376 1830 2338 950 2480 9341 1985 8018 2899 2473 3159 659 1217 7697 7408 1216 0 2836 5446 6260 9637
13 3986 8110 9322 8749 4902 7397 5313 1821 4181 8162 8538 4691 955
24 2538 6849 5744 4170 7638 3991 8766 98 6567 8786 4274 6164 8373 6904 5862 5851 4647 2481 9986 784 441 9714 4662 4399
24 5517 2143 8207 507 5830 8761 6503 5116 6832 3782 3258 9083 7741 6124 5793 7945 3018 8528 5467 2226 2876 5198 763 170
19 8173 7732 3092 1223 254 2192 4613 6353 928 9110 7330 9028 2237 5062 9518 4808 5339 1751 9568
24 6135 8262 9544 3849 8440 7446 7867 9071 2654 8486 4123 3315 8343 2178 4438 5505 4912 3730 1786 3684 6207 6349 1931 9374
22 1697 4455 6410 8614 6575 6474 4913 6900 2439 3940 509 3293 1538 4625 2483 45 7354 6214 1462 6355 4177 8908
11 3161 6072 7053 8124 143 2961 26 6573 1619 9311 3857
32 2436 9412 7188 1869 9297 3375 739 4115 9065 66 3477 3910 5690 6159 4854 7754 52 1982 670 6974 5763 6847 5745 5570 2844 1730 1205 2318 8943 7290 5030 3286
22 6053 8323 2782 3398 8379 6719 1864 895 6261 8830 9232 3216 8481 5610 9961 1806 8197 5961 5705 6514 4778 3713
22 8978 6756 1100 2783 7438 6475 6062 141 2835 9758 7856 5219 4851 4892 4419 995 5463 9533 8199 1909 6766 8594
21 5621 3512 1111 1260 524 9229 3905 6617 6932 4457 9480 7352 5326 559 7836 2258 9488 7192 4931 1658 7509
16 9436 2284 5778 2595 7583 7624 7201 7584 304 312 664 5749 630 6911 4189 7024
19 1186 935 6399 2270 4807 6864 2407 4107 6680 2160 4000 8108 8356 5098 7395 9058 6933 2851 1107
21 5887 2056 7434 511 6192 3530 6910 8540 7588 9919 8471 1071 4856 4612 9791 6543 3063 6351 6330 7954 9829
22 6536 8588 9819 2250 2942 6009 9392 8909 576 4802 8121 9208 5314 3353 1166 3889 5918 8139 9764 7723 6477 5790
20 7534 4415 3906 2314 852 4371 6235 5105 3277 6386 8288 4152 5327 1026 1935 4310 336 845 2940 868
25 8104 4112 5049 502 846 6125 8035 2115 120 4491 2048 2935 6089 1668 4621 1772 6325 8809 999 9154 1085 4473 1118 8625 8499
14 2359 6581 7510 7817 4381 558 2858 8202 8971 5987 2175 3043 1881 1547
24 6239 1689 6550 4666 3066 6537 2075 6850 6391 7633 5133 7729 243 9366 207 9877 860 5365 8755 5595 5010 7878 8137 2618
21 332 2198 2335 6356 4099 5495 6313 3476 9388 1628 1688 9379 2057 3296 9372 1442 4339 5531 9259 1540 5538
17 9613 284 9897 9497 8815 5650 8906 4135 6320 7970 5216 3324 3864 7844 532 1961 7123
20 9735 7692 1565 9751 7971 6319 694 5102 8565 4373 8125 8935 9373 1076 8999 1680 2820 4577 4490 7834
23 1177 7372 4502 168 9538 6430 2132 7334 249 6416 7340 3387 8299 6660 8729 5759 7470 3001 5949 2593 7904 6444 1507
17 2171 8038 9741 5559 6326 9225 5080 2454 5462 7121 1285 7892 8152 4599 7733 7615 2224
20 318 1977 5112 9681 4546 645 9177 9381 6274 8326 1322 1446 3832 2380 3312 8598 4672 4620 8141 1713
37 9305 4855 7463 5406 3564 9698 769 2296 5727 699 902 4223 2928 9286 4228 164 8085 9464 1587 715 578 7648 5701 7498 7195 9894 3438 7743 8658 8050 6229 9124 3390 5669 5896 8607 2671
28 2356 8518 7640 2828 3049 9347 6485 7585 2642 965 7097 5156 5511 3116 2209 3594 4773 2024 5453 5664 3013 6801 5475 1292 5412 8913 6606 805
25 400 9965 1995 7546 7190 3433 7882 3759 2937 6946 6454 5211 9062 5810 2561 3223 1397 3519 5325 2257 8269 6294 2322 7304 4817
24 1024 9768 2791 9255 150 2973 6711 4863 9872 5124 2896 8661 2977 6696 2678 184 3956 9756 17 3388 1129 651 8641 1805
31 2507 55 583 3236 6110 315 7224 9030 3575 4957 9524 5347 5674 3165 1046 5140 3592 6948 3136 1277 4503 8304 8741 6423 4151 5346 631 7215 2865 4996 4041
8 8599 5997 4745 2749 6775 7268 807 9099
23 2074 6128 8410 7934 7282 8995 4617 7145 353 2368 8974 2431 6622 7130 7997 6509 6564 4142 1708 1858 9614 9993 2628
22 2147 9104 3697 9556 5487 2323 2470 7503 7187 6333 3163 7778 4470 1007 393 3662 5489 18 973 2993 2243 5449
28 3149 8420 3239 554 3245 8055 7156 5856 2401 839 4020 5602 2999 292 7386 8245 6197 5733 2596 3389 9933 2427 3419 4859 2308 2298 1758 4908
20 6076 81 9858 865 5952 2765 977 6891 9428 5556 4252 4721 777 6339 3412 3533 9439 762 2134 8865
36 4059 6783 8310 961 157 61 2278 6843 1447 4260 6877 2293 4693 3170 4299 7787 5285 6420 313 5684 6921 2477 698 6066 3213 6318 6947 6886 2392 2283 4753 4116 1990 1035 1375 901
32 3156 677 2559 5716 9411 2920 3410 6044 7180 4885 9052 2784 2975 6206 7000 8940 2031 7435 9737 8239 4003 8348 6397 2413 7094 8153 420 3125 9301 7337 7566 3850
9 5919 798 1744 2518 5762 242 5637 1559 7185
27 4984 4056 8209 8435 8699 7927 5425 8426 1430 5426 9516 4584 5941 9474 4351 152 1487 6104 2933 3337 323 2131 7625 2203 5416 9069 1293
20 9744 3050 5291 8254 1588 6279 1561 6106 8918 6856 592 5350 1578 7265 7233 3890 1586 6545 869 7017
21 9109 1634 267 1369 2754 867 5045 5135 5364 3661 7782 1666 2350 6937 8097 4998 7051 7918 4641 5294 9484
25 1492 8736 6924 9691 1142 3396 7255 9743 7668 448 2105 9135 4404 8843 1960 4523 4810 3503 2002 706 746 3978 9323 9875 4530
13 2981 1433 5382 9862 3496 547 6077 9528 9600 6817 2133 5293 1359
19 3739 9100 8694 2649 1 8937 397 1042 2991 4237 2796 1094 605 1849 1623 8008 1542 4747 49
23 3527 5227 4511 9267 9890 1407 7380 1949 3565 1693 146 3751 5864 5419 959 7923 2825 8900 6231 4022 2491 7524 6539
37 606 9888 1305 541 24 9207 2429 3333 658 4742 4428 9393 2838 4583 8277 9869 7677 1564 9191 6752 6669 7014 350 967 5094 5801 7247 1818 9843 3876 2873 7753 7992 5057 669 8726 6390
20 3334 8868 9452 4657 3102 7662 6548 2612 3075 9456 5950 1615 2815 5492 2908 926 1174 5633 3517 7112
28 9649 4537 2523 825 7870 9495 6245 2291 7512 7103 7811 5452 5708 8550 7507 2501 6056 8969 538 1274 8058 4005 6830 3797 5072 9454 3275 8957
32 5299 4094 1066 6002 1528 4495 8271 2324 6361 7398 9128 8848 1860 1986 1955 3414 6222 2984 7411 643 3135 412 9665 1331 21 9258 4275 3902 5687 1726 6311 2038
33 2949 6807 3457 4307 7877 6502 8787 8302 7210 5654 7768 8803 9180 4602 3875 772 2121 8785 7769 4358 3305 189 1119 5103 7734 9221 4936 6154 5927 2490 6731 1472 1562
23 1512 2748 3276 3384 7319 5920 4205 1245 1601 4481 1872 379 6495 4430 3154 556 7275 9519 9509 1642 3041 6193 6492
17 908 8244 6460 3915 8554 1154 2451 6681 8845 6760 9257 129 1851 2202 685 3914 9522
25 3257 8739 1852 2742 3773 2511 9345 767 7847 7197 6272 6218 9659 5054 8359 4985 8828 2872 264 9644 7519 1478 562 4568 840
32 9409 8708 8179 8698 6418 1384 6139 817 9851 3891 720 5017 6767 5816 3566 9647 5990 2982 8099 4830 6363 3609 2567 9358 5109 7851 9984 5157 5828 5190 4972 3848
25 445 4586 3546 8213 7849 9707 5491 2422 2641 7086 1267 6526 4686 1422 6966 6674 1797 4629 6382 1775 4809 6499 4337 4332 2814
25 2166 5808 585 4184 7140 3596 989 3918 9511 8791 6985 1676 1721 8662 8687 6043 894 3508 7930 3350 7305 8340 229 8825 9334
36 423 4008 5860 273 7861 6961 9626 2912 477 1406 8158 7810 1227 8892 6409 9559 2426 8298 2954 6808 4029 6619 1720 3300 8281 5572 7068 8048 1654 3023 2843 7530 9253 8087 7168 9005
29 5300 672 3817 4618 5341 1833 9046 6706 7198 2714 3103 5636 6473 3114 3325 2551 7344 6480 8237 7466 1736 3767 7280 1991 7859 6631 1764 165 7964
17 9920 9636 493 8040 8546 5317 3635 5986 6264 3926 4926 1987 4925 5597 471 2806 6993
35 9140 5235 7318 4894 5902 7114 741 6658 8021 1625 1605 4781 1010 9485 8774 8449 7129 9463 286 2645 819 9826 9575 219 9900 1656 4188 80 2499 3957 5203 1894 432 4197 5269
30 9216 5381 394 2576 519 9166 9514 7320 6424 7248 47 6360 7579 4940 1324 35 5662 4012 624 7037 9958 8574 3392 1618 5164 6995 8251 6616 5460 7731
26 4839 2571 88 5497 5086 1735 1815 3743 5027 3990 1794 4084 3557 3833 657 4953 5608 5134 3694 8819 1131 3809 54 2998 3134 4178
32 3253 372 222 9003 6160 9901 6649 7064 5698 7553 326 8224 6927 3816 6805 952 7746 105 2173 3439 4930 5582 7718 6733 7315 836 8389 3227 5625 4901 831 9639
24 3549 8962 8342 7293 7499 5402 3826 4387 1013 4507 8274 4065 1459 137 6855 3659 1925 8307 6768 5550 7898 5842 5138 7450
29 2883 1888 920 4098 9523 3667 3540 3430 2233 6004 8566 4705 3122 3779 6989 3909 8064 7113 4853 4950 9708 1096 8780 1484 5549 4820 3611 4766 8942
23 3167 2008 4788 6694 7141 4877 1323 3176 1240 9586 428 7191 454 4074 774 744 5909 3330 5019 7239 9451 8345 6917
28 1138 7399 3281 7911 9402 6607 4624 6529 8915 9654 2140 1843 97 8998 5959 4213 6727 2495 434 6146 613 9798 8132 5897 1793 1356 4054 7705
29 4494 2720 297 9187 1724 5387 3869 4208 2020 3017 6951 1170 7876 6293 5679 5913 8431 3083 5908 1541 7720 1936 850 7885 8753 5410 9608 6226 4695
19 4379 3988 8675 4601 4346 5192 7993 2512 2915 206 482 8715 210 856 5169 2128 2079 2191 773
27 9847 1097 6277 1543 5440 8029 8792 1773 409 5626 6512 6034 4064 481 9272 2216 6103 1655 384 262 418 9726 4239 5840 8606 8633 888
34 303 7040 5598 5769 1664 1993 8406 8329 3471 9852 726 4071 1524 9633 6825 933 3685 5540 8933 2025 283 696 2340 8218 8478 9034 3634 4963 4077 7189 7228 8838 3427 1288
24 2519 1005 9979 957 3008 7711 6786 1363 1959 4450 984 7829 6925 2882 5481 7680 5614 4862 9856 3282 7841 8230 4390 3887
1 4469
30 1978 6689 8587 9820 9976 7229 6269 1674 8346 498 2881 9138 5437 8500 369 2504 561 134 4517 7288 4900 8895 205 324 1333 7382 5011 1173 3284 3664
37 9084 2941 3442 6831 9020 7475 5213 6404 3579 5358 1734 9283 8536 4482 1252 5748 6270 9458 9752 1700 1523 7148 2997 9821 6880 528 3076 153 2229 1616 2925 7842 1486 8723 5176 3558 3402
18 1757 3855 8640 7965 2432 2313 8489 5304 567 2869 6884 5295 2112 9833 2556 6380 7392 4646
21 5324 8703 2917 84 734 1879 1315 7455 1353 9670 864 1651 5954 2578 1281 6662 3502 15 3232 5344 7632
24 6670 117 375 8564 113 2738 2788 7864 457 7028 5710 1755 1365 8768 8189 6762 6251 1286 3507 2693 1435 2433 1882 2269
1 978
1 8824
30 187 713 3307 2135 5161 8509 3025 5971 6412 5343 4815 9815 601 2706 2852 6580 9844 1255 9949 7635 1368 2500 4639 4480 7478 257 6520 7985 2172 7182
24 5693 9675 8395 6794 8086 8459 7430 6208 9011 2731 7342 4403 6389 1905 4125 776 9966 581 4768 5461 1385 5536 4210 8215
1 6686
20 4214 29 4475 6150 3311 656 209 7152 3829 3429 6737 7316 1781 6129 4898 4671 5257 4991 6145 8433
23 7952 3629 7799 2316 3607 8204 5721 4836 9702 9105 5031 255 4433 2768 2004 584 8704 294 8762 8948 2847 1701 3184
27 3371 3030 3692 6815 4687 1113 3168 4635 6340 5732 9666 9964 5158 7501 907 3818 456 9353 3738 7788 6988 9663 6099 593 2564 1089 79
26 5717 9679 2986 8149 6654 2774 7020 3138 6155 5917 6647 881 6114 2343 8931 7425 5484 2092 4333 3917 201 299 1056 9878 5788 5865
14 1992 6198 9581 2327 6456 7891 7373 951 1640 8902 6243 9539 408 5226
1 1000
17 5018 7429 6695 6263 6822 5222 2589 6740 5377 3865 3403 9385 4493 8421 8073 9579 4793
15 3693 9090 1228 4196 9996 3191 1838 5711 4154 3532 5777 5743 388 6462 2528
16 1867 7401 5335 8175 5445 2247 8458 5885 3758 4637 9985 39 8413 5557 5593 7433
9 6541 268 568 789 854 6200 7387 1376 5891
2 6190 7813
1 1339
3 5441 6285 144
17 4758 6228 5868 7956 1414 8290 7314 6327 8464 607 3215 3680 4405 9508 536 546 7581
1 1159
18 4078 7657 8950 6466 3249 2465 7104 4648 3409 3651 4207 8609 780 5298 9804 5658 684 3560
22 1273 6381 700 5970 4842 7889 5237 3655 8731 1904 1421 6173 8020 708 442 5724 8904 5914 9489 3246 3081 3504
18 8292 2061 3555 9291 7088 7561 4255 9845 640 1913 4150 2240 4245 4939 2534 4550 4559 8730
1 8563
13 9563 6724 6901 8024 489 9935 1970 9503 7102 8353 1222 2966 9377
1 5903
12 1269 7329 8728 1515 3104 8477 1784 3368 127 6597 5829 2758
25 1040 6663 4143 6916 6965 4090 3640 874 513 6634 1326 4024 212 2000 382 7926 5532 4092 8857 4073 2690 4468 4191 7476 7600
5 4058 8102 5245 7379 2053
10 3055 7929 6633 1866 6913 5858 5307 8303 3111 4700
4 9954 389 5272 7676
5 8071 3028 1327 3153 2276
1 4796
3 1817 6644 2746
2 4027 3064
3 5091 9569 7105
14 9313 2695 4309 9325 7070 8840 5615 9137 2123 2026 9640 4525 9289 6544
2 3539 8722
3 2660 6521 4277
6 1560 1194 1399 1706 3656 9304
1 7110
1 5982
12 3090 4435 9619 1209 7928 7709 3294 7119 476 6441 8885 2090
2 8088 1015
1 2591
1 4887
3 306 9999 9648
12 3580 5934 4066 4536 622 580 7846 8447 5359 849 8306 6600
2 7804 4557
2 6377 820
6 2718 4052 4678 4311 9661 1898
7 5983 9750 1262 3792 3884 707 4023
2 2573 5821
2 1192 8727
9 2735 1335 7957 474 8520 6735 9927 3536 5110
5 8967 9921 3733 3633 8778
4 1776 768 7575 7678
7 549 4948 5480 8982 2007 3185 1510
2 3358 6753
5 9459 5813 3359 3771 3688
5 3202 6665 6935 8684 4803
6 7325 1670 3252 4476 9351 7160
2 5991 2939
3 7948 1427 1594
2 3321 6527
2 3647 6517
7 8227 1411 7052 9840 8891 9467 9850
2 2176 8596
2 7716 492
2 6321 1880
2 9121 5071
2 2418 1344
7 7227 4361 7368 4755 7242 6650 9203
5 7468 2812 8070 3229 7356
2 3654 1855
2 1135 2887
2 8670 4471
2 2384 9287
2 7013 7206
2 8773 2736
2148 8890 4941 9997 9994 9992 9988 9983 9982 9977 9975 9971 9969 9968 9951 9950 9945 9944 9942 9938 9936 9930 9928 9916 9907 9906 9905 9902 9892 9887 9886 9884 9882 9881 9873 9870 9867 9866 9861 9860 9857 9853 9846 9842 9841 9839 9825 9818 9816 9809 9808 9805 9801 9800 9796 9793 9786 9783 9779 9778 9777 9774 9769 9766 9759 9753 9730 9722 9720 9717 9715 9709 9700 9695 9692 9690 9677 9673 9671 9662 9655 9651 9646 9632 9630 9629 9623 9618 9611 9610 9605 9602 9598 9595 9590 9589 9585 9584 9577 9566 9565 9560 9558 9554 9551 9546 9545 9536 9532 9526 9517 9510 9506 9504 9500 9486 9482 9472 9446 9442 9434 9432 9430 9429 9427 9426 9425 9420 9416 9414 9408 9401 9383 9380 9378 9371 9370 9369 9362 9361 9344 9343 9342 9340 9332 9329 9328 9327 9326 9317 9316 9303 9292 9280 9278 9269 9265 9261 9260 9254 9247 9243 9241 9237 9236 9235 9233 9228 9226 9224 9223 9219 9217 9215 9214 9213 9204 9202 9200 9195 9194 9189 9188 9185 9183 9169 9164 9161 9150 9149 9142 9139 9136 9133 9125 9117 9115 9114 9111 9107 9102 9096 9087 9086 9081 9075 9063 9060 9050 9045 9039 9038 9036 9023 9022 9016 9015 9014 8993 8985 8984 8983 8981 8980 8979 8970 8961 8960 8956 8955 8954 8947 8941 8930 8924 8920 8919 8912 8899 8897 8896 8889 8882 8871 8869 8867 8858 8855 8854 8853 8850 8849 8847 8834 8833 8826 8821 8811 8804 8799 8794 8779 8776 8769 8763 8754 8752 8750 8746 8735 8734 8733 8725 8718 8710 8709 8706 8701 8697 8696 8690 8688 8686 8681 8664 8660 8657 8655 8649 8648 8647 8645 8644 8642 8639 8636 8635 8631 8630 8628 8627 8621 8618 8616 8612 8603 8602 8601 8600 8591 8590 8589 8583 8582 8580 8579 8577 8569 8567 8560 8556 8547 8544 8543 8539 8537 8533 8531 8530 8527 8524 8521 8517 8514 8502 8496 8491 8488 8483 8482 8480 8479 8474 8472 8470 8467 8462 8461 8456 8455 8453 8442 8439 8438 8429 8428 8425 8418 8414 8408 8404 8401 8399 8398 8396 8392 8391 8386 8385 8382 8378 8377 8372 8371 8368 8367 8362 8355 8351 8338 8324 8320 8314 8301 8294 8287 8283 8273 8261 8256 8252 8250 8246 8243 8241 8236 8229 8228 8225 8219 8212 8208 8196 8185 8183 8181 8178 8176 8168 8166 8161 8148 8146 8145 8144 8142 8136 8134 8131 8118 8112 8096 8092 8091 8089 8082 8075 8069 8067 8060 8054 8049 8043 8036 8033 8025 8019 8016 8013 8012 8011 8007 8005 8002 7999 7982 7976 7975 7967 7966 7963 7962 7958 7955 7953 7950 7949 7935 7925 7920 7915 7910 7908 7902 7901 7900 7896 7893 7890 7887 7873 7868 7865 7860 7858 7855 7848 7845 7839 7838 7837 7827 7824 7823 7818 7805 7802 7795 7791 7783 7780 7776 7774 7772 7766 7750 7748 7740 7738 7735 7715 7714 7712 7701 7700 7695 7694 7691 7670 7664 7656 7653 7652 7647 7645 7622 7619 7618 7616 7611 7608 7605 7604 7602 7598 7596 7594 7578 7576 7572 7567 7564 7551 7550 7549 7548 7547 7543 7542 7541 7533 7523 7514 7508 7505 7504 7502 7495 7493 7491 7486 7484 7481 7474 7473 7469 7451 7449 7447 7445 7442 7441 7424 7422 7421 7418 7417 7415 7412 7407 7404 7400 7394 7389 7384 7369 7365 7360 7341 7336 7333 7327 7324 7322 7321 7313 7308 7306 7303 7294 7281 7279 7272 7269 7266 7254 7253 7252 7250 7243 7237 7236 7234 7232 7231 7223 7217 7213 7212 7207 7204 7199 7177 7173 7171 7169 7166 7161 7159 7155 7149 7144 7131 7128 7120 7118 7116 7115 7111 7098 7093 7092 7091 7089 7083 7074 7073 7067 7063 7060 7058 7049 7045 7041 7036 7032 7026 7022 7018 7007 7005 7004 6998 6997 6996 6992 6987 6982 6980 6979 6977 6973 6971 6970 6968 6967 6963 6957 6950 6943 6939 6931 6930 6929 6923 6920 6919 6909 6906 6905 6893 6890 6888 6887 6881 6878 6876 6872 6871 6870 6863 6862 6858 6857 6842 6839 6837 6833 6829 6826 6816 6811 6804 6803 6799 6797 6789 6788 6784 6781 6779 6777 6776 6764 6763 6758 6757 6754 6750 6748 6742 6739 6738 6736 6734 6730 6714 6712 6708 6705 6704 6703 6685 6673 6671 6651 6646 6639 6636 6635 6629 6627 6625 6620 6609 6605 6599 6598 6594 6592 6590 6587 6585 6579 6574 6571 6570 6556 6552 6551 6549 6546 6533 6508 6507 6504 6497 6496 6491 6489 6488 6486 6479 6476 6472 6469 6467 6458 6457 6453 6451 6449 6439 6437 6435 6434 6425 6419 6415 6414 6408 6400 6395 6394 6393 6383 6379 6375 6373 6372 6370 6369 6366 6364 6358 6350 6347 6345 6343 6338 6332 6329 6328 6324 6317 6308 6299 6296 6288 6287 6275 6273 6271 6266 6258 6257 6254 6237 6236 6232 6221 6215 6210 6209 6203 6201 6196 6188 6185 6182 6179 6171 6169 6166 6163 6162 6151 6149 6147 6138 6126 6123 6122 6118 6115 6111 6109 6107 6101 6100 6097 6095 6092 6088 6082 6079 6071 6067 6061 6054 6052 6048 6045 6040 6033 6030 6026 6025 6024 6020 6016 6008 6007 6001 5999 5998 5996 5995 5988 5976 5974 5972 5967 5966 5965 5958 5953 5951 5948 5947 5944 5942 5940 5939 5923 5922 5906 5901 5899 5882 5874 5870 5869 5866 5863 5859 5857 5854 5849 5846 5843 5841 5833 5827 5822 5818 5814 5807 5806 5800 5798 5796 5795 5766 5765 5757 5755 5737 5735 5731 5728 5723 5720 5719 5713 5709 5704 5702 5697 5694 5692 5691 5689 5681 5680 5675 5673 5672 5667 5655 5651 5642 5641 5620 5613 5611 5606 5605 5600 5594 5592 5591 5587 5586 5585 5575 5574 5571 5569 5568 5567 5565 5552 5548 5543 5537 5530 5528 5525 5523 5522 5519 5515 5504 5501 5488 5473 5471 5468 5464 5458 5455 5450 5448 5447 5442 5438 5436 5427 5422 5420 5418 5417 5413 5411 5403 5399 5389 5370 5368 5367 5360 5356 5345 5323 5321 5318 5315 5309 5308 5297 5292 5290 5289 5284 5283 5280 5276 5266 5262 5261 5259 5256 5253 5252 5251 5246 5243 5242 5239 5231 5225 5210 5209 5208 5206 5205 5204 5201 5200 5199 5196 5195 5194 5191 5184 5183 5180 5177 5173 5163 5153 5150 5145 5143 5128 5127 5125 5113 5108 5093 5081 5079 5069 5066 5058 5050 5032 5028 5025 5013 5009 4999 4993 4986 4979 4976 4975 4970 4969 4959 4958 4955 4933 4932 4929 4927 4922 4919 4917 4916 4905 4897 4896 4895 4893 4891 4890 4889 4883 4879 4878 4876 4874 4870 4869 4867 4866 4865 4861 4860 4849 4847 4843 4837 4835 4833 4827 4825 4822 4816 4814 4813 4806 4805 4804 4801 4797 4792 4791 4784 4783 4780 4767 4750 4749 4743 4740 4739 4738 4737 4729 4714 4711 4707 4703 4699 4696 4694 4685 4684 4682 4681 4677 4676 4669 4667 4665 4663 4655 4653 4643 4642 4634 4633 4627 4619 4616 4603 4598 4597 4596 4593 4591 4587 4585 4579 4574 4562 4555 4553 4547 4545 4544 4538 4535 4534 4531 4529 4527 4524 4519 4518 4516 4515 4514 4509 4504 4489 4478 4466 4462 4452 4444 4440 4434 4429 4424 4418 4413 4408 4396 4395 4393 4392 4374 4370 4369 4367 4360 4359 4353 4348 4342 4338 4336 4330 4328 4327 4323 4319 4318 4313 4306 4304 4296 4294 4288 4287 4282 4279 4276 4271 4266 4264 4258 4257 4253 4248 4247 4233 4227 4225 4216 4206 4201 4186 4180 4179 4171 4167 4161 4160 4155 4148 4136 4132 4131 4130 4129 4126 4124 4109 4106 4104 4103 4102 4093 4087 4085 4081 4075 4062 4050 4047 4045 4044 4039 4037 4036 4034 4031 4026 4018 4014 4002 4001 3987 3985 3983 3982 3969 3963 3961 3958 3950 3948 3942 3939 3937 3933 3932 3925 3924 3923 3916 3913 3912 3908 3900 3894 3893 3892 3882 3878 3877 3873 3872 3871 3862 3859 3858 3852 3851 3843 3842 3834 3823 3815 3814 3812 3806 3803 3800 3795 3794 3793 3790 3788 3786 3784 3781 3780 3772 3770 3768 3761 3756 3755 3747 3744 3742 3734 3726 3725 3724 3723 3707 3706 3704 3691 3686 3678 3675 3672 3658 3653 3646 3643 3639 3628 3627 3623 3622 3621 3618 3617 3616 3606 3605 3604 3602 3589 3577 3576 3574 3573 3569 3568 3561 3553 3541 3538 3522 3521 3520 3518 3513 3509 3498 3495 3483 3479 3474 3467 3463 3460 3459 3446 3437 3436 3425 3420 3415 3411 3408 3406 3401 3400 3397 3394 3391 3386 3382 3380 3378 3373 3369 3366 3360 3348 3346 3343 3342 3340 3336 3332 3331 3328 3318 3316 3314 3309 3302 3299 3295 3289 3274 3270 3268 3267 3262 3260 3259 3255 3251 3250 3244 3241 3240 3233 3219 3218 3212 3209 3203 3201 3196 3195 3190 3177 3175 3164 3155 3152 3146 3144 3139 3133 3130 3129 3126 3124 3123 3115 3112 3105 3100 3095 3093 3089 3080 3078 3077 3067 3065 3053 3052 3047 3033 3032 3024 3021 3011 3009 3003 2996 2992 2988 2980 2971 2962 2960 2956 2955 2934 2932 2927 2924 2914 2913 2910 2900 2897 2892 2891 2884 2880 2874 2867 2854 2846 2845 2841 2840 2833 2832 2829 2826 2824 2821 2818 2813 2808 2804 2803 2800 2799 2797 2789 2778 2775 2770 2767 2761 2756 2755 2743 2737 2734 2730 2724 2716 2711 2705 2703 2699 2696 2691 2688 2681 2679 2674 2667 2664 2662 2656 2644 2635 2632 2627 2625 2622 2614 2607 2601 2600 2598 2597 2590 2588 2583 2581 2569 2563 2562 2560 2554 2547 2542 2533 2526 2525 2521 2515 2506 2484 2482 2472 2467 2459 2458 2456 2449 2446 2435 2423 2420 2419 2416 2414 2408 2399 2395 2393 2391 2390 2387 2386 2383 2369 2366 2365 2355 2351 2348 2339 2336 2317 2312 2306 2304 2302 2294 2292 2281 2280 2279 2273 2272 2271 2267 2259 2253 2245 2244 2232 2231 2228 2225 2219 2213 2208 2205 2200 2190 2189 2187 2184 2183 2179 2169 2163 2161 2159 2158 2153 2146 2141 2124 2117 2116 2113 2108 2107 2106 2102 2093 2089 2082 2078 2067 2065 2062 2058 2055 2049 2047 2039 2028 2023 2017 2016 2014 2012 2009 1999 1996 1994 1989 1988 1984 1975 1972 1971 1968 1965 1962 1954 1951 1948 1941 1938 1929 1924 1920 1917 1916 1915 1912 1903 1902 1900 1899 1897 1896 1892 1884 1876 1870 1857 1856 1841 1840 1839 1834 1828 1826 1822 1810 1798 1796 1771 1770 1767 1752 1750 1742 1739 1738 1737 1725 1722 1714 1711 1707 1692 1687 1681 1672 1669 1667 1665 1657 1650 1646 1644 1632 1631 1630 1620 1617 1608 1600 1599 1598 1597 1593 1592 1589 1584 1582 1581 1571 1570 1569 1567 1558 1557 1544 1536 1534 1532 1522 1520 1516 1514 1509 1505 1503 1501 1499 1498 1497 1493 1491 1489 1482 1475 1471 1467 1465 1457 1455 1454 1451 1450 1449 1445 1441 1434 1432 1425 1419 1418 1413 1410 1404 1403 1402 1392 1391 1387 1386 1372 1370 1357 1355 1349 1348 1345 1340 1336 1312 1287 1279 1278 1275 1266 1261 1257 1250 1248 1247 1224 1220 1212 1210 1207 1200 1197 1196 1189 1188 1184 1180 1165 1163 1162 1151 1147 1145 1136 1134 1133 1125 1123 1122 1112 1109 1101 1099 1082 1079 1078 1072 1063 1062 1057 1055 1053 1047 1039 1038 1032 1031 1020 1019 1012 997 996 993 980 975 971 963 956 953 945 939 937 934 931 927 924 918 917 909 904 903 896 893 891 882 877 857 848 842 841 838 837 827 824 823 822 812 797 795 794 791 788 786 779 778 775 771 765 759 751 743 740 735 733 732 728 725 717 711 710 703 701 692 689 683 682 679 678 676 675 668 665 663 662 660 650 644 642 639 638 628 626 625 621 618 617 599 597 591 575 569 566 557 545 540 527 526 523 521 520 514 512 505 501 500 491 485 483 480 479 478 475 473 472 469 468 464 463 462 460 458 436 433 429 406 403 396 391 385 381 373 371 370 367 366 358 357 349 346 344 339 338 337 335 331 327 325 317 308 305 300 296 295 287 276 270 266 263 253 250 245 239 231 228 225 223 221 203 181 177 175 172 169 166 159 158 145 138 136 135 126 123 121 119 118 110 109 104 101 99 92 86 83 82 72 68 64 62 59 58 56 53 48 38 32 27 20 14 8 2
