0
0
0
0
0
0
0
0
0
0
0
0
0
0
0
0
0
0
0
0
0
0
0
0
0
0
0
0
0
0
0
0
0
0
0
0
0
0
0
0
0
0
0
0
0
0
0
0
0
0
0
0
0
0
0
0
0
0
0
0
0
0
0
0
0
0
0
0
0
0
0
0
0
0
0
0
0
0
0
0
0
0
0
0
0
0
0
0
0
0
0
0
0
0
0
0
0
0
0
0
0
0
0
0
0
0
0
0
0
0
0
0
0
0
0
0
0
0
0
0
0
0
0
0
0
0
0
0
0
0
0
0
0
0
0
0
0
0
0
0
0
0
0
0
0
0
0
0
0
0
0
0
0
0
0
0
0
0
0
0
0
0
0
0
0
0
0
0
0
0
0
0
0
0
0
0
0
0
0
0
0
0
0
0
0
0
0
0
0
0
0
0
0
0
0
0
0
0
0
0
0
0
0
0
0
0
0
0
0
0
0
0
0
0
0
0
0
0
0
0
0
0
0
0
0
0
0
0
0
0
0
0
0
0
0
0
0
0
0
0
0
0
0
0
0
0
0
0
0
0
0
0
0
0
0
0
0
0
0
0
0
0
0
0
0
0
0
0
0
0
0
0
0
0
0
0
0
0
0
0
0
0
0
0
0
0
0
0
0
0
0
0
0
0
0
0
0
0
0
0
0
0
0
0
0
0
0
0
0
0
0
0
0
0
0
0
0
0
0
0
0
0
0
0
0
0
0
0
0
0
0
0
0
0
0
0
0
0
0
0
0
0
0
0
0
0
0
0
0
0
0
0
0
0
0
0
0
0
9609 3580 5934 4066 4536 622 4214 945 5517 8840 1430 39 4836 9702 9105 155 9253 6692 3179 9206 8207 2237 2074 3027 8933 3492 813 5152 6773 7331 5114 2823 3017 9952 7650 2693 2593 262 9670 389 1949 807 6520 7985 2982 5976 3818 456 9883 8387 9726 2819 9484 7784 9471 8104 6309 4131 5878 2983 3502 15 3232 1313 5778 4294 9861 6512 4385 8592 8858 8662 3507 5317 6152 8862 7546 6569 2428 6622 428 8743 1057 4611 9668 4016 418 7379 9750 6966 9761 5484 2092 8237 9744 6999 1982 8892 5528 4178 9607 3810 798 5813 3359 3771 9694 2981 9489 9579 9451 5891 5164 7699 2670 4567 7871 8206 7811 5452 921 2009 6481 1926 6886 9125 8471 1071 5552 4299 3980 645 9177 9381 6274 7127 8564 6636 7399 8326 5679 2166 4892 2991 9578 3066 1310 9336 1150 7891 2007 4390 4898 7600 9509 6324 1005 3508 7930 3599 1306 7776 8698 9448 4175 7516 6057 3688 8975 6935 1315 5221 2961 8373 7071 9126 2123 4252 8340 7097 3198 995 5138 1791 1108 4773 3506 3322 3278 1610 4820 3751 8606 4808 5394 7521 6065 568 5388 9588 2523 4572 8119 6548 8441 1249 2035 3975 6580 9090 7319 6226 3407 4373 9675 2214 1378 8583 3718 5676 6794 6214 6087 9428 1959 5864 9255 7320 1439 7314 3365 7014 3023 2843 3917 4939 6911 9540 5245 881 2773 8525 6076 613 5821 5662 1473 7830 3563 9625 1359 1986 8010 7815 8663 5701 8833 7835 3635 1478 4339 693 9735 8599 8070 3229 184 9709 9833 5614 3211 5460 9033 9576 7157 4640 3894 8440 3398 532 9436 1111 4777 5211 9062 1685 3248 1046 8895 4029 4005 8038 9169 8852 9303 8887 5602 1899 5917 3277 6386 8288 4162 1326 9311 6075 264 388 6462 8507 717 5021 3388 3430 2201 5311 6222 5377 5589 1289 4071 2300 8586 6600 1194 7113 4853 3298 6363 3347 7706 8702 6320 5072 9325 836 5669 9435 8534 3733 7846 4000 8998 5959 3693 9503 4559 3311 1285 5950 1615 6760 97 9600 8903 9505 8238 7775 446 1930 5954 5474 8150 2898 7679 984 1751 5593 4450 3767 3905 1562 3809 2721 8276 9109 5491 8982 6382 1775 6177 5559 136 1488 4523 3252 4476 4973 2088 7102 1554 6319 3749 6933 7579 5391 6566 2411 5325 6887 4375 3156 3526 8121 1708 9878 9582 3590 7119 6362 1858 5772 4121 8319 5003 9755 1847 5432 6125 9593 1453 9828 9906 8417 481 9272 2216 2587 2122 822 6914 4494 9264 4891 5900 384 2343 4072 8828 2391 1219 415 231 5288 404 3593 2147 6474 4626 8469 7623 4191 1773 7241 2014 6801 1 7068 9648 2359 5437 8500 8822 7437 8922 4500 3887 688 7182 8877 6129 4810 1722 7869 5595 5010 7878 4863 1024 8864 5570 2844 4683 2454 8200 6378 2684 4074 5940 6435 3178 7164 9545 4224 7240 1729 9175 1428 1944 5020 3807 2792 5634 1080 5556 714 3231 6554 8102 1421 4465 576 4802 8204 3965 4554 1181 3735 81 5914 6855 3659 673 1102 3138 2451 6681 3334 1721 2254 3805 9055 1433 5382 9862 816 2703 6988 9663 6665 129 3046 9057 1541 209 1947 3350 7305 2227 4354 2561 8189 687 3090 9329 38 3047 6676 9754 9919 1010 5080 5988 6430 3028 1327 1094 2298 7224 1209 7239 7373 578 143 4629 854 6200 4135 2882 1586 6545 2747 9760 5151 5042 8904 6631 1764 71 6070 6722 9613 9273 2873 7753 864 4012 3074 3402 7036 3864 2678 7356 4228 8353 1222 3522 960 4324 7387 2888 7328 1360 5258 9364 5670 3988 4250 3736 3111 5883 723 2061 6480 6314 2308 3163 5953 5063 4320 7534 5705 6581 8640 105 8035 3557 1763 3996 3220 8304 5580 9962 6599 450 7611 6243 4134 8248 214 2004 1705 4950 5272 4447 799 6825 9921 3191 2765 7233 1634 4183 5781 7788 7651 4761 7205 6335 957 579 1860 8759 4812 440 7242 1040 6495 2047 7682 1384 9376 7817 789 3694 9569 938 4015 722 5401 7490 2812 7280 1991 7120 3483 5404 4965 7420 9314 5546 3598 1867 658 1818 867 4028 6813 8745 6078 3222 267 1369 7849 1164 6995 6207 6349 3281 5053 9547 6446 6891 8714 9271 2648 7394 4852 5919 2112 5550 4551 7209 6615 8989 4862 9856 3778 8430 2946 5504 3691 9403 726 1015 8048 1654 9924 8499 690 7512 7103 8906 2134 2805 285 5603 8679 1459 8595 3766 5327 8546 5721 1411 7052 9463 9398 2795 1659 7764 8007 9846 1656 1290 9138 7329 4947 2713 5887 5348 3142 3118 7066 6880 3615 6477 5994 5236 7291 9040 4337 6523 7986 5650 2498 5031 6540 5498 6551 7902 977 430 4267 9834 2342 6169 9845 5793 2698 1362 1468 5171 9011 2247 2522 493 4815 7397 1786 982 8657 1953 4161 254 6725 9474 7372 2017 5001 6224 4934 1292 547 5680 4395 2676 2036 8154 3324 4144 3299 8391 9747 8632 5250 5070 2491 7524 620 6647 6830 5343 5536 6946 127 3161 605 1849 2128 1990 6141 7942 1307 2150 6150 5426 1204 6529 9835 1668 4503 609 6536 5405 6557 561 5997 4745 2749 2327 5392 2444 2338 9804 3515 8274 1942 1552 5130 4279 2484 9119 5431 2016 2977 584 6541 5121 1868 9742 5898 1533 9299 2071 4332 5296 9764 5307 6072 9810 928 1138 6285 477 4404 3953 6502 9512 8297 3689 8244 2926 7011 7931 3434 8492 3632 8767 975 4080 3325 9970 8929 0 3833 9826 4058 7929 4480 444 4415 3906 1228 1672 2413 7094 640 6607 8885 7338 4842 3934 8857 5085 3850 3629 3992 6365 9686 3337 908 6514 8726 7452 73 6874 1995 9289 9708 2602 5564 4913 3323 4936 4811 3981 5604 2948 6941 2431 2244 7142 4532 6603 2461 1549 7841 8230 6441 3061 9135 7701 8915 3728 4589 6755 6524 3440 1405 7952 486 1652 4727 3187 3330 5450 5184 7059 4361 4678 4311 6921 8866 3903 3649 4314 6559 4499 7024 8661 7194 7413 8485 1499 9024 8186 1224 1781 7899 1119 5492 5506 2270 8185 3445 7719 6484 8753 865 1513 2760 4768 7247 4172 8950 7448 1451 3389 1559 8334 7854 6717 9442 6820 9267 9004 8054 1166 5812 4995 49 859 4119 6348 441 8996 2330 1427 9372 1706 8946 4363 5684 6601 360 884 2202 8197 3489 4453 3703 4648 6297 7754 6089 6955 298 6173 2572 408 9231 2654 4794 2315 6460 4261 9699 5496 6958 6501 3902 7203 6503 8509 4318 198 8126 9108 985 8778 2640 6938 6869 2993 8805 4869 6428 2518 4990 3740 8345 6917 5141 6282 7498 4412 8412 5260 4165 2169 9258 2589 6724 814 815 6832 9439 6206 2911 3371 6293 6740 1322 2310 3408 3030 432 8086 9664 8139 1666 1408 9939 8658 494 9820 6146 558 4123 7836 5158 5794 6543 3802 3059 5708 8550 239 9262 2380 4977 590 6648 7478 8072 5599 4281 10 8226 8639 9964 5223 5430 199 1076 5909 251 8911 9462 8646 8597 8729 7297 2826 9855 2540 4025 3206 1935 8958 8625 1560 9897 7510 7536 7884 9519 8762 9806 6844 4607 7361 5049 3655 5320 3471 948 7476 6193 1806 9682 2048 588 607 8868 9985 8245 4181 7992 808 1088 8672 8374 1323 8153 3339 7983 9592 600 4603 6046 8991 8170 5295 4184 2286 1221 7664 229 1940 1176 8587 7296 9797 5341 8290 5763 6494 8522 5920 350 1827 6614 1744 1447 6402 2060 6005 8077 3465 8160 2442 5237 8795 3273 4043 3320 9661 5690 9676 194 5100 4362 4435 3176 116 7561 7844 3283 6283 8416 278 7260 707 4379 1351 9047 2155 354 8716 3679 6660 9039 1341 2664 4115 465 3253 1894 6059 9157 571 4704 6563 3955 5723 2492 178 123 6165 1869 2942 5801 5461 1385 3301 7997 2534 6017 1469 7088 6953 2739 5530 5030 196 1084 4530 6397 6432 4600 6576 1129 651 4367 8528 1604 7345 1368 2500 4639 6925 5469 6202 1919 6355 951 5582 7718 6733 4846 9772 1891 3536 5687 3504 2261 5826 3167 594 6384 1281 6662 48 3006 1748 1486 8723 5176 1239 1646 6456 4609 7200 6687 8029 5471 2226 3797 698 3926 4926 5731 6746 4422 6931 2191 1736 5384 4507 2376 7880 3828 8999 1680 744 2294 9218 6228 2258 9488 6412 8418 5908 4635 2000 3681 6965 3534 3793 7380 7153 9102 1033 6553 2649 8598 8291 1854 712 4931 8354 1866 8081 226 212 2999 2724 5140 6560 2612 1413 3901 3317 3261 941 2582 9986 8557 1821 6913 3774 2402 4998 5202 6158 6197 5733 6588 4100 2984 7411 643 7674 734 5858 9130 1977 3785 6420 4275 1364 8409 6256 6049 5168 9880 8115 9407 9900 4434 6186 9184 8614 7535 7392 5540 6840 592 636 2741 5214 3714 3656 1639 4326 7852 8818 5099 8281 7391 3624 7711 6786 7599 8180 62 2682 910 7150 5597 3562 7768 9827 7897 8886 5084 7252 7903 3256 4786 5103 7734 9221 5995 3393 7126 6229 7808 5851 2787 8739 4022 7028 2154 2710 2881 6262 2131 1772 4580 8019 7265 9642 7460 1676 1216 8239 4230 7043 1561 6251 3091 4712 2209 9362 188 1755 1365 5381 6133 4286 9639 9229 9099 6245 7703 3104 8477 1784 2453 996 2825 7601 2075 3773 2511 7607 5365 4568 9022 8341 3134 6788 7945 3018 5181 5505 176 6340 1590 469 6805 9541 8464 7560 9780 6322 4231 8247 6359 2422 9026 137 694 5102 8565 742 3113 3519 4154 614 8323 9048 2806 6217 4419 8793 4249 2537 3039 1298 7154 9958 8574 3392 9375 5896 4772 7904 5563 8732 5625 4901 831 1474 3650 9636 3063 6351 7430 6118 4819 1325 33 5369 4053 9341 6567 9624 4274 5126 5453 5664 3013 5750 3254 987 2809 7938 5591 7198 4148 9070 6042 8771 7004 1377 417 9893 2284 3640 9581 9580 3853 2125 8493 4402 8080 1021 7771 3300 522 5324 9977 1512 9146 9145 468 1779 7756 2382 3327 6225 5178 4924 3076 153 9187 9788 4828 5980 6085 7743 6561 207 4636 5658 1390 4052 225 7171 7627 6736 2848 7210 8601 7999 4880 4625 6571 3468 5055 4077 9042 1269 1789 3265 6807 6304 1034 6850 6298 2407 7662 2269 7528 1356 8458 313 7917 1606 6368 6936 8344 654 3702 8452 4624 685 4885 2742 3685 7993 9100 2194 4857 2549 6984 3752 9120 1978 3548 3433 7882 5755 6387 6667 4118 7250 7351 9614 9993 2628 1156 4928 819 2597 2456 394 3745 3180 4555 6475 6680 5961 392 1825 5366 7519 1757 8314 4407 8540 7588 3555 1937 6287 6218 4649 7099 1132 657 67 2827 4569 6895 7789 9596 9960 3503 2002 7352 5326 6131 8218 8478 9034 3634 4963 8382 1126 3788 5932 3116 788 9319 4117 1200 507 7691 2619 7630 6060 7000 7162 767 2507 4065 7218 3516 7176 3472 9617 2743 3524 5717 2840 382 6630 2056 8158 6187 4779 4368 5015 3621 4767 5255 2198 442 488 5197 1526 5541 3188 7358 3426 2292 3730 994 7649 1682 9444 5447 8271 31 1480 624 7037 9441 5776 7934 1013 9945 630 2695 7195 4496 5674 2236 1060 9741 8482 2527 6369 1709 1908 855 9830 7450 8954 6847 9594 7751 8517 8466 2557 6729 1553 3552 7466 9301 2954 6808 205 4976 9092 4351 2222 3935 3442 1274 4758 559 9290 2900 6300 8913 146 3611 9697 4899 6975 3089 7080 8490 9840 8815 8770 5097 1622 2894 3911 5408 7737 4726 8476 3049 2998 5739 210 856 905 5868 5134 7056 1628 148 2896 7333 8287 761 9567 3957 5169 1536 6098 1843 7982 7619 7191 454 8784 6564 7042 2688 9067 6301 8277 6250 490 495 134 4517 9330 5048 6000 8624 21 5557 4944 9949 6795 1801 2725 1819 1543 5472 6482 3867 2615 8667 2778 3136 2677 7228 8838 3567 3020 932 8843 4925 589 2588 5330 2759 5019 8009 378 7062 4799 2854 7511 6980 1742 3676 7488 8085 3794 6093 7980 1074 3245 4996 2542 8272 9235 1976 7798 3384 6333 2692 4576 2952 4269 9440 2975 8423 9990 3272 6 1020 6268 8113 2690 4468 3633 3940 509 9681 7963 2405 4762 6499 9072 5525 7288 200 8433 3312 5475 6311 7610 879 1715 2535 6967 5533 6845 1354 4340 9518 5583 1045 5743 615 3221 5116 206 898 8536 1265 1426 3737 770 8568 8792 3962 9566 1240 2289 8034 8064 7139 7251 1587 715 1713 3338 2989 3739 1286 5436 195 9645 2302 3001 8664 6587 2732 1267 7501 3852 4561 9284 7438 9211 6922 5962 1625 6258 152 4482 4823 437 8251 1538 2910 4697 1134 3031 8608 7826 9737 2204 8411 8618 2126 6597 5829 1674 5064 4004 903 3422 2592 9065 9660 933 6015 3754 1732 5294 686 5827 4405 6242 5208 6707 6513 833 7275 4355 9812 8666 7426 7624 7843 7212 1098 4306 4594 8004 2173 167 4642 9534 647 511 8215 8014 3037 4992 2835 9304 6151 2745 4787 8944 3849 2487 6594 3662 2575 1358 8395 8152 4807 9999 9751 2283 1525 327 7915 680 1064 8514 8110 8791 6985 5118 6102 3530 2480 959 5078 4221 1492 2722 3928 7796 9721 8278 5502 8836 9482 8020 5547 3687 5621 3968 5190 7647 9307 4709 7813 9152 8437 42 8819 935 5913 9929 2830 9433 9453 4722 9781 5376 2142 9117 8995 4174 5888 8900 3008 1041 863 5910 2689 7186 6627 5677 2668 1440 7763 1879 8694 28 5277 2976 8396 764 7675 5150 7178 369 5639 8842 2849 2066 1124 9216 1028 2777 7926 7106 4177 1660 1741 1442 562 3428 6981 6389 4753 9762 2861 1338 5789 1887 4383 197 6350 18 2483 1287 5811 5156 5511 6979 2748 818 8021 4127 9978 4968 8616 8356 5098 7395 4763 4303 7146 2003 5902 4251 1724 330 9920 2110 4654 299 9563 631 5823 917 30 1003 6550 412 5955 4575 2763 8370 1155 6145 6865 3205 4442 1893 5802 3064 6232 2933 8786 2262 5299 6688 2965 1171 4748 4510 5624 8389 7046 3085 2011 5445 9926 1842 8167 4229 1477 7799 5833 1875 2070 1594 6765 5737 5779 312 664 8056 1905 6168 6053 894 1107 2918 8447 7947 6677 3750 6342 9817 1113 3439 9899 5268 629 2180 4606 9379 2057 9495 2115 9430 4295 9644 7924 6522 8257 3363 1737 9071 3292 5637 6006 6074 9270 2796 5387 2762 7859 1387 513 2822 4651 3669 8722 3215 3486 3665 1808 5885 525 9306 5455 1495 249 8752 1728 2968 5457 5011 6459 9599 5949 8329 8050 8538 1007 3289 6473 967 5075 8295 4168 7744 9647 1308 800 5440 3096 6756 5024 1517 8188 3457 8841 8741 6180 356 6866 282 189 4380 9936 1661 6859 7277 1316 7960 4212 6032 5017 6767 5816 9989 2630 4647 2481 2499 400 9630 3368 684 3742 8017 6752 8191 5120 6405 9160 753 1457 6327 8721 796 9238 9528 8108 3052 2495 8040 9454 2925 4446 2432 5482 1042 268 4449 774 4659 4040 8342 8893 4570 2488 9736 9340 699 7663 6621 4218 7318 5989 3447 448 7597 2931 1463 234 6160 871 5749 8678 2828 2851 946 674 6003 4716 9046 1642 3494 8613 7978 3999 2323 7802 5893 5531 9259 5241 5199 359 6701 7895 6762 4242 7968 227 5977 8190 4691 5066 5339 551 4159 4956 5952 4478 8765 6009 9609 9456 8718 2916 2694 9821 2800 7446 7563 735 3467 8626 2393 5439 5532 4092 6651 1735 8800 1576 3566 9124 2950 5711 101 3395 5147 7020 4142 9208 4628 7739 7077 8182 5730 3811 393 7987 1380 2240 8120 1229 7050 6033 1946 4641 4516 3409 7851 5686 3776 1388 2025 8693 5693 9575 4725 1231 1506 201 4125 7954 3333 533 7863 6029 1137 1151 3068 3910 9050 8176 2568 1268 2858 3888 3484 5090 7010 9966 581 1185 3051 5321 1367 4365 50 2426 5349 6726 2474 5661 8424 6198 5643 399 1981 9819 7700 1623 8008 1542 8302 1406 1260 7174 7633 5764 2096 1177 9548 9068 2185 7583 5316 4205 1245 1086 242 3360 3816 8541 706 976 3438 3890 4470 6161 7767 288 7605 9054 1913 4150 510 9811 543 6135 5651 9729 7248 482 5787 3271 580 9312 7933 4349 4994 2229 2675 9904 1318 2525 2940 7095 2132 2433 1882 7267 1085 8173 852 4292 427 2811 3652 8078 3964 4255 7214 1476 2260 8193 9154 7713 252 8400 9106 4782 5198 912 3060 2008 9908 7635 869 1895 5724 5545 5638 1579 2145 5350 4309 3387 3081 5875 4421 1832 7393 4527 2233 9792 7709 8839 914 8368 2417 8503 9025 8177 5192 9331 1699 8780 1484 1432 6969 9955 5486 8275 2632 9653 8348 3755 2116 9013 9358 5109 5494 1300 9638 5096 3154 2726 5036 3497 5607 849 6927 3531 2333 4751 5094 3586 3645 6413 5135 1329 8579 7007 1294 787 9335 8921 1414 6616 6014 4187 4550 565 8643 4073 9053 3711 1992 9010 8286 4235 548 1415 9473 7136 7658 5753 9464 3976 6530 8357 5446 6260 5785 1788 9393 4623 2463 4128 8817 2497 5736 7125 2084 4384 3354 8339 9915 5182 9502 5810 6669 574 9700 6088 5380 1816 9389 6291 6489 8705 8292 379 1252 612 5844 7342 9197 8133 8830 9232 2197 919 3304 7496 1569 451 2859 2744 7728 3099 3405 7508 5383 4364 3043 1053 7053 8124 8827 2987 5871 8610 6509 3213 6889 7003 4987 294 9586 3796 6611 6897 4769 9507 8782 1797 162 2098 772 2121 9967 5744 2509 2439 3625 3200 9851 8444 6641 9863 6315 6044 7965 4063 564 3921 3960 7612 986 4693 9748 3394 9524 3637 5967 926 4548 1087 3423 6007 435 1725 8165 8216 5549 329 4988 1280 3379 4397 1297 1217 7697 7408 5895 5287 964 6558 318 9839 4621 2941 7165 5298 3158 6908 68 3974 3014 7595 3813 7847 2101 457 4735 8494 7919 5005 4698 8147 1215 7921 9225 1762 8720 3630 4817 3868 6792 2470 9076 4757 6932 5224 5828 3904 5489 5257 5406 1347 208 5819 1831 2337 2517 8388 9193 5773 4333 7530 2740 3525 2485 5715 9179 5000 756 7810 4720 4770 9037 5399 5928 3822 8097 4942 7885 1416 2966 2306 4370 7151 556 3143 2351 51 9836 4850 9078 4327 4701 1835 1936 850 7354 6709 3390 5734 2457 4219 702 2124 9739 4495 7193 6255 8384 6247 8978 5243 804 5219 5838 3540 9784 3528 902 811 402 3242 141 9465 4506 6849 8523 7410 6521 6376 4877 3487 5590 6518 2768 1343 9296 8810 6416 5845 832 6682 9366 8333 1139 5338 8380 1979 7577 1075 1077 8875 4024 8456 3234 1551 7770 2569 9413 2026 9640 4854 7816 14 7249 7609 9732 8870 8410 1371 5998 736 8254 6035 5572 7874 120 3758 4637 7467 8959 5834 652 3414 8073 3246 8486 5293 8448 5978 1340 8867 4492 5159 4895 2774 9657 918 5056 6537 7527 762 7892 1877 54 9322 8749 4902 8369 8472 3297 3877 8576 9298 9537 6612 7101 5830 7793 47 3829 3236 3607 3396 4605 2731 6264 5127 2883 2642 965 3181 6127 2767 6431 3644 467 2957 4672 8935 4372 7294 3101 4972 9392 9003 6926 3121 1089 940 9153 528 6923 3896 2018 6898 874 2964 7457 6352 1967 9043 4744 4335 5374 6694 4132 2997 2378 9110 7330 9028 9402 1700 8117 550 9909 7225 8028 8199 7722 3056 9869 9652 778 4556 2168 880 601 2902 7337 7566 4533 6585 4579 3493 4871 5905 5758 3719 7316 7073 5941 6220 4702 147 2334 4237 7503 7187 1035 4638 8697 5303 464 8701 3671 7622 2891 4347 4240 7606 8045 3345 8551 2613 8880 4592 5964 6991 2502 4396 6004 230 4940 1324 35 3313 4832 3173 2326 6711 7311 3695 9587 9651 5825 2953 3782 3258 1813 6904 4061 8156 9674 2299 7359 780 7365 2162 2605 6578 8284 8335 8202 8971 7680 4017 1780 8487 8881 7436 567 75 6371 5890 1760 401 8853 5754 1582 1112 5034 9558 7129 8058 8947 5481 7184 3979 1448 3944 93 3186 9847 5501 9608 272 4917 2988 377 8135 8379 8837 1282 4591 6766 4615 3930 3432 9030 7204 9295 9957 3812 5534 139 3641 9725 9469 8162 9170 5479 998 2928 5174 3032 5149 6157 5062 1162 3274 9369 5577 8419 6728 5362 6907 4169 7134 9662 6661 1253 3050 7001 9876 505 8099 66 3945 5139 3820 5490 4087 5757 9493 2729 7741 1092 3821 8090 1702 784 1712 1914 2473 3159 9452 2876 9687 6672 8513 351 6306 9412 5759 2783 9447 3660 5308 8260 3262 7253 3600 3296 8821 5842 5889 7232 7537 2353 6323 3591 9321 5784 6562 9021 2539 8451 8258 7558 1464 7255 6751 9279 358 866 1645 1756 1189 3122 4112 2083 8914 340 7823 7866 7714 9380 5364 3661 1637 320 3022 2890 2594 1301 257 8934 9041 9798 4266 1511 8940 3071 7732 9326 5714 9239 8233 6281 3174 4953 5608 7956 8442 8675 96 6034 7449 5792 4529 1431 8312 5882 4581 2705 8774 7443 506 4232 2336 1647 9205 5626 8501 45 7363 4915 6478 9508 536 6028 5770 2033 463 4030 7867 9282 741 7694 7644 1321 305 828 8641 1805 4472 5663 8006 8700 6883 3512 8572 6819 4645 1320 4577 5683 9886 8964 1624 9263 1948 8322 5417 1445 6235 7064 7988 7966 539 4153 5261 9753 1575 2880 5146 4732 4982 315 6112 8526 5618 1496 2133 4034 6277 1054 8059 6155 3041 4302 9672 696 2340 2793 8736 7494 2192 4584 7736 5551 8468 4473 6625 8294 6758 3164 5601 1009 4493 8421 1673 3775 7783 2754 9199 8473 6184 775 9506 7707 2879 8617 2032 1769 9683 5799 2790 1777 9770 6108 322 6841 1016 6470 4245 7404 4111 7189 9158 1518 1917 7072 3204 6606 3293 1277 314 1853 6172 7765 55 8845 2815 524 6280 2624 2279 6424 6491 5635 7152 1933 461 8945 3021 8432 9738 5986 8414 5598 4088 555 453 2490 223 1747 9533 8516 9849 2646 9568 1203 7559 7145 906 6906 8620 8343 7557 6208 4220 2708 8848 750 183 462 899 9671 7720 1330 405 7973 1962 9491 375 3889 5918 6947 8510 2529 9513 6516 5306 9718 3597 6181 4054 3448 6892 9339 861 9051 7096 4158 2728 2175 6506 3429 6737 8203 5201 3 9468 4680 4705 2139 8140 2577 1809 6191 5767 6119 7487 1617 8496 7614 1988 419 1925 8023 3609 2567 8808 24 5328 150 3209 9310 9521 7272 2063 4366 7414 2513 3946 4336 2755 5347 7181 76 8264 4189 9244 2868 6117 3257 793 9313 8179 4710 7065 2379 3952 409 3982 795 9844 4238 7533 2156 5542 4371 4236 3682 5537 9257 3779 1515 763 7017 6248 2246 962 9173 7898 4431 2257 1082 3505 1793 179 9641 4122 9872 518 6288 5354 6638 3699 8015 3171 6021 8622 515 2031 7688 8809 3995 8861 553 346 7646 8195 3927 9549 2994 8948 9965 276 9467 5304 9113 2107 2937 8506 7747 7555 8554 4904 1649 6410 4403 9866 2225 6425 1396 3135 7264 6990 1697 8332 4886 9479 4728 3883 8378 4141 5648 3690 2923 6259 5762 1241 6715 3579 4759 4273 4932 6555 2089 6043 2476 4872 4094 7979 1565 8143 5314 9870 4182 6656 8307 6768 6399 8902 4967 6978 5129 920 8324 8894 9669 6132 7971 5616 4876 1811 5933 3826 6312 6019 1083 6426 3865 8633 6602 7571 7040 6929 3005 6164 2697 5370 9059 9373 7887 4425 2576 2313 1073 7175 5703 1199 1168 1153 754 5840 1572 9081 2385 1535 7590 5013 6411 7019 4656 9514 473 5172 3141 336 845 1393 2750 2165 5623 284 3117 3075 1304 5470 7901 4912 4041 7749 6839 4490 904 582 4911 5560 6279 3282 2627 1758 5088 2097 2655 8240 2524 4079 2556 2277 7918 3210 2436 6784 7282 3223 85 8988 2037 2565 5930 5319 3349 7455 1409 1670 1614 6096 7104 8673 5414 4204 4443 8535 2837 5412 362 3666 9085 90 2913 4511 434 1264 731 59 6823 4774 4845 8259 8016 3986 7170 9516 7299 3895 269 5196 4155 1830 7864 3588 2769 3305 7021 88 5586 4151 5346 9097 4856 107 7667 4068 1374 6069 5668 4192 4700 3137 4830 825 1837 9831 8039 217 2228 8652 9968 247 3559 9385 4844 3259 8768 8647 7970 5216 7366 5077 3830 2171 1131 3149 9777 9437 4140 8031 8299 4983 3227 9455 1049 6048 1248 220 7259 626 16 7090 7943 7668 6467 5777 6772 6986 8691 9637 6068 7304 142 6092 7786 781 6077 2503 5144 5315 2081 8224 1456 2404 6989 1707 7285 1524 9633 843 8041 8665 9283 5054 8359 3478 3942 390 7757 2959 6994 5852 7246 8438 6950 2907 8365 6062 7219 7643 7937 9172 6764 7665 6452 3537 1522 4595 1999 2013 2211 2656 3925 7636 1859 3315 4244 7698 9422 6442 9192 1765 8079 5581 4538 8413 1970 8619 3791 755 9220 8161 7850 7705 6894 2467 2904 3620 1836 5579 6716 6012 8061 7434 7858 9561 2186 6174 9399 9749 3214 681 8100 9854 333 9355 7461 6344 2001 847 8687 8508 4432 9597 7729 5857 1266 3973 1687 8683 187 5765 6244 6526 7306 9356 776 3990 6812 7295 3411 4288 9704 1309 2995 7946 6267 1481 3453 9526 8832 669 8986 8148 1848 5866 8385 3948 9956 2477 380 5500 7634 591 1482 6915 6824 447 6584 112 3351 3900 1644 1923 7504 676 9415 5337 3673 9409 8849 8545 6219 2029 991 628 8750 5105 8715 443 6962 4202 4341 9980 5107 7914 2608 4194 9128 8609 2814 2049 8755 5108 4345 9230 5247 7794 8327 1142 9527 5310 7842 2978 3977 4997 2519 4673 1566 6147 8214 5400 7996 5876 3744 6605 2303 9707 9807 4788 6582 7271 5518 7343 8316 500 6903 9461 2151 9619 2406 9991 1144 1379 5153 9194 9583 3166 3510 2109 3352 5652 2651 1191 6303 9006 5082 6120 7584 9935 9961 191 7086 157 1633 1236 2416 3177 7009 4989 9598 6618 6910 5335 9627 7038 5231 7415 4085 4463 4096 6731 3280 7290 648 4114 4498 6332 1454 8065 9374 1663 5632 5945 2899 1641 4715 3441 7217 6393 1650 6572 3717 9029 4884 5092 2893 8561 2469 5229 2599 7279 8505 8293 7645 6451 6064 8918 1262 5495 1878 3583 752 8249 6884 7778 7576 2552 4954 3985 1237 338 8481 5610 2637 2908 3057 7529 1118 6124 8172 1173 1296 537 8325 6531 3216 5732 8106 785 9556 2493 3642 1996 8772 2639 472 5386 7262 8941 8943 6664 6634 3131 3594 8394 7731 2082 2629 1487 4481 5809 2512 3169 3848 7777 3678 5925 1965 1466 870 4460 8785 3743 9552 7188 5820 5227 9787 7940 1945 5894 5086 7292 5467 9724 5345 2423 7704 7439 1787 361 9525 8829 8201 2579 9911 4582 4938 4433 3120 9294 3170 9829 5136 9266 3391 9417 6302 7550 3680 9501 2813 9023 2970 4825 8220 4207 4145 6779 2172 4612 4608 8231 8969 9782 1904 6099 2818 7211 3055 895 1502 1727 4962 422 5853 1864 286 5458 5931 5725 8512 6066 6902 6976 4426 604 2052 6094 5008 9981 2157 9714 7520 259 6427 3119 5052 7545 8003 4042 8623 4389 7341 1690 6234 13 4358 7497 7733 3219 5 5173 3431 9813 2085 3596 9677 2550 8956 992 1960 1450 4861 8318 98 2645 2867 6534 4686 4069 4113 9852 1422 7375 3732 1212 7574 4084 2021 6192 6948 6011 1243 1983 7070 777 9460 6937 1235 4840 1608 8209 2956 2564 5768 8213 280 809 7928 2093 1745 7518 9280 4730 9895 424 9178 1375 6732 1436 9801 7625 261 1573 1726 1909 5218 8650 2421 6695 1386 1768 6873 8074 2764 3998 3092 9555 531 4657 7673 9542 2510 2316 682 6380 3197 5619 5280 7730 9973 7100 3891 455 173 2415 3575 6407 1051 1225 667 2905 5646 2184 6817 425 2287 8283 2634 1218 9903 6388 3082 9601 4163 2501 2715 3146 3783 1815 1497 3585 8337 8930 3855 8931 9288 4797 1688 8483 1759 1183 7229 6269 6418 2364 6409 4834 471 5044 4376 1580 2295 4791 7540 2658 2580 7659 1678 3570 1746 3375 6519 9168 6899 8699 5863 5935 8431 8951 2609 7158 6498 725 5238 3722 5123 1130 1104 6852 3034 7790 2242 4848 9234 6945 9245 7923 1056 8063 7831 3097 1730 1205 1201 7491 6020 7374 9132 7286 4907 6265 4593 1001 8923 8095 7364 487 1957 4262 275 3199 1096 4475 1613 4265 7201 6696 7089 7093 6971 3929 5906 2397 1648 3237 5993 2449 9129 2370 5397 324 1333 4344 8851 6827 4541 8801 3235 6201 8708 737 4357 5805 6790 4176 812 1004 4254 7989 8566 5355 8584 7727 728 1493 7141 7192 6464 5095 7402 3404 2872 164 2239 6421 8151 9180 6105 3712 8781 9996 738 6653 3704 5282 204 4488 5185 8051 4596 4246 8467 9815 950 9997 8311 5970 3073 3612 2831 449 9480 9434 3165 720 6249 7677 5373 4032 103 9477 8937 2381 7941 9318 6718 5741 7230 7382 2737 4671 586 6983 5957 8558 3971 9163 2217 1311 255 7951 308 7472 517 7657 6154 7676 5124 5463 844 4981 7669 5217 2348 2514 8489 8549 2119 2633 1157 6213 4893 9790 911 2203 266 4046 988 3584 1714 7121 3725 6176 749 2462 7553 326 8123 8355 7710 8107 6408 9394 9891 2136 7368 4755 7860 4401 3310 4894 7648 244 9706 7462 1671 8573 1681 1792 989 3918 5938 219 1693 9353 3738 5617 6964 7829 7287 829 9222 4064 3892 1540 4655 952 7746 1966 2716 4867 337 3915 4733 7477 5984 6595 2479 9841 5667 2434 3727 7889 7542 2276 3919 958 1753 1291 1167 2137 2560 9166 6047 2686 3469 2361 7045 9998 900 6977 2158 8270 3464 5907 3880 2230 2113 111 8806 3839 7638 4086 3832 8459 6330 7268 341 1400 9333 5633 1423 5004 7137 4573 7686 2319 3847 9458 11 2130 2118 2371 57 7005 4439 4322 3765 6223 7857 4843 5775 7856 1475 9031 8519 5110 6528 7984 1612 7308 875 8205 9623 7132 4198 190 5510 9765 8803 1174 9987 7687 9656 8580 7507 3250 9246 4173 3015 4957 2691 8588 1969 979 6051 1202 6657 3499 5322 7069 1435 4961 6434 3266 1446 9743 5706 4036 7696 2555 5487 466 5160 5300 2148 7140 5297 9140 1537 2255 7124 6727 6476 3616 4521 7666 5960 4614 8331 6982 1106 7183 4282 6617 9837 4387 344 8987 6806 1147 2388 8187 5865 4859 7440 4436 2193 9979 1846 3279 186 4809 708 2530 1885 599 6170 9478 1283 7027 4400 603 7378 4540 8704 5143 6853 3413 1058 6221 3721 9492 9838 6367 886 4328 5166 5161 9692 4955 606 3009 1916 8363 3011 8328 5393 293 1618 3054 3456 3881 5331 3846 650 1055 1703 4298 5659 6444 1881 4289 4104 1902 2551 7344 1691 5847 1519 4970 5415 8744 6791 5194 1401 2903 5850 4630 3000 4971 7556 5647 639 4083 8082 1163 4427 972 8740 9943 2947 9689 6079 8141 727 367 6822 9757 3909 5465 7293 5697 4688 8266 9570 1334 6391 9531 4513 6777 9419 9912 8917 9400 371 2852 1165 7906 216 9603 944 2962 1029 9690 3045 1352 3838 6037 5222 7631 4598 6073 5046 5189 3715 9302 5385 6063 4756 2301 3172 4780 3956 5132 5653 4099 3571 826 270 431 4398 8217 6055 9711 9571 2979 9368 291 3605 3651 5576 6116 748 4633 256 8057 2834 2220 8556 6284 348 9557 9775 5363 7828 2623 6973 2802 3004 4660 2706 4687 165 7964 3420 4599 9286 5605 2504 4126 5707 3139 7168 3263 4771 3353 3094 283 7303 6295 2282 7454 78 3547 9431 8091 8470 7386 7163 9143 7806 929 8860 5193 2144 1523 5561 1539 4124 9423 8728 6013 882 8970 34 5992 8748 9938 8703 6835 9665 1331 7661 3238 5344 3731 907 2105 9585 1234 8544 9190 5006 3500 7877 5047 2329 5353 5101 1961 7123 710 2368 8974 1412 8600 7787 4167 8130 6106 6396 730 2196 4082 1213 2856 5433 9621 470 4001 8685 1556 2349 9095 2275 4120 3269 4586 6171 3844 5745 7513 113 2842 5018 1363 1824 4792 2780 5645 3374 5971 2922 1934 968 7589 2590 598 7745 128 9274 1141 80 619 5104 77 9610 3514 4479 5167 6663 4356 9338 2080 3326 7300 7312 9691 6811 99 3683 5691 5748 5106 9659 7340 4060 2680 115 1521 3226 792 4386 5333 9822 1651 9084 9758 9984 5157 6139 7554 6942 1184 6080 4903 7853 5729 3344 4263 5424 6678 258 1169 1783 7543 2949 3959 2921 8676 2558 1734 7797 9859 1397 9139 9131 2466 8138 5520 9885 7708 7672 355 4342 1871 5877 8761 4343 2263 4485 6761 40 1006 1638 95 5630 6691 6741 853 7875 8018 8615 5074 4093 6774 9079 5738 8449 9703 747 9265 6010 7500 8783 6056 349 2350 8581 9404 9529 9745 5509 171 6485 397 6575 9867 2935 4284 9767 3019 1906 1643 9705 2256 9485 4268 1889 1814 2465 2578 6167 1302 2936 2753 8027 8642 5423 6360 9176 3978 9323 4574 4430 9712 5782 2389 1820 2878 2869 3698 3989 1856 6203 4991 19 4985 5133 4923 4222 5117 3303 9052 9497 569 2877 3243 5418 5378 6854 3723 2845 6325 9713 2344 692 6885 7301 8660 8128 4713 6086 8938 9147 7143 538 3837 602 6961 9017 2167 2850 8109 817 1520 5963 9752 9731 7525 1655 878 6404 9658 8024 489 8013 4382 1679 6759 3602 63 9001 8656 4873 4264 7484 3501 6316 6110 9410 9532 2963 2782 8562 7911 7367 9933 3914 973 1091 691 1193 4870 970 3556 2153 5361 2250 2801 2285 8963 421 3168 1863 4147 8280 4241 4984 7598 6619 1510 7769 7023 3058 5262 7479 7639 2042 9159 2163 376 37 637 7078 4257 4110 3485 9240 8163 9260 7654 9615 4918 6654 4563 1272 4002 1078 8790 4283 1467 5791 2034 6949 8 131 718 3307 43 3801 3741 1014 6633 3762 4272 7562 5068 8909 4089 8962 3908 6210 6781 593 1839 7833 374 9363 5872 6100 8093 156 2264 7307 2618 8393 6134 498 1342 7953 2752 416 2714 228 3194 7712 7660 2672 9137 6273 9387 3835 6821 3746 7002 4179 9923 4438 2544 9421 4020 6458 570 8092 8358 8131 974 7058 6453 2182 6674 8222 2666 281 3553 4565 6241 83 3866 5699 5771 1180 4051 8653 9574 8756 8689 2738 140 1398 5944 2967 7469 2304 289 2178 1462 4685 4305 2788 6472 9151 634 6445 297 4937 2820 3309 3036 8735 2200 3361 1704 6212 9649 1841 1826 9771 7334 7969 5286 8668 653 4752 3444 8155 9865 4874 5038 9963 7274 3972 1025 8654 1743 6401 2547 760 6081 4668 9930 1337 1595 3482 8298 301 8399 4497 1609 5248 6313 3476 3268 7423 4166 5660 3308 6272 4750 4864 4234 2164 4933 6783 1410 2050 2111 5459 3203 1754 1921 1640 3759 4542 7055 6373 6959 5516 398 5837 5089 803 2022 7821 9118 3734 8504 74 2631 8098 3542 6357 8919 5698 8960 5206 3836 9161 8246 7807 5665 1508 2291 4539 9061 5627 8279 2857 386 238 3792 3884 2273 7740 889 5671 1883 4882 3067 9778 9606 4388 273 5312 7098 2771 1570 8511 1175 6447 7317 8879 7322 8336 6038 1254 5410 2723 8955 9931 6343 3949 7431 695 2566 5416 7585 2354 287 1675 2104 8659 8926 5028 9783 2855 3748 9315 1303 5464 7489 2027 1766 4484 1636 8366 2374 4304 1149 9060 1346 743 1939 8265 5357 8655 2069 6769 4003 5924 6318 3155 5313 6809 4695 1807 6270 6468 5859 2332 7429 3247 5434 3817 2586 347 2679 5727 2794 7626 1798 4381 9814 7570 52 5544 1915 7944 5596 8899 1951 3798 3790 4097 2427 3419 8747 2068 9101 6577 7419 6951 4508 2901 9457 7105 1686 6466 9103 6239 1657 4461 3007 5493 1689 4037 8164 4906 9612 8001 3789 2897 9476 1500 4208 1862 6683 5936 969 6699 5615 5939 6924 3016 9559 2443 339 4239 990 1601 5234 8724 3481 2798 9327 6183 2836 5981 7202 3595 1993 8406 6646 7148 8445 2152 2266 1097 9020 7755 1731 5804 8910 4658 5212 3823 8798 5747 9056 2687 8844 5203 7161 5790 6525 6804 6113 2958 4583 5946 5912 3385 1823 7922 535 9275 4464 8927 2058 484 5023 8631 3623 4952 1043 9698 2251 5815 5681 9523 1458 1718 8475 1273 271 7360 5215 7371 1865 1258 6754 7135 6230 6596 2091 9922 1090 7332 2863 6036 8309 3610 4331 5657 5503 5186 5207 2886 1095 5329 2347 5695 3451 6149 6336 9487 243 8976 4851 1581 3427 7039 8585 2475 2040 7160 7690 7593 8932 3747 8731 9309 8634 7180 106 9620 6122 1550 4056 4428 1662 6137 8405 3872 3473 459 345 6542 6697 5246 6292 4258 163 8891 87 7927 7578 9591 1348 9425 4107 1238 2875 5372 5148 3663 3079 4 2243 4133 9618 1571 5002 342 3084 365 1295 7016 4723 4270 1026 8145 7289 6713 4416 2290 2372 61 716 544 7591 7257 4664 5554 2392 5655 3264 888 3951 4211 860 161 656 36 2932 2020 2078 1845 9405 3554 8426 1907 1047 5279 5631 6417 3966 9940 3763 1929 5390 4766 572 4602 3875 9324 4689 8812 3592 9622 6082 5808 8997 6573 6356 8820 8434 325 6658 7349 700 7144 181 6148 7812 9858 5200 5642 8315 7081 595 1233 7994 5769 2611 6679 332 2311 1127 3383 8835 1591 5352 2972 3617 7861 6381 2324 2647 8252 9395 5425 9779 1420 3380 625 9632 8436 2274 6209 2536 5220 2626 7076 2345 6189 26 8181 4200 2817 6637 2234 7190 2478 1975 2117 149 1479 8908 7258 2045 4888 9007 6275 1829 703 7313 8638 8939 1170 7876 9894 2663 6058 1828 8952 4406 2531 5574 1250 5270 7785 1927 6972 9212 7782 805 2019 2010 8255 8011 4441 9773 5396 6121 7115 4921 1350 4826 4157 1912 6455 5045 6083 8349 4369 8429 6635 8872 4622 2643 503 4724 7425 3340 9544 8612 4721 5786 971 2538 5861 3276 4922 3240 4353 7592 8229 5014 2545 5285 5115 2271 8282 7022 4785 6775 8552 2006 4675 9553 9843 3876 69 4951 4562 4033 922 5795 9351 5897 7758 711 2832 7403 323 4666 6353 679 2614 1790 8883 438 4824 1740 3845 5065 1314 2195 3648 9941 2127 6194 5079 6974 2596 4455 1621 4108 8874 8543 2455 8321 1079 7048 8936 7762 4627 6107 3496 1050 9680 7026 7441 2889 9500 704 8993 4193 6104 3643 9496 7587 4502 168 2320 7916 7950 9734 3150 411 3692 6815 633 2241 5862 6188 6216 5835 3603 6041 9877 6628 6465 7641 6593 8825 2482 5210 3114 3527 6449 2403 627 936 3954 4754 8515 5841 8548 5041 1100 4831 4196 9564 7872 1548 8961 8807 8681 8087 4610 931 2331 5435 8463 1620 9297 1382 8629 6565 4090 1600 2943 3087 2526 949 9573 529 1710 530 9535 1081 9291 745 1223 6901 1093 3753 839 5283 1424 1128 5640 9016 6878 41 8751 4858 5289 6734 5112 6963 2317 1749 3095 2358 5456 6626 575 1812 6640 2604 1394 7991 7428 1597 353 6668 7226 4423 7958 4454 9976 786 9317 1954 7932 2652 2938 8118 126 8846 9554 2543 2969 9236 9219 304 302 9616 8607 1373 6045 7637 5728 2410 7493 7335 5336 3102 6346 5973 4047 7074 9254 3372 661 413 4896 6022 8129 8465 4974 8094 8901 5644 4210 8105 22 6496 3412 3533 9890 3808 7406 6802 8889 7435 3184 8289 7886 5420 5987 5675 9673 9386 6838 2447 5122 942 1619 3913 9892 3613 6429 4821 573 2945 4429 868 125 4714 1531 5032 1276 2779 1802 91 9605 7273 9948 5735 5641 4620 1800 4291 8888 3706 4682 3189 2520 5249 5899 5694 1048 222 4408 4964 6294 1312 236 1392 1918 6016 108 6511 3475 2087 981 1932 6814 9756 17 6289 5856 3804 7173 8122 2468 2272 5462 2853 6943 396 4247 300 915 7800 7112 3183 9823 5678 5622 2064 4137 9350 2673 7047 5508 4719 1900 2305 6345 395 1514 4547 9223 6276 8408 9384 8142 7082 3684 3435 7416 6864 7087 5119 5291 6831 3589 663 5274 3026 1876 1696 7848 5692 7035 9347 6261 2702 9038 1117 585 4632 1677 6211 5740 3619 5761 8555 3157 9002 1059 3284 3664 6877 9438 2505 9012 659 4814 4391 6778 1195 3860 9064 5612 6142 5751 1578 7977 1068 7879 7717 1349 6860 6702 9378 172 9898 2140 3480 1720 5230 5499 3424 9684 1044 6743 4149 8873 2041 5188 7167 4009 241 8407 4188 4897 5990 8157 9538 1494 9141 4456 8030 9185 4310 2917 5904 9946 8159 3125 9276 5521 6237 4095 7067 5873 7276 6493 4136 4330 1583 9281 2362 7695 7179 6604 3511 3397 2400 8905 5485 1963 2174 6443 317 2401 3535 8066 6370 3667 4560 6257 8797 7840 2355 3417 2065 8539 9445 1602 5083 6423 8972 4900 8026 7539 3025 9089 7084 3366 916 8313 1596 3042 6483 7390 1251 7117 7905 1627 1187 3700 4316 4776 2595 406 3342 6934 7207 1154 8242 6266 3601 3437 7051 6231 4505 5318 1987 5855 1115 8779 5539 2871 2375 1564 9397 5142 6856 6920 5628 2441 6613 2839 9408 4662 5543 2231 8198 5710 4195 516 2808 2438 9365 2638 9077 2781 6439 9635 6624 7057 5402 363 6109 3470 1470 5428 7642 160 7353 3319 7427 540 4106 4875 5884 4804 8651 6836 70 1232 3551 3550 7526 4835 7908 2367 9112 5682 1256 2312 3128 1598 2435 154 4707 4076 82 224 3545 7222 5177 9155 9679 790 5035 5529 7603 3346 2296 721 5029 6469 6721 9127 7618 9466 2720 2409 7417 8127 8033 9701 6354 8308 2366 6782 4524 7298 9666 4509 9382 1011 7615 1667 1070 5788 1717 3343 3815 2054 5016 2847 1701 5012 7998 2387 9470 3126 5700 6175 7261 1504 9800 2159 7388 783 3251 8132 1955 7155 7185 5774 6398 7445 9345 1665 9577 9123 2373 7348 8053 4378 335 6095 675 8101 5688 617 6026 2377 3048 2553 2341 782 8174 6305 6331 887 3329 4504 5427 1603 3686 7133 5145 2120 6639 436 9210 732 5073 3098 4616 6535 8682 1616 6608 65 9308 1964 1888 7683 1752 8590 4078 6900 6875 1568 577 5473 7551 475 79 4526 4866 834 4139 3285 2955 7323 2072 3576 6666 4152 7616 7384 290 6803 1418 4026 4243 1472 4297 6858 4694 7834 6471 9551 410 4116 8814 2170 2644 7653 2653 810 9122 4765 801 102 1833 202 3108 9406 6689 6159 8454 1036 824 7486 9300 3443 352 6339 6507 3546 9080 6810 9565 7565 1271 3217 1577 5937 8300 5673 9228 6620 8460 2248 9969 3854 8376 9443 4731 4315 4747 185 497 2546 3803 1804 1211 5611 5232 1989 1172 7814 1332 2650 2757 1774 2044 7244 3062 7544 3399 8777 3454 7900 5367 3463 7321 1490 9391 6957 2824 4980 1985 4312 6383 9083 4486 6130 5606 7499 1120 2012 1498 20 5323 133 5756 1158 3756 7868 6954 5256 2657 7870 1861 6101 8044 5340 3477 4253 3879 4170 4091 3152 3843 8796 6763 2685 5689 1383 3544 913 8692 8863 9901 6649 4399 1698 8267 9134 1692 114 9481 9793 8491 6510 7514 5051 7324 1270 4708 1103 7256 8383 2829 3127 4914 3768 1719 8799 182 683 4035 92 6054 9111 9446 6461 512 7523 8928 1838 9654 8243 1299 158 7350 9595 2100 6227 9277 5466 3400 4711 6787 3674 7238 1261 4409 4978 5356 5849 3958 3572 4790 9785 6497 9850 1404 3070 3799 9590 307 7774 9156 2086 6123 5235 3509 8046 2352 8823 1950 3987 9233 3899 5867 1799 334 9009 1419 4667 5093 104 3581 2160 4227 1417 8347 4889 830 8435 8234 2181 3418 5251 170 7114 5696 130 3356 1186 9015 4703 8194 4049 5263 5305 29 2533 8420 4164 9539 279 4696 3195 526 3255 8461 9667 6632 8427 7107 2915 9293 709 2076 3513 303 6310 9934 4213 8351 5488 9008 746 4278 1121 3787 1782 2446 6263 1214 3856 6199 5389 7693 542 3863 1761 3130 7629 3657 9164 6905 2985 6136 2704 7172 9354 632 3124 8320 8709 2761 5783 7034 4445 6153 7149 2094 1328 5275 1259 9626 6642 4789 6195 5722 5766 5443 4525 2278 4920 5411 4805 8296 5831 9832 1771 2986 8149 6708 8760 2218 1063 705 6140 60 5796 5468 8175 4290 5179 6505 3403 9357 1794 7245 1179 2616 1242 2641 7975 7620 504 2489 3922 2606 2077 8025 2108 6178 2141 3520 3331 3415 892 2335 6114 4209 6233 4522 5131 6675 8211 4197 3677 132 6592 4552 7726 999 1255 5901 2138 2607 6738 235 4743 138 3012 608 9188 8084 1585 924 9871 9874 5039 9352 1574 649 2776 6586 5712 4448 2973 1230 5656 6670 8114 2440 6798 3882 4549 4718 6851 9499 1694 876 6719 6944 9058 9974 7012 5429 7315 5360 7381 2636 7548 2073 4057 1795 7054 8497 502 846 343 7502 6685 6392 3355 2617 6771 9045 4564 3806 6818 1452 2683 6800 1857 7485 3587 480 9825 4437 4975 5170 1485 3885 7283 7724 6749 7006 7459 2929 7263 4798 8757 1968 1188 8055 260 4276 2219 6643 841 8305 5567 5228 1247 9116 5421 8360 9818 7628 8527 9242 8896 3373 7608 1884 9953 4784 2865 1160 1892 2328 8854 4271 2912 6698 1635 3109 3406 8949 3029 8137 8547 3558 3208 9490 6204 3569 4201 1008 8495 6486 4665 1197 3897 7447 2864 3488 9104 3697 3840 3869 668 4908 6433 407 980 1770 4839 3675 9678 420 414 4706 6655 4661 890 2472 1527 7890 4571 3218 8518 2232 5187 8116 6846 7832 6454 9917 9631 6863 2662 9944 7309 9243 3436 8032 265 587 9035 2701 947 3532 4307 1931 7243 383 3302 8361 5666 9 6185 8183 3192 3819 7532 2610 5395 7442 7752 6928 1711 2584 8273 4558 9237 295 3859 4734 9972 1483 9165 6780 9066 2574 9214 9136 1851 7 2571 7221 2506 3947 7369 838 1099 1588 4597 5037 4206 1928 8696 8855 4930 8042 6508 9947 1872 9148 3106 9032 4749 8377 4966 56 8985 316 4256 221 9348 5916 1723 1943 319 250 623 2215 739 8707 9959 7881 7401 4878 9805 7766 8068 4323 794 2971 296 5951 9342 496 7721 3769 7580 3148 9888 2199 1455 3455 7907 8882 3825 9183 245 3521 2280 122 9902 9722 6881 7018 4338 802 9879 4618 2807 5265 3490 1032 5058 883 3941 4477 5040 9191 4578 9069 3318 3943 8498 519 1052 1443 9285 5409 7033 3920 862 3364 4021 4424 1873 8717 1509 1593 4394 662 2838 5512 6826 6848 9688 1664 7278 9889 1589 4414 1039 9201 1911 8977 6574 2028 4827 9791 6253 8671 5514 2325 837 5252 5558 6050 9383 4392 5057 611 6347 3543 483 9643 2102 7079 4031 8916 7531 8966 7894 9710 8912 423 2221 8603 5033 3672 2990 1683 1592 6385 3466 6372 2429 751 3175 8529 8856 2870 3072 8450 546 4098 9882 2051 5881 3151 5076 5244 9560 6278 1629 8680 670 5922 2420 1503 9278 4650 6414 9209 1599 635 4334 5972 4081 9543 8859 729 3332 8695 7237 2396 7569 5958 1658 823 8263 5454 5233 3636 3991 2450 2207 9361 1461 655 7029 7819 4313 2661 2799 993 2249 885 8480 3038 2062 3961 426 3878 806 3670 2398 6882 9367 7091 6650 5483 5720 2585 3764 9088 277 4038 7837 9093 8645 7208 2079 1890 1279 7409 2464 8232 3938 9217 6364 5266 1305 7456 2730 8635 9950 1938 3770 4986 2700 3967 7049 6394 9250 8876 1391 5702 5497 1438 263 2659 7008 8401 6162 3886 597 3452 8733 5926 7974 7092 616 3707 1434 3003 2023 6271 3574 2419 9875 5718 1465 8686 2712 6487 4927 2039 4489 5870 3628 6341 6440 2570 4677 6406 4590 215 8390 4019 1429 6040 72 5911 8262 9167 9848 4847 117 2 1182 7652 6673 5022 8957 6490 3459 3449 8537 3831 4883 1544 2919 7177 6714 5760 5165 6457 3275 5507 6008 8532 5943 9073 610 7223 1460 5375 554 6750 5240 8364 7586 8221 6504 3841 4737 4010 966 9396 2161 4943 6334 7269 5752 7582 2339 6598 9808 758 8037 5162 9932 4741 4613 9144 9719 6374 4946 5269 5600 4348 5449 6002 1528 7266 713 2383 2452 6061 9584 3306 6138 1395 3144 4803 534 9475 5585 2059 4103 5273 1198 3160 8089 9918 8443 821 94 6797 385 4652 9896 827 8060 1336 2930 6400 6671 6723 5451 8268 3937 3780 4143 8725 3969 5915 1958 6532 2253 3105 3701 6589 5379 701 8375 6742 858 8502 5527 321 6970 5636 4190 8706 8582 3287 3924 2038 1471 3997 9796 4514 6539 6870 7820 4534 3123 8225 8346 8212 672 697 2213 7596 32 4013 2129 851 5803 232 445 9098 7573 6918 9115 3871 1031 3950 370 9316 3290 7339 2309 4781 2733 4452 4566 1898 1994 3618 2914 7967 9174 1065 909 9087 5125 1850 2188 7825 4801 9786 9860 2734 3994 1505 4308 4674 4960 3907 7702 2235 8567 7197 1437 5025 5797 1361 3212 4413 5213 6179 4601 5719 7254 6375 552 2562 4277 6997 5566 8049 3874 4285 8455 3083 2293 1317 4881 8570 8397 6436 7517 3777 3002 12 2508 9292 7302 8884 4346 557 9604 1611 7725 4007 53 2369 5716 5892 4739 4109 1017 7735 8737 8350 5565 4760 8593 3376 9414 6084 4935 2494 8362 7873 9162 8604 6296 8831 6492 1257 5704 372 5555 7888 9728 7398 5846 5087 5301 6479 8981 4059 7326 8457 2135 3970 2206 3421 5264 2791 1116 6843 9198 3631 560 3626 5654 8763 4795 3233 3983 8787 9794 4865 5538 5069 3100 100 4945 9988 9086 8036 1584 6796 4360 3984 9305 1110 3033 501 9036 9498 9334 937 541 9992 4160 7780 7407 3786 5524 3239 5271 877 2471 144 1072 4466 7030 6770 7231 3498 925 9696 2996 2559 2437 9905 8256 3335 7463 4841 7955 8178 8404 583 3377 7130 4822 8083 5629 3462 7822 4692 237 9942 7896 3267 3140 1852 6789 3024 4102 1366 4909 4775 4260 3249 3461 5351 3386 3182 7389 6240 8953 6837 2766 5807 8813 4929 665 8446 8219 5043 5860 1389 5874 7041 3162 4631 175 8474 5060 2252 6366 6091 8898 8802 3858 642 213 7465 7166 1345 2846 1275 8210 2268 3201 6552 2103 7327 5154 2005 9611 9181 8869 4681 897 4458 4287 4537 7772 5854 6747 8228 7640 1607 4185 118 5587 6067 4067 4546 9646 8146 797 2665 3112 1974 6799 478 4585 8075 4855 3726 4217 8166 6890 2674 6776 6842 8637 4075 621 3316 7156 4813 2600 8069 3450 7748 8043 9227 6236 7370 5175 4180 6103 4491 5798 9971 8754 1684 6956 3153 8112 6329 2960 8602 9655 2621 5575 86 7470 7044 4738 6337 2322 8103 9853 121 9789 1372 9916 8973 192 9074 6739 7959 3348 7935 1207 1972 159 1355 9759 2696 5398 8542 6720 9196 2365 4226 2895 5709 8381 4764 3582 439 1632 6450 5571 2356 27 8403 1210 8669 8169 357 2671 9695 6623 8924 4474 4457 6052 7481 4101 3857 7920 4459 5204 2390 5515 4055 1910 5836 2360 9536 6533 7893 1122 8764 3932 8636 5027 6024 5359 8453 7412 3761 9937 3093 3800 7723 5800 9426 145 9091 8611 9887 9572 9424 9268 6390 3295 2190 2043 5442 2399 3668 596 5225 2860 3549 4444 2681 4293 6546 2772 3939 4833 5822 169 939 8816 7801 4643 2719 2386 5584 6326 46 2803 9018 6286 6182 3196 4129 7515 6919 3781 9776 9842 1631 6872 5163 3646 2460 4171 7032 9370 248 4993 2187 1567 2992 5050 4199 9730 3518 3040 2707 6023 5342 6071 733 6940 2789 8847 1449 5183 6025 4553 6705 7961 4670 1244 5113 3772 8826 7949 8746 8591 1980 5685 1941 6500 7572 7400 3314 166 7111 5869 8575 8386 4806 4800 246 1101 7159 4587 9511 1353 151 6538 8352 9215 8125 6968 3228 3577 491 2179 3565 4699 5672 5267 9809 2885 6748 309 4919 1558 9182 3044 759 2395 4319 6916 9133 5948 3933 6488 9628 7422 3606 8627 521 6730 9390 9717 9795 963 7827 3416 8920 8136 1796 4999 2363 9907 2496 6644 2030 7495 9427 4531 366 8589 8907 6307 429 8269 7492 8415 3294 4860 1226 5476 177 5309 5923 2603 9716 7128 8521 8338 4050 6196 5209 2770 4535 9727 64 6027 9769 5942 4203 4418 8734 9328 8371 2208 8811 2321 3658 1148 6448 2756 6422 433 8980 1669 3716 7169 3190 373 6609 8984 4296 7602 5726 2909 3517 1066 9149 3873 4729 7281 8392 9075 6629 4690 4545 997 7981 2046 9983 5061 6998 9602 4979 5588 328 3133 5522 1441 8425 2821 646 292 8398 2601 4959 5205 6987 2980 7925 3110 7475 3369 5592 8168 1532 6930 2189 8484 4248 6861 3132 6706 7538 6867 6871 9494 1716 5242 7547 7060 7759 3069 6156 4742 566 8285 9401 4410 274 3561 5956 2804 2934 2024 1557 6909 4280 7962 3078 6690 1924 3893 5403 9774 1278 3479 2785 7912 7216 4156 638 5947 6144 3425 1834 9720 2183 7617 3241 9472 8804 1220 1357 2245 4259 5609 8367 523 4634 8171 1491 1630 520 9450 5334 2810 2143 5290 7976 1196 3446 5746 7805 6205 5843 5276 2106 8769 5523 3035 3993 4544 7795 765 58 5839 1738 3720 2797 9517 3107 2425 1952 3784 1750 3065 7396 5155 1444 9857 7803 6111 6437 9634 6992 5999 7685 5832 7670 7451 893 6757 7656 1030 5407 1145 3357 4225 3653 6939 9343 6710 6549 2414 6693 9486 8134 1920 1767 5422 7357 6590 7715 6816 2516 5996 1903 1109 2884 6308 6126 8250 7883 5879 460 3495 961 5814 5111 6829 8677 8742 6785 1897 6379 4014 8317 458 3523 9337 3103 1810 8301 3541 2238 4617 5191 2224 1739 7692 9248 4501 7377 9994 9975 1901 6570 6996 9411 2114 5848 5009 6030 3410 5368 3898 7199 7473 2746 6317 6579 842 1402 2622 4879 9224 6700 7845 6896 8533 9873 4008 1870 8569 9629 7385 5302 3529 4451 9650 779 9320 9207 3604 769 5419 9094 1370 6361 3710 9420 331 2205 857 4515 6097 9799 8738 689 7604 4462 8002 4359 7742 7085 4186 6862 5358 3639 7236 4512 5613 1263 4910 110 8713 6358 7838 6215 4062 8310 3834 7213 8208 4130 6993 7567 6568 5921 7215 8850 848 8012 4653 2146 9202 1733 1997 1227 891 9027 7220 8983 9241 4543 2259 5526 2598 1161 1822 8775 2784 9768 678 9816 9715 5817 5929 6438 2874 5026 4223 7781 6888 9884 7761 3129 5278 4746 8990 7118 5180 4663 9142 7063 7235 3627 5253 660 2906 8241 724 7939 8488 8462 8052 44 4916 3713 5966 6290 1069 2223 4958 381 3460 5007 7474 9114 2458 1288 2786 8979 2920 9226 9432 5927 4350 3474 955 9746 927 2459 3851 8794 9802 6419 253 7791 8223 1530 8439 6828 7310 4039 2149 9014 4519 8560 8871 1547 7824 1403 9416 1407 2521 5438 4300 2095 403 6299 8712 2816 1501 983 3842 6833 452 4969 2357 5965 9213 4105 6659 4146 6128 2974 7421 2711 1886 8897 2394 934 3080 8649 4393 7138 4905 387 7234 7480 4849 5713 193 6328 953 5519 9344 1516 8789 6556 677 901 4676 7031 2548 3757 5477 5824 9247 7549 9522 3923 527 1152 9881 2699 3244 5818 4440 2924 5548 9562 6001 6712 3010 3814 5620 4740 2267 8621 3564 1136 84 5535 7738 8062 4890 6163 7792 3328 2727 9150 9388 1125 954 6254 1062 1534 4215 6652 3862 1984 2210 9995 9546 6876 508 7568 7471 9269 9189 2307 4816 6415 8076 2775 9000 9195 7594 9261 896 4377 5568 3370 1605 7750 4018 5413 3538 6246 7552 5880 2563 1425 4518 7505 5239 1038 9082 2532 8022 2625 2892 135 7541 124 3185 5284 2408 7336 1133 8630 9766 514 2424 740 109 956 7689 2862 9510 9200 8648 7839 8674 8644 9096 8428 8690 4045 7855 8144 3401 3378 1840 2554 6857 4374 9733 8559 618 9951 1971 4669 9063 4487 8261 7681 8925 7131 479 391 840 3382 4684 5806 7083 5195 2090 2583 4619 2667 3568 757 9332 485 4216 7564 9203 5569 7418 9589 3916 3260 7995 2055 1012 8766 8372 7424 7818 8688 3724 3963 791 2927 2281 119 5259 2318 8684 8710 8236 671 3573 8628 771 9928 9171 7405 8776 4778 6395 3336 2515 644 6893 8524 8865 8005 8479 2833 8196 5292 3458 8942 5448 5081 8067 3622 4233 8594 8096 8992 6952 8235 6684 3224 9429 3077 6338 6703 2314 7910 6166 4023 6115 4044 1019 1896 8577 9685 2067 3115 1489 1123 9107 7116 9005 5128 545 5594 5974 3053 9371 3286 1653 9204 930 7865 8834 8531 7509 2635 9982 1293 4783 3912 1507 8530 2841 3931 6704 3270 4837 3795
13 2735 1335 7957 474 8520 6735 6879 1778 4483 9515 4138 7464 9360
4 1776 768 7575 2053
4 549 4948 2718 6527
3 3708 5480 2887
2 3358 5982
2 8965 6517
3 8184 6544 8563
1 7325
2 5991 5903
1 7948
2 4829 2736
2 6039 1855
2 3321 4941
2 3647 7206
1 2176
2 7716 5071
2 9550 8227
1 6321
2 9121 1880
2 5137 2591
2 3578 4796
1 2418
1 7227
2 3696 9927
1 7468
100 3654 4471 5091 2660 3560 306 6753 7433 476 1399 5226 978 7581 7632 2528 5441 1339 6686 5983 1192 1000 7678 1159 9377 1817 2758 820 492 8824 9954 8071 8727 6377 6190 8306 1376 4557 2939 7804 4469 3760 1344 8596 773 4011 1555 3207 9925 3491 8730 180 4793 8303 9824 9763 3936 4646 4411 9803 4818 5513 9483 3608 1381 2212 364 9723 3341 9359 7444 1844 5968 7773 2288 7061 7909 872 8968 7122 7025 8192 8253 1626 1114 9868 9044 1067 7613 2430 2445 3381 9251 2346 4070 2951 9252 5886 5578 9520 5059
3 563 8088 9287
2 7270 2573
2 1178 4887
1 203
1 1135
2 6252 8967
2 719 3202
2 4679 9459
1 8670
1 2384
2 7013 4027
2 8773 7110
2 2581 3539
1 8890
1 9504
