18 9270 2461 5167 3136 9386 4505 5594 620 3109 9373 1337 1242 9703 5224 430 4790 4799 6693
14 8394 6586 4436 5490 7431 5354 5787 2170 2029 3727 3934 5273 1343 4348
33 4028 6307 9511 9951 9134 172 4139 5656 6587 8631 2910 2835 9785 4009 3266 3101 1171 692 3813 2584 2555 8859 8756 2798 4229 9922 632 6577 2847 4197 2103 1865 7789
14 6362 4081 6549 6047 3234 9269 9585 1234 7625 7772 5854 6073 1137 4049
18 9026 3221 5116 8294 4771 9110 9041 367 5206 1824 6675 6045 3369 4097 8295 8238 8057 1300
21 9321 2086 6772 6137 863 5292 9275 9597 7331 5114 1743 2195 2066 1373 2870 5392 6986 5659 7073 4069 1359
27 8610 1799 5076 7873 5040 9574 6605 279 9469 4921 1493 8361 8963 6167 745 192 3695 2792 7500 4579 8380 3835 8712 1141 3264 5647 2271
16 2729 6181 8672 972 4263 2092 5624 8570 712 6151 1619 9311 3576 8152 3417 7214
6 5141 75 9792 3347 3043 4120
22 1831 8990 2089 215 178 6882 2104 5502 2947 3962 2403 653 9142 8409 1673 2721 2474 8908 6782 2238 9736 7766
12 9471 7706 4026 4464 4621 4222 7596 1077 8663 8927 6152 4695
25 5751 8555 4007 4613 843 5642 5584 7048 1330 4690 1980 7615 8593 8437 4025 4385 8592 1445 526 3766 9154 18 1931 9374 8677
30 4017 6698 91 9320 4920 9101 4297 244 6751 8659 8926 9709 1716 8817 7222 7974 3788 8643 5085 9174 4707 7752 1059 5752 3422 4728 2683 7714 8113 7950
13 8357 2378 6077 6419 2014 1754 2450 2005 5978 131 9317 2032 8618
18 7556 9378 9643 5963 9572 7443 4627 6787 3674 7238 4956 5737 3670 7289 9560 2410 7283 5063
26 5405 8713 9481 1723 8193 1591 5352 999 4265 2062 8512 6006 829 9222 7449 4086 6510 3240 9861 281 4308 4962 2294 9940 3712 9259
21 6172 7812 9962 8093 9288 3466 5417 9859 4775 1921 2254 3808 6511 6894 8608 4737 1481 7350 7863 2964 3619
24 4147 4607 7361 1470 5026 9000 6422 6083 1050 4770 2351 8691 5016 2242 3881 7544 1091 4182 1847 3719 4978 2138 1055 3588
19 7090 5520 2834 6086 1165 2434 6778 1786 3318 6417 4316 410 6035 5867 4945 6623 4324 7937 7938
25 9952 147 4250 3498 2921 5031 8748 1741 2532 9562 3551 7622 8241 8045 2466 8436 1070 2970 2647 5204 7416 5551 737 4649 480
22 7903 355 7573 9701 9823 5172 3141 122 6134 9400 3736 8875 7875 3268 3658 804 4459 5096 1074 5797 8374 464
14 723 1836 5066 793 6691 5938 3355 3343 7163 2371 4570 9860 2427 792
17 8182 816 2526 3992 9355 5217 4016 9621 1933 3982 1928 6107 9609 9711 8701 3671 7986
21 5306 4472 9085 90 8976 467 8689 6776 8673 8944 2965 6673 5022 2725 1952 3019 9210 1147 2976 321 2544
23 252 8368 8575 8164 7274 4734 4711 3765 2504 6722 8911 1715 8496 3365 574 6175 5056 3280 6445 7307 2172 1705 2223
34 3375 5888 2181 761 475 8652 1902 3901 8407 7208 9106 9789 3909 4125 7552 733 6940 6149 1761 4902 9807 6628 9716 9616 1028 1334 5207 1398 3545 6534 7244 5855 1115 316
22 6596 4398 280 5582 4486 6130 2468 7285 4650 5786 3497 2425 2087 1832 1231 5617 5439 8090 4424 6522 6559 8870
22 5087 9896 7770 5684 6921 7009 4989 6156 7786 3342 4238 6232 9094 5612 6278 7343 8282 5591 9749 6464 9971 2773
19 6678 8343 4685 9079 1690 5271 386 116 6812 3056 9568 6411 3641 3042 1892 4315 7533 1001 1084
21 9513 3501 3443 8105 7587 3449 1224 8498 4632 7582 1463 2342 2344 747 1698 8267 8589 5753 4760 8507 6170
18 1132 1907 1458 2901 114 4590 7439 6506 3613 9338 6627 573 2623 3107 8770 9120 5538 9250
39 5890 8309 3821 6771 9045 7190 2041 92 6425 9564 2831 934 7984 6379 3648 6885 7301 8984 5082 3845 9113 1604 8432 9835 5383 8388 3399 8777 5321 9814 5521 4378 8877 2730 6079 796 3975 2185 4271
22 4965 4756 3482 4117 1429 6171 1008 261 8669 9460 5288 9605 7032 8600 2545 3419 4859 858 4172 6576 7713 6439
13 183 6376 2757 3913 6075 5 1793 3563 5926 9307 1290 1149 3478
34 6069 5668 3544 2352 9068 1792 691 1211 1299 516 2044 1104 890 5033 3672 3372 9547 9185 6483 5267 2766 3096 4166 6406 9279 7084 4061 7833 5150 790 8352 9396 2100 8543
29 4063 7808 9617 6865 7793 9167 9843 2640 1756 4512 6142 7333 9248 344 8068 8234 7421 6827 9973 4460 171 4149 6310 3126 3914 4741 8454 4719 7002
40 4855 6115 9799 9733 2603 2424 2357 9087 2520 9274 2963 3200 3966 846 1647 753 3036 1182 1081 8214 4045 6451 6064 1639 5005 3 7532 7536 8318 2489 4708 1391 4447 4174 2022 7821 7427 8879 1213 7093
23 5844 2415 9054 1897 7647 4988 3547 3011 1684 9422 9961 9991 1719 7852 2083 3015 7959 5456 6685 7165 6482 3543 5173
17 9397 3489 7570 596 670 8729 2215 2932 8011 7170 3448 2050 6005 9827 12 9753 9573
11 5802 179 7029 9529 1103 2331 5435 3035 6294 1312 1562
17 9376 4232 4565 9318 3247 8812 7367 9699 555 7739 6144 5609 7977 6676 5471 7035 8684
37 7612 6199 3196 3951 5510 2784 3067 2657 2681 5089 1500 6818 6101 6638 7912 5838 9761 3993 2187 3997 2477 2959 6883 1960 5258 3704 687 2863 87 2392 9145 8949 3180 1350 7251 9834 9430
21 4496 2648 8767 740 4591 2631 3351 8129 2093 6707 8822 7725 4132 1362 7983 2219 1259 3652 1341 4286 5179
13 5479 539 3209 9310 7932 427 8195 9493 2249 7751 8517 7160 1547
29 3972 7685 6021 9645 8973 2673 7830 9038 979 4075 2842 9889 7101 5302 5313 8584 9893 1238 6646 4108 3440 1128 1969 4188 1467 1573 3929 906 2914
32 5628 9035 8042 7580 4384 193 8801 6223 7857 8551 2613 9734 3150 2340 2817 4871 754 274 806 3599 1130 5759 7470 885 2807 2877 3327 6093 3535 2609 1150 2563
30 6265 9757 3319 2999 9871 100 8445 661 6374 3108 2140 8505 6898 9333 4595 1999 3973 4407 7529 5181 7798 4051 9518 1361 6626 7436 5735 1939 4145 9766
18 4832 8624 4400 6262 3748 2268 3682 8067 2572 4454 6180 6936 6217 9664 5361 4488 4156 638
26 2110 2453 3461 5351 6848 9612 3201 1762 453 512 8081 5349 7538 6604 7942 7518 8095 3971 7980 265 587 1577 3858 8638 4556 3514
26 9314 5957 3601 3462 7211 4966 3373 1232 3290 15 9968 5041 2444 2732 6020 2462 8170 8065 861 9051 4672 4620 7469 289 8718 1378
19 5221 649 9228 586 1861 1551 232 7982 5587 974 3142 2832 1108 362 3000 4820 2908 926 8612
22 1160 8263 7167 4356 4209 2808 2438 683 515 7250 7339 3979 9989 1556 2637 2650 2723 5935 2592 7126 749 2983
14 884 334 7332 619 5932 4680 9746 2277 4448 7175 3886 1456 7371 8012
13 7330 9028 517 4982 7027 42 2911 2689 1983 2301 7869 805 7472
22 7457 3921 461 8945 4270 3874 7077 5219 4851 2299 4439 6036 3004 4660 4019 3385 6621 5533 3488 3611 8078 3458
14 8077 8922 2672 1648 5338 5274 6204 8724 4242 1185 9771 9782 9309 2411
13 9548 2229 8460 588 5178 9689 4581 5404 1093 2540 729 3349 5423
22 7143 4532 544 2362 83 2319 3262 4730 4560 149 1116 9093 577 5330 9124 7423 5826 6770 4808 1579 9970 5149
27 4914 9634 8671 9505 6657 3499 6140 9116 1791 282 7021 9441 9963 7486 6446 9706 7462 1671 5671 9431 3882 1303 8443 7136 3533 5775 5232
16 6387 256 1727 5427 4381 5739 1811 4917 7597 738 6373 6959 5474 8683 6701 5960
26 8585 2972 7203 847 7503 1169 1783 2016 6953 1405 7755 4389 1906 7908 2367 3996 2101 2701 9781 51 2152 9775 8280 8535 9956 1972
21 5794 2164 5514 2325 4369 9218 28 1499 6661 3484 5068 8315 1772 3898 5095 7402 3819 5819 998 7611 8942
17 7707 8143 5314 9870 6754 3761 8475 6259 7023 6791 9555 5002 4402 5048 3480 9499 7166
26 57 4875 6984 9394 4930 8938 8023 5879 8987 6806 46 11 2498 1302 7488 4535 6469 6224 7747 3804 3600 5469 5065 5836 329 6300
16 5350 4388 8841 8872 4932 3960 3777 238 8702 488 9767 7781 5545 3591 5682 4013
11 2476 6530 1759 2726 6788 2193 7487 9336 2492 3631 2764
7 9528 1940 534 1683 5637 5127 7899
15 6560 9828 3344 1895 9098 395 5588 6022 8333 1820 2878 2372 1809 8001 6051
24 1613 6270 9684 7515 5700 387 536 7823 9103 1383 7939 7735 4850 5430 9582 5319 5834 7437 9606 7639 2890 8808 2227 6350
29 4733 8989 8155 290 4410 990 1620 292 3554 8782 8300 2078 9479 1668 7142 6131 1068 9348 9704 8032 4774 2946 1044 2080 49 859 1244 4732 8490
30 3976 658 5025 4200 8146 2934 7690 9477 5228 6336 9712 8413 782 949 1448 9075 1436 2684 8284 6561 207 9877 7973 3964 2987 3998 2728 1552 3838 5293
23 1944 6120 2802 3593 4845 9136 6798 3628 6234 1395 8966 2567 9358 7523 7708 7832 259 623 6444 1881 6074 9591 4042
13 5391 812 694 5102 8565 5648 4609 8757 8526 9147 1367 3791 5108
26 7710 2442 2077 7840 9037 9132 7883 4285 1271 6367 1541 2345 173 9758 7856 4748 6225 1765 1572 2624 2747 2038 2677 2820 8939 5939
19 5250 7065 8745 3395 1535 7497 1058 9470 2621 2258 3452 9667 6632 4288 8943 7943 4354 5575 8036
20 5465 9742 2374 2151 2979 9368 7987 7720 5139 5741 8668 752 9903 2995 4231 5845 140 9531 535 3069
19 7078 74 7614 1988 9143 7806 2535 7046 3085 2011 4827 4461 6275 323 2131 360 6384 4553 6603
13 9658 7125 3137 2405 5761 3634 5126 7540 1095 9484 2926 1139 3204
20 2893 8534 5694 4569 450 9268 185 5707 6055 6105 8015 3171 4946 6388 8423 9669 3716 3987 5362 5758
9 9055 8568 6720 79 5177 5443 3965 5446 1439
16 7630 2670 537 5872 8400 9170 8513 1885 9384 1280 9057 8082 9404 1408 9308 3850
31 8784 9705 6710 4246 2626 3105 5291 8795 5579 1580 9297 3807 3271 2209 6888 8159 4992 9748 8317 8264 7728 9352 7511 4934 6950 5767 1514 4310 7524 6539 6870
23 8798 7931 7698 1771 202 4964 7914 3796 9233 1069 5645 3374 8108 6954 9898 911 1585 855 6057 4540 7310 4725 2618
16 8935 4372 1566 217 2282 6555 3764 291 1183 4215 6421 3143 9615 4918 2815 7951
25 8529 7628 9262 2967 9264 2467 9678 897 6312 3404 405 1239 7047 6829 8810 6230 7396 33 420 3125 8365 416 107 5774 1009
36 6485 9406 19 3208 5487 328 5996 5636 7465 5663 2577 1527 922 1729 8151 1942 6068 2570 7629 3038 4550 6407 1051 3323 5249 5577 7510 6281 8678 6766 5762 3304 8622 9004 8054 925
20 2021 1307 1034 5052 9665 1331 1358 3801 7003 2400 504 7390 9967 4541 9129 4554 5408 6964 5865 3626
13 5168 9153 6891 9725 4817 4298 8092 2763 324 2475 1347 5825 9277
26 8412 9944 1415 9738 7792 2234 4564 4539 1516 8961 5092 2142 2619 7139 6835 7545 5916 123 1760 4079 9465 7696 8044 2529 9990 2658
22 6132 8259 2119 2040 9276 862 5486 1424 510 2611 8297 7454 4148 8986 4165 6653 6014 3010 6368 1195 3500 2554
17 9072 9490 8473 6184 7944 6797 1740 4368 5015 9787 301 4479 8880 8337 5111 1718 4841
19 553 4236 4677 1934 4628 6447 4675 4906 2214 1477 426 5482 1440 1848 8866 8900 579 750 3259
4 8929 2698 8221 4133
27 8506 607 4163 4587 2228 5050 9407 9900 1656 8283 1053 5268 3006 1748 4306 9491 5432 1638 3040 6568 603 5024 1641 6853 5363 3012 2659
29 4848 4502 168 5285 6836 6392 3636 348 9557 6279 2702 4072 4128 6838 9018 1629 2279 7385 7651 3506 6554 6972 9212 2707 9211 5130 669 6080 4241
21 876 826 4302 1443 4821 8293 2042 4746 1316 3955 3473 6303 4412 9148 3106 8417 3189 5311 398 962 60
14 589 7425 6945 7703 604 6796 2779 5776 8114 1129 8541 2421 5697 2169
13 4100 1816 9389 3179 5512 5109 7851 1704 6212 9488 8501 7527 3880
15 9686 8248 9453 9713 8732 9455 2604 602 3427 9013 188 7758 1191 1120 4203
17 6562 7610 6513 9335 8177 6540 8975 3206 9959 2629 466 637 2643 1732 2516 2865 8046
25 376 1201 5576 5400 7010 6426 2174 5878 6602 9929 3598 3361 8887 5378 6854 7033 3920 8084 1661 4284 5688 4509 3741 9915 8847
12 680 2264 5962 8061 7800 45 4030 4614 4763 6470 3687 9714
23 6078 7595 9151 2292 3896 4689 9657 4800 194 6085 2398 2713 2162 2204 8914 4715 8451 4611 9668 5607 4177 5784 6390
22 7555 8510 2907 6519 5995 4840 9302 9419 518 1342 904 3223 3943 3301 4610 9808 8522 4900 9461 3172 8818 7335
19 2680 4406 2121 8150 5166 8242 8532 5852 4710 1957 4262 5397 8964 9676 2830 6250 70 421 9146
7 486 3957 5203 4759 4273 4432 8232
13 6298 3511 6915 96 6309 2071 9258 4230 9126 5322 3113 6978 770
14 4698 9337 1181 6709 8738 6443 1229 7050 2823 1397 4769 9507 3787 7410
27 3051 3721 8796 5779 9127 2095 7066 2315 3534 4159 2909 3660 399 7179 2263 9193 3465 5151 2855 7359 7801 5418 4295 4911 4490 7953 4023
13 8632 6397 6918 4943 2993 1894 7303 6295 1576 2457 2253 5791 2363
31 1869 5554 5746 802 5719 5507 3885 3542 506 5837 4652 7456 8266 9570 4834 7777 1394 4638 1889 1814 8258 717 9245 1172 1400 1060 8137 1204 7405 9719 8377
13 1842 6102 4608 5530 7785 6531 4380 3285 4416 7784 5334 7348 8053
13 7528 6736 8034 5396 3320 1380 2194 7154 3571 7054 2114 5848 7539
18 1709 2439 3625 2358 6396 8471 3980 2295 2365 6860 4726 8837 9697 4237 7719 8265 8497 5616
8 8886 9865 609 31 8452 2594 1301 2822
20 550 5100 2945 8650 8051 6977 8359 3213 2708 7096 6683 1413 8389 9063 9290 1730 1205 1962 4425 3945
31 5541 8285 830 8435 5303 986 2781 3493 6805 6832 9611 6764 582 3699 9583 1371 1603 4727 9588 9502 1152 2493 9521 5596 1826 7756 1691 1887 4861 4908 1898
37 6900 6656 6189 1593 945 5213 9595 4910 502 9813 1630 6186 982 2036 4034 6216 1884 3623 1004 8094 8901 4857 2931 2580 1320 731 195 9688 8846 9756 17 6289 1678 2024 8923 4844 8948
11 4772 946 4060 813 5152 1936 6037 8322 5296 2289 5652
23 8167 5803 2377 9273 1276 1453 1199 7132 6268 5904 9946 6667 4626 1919 6355 2127 9955 6895 1987 7744 7261 6721 9088
19 156 6659 5070 4924 2126 2771 3714 8576 198 8126 9108 912 7317 9448 9895 8249 5003 3637 9281
32 5090 8637 6747 6498 6749 4115 2217 1311 5193 1779 2105 2547 3496 4101 8562 214 5484 155 9978 3927 5788 8626 1329 8765 7617 6096 7087 5119 7001 6569 1966 1837
24 633 1256 3783 6593 6248 6357 1819 8590 6974 3061 5336 1643 3118 8381 2494 3423 7038 3642 611 1483 4446 7051 8716 5175
24 1313 8133 9549 5686 7686 7135 3119 5959 4213 1937 1590 4033 4714 1531 9534 5364 1308 564 5236 8828 469 948 4303 4054
15 742 5733 5039 5993 8829 5420 5987 304 9891 648 6322 6314 6976 5665 6828
18 921 7276 120 4491 2048 2248 2497 6157 5734 7520 9683 5385 1519 3020 8240 3041 1118 5044
28 3426 8823 3938 1272 354 8191 942 674 1030 8523 5799 2790 8760 2218 4623 8325 2213 5035 5529 8772 9375 1298 1703 2522 4510 532 8430 8862
19 7924 1873 4224 1875 9948 4173 4468 777 6339 6768 5550 4551 3059 7593 7669 7968 9977 6955 1173
20 5782 5375 1981 4204 4443 4688 3455 6264 2186 496 7721 3769 8751 191 2310 110 652 9059 2902 7742
19 6618 4089 254 3722 2805 285 363 8215 2549 6846 6640 1049 4968 3954 7008 4671 2326 8363 3713
17 8239 7490 7650 4942 6962 8347 4889 6866 7658 5355 764 7571 6065 5294 4599 5571 3931
21 5809 1480 1282 9604 8220 5880 7745 6932 4457 9480 7352 5326 2517 460 3151 255 9760 3703 1602 1652 1226
11 3774 1446 4110 3485 440 5884 2136 1623 8008 6624 9476
30 4455 4170 8736 2335 41 5955 6729 7191 409 8272 5123 1568 5001 1317 7164 9091 3379 9244 6253 4201 8399 7644 5053 4146 5142 4577 5683 1961 1633 8572
33 271 7357 3188 1240 6012 8991 5433 6652 9457 4575 8486 4656 808 3970 1598 8494 3657 9652 7461 6344 5542 647 2943 3087 7826 7388 783 9296 3718 5676 3665 7906 6690
6 9519 6914 451 5817 702 8122
18 141 772 5428 7642 1176 3216 5021 2653 1696 1707 1554 3297 5505 176 78 5248 1905 299
25 9255 739 2904 6942 2780 7994 4088 6280 7162 1710 1417 9912 30 4658 4221 2431 9755 4625 9856 3282 7841 2148 1427 7146 124
15 2777 7153 6174 9399 5670 1127 3383 2069 3162 4631 3273 390 2922 9097 9198
11 8200 5384 2168 7095 8344 654 3702 3198 5176 8463 4305
29 4184 8832 718 3170 4299 8868 4938 3393 883 2663 8485 8742 8419 3228 8148 5023 3701 6589 1428 5004 7137 4573 1021 8619 3837 160 8336 8838 2816
24 6575 5189 1508 9872 3451 5835 7729 8820 7796 4409 6094 7071 5534 139 985 3515 2088 2394 5989 3447 8156 4563 4886 3656
8 4361 7258 9580 5431 2300 7069 1829 9876
22 2178 3583 7041 886 2585 6283 8416 8851 5603 1702 776 8863 1918 6668 5754 8913 6606 9773 1495 9413 2337 7228
23 378 8434 5678 9512 1496 425 106 9027 6165 2440 4858 5810 9092 9593 6117 4218 2379 6468 5677 2593 4127 9993 2130
22 6247 8187 7829 7287 7245 7334 2360 4274 9908 1163 1787 2413 6227 5231 5030 5197 336 9010 1086 868 4341 432
11 1789 4144 2443 4333 7530 3014 4977 590 2691 8222 1653
27 9042 4153 832 3615 9492 5699 1221 2355 5329 2033 463 6081 2241 3261 4219 4280 9848 441 2527 5750 3254 810 1479 6717 845 2940 4292
21 4819 1325 4366 7414 2479 4279 293 7782 1119 5492 5640 9016 2336 9428 269 4122 8561 5230 5499 3279 1662
16 8830 5952 2765 2850 8109 3165 5570 9501 3363 7736 5264 4261 8641 1805 4142 6750
15 6850 5910 3102 9795 1310 8881 1610 5877 3186 3356 9076 4757 2488 8226 7467
16 688 8160 4278 6318 6947 5509 2918 3981 6108 1036 16 3184 5644 3922 182 3897
30 5282 8548 1601 5234 6316 6584 8504 6023 4355 9812 3691 1117 7080 3949 7205 7195 7262 2990 7072 878 1985 5115 6500 4178 2616 7408 8934 3633 4987 6872
24 3453 9118 8037 6946 6454 4353 7592 5690 6159 4497 6741 3494 5558 3895 2034 2364 1283 9653 4022 5604 8384 1923 9387 3857
31 2230 3317 277 9382 511 6192 3047 3632 1215 4099 1179 5323 2602 5564 2935 8951 3592 6948 5106 4357 5805 6790 4176 4513 8354 9772 6991 1007 9439 2287 4332
33 190 8484 9473 627 3148 4437 3329 2838 720 8203 2639 9830 1627 2261 546 5539 6359 7574 1872 2370 6824 3828 2409 8335 9440 8116 1462 1126 4427 4015 6214 6087 4193
29 8699 3572 4661 3424 1986 3816 7683 3220 8379 6719 1864 286 353 2796 8743 3487 3717 3747 6282 1432 3519 5325 2257 8269 598 7722 2463 9350 7820
22 1777 8747 7364 4344 2776 377 6582 2948 7091 9070 6042 5738 7094 5793 2381 6899 4753 4116 1990 3762 828 8468
23 7446 9559 9620 3411 7246 6413 992 1175 3345 1846 6203 4314 6578 6855 3659 1925 5820 5129 1893 4998 5202 1426 3737
12 7150 5008 4012 624 2546 8936 2844 2481 3312 5653 8611 8905
24 9179 6141 66 3477 8785 7769 578 8827 8705 4121 305 2388 6682 8819 5725 340 6028 7044 3248 6010 4451 6448 9642 7181
32 7293 1637 1438 6110 9974 1251 7117 1054 199 6711 7666 6503 5660 5627 2652 7794 8316 3121 3079 5238 8289 7886 6755 5416 600 2759 3745 5121 1751 3749 3120 7855
16 7988 5260 7643 5619 9130 7926 7106 339 9943 4082 6207 2133 5936 3322 443 4393
17 2480 6009 9082 6391 7513 2715 4470 5639 5186 3552 312 2872 8251 1726 5714 1540 144
26 8803 615 8682 3789 2957 4137 8653 4764 4481 5380 5658 9361 3919 958 1753 1291 1167 2800 8759 4812 4095 4364 1153 5047 2329 6242
16 4249 352 6566 4582 4477 5083 6423 1682 3187 7291 9040 8478 9034 6611 3388 9885
22 3398 6985 4973 9199 3532 5777 2645 458 8366 2768 2004 7168 3567 1420 5320 7898 1144 1379 5657 8666 7673 4662
16 4068 3173 8431 3083 4985 7403 1806 4971 4963 8558 4983 1442 562 4568 2251 2625
19 3669 4615 3930 1198 3169 7337 7566 1964 3700 470 736 9672 351 7031 8508 983 1758 6917 2055
28 8588 9806 7927 1845 9405 2686 853 9537 6178 9575 9357 7259 5453 3139 8692 9444 1292 9822 2510 1155 3548 2098 2697 2469 6112 6241 840 8594
18 7940 6352 1967 9043 7872 6880 528 3076 3832 3684 4612 9791 8790 1258 3730 994 7649 9243
14 1670 7817 5215 8860 3039 6187 9331 4928 7241 6637 5696 7705 1599 9721
14 9817 1431 8312 3031 4043 7187 684 3472 3917 7589 3298 6365 3941 4729
25 4657 6000 4291 7479 6927 3531 8791 4113 3082 2290 7296 6326 9225 5080 2454 5462 6428 2801 1788 4272 6335 2389 7011 8278 3286
15 2710 3905 7016 7718 6733 7315 785 2283 1092 7426 5316 6291 5485 7783 4041
25 3445 7193 6255 1863 7933 8937 397 161 1461 7727 2740 6975 7726 5747 4692 7797 2201 1712 5223 7577 1390 1087 7393 5790 4795
18 5124 8595 8194 5156 7004 1513 8153 3339 1468 2030 5980 3431 4972 932 4118 4580 4823 8331
26 4349 4794 4630 3605 8835 8079 895 5279 9478 3211 2115 5630 1073 8076 151 6928 9324 7345 6211 5740 9542 5772 5131 4925 5883 6
20 6244 6526 7971 6297 7754 2437 7648 5701 8833 8665 4960 1946 2811 359 1927 5812 7079 7591 393 5646
25 6765 780 1233 9926 4141 7631 9832 3785 542 7277 8620 4244 3434 8492 2793 8525 3132 6516 2685 7836 6616 5460 7731 3630 142
29 3510 1530 9246 9625 8629 1260 4704 4782 5457 1048 3666 2417 3454 9240 4852 8958 1486 7670 8058 2638 5153 2888 2879 3526 2182 1526 6700 8100 5046
24 2338 950 3022 1745 8018 2899 2473 1464 7637 8871 5042 8904 7037 9958 361 3214 681 7024 2096 748 5773 7946 4005 1374
15 494 5241 7764 9641 1294 3062 2557 5674 889 3689 7218 3023 1808 3111 5190
16 799 5632 7761 561 134 4517 1853 905 4175 3407 1333 7382 5011 298 1085 2334
20 1046 7816 1476 2260 2320 4824 7757 4029 6619 1720 9295 9957 7200 548 9540 7053 8124 143 2961 3048
26 6550 4666 3066 6537 1168 5120 8542 8953 6346 2404 9298 547 543 4076 1790 3438 7743 8658 8050 6229 8839 914 5312 3679 6191 1038
26 5218 9698 6658 2006 3849 5856 565 6220 7884 7535 6716 1725 5064 9230 5247 4503 8304 1525 4899 3525 9541 3864 9600 5599 4281 1020
17 7609 8031 8299 686 7560 9780 8006 9047 5084 8755 5595 5010 7878 7311 980 8002 1507
24 6563 2651 5240 6601 9561 6066 6902 9729 3054 235 4892 614 5830 6542 6697 8469 7623 4191 1107 6145 9067 3644 3612 7969
16 8996 3338 2989 5154 3027 3844 9594 6320 7970 5216 5489 4275 1654 3492 8636 8499
17 6484 3181 3537 272 5366 1236 5561 1539 2091 7634 1076 8270 3464 1484 5549 1878 1663
22 533 8198 4602 3875 5516 8806 629 2180 6672 9159 8988 2037 887 7879 6727 3074 4419 2237 3959 7450 5953 9690
19 7438 6420 8554 3867 5211 3524 3154 8616 6648 227 1606 2054 5785 7835 6725 8279 1645 762 2134
31 7512 8213 3024 7677 3073 1830 9654 6922 6029 85 9033 8615 7085 1943 4957 9524 4441 8761 4343 2762 6859 333 7771 3300 522 5401 5257 4991 4735 9443 9677
23 7557 7226 9341 9576 8188 6305 9858 865 6243 9539 7633 5133 1749 6249 8004 8017 3194 7295 8165 3324 2499 8120 1658
18 1422 6966 6674 4561 6038 7363 4915 6478 8997 243 5518 3071 8139 7496 4383 5973 4047 1207
15 5557 7516 969 6699 5470 8107 5851 1071 9029 4572 8999 2692 4531 5147 7105
21 1111 2997 6402 1553 5994 3099 3210 6062 3846 538 5498 6551 5527 1506 201 8341 4996 3094 3456 5339 7036
20 3530 6910 8918 6856 6920 8099 3007 4856 5908 5191 1025 9826 8014 9257 9764 7723 4901 2243 2750 8022
19 6567 9751 1346 871 9980 5107 2916 2694 5929 9724 6728 9363 6106 7265 7233 3890 251 2615 8625
22 6410 9487 3263 4807 856 5169 2556 6380 7392 8903 1393 7351 2875 5372 7294 2582 9986 1174 5633 3863 5376 8654
21 1102 2031 2753 529 7737 3974 833 7275 3292 5532 7749 6726 7667 4438 7892 1877 0 5157 7831 6840 5269
23 9737 2605 9410 5298 2373 6059 9157 2513 3946 7627 6509 7945 3018 9998 1624 5897 3681 755 9220 1636 8106 4129 3871
21 7380 1949 3565 1693 3384 6333 3940 509 3293 7062 7006 8027 4251 6371 6525 5229 3001 6958 9184 7242 685
21 4080 3490 497 8059 5287 9158 3122 5394 5650 8906 2122 6681 8845 6760 7672 2491 5893 5889 6311 8332 7
16 8028 9160 4701 230 2354 5255 9788 673 2849 944 4926 5731 1731 4994 6060 1452
30 3444 7463 4377 769 8559 6952 5881 4873 1332 7687 3029 3092 1223 5816 5017 6767 7172 9002 3594 636 938 490 495 9624 8010 7815 7854 4181 8623 807
26 315 2711 2531 3017 3050 6202 2118 3433 7882 7558 2969 9284 4340 8339 508 3776 1388 2561 7788 9197 5736 5348 2196 9661 4268 5055
24 2426 4194 1121 8448 4020 5602 2690 9685 5756 330 9482 4828 52 8793 6692 1780 167 2139 8140 6759 1354 4220 5118 3337
21 3778 4720 1910 3754 2167 4358 7502 4198 6622 7130 5104 77 2001 4974 163 1225 667 2905 8230 6285 3237
24 4482 1908 417 8298 2954 3469 9299 1561 4651 3968 9232 2197 9163 9863 6315 2003 1728 2968 9747 8714 9271 7100 3820 181
14 3986 8110 9322 3256 4786 7960 4212 9659 3728 4500 6792 242 3558 3856
21 8035 7448 7811 5452 9238 5074 5622 3847 5099 8281 3752 5863 9423 5590 571 7368 4755 5623 7828 148 2836
22 7585 4761 825 7870 5875 4421 5170 3759 6331 76 454 9880 8115 7419 4722 5088 2097 2812 6514 6999 7288 44
25 6135 5572 5466 3160 9012 9306 5425 69 2060 210 6475 5764 8995 2923 5804 8917 2524 5768 9553 4492 5898 6687 9301 2502 7290
11 3161 6072 4151 132 6592 2353 6323 7057 8275 6477 9005
29 2436 4959 699 730 5500 6058 9282 6523 9364 3354 9089 2745 4787 8440 5556 714 2154 5850 5951 9342 8972 4168 9206 2165 6988 3265 9454 9304 231
30 8978 5517 2143 2401 8856 6903 9981 3663 6356 2525 6213 8909 576 2722 1396 484 1612 7790 8749 3034 2222 3935 6612 8540 936 556 3595 690 9811 8582
17 9436 2284 5778 2595 7583 7624 7201 7584 2175 1056 959 5078 1575 2880 6817 3559 797
28 6877 3197 7638 3991 8207 8128 2305 4558 4686 5815 4119 2368 1804 1466 5992 1768 4442 5073 3098 6617 8276 5463 2202 8197 4766 7989 2145 7568
18 6222 8173 7732 7282 3222 7271 693 2406 8476 4738 6696 7089 3084 7358 4252 6518 1594 3517
15 6319 9784 6116 9239 8233 7056 3235 3661 664 3676 2936 5148 5828 644 1254
21 4863 4003 3199 608 708 4709 4773 3570 1746 97 3750 2565 7124 1094 631 5823 1982 73 438 8083 5493
16 379 2330 1203 3428 9874 2596 3389 9933 7386 3063 6351 6330 7954 5051 13 6665
22 6536 5920 4205 1245 8609 2809 3947 2937 5101 9462 8646 6820 434 6146 5625 226 9253 9437 4140 3523 888 9918
20 7534 4415 3906 2314 852 4371 6235 5105 3277 6386 8288 4152 5327 1026 1542 4747 5937 8503 9025 8674
27 8104 9627 7704 6168 2539 5347 7787 5409 9100 9065 6886 1098 81 5340 1029 9941 4762 815 3242 9415 503 9567 2192 4445 6153 1064 9765
10 4523 9372 9732 5749 630 6545 9178 1375 9294 302
12 2359 4135 9867 5589 1289 7354 6614 6349 3902 1708 9878 6505
22 6239 1218 2537 1090 164 8085 9464 1587 715 952 7746 105 2173 3439 9899 4559 6495 5459 7059 8726 9829 9099
24 7319 8055 439 95 9680 989 1685 7847 5899 6907 6864 2407 4107 6680 2160 9456 558 2858 3481 2795 9909 9960 1722 6302
19 9613 284 3117 1352 4404 8843 320 350 1827 9682 2052 6124 8172 6761 40 1976 1586 3158 3836
23 8348 3475 9543 7043 7663 4884 7034 408 9231 8493 8807 4322 6432 4600 4542 7517 8974 5930 6489 9398 2886 8216 7834
13 3767 3163 8026 8574 3392 1618 5164 2752 9599 5949 7978 9024 3413
22 1177 9286 4228 2741 5214 9947 4645 7778 4937 5864 4096 2125 1416 2309 5414 9162 3243 3486 21 9048 3887 6246
22 5711 313 2464 507 7691 1412 3326 6089 8307 1253 8516 9849 964 4211 860 5365 5461 1385 5536 4210 8123 2318
24 8566 7398 5698 2056 7434 4024 7682 6261 1474 65 4654 991 7599 1622 2894 7659 2487 5062 4697 6046 7476 6193 9794 1157
20 4830 2881 9138 8667 2323 880 3502 2861 1338 4912 2063 3516 9006 651 4367 8528 1262 7997 784 9069
20 2171 1433 9392 9080 6810 3650 2769 3305 3353 1166 3889 6136 2704 1089 5233 9745 2868 7603 4192 4700
20 318 7174 7494 2825 9836 8800 4397 1297 1217 7697 2311 2156 4754 7853 1321 8704 294 1216 8070 9614
36 2356 372 8310 9411 6843 7435 3564 2536 9128 8021 9965 1995 6003 1628 1460 6398 6125 7372 6896 9156 6197 10 7492 9135 9862 71 9017 5117 3303 5110 6528 9739 899 5811 8893 8802
23 400 394 892 332 8786 8410 498 2984 7411 643 3135 412 2246 6581 6056 8969 4961 4401 5895 2070 6935 2361 5524
28 1024 9768 2791 2975 6206 7000 8940 2654 3839 9030 6041 4453 559 7866 4164 7665 6452 8427 7107 8186 1187 8805 6564 5634 1080 7702 5412 1473
29 2507 55 583 8262 1605 7180 4885 1697 4154 5771 1430 9897 9497 415 7498 7562 7081 595 3178 4881 4004 9181 2953 592 4548 5597 471 2806 4778
10 8599 5997 4745 1763 8946 4363 7917 5977 8648 4374
26 2074 6951 1170 9064 3058 6756 1100 6809 6272 6218 1700 1523 3952 819 7328 929 727 5925 7734 9221 4936 3911 5918 6911 4189 5629
25 2147 9104 1503 9631 1625 2333 4854 115 1521 1679 5708 8550 7507 940 1666 2350 6937 4809 1296 4567 5831 9119 3853 3620 6993
31 3149 8420 9888 2296 5727 2641 9052 8426 610 3603 977 9495 5393 2706 2852 6580 9844 1255 3278 4335 2558 8245 7844 3283 2655 8201 2579 7338 26 4922 9215
14 6076 5426 9516 5608 2642 9607 6231 2630 4647 4533 3272 1736 4811 1304
30 4059 6783 1305 541 24 2920 219 6780 8783 1407 1447 7224 7248 482 8848 2782 4123 7019 1979 6925 2882 5481 7680 5614 7082 6499 4337 869 5842 8959
21 9289 1977 5112 7636 1859 3315 7176 8741 275 9379 2057 3296 2678 7204 1035 3792 3884 707 7918 4641 2617
33 3156 5497 2020 5406 61 2278 4742 7140 7156 2538 6849 5744 965 1326 1843 98 3414 4035 2982 4744 2291 9687 9894 5140 2027 6256 6049 4239 5840 8048 6158 6994 1277
9 5919 798 1744 5928 5467 2226 2876 5198 7375
26 8271 477 8932 3239 8376 6558 4511 6455 9586 428 2059 4326 3205 3624 7267 7113 4853 6176 5715 8679 9663 6099 593 2564 401 6348
29 4984 4056 4428 9305 7114 2748 3276 935 2896 3802 7209 6615 1537 1947 9800 9351 5635 2144 7099 9883 8387 7012 8579 1611 8441 1249 2035 1935 8119
30 3457 4307 7877 6502 961 3410 6044 9412 9556 326 8224 7934 2928 1186 1797 7145 839 3782 3258 9083 5664 3013 6801 1 7068 9648 6769 6795 1306 3860
29 2324 6361 3918 1609 3236 5049 8254 1588 150 2973 1550 1518 6245 3685 5540 8933 2025 283 153 3763 5171 7280 1991 7859 6631 1764 165 7964 7281
22 3430 4781 1010 9485 6430 2132 5495 249 4433 4802 6995 5136 2739 2749 6775 7268 341 525 4269 8202 8971 9522
22 9109 1634 267 1369 2754 867 5045 7842 2978 3977 1042 2991 9578 8676 5374 8809 3995 7753 7992 1549 5454 5286
26 1492 9166 4706 554 4583 8277 9869 6474 5712 6669 1142 9527 5310 5135 2470 2612 3075 8334 581 8661 5000 6301 5946 5912 7123 437
23 3540 7186 6053 3396 5491 212 2000 382 6630 4074 774 744 5909 3330 5019 4183 5781 7157 4640 5410 9608 6226 1293
15 3557 3833 4493 8421 5847 8481 5610 1747 9533 8199 1821 3252 7813 3848 5144
13 2981 584 2977 3731 3805 2155 8931 8356 5098 7395 9058 6933 2851
16 3739 4450 137 4944 9949 6416 7340 3387 3081 6431 8180 9966 6015 831 9639 6258
26 3527 5227 3826 6924 9691 8573 2566 8892 6409 3566 9647 1110 5933 4705 1891 3536 5687 1538 8778 6267 6773 1782 9266 879 3903 9770
19 5295 2382 4826 47 6360 7579 3227 3215 9190 5006 1016 6382 1775 9001 7767 605 1849 4339 5531
37 5299 4094 1066 2559 2576 519 606 7849 3697 7188 3005 7471 8323 6851 4648 3409 7255 9743 7668 4872 4202 8597 5182 2523 1459 9366 3575 1487 4862 7871 8206 5346 9509 1642 8411 7559 6492
22 7198 2714 3103 8328 4624 6529 8915 8536 1565 1660 8617 767 2760 4768 6104 2933 5763 8064 4465 6306 8141 1713
15 4629 5593 8038 9741 5559 2501 4950 9708 1096 5618 9601 6830 3797 5072 9854
31 6807 7861 222 2912 2828 3049 9347 1406 8158 1955 4507 8274 9180 3680 5621 3512 2128 5210 967 5094 5801 7247 1818 8235 5419 1858 5506 756 9552 3662 2786
32 2949 6706 8518 9707 2429 5902 3333 741 4693 9046 9191 2079 2293 1267 7867 9071 7097 1721 8662 8687 6043 894 7904 9062 973 995 5138 3505 7996 5876 9123 3064
13 908 881 6114 8721 4000 8998 6679 1131 3809 54 2998 3134 5331
17 8546 2343 3432 4092 8857 4073 9053 3711 3635 5986 6588 1616 1953 2347 1659 5555 4473
29 9409 8708 8179 8698 6418 1384 6139 817 9851 3891 3990 1794 3068 3910 8774 2495 8373 6904 5862 7635 1368 2500 4639 4480 7478 257 262 418 9726
31 445 1543 677 7499 5716 1883 4882 3596 9452 8586 4223 4084 2112 6399 2270 7014 4405 4114 4498 3915 7189 4810 3503 2002 706 746 3978 9323 9875 4530 7264
1 1114
25 2166 5808 8449 7129 200 435 2198 8073 5382 2649 8598 8291 5097 594 8753 1854 9021 1548 1360 7606 8685 1801 4506 1088 7374
1 9359
25 1833 4495 4586 3546 9514 7320 1735 9267 9890 2422 5511 3116 3468 7662 5679 5913 6543 9403 4373 9840 4952 836 5669 5896 8607
36 5300 672 3817 4618 6002 1528 1815 3743 5027 7810 3257 4112 8209 8370 448 3830 146 9819 2250 2518 4990 3740 7194 9987 3232 5344 6363 3609 850 2666 7192 4931 6019 1083 5544 6524
26 9140 5235 6961 9626 3245 7329 1860 8715 3989 7428 6004 1835 2857 1564 4065 613 9798 9056 8286 1694 8162 8538 4691 322 8349 2862
19 8342 9216 6404 3579 5358 1734 5990 8157 2455 2511 9345 9182 9735 9833 524 9229 5317 5513 9525
31 4839 9003 1097 4894 6160 9901 6649 9187 8739 1852 2742 1689 5381 6133 4913 8780 2393 2898 7679 984 8549 3508 7930 3350 7305 2628 1156 1699 8891 9467 9850
22 3253 1888 920 4098 9523 3667 696 9649 8787 8302 7210 8614 4940 1324 35 5662 7762 3597 8244 6460 2308 5578
25 6607 5424 4387 1013 5387 3869 3334 7373 4207 9458 9752 9731 3231 6013 7546 5036 4235 1533 7292 3822 8097 264 9644 7519 1478
29 3549 9393 2571 88 5860 273 157 9207 7064 7640 5341 902 4260 9920 9636 493 8040 7239 6548 5134 3694 6154 5789 5961 5705 6520 7985 7115 8865
27 2883 297 423 4008 2720 6424 1773 9463 6875 7876 6293 5437 8500 369 601 5373 4032 698 3926 2416 4997 4751 3504 8762 3229 7356 5873
1 773
17 3167 2008 4788 6694 7141 7230 9544 5654 7768 1512 442 5724 7477 3779 6989 2191 5968
21 1138 7399 3281 7911 1724 5743 8557 6752 4208 2783 5626 6512 6034 4064 481 9272 2216 6103 1655 384 5886
22 4494 5440 5402 8728 8962 7553 2233 9402 6164 9744 1227 6313 3026 2075 3773 9810 928 189 129 1851 6847 9360
15 4379 3988 8675 4601 4346 5192 7993 2512 2915 8792 854 6200 7387 1676 7061
28 9847 9283 585 7318 6277 4877 1323 3176 2942 4537 6473 3114 3325 2551 7344 6480 8237 7466 8029 9754 9919 8340 1706 5661 8424 2873 8861 6934
1 1555
20 303 7040 5598 5769 1664 1993 8406 8329 3471 9852 726 4071 1524 9633 5054 7730 5034 2543 3751 9868
17 2519 1005 9979 957 3008 7711 6786 1363 1959 9011 2731 7342 4403 6389 4138 9569 204
1 4469
20 1978 6689 8587 9820 9976 7229 6269 1674 8346 8902 951 1640 657 4953 4584 5941 9474 4351 152 180
30 9084 2941 3442 6831 9020 7475 3651 6304 5086 5887 1252 5748 9681 4546 645 9177 9381 6274 8326 1322 7086 80 288 2478 3091 6032 8080 1356 7133 4399
15 1757 3855 8640 7965 2432 2313 8489 5304 567 2869 6884 4836 39 5914 2430
28 5324 8703 2917 84 734 1879 1315 7455 1353 9670 864 1651 5954 2578 1281 6662 388 6462 8218 8815 7521 6938 6869 7121 1285 5950 1615 455
24 6670 117 375 8564 113 2738 2788 7864 457 7028 5710 1755 1365 8768 8189 6762 6251 1286 3507 2693 1435 2433 1882 2269
2 9044 9520
16 187 713 3307 2135 5161 8509 3025 5971 6412 5343 4815 9815 9804 4673 4636 4646
2 9763 4483
2 1067 7600
14 5693 9675 8395 6794 8086 8459 7430 6208 9702 9105 6825 933 1844 446
5 8968 9451 3246 7590 2208
15 4214 29 4475 6150 3311 656 209 7152 3829 3429 6737 7316 1781 6129 9723
12 7952 3629 7799 2316 3607 8204 5721 9579 7122 389 5272 6889
1 5226
20 3371 3030 3692 6815 4687 1113 3168 4635 6340 5732 9666 9964 5158 7501 907 3818 456 9353 3738 7025
15 5717 9679 2986 8149 6654 2774 7020 3138 6155 5917 6647 2346 4390 7182 8013
8 1992 6198 9581 2327 6456 7891 4070 2951
1 1000
18 5018 7429 6695 6263 6822 5222 2589 6740 5377 3865 3403 9385 7613 9750 763 7017 8364 7586
11 3693 9090 1228 4196 9996 3191 1838 7379 872 6600 1680
14 1867 7401 5335 8175 5445 2247 8458 5885 3758 4637 9985 1376 5891 8308
6 6541 268 568 789 7464 4793
1 1339
5 8303 2007 3185 1510 2090
2 5441 4865
13 4758 6228 5868 7956 1414 8290 7314 6327 8464 6173 8020 6190 8345
2 9251 8824
16 4078 7657 8950 6466 3249 2465 7104 1515 3104 8477 1784 3368 127 6597 5829 2758
13 1273 6381 700 5970 4842 7889 5237 3655 8731 1904 1421 1381 5059
5 3760 3028 1327 7688 8196
16 8292 2061 3555 9291 7088 7561 4255 9845 640 1913 4150 2240 4245 4939 2534 9824
2 7444 8730
13 9563 6724 6901 8024 489 9935 1970 9503 7102 8353 1222 2966 9377
2 8192 8253
1 2053
2 3936 9515
3 1269 9252 7632
12 1040 6663 4143 6916 6965 4090 3640 874 513 6634 9925 7773
2 4411 9803
5 4058 8102 5245 3381 978
2 9483 3341
11 3055 7929 6633 1866 6913 5858 5307 2288 9489 4476 1403
2 364 2528
5 9954 4052 4678 4311 5159
2 1778 1159
2 8071 1015
3 1817 6644 2746
1 4027
2 5091 8722
14 9313 2695 4309 9325 7070 8840 5615 9137 2123 2026 9640 4525 2212 3491
5 1399 5813 3359 3771 3688
3 2660 6521 4277
4 1560 1194 4011 4818
4 476 8397 7304 4779
1 5982
10 3090 4435 9619 1209 7928 7709 3294 7119 6879 6686
2 8088 8433
5 306 9921 3733 9312 7391
15 3580 5934 4066 4536 622 580 7846 8447 5359 849 8306 6441 8885 1082 7509
2 7804 4557
2 6377 820
6 2718 9999 4898 1868 3310 8850
2 3608 3560
5 5983 8982 8606 8633 913
2 1192 8727
8 2735 1335 7957 474 8520 6735 9927 5821
4 8967 229 8825 4040
4 1776 768 7575 7678
4 549 4948 5480 2445
2 3708 8563
2 3358 6753
6 9459 8895 205 220 2255 8700
2 8965 7206
3 8184 6544 3224
2 7325 7909
2 5991 2939
2 4829 5903
2 6039 1855
2 3321 6527
2 3647 6517
7 8227 1411 7052 8888 5563 2298 8907
2 2176 8596
2 7716 492
2 9550 7948
2 6321 2887
2 9121 5071
2 3578 4796
2 2418 1344
2 7227 1626
2 3696 3539
2 7468 3207
2 3654 1880
2 563 2573
2 1178 4887
2 1135 4941
2 6252 2736
2 719 3202
2 4679 2591
2 8670 7433
2 2384 4471
2 7013 9287
2 8773 7110
2969 8890 7581 9997 9995 9994 9992 9988 9984 9983 9982 9975 9972 9969 9953 9950 9945 9942 9939 9938 9937 9936 9934 9932 9931 9930 9928 9924 9923 9917 9916 9911 9907 9906 9905 9904 9902 9892 9887 9886 9884 9882 9881 9879 9873 9866 9857 9855 9853 9846 9842 9841 9839 9838 9837 9831 9825 9821 9818 9816 9809 9805 9802 9801 9797 9796 9793 9790 9786 9783 9779 9778 9777 9776 9774 9769 9762 9759 9730 9728 9727 9722 9720 9718 9717 9715 9710 9700 9696 9695 9694 9692 9674 9673 9671 9662 9660 9656 9655 9651 9650 9646 9638 9637 9635 9632 9630 9629 9628 9623 9622 9618 9610 9603 9602 9598 9596 9592 9590 9589 9587 9584 9577 9571 9566 9565 9558 9554 9551 9546 9545 9538 9536 9535 9532 9526 9517 9510 9508 9506 9504 9500 9498 9496 9494 9486 9475 9472 9468 9466 9450 9447 9446 9445 9442 9438 9435 9434 9433 9432 9429 9427 9426 9425 9424 9421 9420 9417 9416 9414 9408 9401 9395 9391 9390 9388 9383 9380 9371 9370 9369 9367 9365 9362 9356 9354 9344 9343 9340 9339 9334 9332 9330 9329 9328 9327 9326 9319 9316 9315 9303 9300 9293 9292 9285 9280 9278 9265 9263 9261 9260 9254 9247 9242 9241 9237 9236 9235 9234 9227 9226 9224 9223 9219 9217 9214 9213 9209 9208 9205 9204 9203 9202 9201 9200 9196 9195 9194 9192 9189 9188 9183 9176 9175 9173 9172 9171 9169 9168 9165 9164 9161 9155 9152 9150 9149 9144 9141 9139 9133 9131 9125 9122 9117 9115 9114 9112 9111 9107 9102 9096 9095 9086 9081 9078 9077 9074 9073 9066 9061 9060 9050 9039 9036 9032 9031 9023 9022 9015 9014 9009 9008 9007 8993 8992 8985 8983 8981 8980 8979 8977 8970 8960 8957 8956 8955 8954 8952 8947 8941 8930 8928 8925 8924 8921 8920 8919 8916 8912 8910 8899 8898 8897 8896 8894 8889 8884 8883 8882 8876 8874 8873 8869 8867 8864 8858 8855 8854 8853 8852 8849 8844 8842 8836 8834 8831 8826 8821 8816 8814 8813 8811 8804 8799 8797 8794 8789 8781 8779 8776 8775 8771 8769 8766 8764 8763 8754 8752 8750 8746 8744 8740 8737 8735 8734 8733 8725 8723 8720 8717 8710 8709 8707 8706 8697 8696 8695 8694 8693 8690 8688 8686 8681 8680 8664 8660 8657 8656 8655 8651 8649 8647 8645 8644 8642 8639 8635 8634 8630 8628 8627 8621 8613 8604 8603 8602 8601 8591 8583 8581 8580 8577 8569 8567 8560 8556 8552 8547 8545 8544 8539 8537 8533 8531 8530 8527 8524 8521 8519 8515 8514 8511 8502 8495 8491 8488 8487 8483 8482 8480 8479 8474 8472 8470 8467 8466 8465 8462 8461 8457 8456 8455 8453 8450 8446 8444 8442 8439 8438 8429 8428 8425 8418 8415 8414 8408 8405 8404 8403 8401 8398 8396 8393 8392 8391 8390 8386 8385 8383 8382 8378 8375 8372 8371 8369 8367 8362 8360 8358 8355 8351 8350 8338 8327 8324 8321 8320 8319 8314 8313 8311 8305 8301 8296 8287 8273 8268 8261 8260 8257 8256 8255 8252 8250 8247 8246 8243 8236 8231 8229 8228 8225 8223 8219 8217 8212 8211 8210 8208 8205 8190 8185 8183 8181 8178 8176 8174 8171 8169 8168 8166 8163 8161 8154 8147 8145 8144 8142 8138 8136 8135 8134 8132 8131 8130 8127 8125 8121 8118 8117 8112 8103 8101 8098 8096 8091 8089 8087 8075 8074 8072 8069 8066 8063 8062 8060 8056 8052 8049 8043 8041 8039 8033 8030 8025 8019 8016 8009 8007 8005 8003 7999 7998 7995 7991 7981 7979 7976 7975 7967 7966 7963 7962 7961 7958 7955 7949 7947 7941 7935 7925 7923 7922 7921 7920 7919 7916 7915 7910 7907 7905 7902 7901 7900 7897 7896 7895 7894 7893 7890 7888 7887 7885 7881 7880 7874 7868 7865 7860 7858 7850 7848 7845 7843 7839 7838 7837 7827 7825 7824 7822 7819 7818 7814 7807 7805 7803 7802 7795 7791 7780 7776 7775 7774 7765 7763 7759 7750 7748 7741 7740 7738 7733 7724 7717 7715 7712 7701 7700 7699 7695 7694 7693 7692 7689 7681 7676 7675 7674 7664 7661 7660 7656 7654 7653 7652 7646 7645 7641 7626 7620 7619 7618 7616 7608 7607 7605 7604 7602 7601 7598 7594 7588 7578 7576 7572 7569 7567 7565 7564 7563 7554 7551 7550 7549 7548 7547 7543 7542 7541 7537 7531 7526 7525 7514 7508 7505 7504 7495 7493 7491 7489 7485 7484 7481 7480 7474 7473 7460 7459 7452 7451 7447 7445 7442 7441 7440 7424 7422 7420 7418 7417 7415 7413 7412 7409 7407 7406 7404 7400 7397 7394 7389 7384 7381 7378 7377 7370 7369 7366 7365 7360 7353 7349 7341 7336 7327 7326 7324 7323 7322 7321 7313 7312 7309 7308 7306 7302 7300 7299 7298 7297 7286 7279 7278 7273 7272 7270 7269 7266 7263 7260 7257 7256 7254 7253 7252 7249 7243 7240 7237 7236 7235 7234 7232 7231 7225 7223 7221 7220 7219 7217 7216 7215 7213 7212 7207 7202 7199 7197 7185 7184 7183 7178 7177 7173 7171 7169 7161 7159 7158 7155 7151 7149 7148 7144 7138 7134 7131 7128 7127 7120 7118 7116 7112 7111 7103 7098 7092 7083 7076 7074 7067 7063 7060 7058 7055 7049 7045 7042 7039 7030 7026 7022 7018 7007 7005 6998 6997 6996 6992 6990 6987 6983 6982 6981 6980 6979 6973 6971 6970 6969 6968 6967 6963 6957 6956 6949 6944 6943 6941 6939 6931 6930 6929 6926 6923 6919 6909 6908 6906 6905 6897 6893 6892 6890 6887 6881 6878 6876 6874 6873 6871 6867 6863 6862 6861 6858 6857 6852 6845 6844 6842 6841 6839 6837 6833 6826 6823 6821 6819 6816 6814 6813 6811 6808 6804 6803 6802 6800 6799 6789 6785 6784 6781 6779 6777 6774 6763 6758 6757 6748 6746 6743 6742 6739 6738 6734 6732 6731 6730 6723 6718 6715 6714 6713 6712 6708 6705 6704 6703 6702 6688 6684 6677 6671 6666 6664 6660 6655 6651 6650 6643 6642 6641 6639 6636 6635 6629 6625 6620 6613 6609 6608 6599 6598 6595 6594 6590 6585 6579 6574 6573 6572 6571 6570 6565 6557 6556 6553 6552 6546 6538 6535 6533 6532 6508 6507 6504 6501 6497 6496 6494 6493 6491 6490 6488 6487 6486 6481 6479 6476 6472 6471 6467 6465 6461 6459 6458 6457 6453 6450 6449 6442 6440 6438 6437 6436 6435 6434 6433 6429 6427 6415 6414 6408 6405 6401 6400 6395 6394 6393 6385 6383 6378 6375 6372 6370 6369 6366 6364 6358 6354 6353 6347 6345 6343 6342 6341 6338 6337 6334 6332 6329 6328 6325 6324 6317 6308 6299 6296 6292 6290 6288 6287 6286 6284 6276 6273 6271 6266 6260 6257 6254 6240 6237 6236 6233 6221 6219 6215 6210 6209 6205 6201 6196 6195 6194 6188 6185 6183 6182 6179 6177 6169 6166 6163 6162 6161 6148 6147 6138 6128 6127 6126 6123 6122 6121 6119 6118 6113 6111 6109 6100 6098 6097 6095 6092 6091 6088 6084 6082 6071 6070 6067 6063 6061 6054 6052 6050 6048 6040 6033 6030 6027 6026 6025 6024 6017 6016 6011 6008 6007 6001 5999 5998 5988 5984 5981 5976 5974 5972 5967 5966 5965 5964 5958 5956 5948 5947 5945 5944 5943 5942 5940 5931 5927 5924 5923 5922 5921 5915 5911 5907 5906 5905 5901 5900 5894 5892 5882 5874 5871 5870 5869 5866 5861 5859 5857 5853 5849 5846 5843 5841 5839 5833 5832 5827 5824 5822 5818 5814 5807 5806 5800 5798 5796 5795 5792 5783 5770 5766 5765 5760 5757 5755 5745 5730 5729 5728 5726 5723 5722 5720 5718 5713 5709 5706 5704 5703 5702 5695 5692 5691 5689 5685 5681 5680 5675 5673 5672 5667 5666 5655 5651 5643 5641 5638 5631 5620 5613 5611 5606 5605 5601 5600 5592 5586 5585 5583 5581 5580 5574 5569 5568 5567 5566 5565 5560 5552 5548 5547 5546 5543 5537 5535 5528 5526 5525 5523 5522 5519 5515 5508 5504 5503 5501 5496 5494 5488 5483 5477 5476 5475 5473 5472 5468 5464 5458 5455 5451 5450 5449 5448 5447 5442 5438 5436 5434 5429 5422 5421 5415 5413 5411 5407 5403 5399 5398 5395 5390 5389 5388 5386 5379 5370 5369 5368 5367 5360 5357 5356 5353 5345 5342 5337 5333 5328 5318 5315 5309 5308 5305 5301 5297 5290 5289 5284 5283 5280 5278 5277 5276 5275 5270 5266 5265 5263 5262 5261 5259 5256 5253 5252 5251 5246 5244 5243 5242 5239 5225 5220 5212 5209 5208 5205 5201 5200 5199 5196 5195 5194 5188 5187 5185 5184 5183 5180 5174 5165 5163 5162 5160 5155 5146 5145 5143 5137 5132 5128 5125 5122 5113 5103 5093 5081 5079 5077 5075 5069 5061 5060 5058 5057 5043 5038 5037 5032 5029 5028 5020 5014 5013 5012 5009 5007 4999 4995 4993 4986 4981 4980 4979 4976 4975 4970 4969 4967 4958 4955 4954 4951 4947 4935 4933 4929 4927 4923 4919 4916 4909 4907 4905 4904 4903 4897 4896 4895 4893 4891 4890 4888 4883 4880 4879 4878 4876 4874 4870 4869 4867 4866 4864 4860 4849 4847 4846 4843 4837 4835 4833 4831 4825 4822 4816 4814 4813 4806 4805 4804 4803 4801 4798 4797 4792 4791 4789 4785 4784 4783 4780 4777 4776 4767 4765 4752 4750 4749 4743 4740 4739 4731 4724 4723 4721 4718 4716 4713 4712 4703 4702 4699 4696 4694 4684 4683 4682 4681 4676 4674 4670 4669 4668 4667 4665 4664 4663 4659 4655 4653 4643 4642 4634 4633 4622 4619 4617 4616 4606 4605 4603 4598 4597 4596 4594 4593 4592 4589 4585 4578 4576 4574 4571 4566 4562 4555 4552 4549 4547 4545 4544 4543 4538 4534 4529 4527 4526 4524 4522 4521 4519 4518 4516 4515 4514 4508 4504 4501 4499 4489 4487 4485 4484 4478 4474 4466 4463 4462 4458 4456 4452 4449 4444 4440 4434 4431 4430 4429 4426 4423 4422 4418 4414 4413 4408 4396 4395 4394 4392 4391 4386 4382 4376 4375 4370 4365 4362 4360 4359 4350 4347 4345 4342 4338 4336 4334 4331 4330 4328 4327 4323 4320 4319 4318 4313 4312 4304 4300 4296 4294 4293 4290 4289 4287 4283 4282 4276 4267 4266 4264 4259 4258 4257 4256 4254 4253 4248 4247 4243 4240 4234 4233 4227 4226 4225 4217 4216 4206 4199 4195 4190 4187 4186 4185 4180 4179 4171 4169 4167 4162 4161 4160 4158 4157 4155 4136 4134 4131 4130 4126 4124 4111 4109 4106 4105 4104 4103 4102 4093 4091 4087 4085 4083 4077 4067 4062 4057 4055 4053 4050 4046 4044 4039 4038 4037 4036 4031 4021 4018 4014 4010 4002 4001 3999 3994 3985 3984 3983 3969 3967 3963 3961 3958 3956 3953 3950 3948 3944 3942 3939 3937 3933 3932 3928 3925 3924 3923 3916 3912 3908 3907 3904 3900 3899 3894 3893 3892 3888 3883 3879 3878 3877 3876 3873 3872 3868 3866 3862 3859 3854 3852 3851 3843 3842 3841 3840 3834 3831 3825 3823 3815 3814 3812 3811 3810 3806 3803 3800 3799 3798 3795 3794 3793 3790 3786 3784 3781 3780 3775 3772 3770 3768 3757 3756 3755 3753 3746 3744 3742 3735 3734 3732 3726 3725 3724 3723 3720 3715 3710 3707 3706 3698 3690 3686 3683 3678 3677 3675 3673 3668 3664 3653 3649 3646 3645 3643 3639 3627 3622 3621 3618 3617 3616 3610 3606 3604 3602 3590 3589 3587 3586 3585 3584 3582 3581 3577 3574 3573 3569 3568 3562 3561 3556 3553 3550 3541 3538 3529 3528 3522 3521 3520 3518 3513 3509 3495 3483 3479 3476 3474 3470 3467 3463 3460 3459 3450 3446 3441 3437 3436 3435 3425 3421 3420 3418 3416 3415 3412 3408 3406 3405 3402 3401 3400 3397 3394 3391 3390 3386 3382 3380 3378 3377 3376 3370 3366 3364 3360 3357 3352 3348 3346 3340 3336 3335 3332 3331 3328 3316 3314 3313 3309 3308 3306 3302 3299 3295 3289 3287 3284 3275 3274 3270 3269 3267 3260 3255 3251 3250 3244 3241 3238 3233 3226 3219 3218 3217 3212 3203 3195 3192 3190 3183 3182 3177 3175 3174 3166 3164 3159 3157 3155 3153 3152 3146 3144 3140 3133 3131 3130 3129 3128 3127 3124 3123 3115 3112 3110 3100 3097 3095 3093 3089 3080 3078 3077 3072 3070 3065 3060 3057 3053 3052 3046 3045 3044 3037 3033 3032 3021 3016 3009 3003 3002 2996 2994 2992 2988 2985 2980 2974 2971 2962 2960 2958 2956 2955 2952 2950 2938 2930 2929 2927 2925 2924 2919 2913 2906 2903 2900 2897 2895 2892 2891 2889 2885 2884 2874 2871 2867 2864 2860 2859 2856 2854 2853 2848 2846 2845 2843 2841 2840 2839 2837 2833 2829 2827 2826 2824 2821 2819 2818 2814 2813 2810 2804 2803 2799 2797 2794 2789 2787 2785 2778 2775 2772 2770 2767 2761 2756 2755 2744 2743 2737 2734 2733 2727 2724 2719 2716 2712 2705 2703 2700 2699 2696 2688 2687 2682 2679 2676 2675 2674 2671 2668 2667 2665 2664 2662 2661 2656 2646 2644 2636 2635 2634 2633 2632 2627 2622 2614 2610 2608 2607 2606 2601 2600 2599 2598 2597 2590 2588 2587 2586 2583 2581 2575 2574 2569 2568 2562 2560 2553 2552 2550 2548 2542 2533 2530 2521 2515 2514 2509 2508 2506 2505 2503 2496 2490 2485 2484 2483 2482 2472 2471 2460 2459 2458 2456 2452 2451 2449 2447 2446 2441 2435 2428 2423 2420 2419 2414 2408 2402 2399 2397 2396 2395 2391 2390 2387 2386 2385 2383 2380 2376 2375 2369 2366 2349 2348 2341 2339 2332 2328 2322 2321 2317 2312 2307 2306 2304 2303 2302 2286 2285 2281 2280 2276 2275 2274 2273 2272 2267 2266 2262 2259 2256 2252 2245 2244 2239 2236 2235 2232 2231 2225 2224 2221 2220 2211 2210 2207 2206 2205 2203 2200 2199 2190 2189 2188 2184 2183 2179 2163 2161 2159 2158 2157 2153 2150 2149 2146 2141 2137 2129 2124 2120 2117 2116 2113 2111 2109 2108 2107 2106 2102 2094 2085 2084 2082 2081 2076 2073 2072 2068 2067 2065 2064 2058 2051 2049 2047 2046 2045 2043 2039 2028 2023 2019 2018 2017 2013 2012 2010 2009 1997 1996 1994 1989 1984 1975 1974 1971 1968 1965 1963 1958 1954 1951 1950 1948 1945 1941 1938 1932 1930 1929 1926 1924 1920 1917 1916 1915 1914 1912 1911 1909 1903 1901 1900 1899 1896 1890 1886 1876 1871 1870 1862 1857 1856 1850 1841 1840 1839 1834 1828 1825 1823 1822 1813 1812 1810 1807 1802 1800 1798 1796 1795 1774 1770 1769 1767 1766 1752 1750 1742 1739 1738 1737 1733 1717 1714 1711 1701 1692 1688 1687 1686 1681 1677 1675 1672 1669 1667 1665 1657 1650 1649 1646 1644 1635 1632 1631 1621 1617 1614 1608 1607 1600 1597 1596 1595 1592 1589 1584 1583 1582 1581 1578 1574 1571 1570 1569 1567 1559 1558 1557 1544 1536 1534 1532 1522 1520 1517 1511 1509 1505 1504 1502 1501 1498 1497 1494 1491 1490 1489 1488 1485 1482 1475 1472 1471 1469 1465 1457 1455 1454 1451 1450 1449 1444 1441 1437 1434 1425 1423 1419 1418 1410 1409 1404 1402 1401 1392 1389 1387 1386 1382 1377 1372 1370 1366 1364 1357 1355 1351 1349 1348 1345 1340 1336 1328 1318 1314 1309 1295 1288 1287 1279 1278 1275 1274 1270 1268 1266 1265 1264 1263 1261 1257 1250 1248 1247 1243 1241 1237 1235 1230 1220 1219 1214 1212 1210 1202 1200 1197 1196 1193 1189 1188 1184 1180 1164 1162 1161 1158 1154 1151 1148 1145 1136 1134 1133 1125 1124 1123 1122 1112 1109 1106 1101 1099 1079 1078 1075 1072 1065 1063 1062 1057 1052 1047 1045 1043 1041 1039 1033 1032 1031 1019 1017 1014 1012 1011 1006 1003 997 996 993 988 987 981 976 975 971 970 968 966 963 960 956 955 954 953 947 941 939 937 931 930 927 924 919 918 917 916 915 910 909 903 901 900 898 896 893 891 882 877 875 870 866 857 851 848 844 842 841 838 837 834 827 824 823 822 821 818 814 811 809 803 801 800 795 794 791 788 787 786 781 779 778 775 771 765 760 759 758 757 751 743 735 732 728 725 724 722 721 716 711 710 709 705 704 703 701 697 695 689 682 679 678 676 675 671 668 665 663 662 660 659 655 650 646 642 639 635 634 628 626 625 621 618 617 616 612 599 597 591 575 572 570 569 566 560 557 552 551 545 540 531 530 527 523 521 520 514 505 501 500 491 487 485 483 479 478 473 472 468 465 462 459 452 449 447 444 436 433 431 429 424 422 419 414 413 411 407 406 404 403 402 396 392 391 385 383 381 380 374 373 371 370 366 365 358 357 356 349 347 346 345 343 342 338 337 335 331 327 325 319 317 314 309 308 307 300 296 295 287 278 276 270 266 263 260 258 253 250 248 247 246 245 241 239 237 236 234 228 225 224 223 221 216 213 208 206 203 197 196 186 184 177 175 170 169 166 162 159 158 154 145 138 136 135 133 130 128 126 125 121 119 118 112 111 109 108 104 103 102 101 99 94 93 86 82 72 68 67 64 63 62 59 58 56 53 50 48 43 38 37 36 34 32 27 22 20 14 9 8 4 2
