15 9026 6953 1116 2414 814 4850 1943 3209 6427 101 9307 1141 9721 6152 6934
22 8767 740 4591 8291 9080 6810 4398 3045 7974 7258 9352 2801 3506 2218 834 246 6760 8405 3872 4490 4177 5784
28 2060 9406 7253 5409 380 1733 6969 4714 8627 518 2332 6940 2398 887 9348 1382 5004 5357 5186 5207 4222 7596 8723 9154 4844 9970 5149 1809
28 8652 2919 1994 1745 9481 7998 6253 1981 5640 5534 2341 4345 6755 8680 2344 1928 8927 7571 4674 6796 7603 6553 443 3344 795 2544 6723 9916
16 2729 686 6620 22 3374 569 8812 258 2349 9095 7565 8282 6266 295 3588 5179
29 5751 8555 646 1527 2675 7941 5001 1504 4250 3498 2154 1075 2017 1302 8264 7728 7797 63 9085 2575 4650 4945 6623 411 3819 3769 9259 2697 5370
12 9621 7367 9699 555 7544 4149 6310 3126 2427 792 3723 2845
13 8357 7046 931 110 6557 3189 4668 5623 416 8308 8808 2203 6524
18 7757 2959 1907 1458 9801 2010 7273 6554 6972 9212 1389 9057 7038 9597 8735 8424 2964 3619
26 4017 9981 5861 691 7066 2241 2319 793 7361 1470 3992 4880 9153 5852 1308 564 861 3899 5867 3268 3390 9214 4305 2227 9131 3618
16 813 5152 2860 745 192 3695 1351 8076 5731 9942 6973 679 731 59 7467 4865
31 6279 1902 3663 7715 9623 8610 3077 8220 5880 9490 9183 8842 7674 8621 9074 875 2403 3419 4131 974 4422 4578 6195 1621 7412 182 9365 8877 6964 5865 8618
13 7556 8015 9961 2810 5786 3497 5607 727 9585 1234 1760 6405 7601
26 9561 2207 1263 1466 6571 6873 112 3351 8129 2093 6707 2340 2336 2676 46 1445 7126 1825 4765 236 3581 5845 2922 3310 5629 5275
22 6172 7812 7808 6751 4426 1747 4290 4660 4019 996 1769 588 5178 9814 1158 6401 6147 9025 2114 4392 5939 2509
21 4314 8257 8814 3648 9941 9000 4906 7741 634 3118 8381 7780 2631 9622 4199 8724 6112 7943 195 9374 5538
24 8806 982 5012 1531 2901 9319 7987 3550 7856 4459 8074 5383 8852 7923 8393 5185 6501 3376 4864 1798 5065 2032 8870 2610
9 3552 312 2707 1014 5233 8311 455 3043 4120
32 3375 4869 4028 8368 9511 9564 2831 1109 4256 9962 8615 2248 1820 9438 1328 612 9706 7462 1671 6036 4362 3214 681 1567 1219 9350 3441 5055 4077 9827 5312 790
20 6596 5101 4921 8101 7626 5792 5529 3997 294 4460 4385 620 3109 8349 8142 6209 4108 6093 3535 1456
24 5087 2875 9209 2867 1791 8693 3159 659 5379 1591 7139 703 7313 8638 3309 804 3856 2747 8701 3671 1091 4348 5697 2169
30 753 6024 7916 9263 1106 9101 4297 7769 8659 8926 2041 5188 5016 9447 8498 9318 7222 6282 2127 9955 2970 2647 7869 5311 7300 5494 3687 2494 4268 8674
21 9513 1464 7637 8871 9863 3738 8081 2215 2932 7470 5338 7593 1617 5270 1467 5202 9290 4683 5988 3914 9522
20 2907 9276 5082 3845 9113 8911 8516 1889 1814 3521 1895 9098 8567 2101 2701 8949 1579 430 4145 6853
35 5890 4959 5205 4437 9926 4980 3821 5719 8575 7683 4605 9116 3675 6491 9031 8505 4236 7009 1393 5715 2613 125 5911 1690 6204 7225 291 6653 3399 2929 5645 858 4737 321 6060
17 183 6975 862 9386 6838 2358 5456 8859 8756 7859 8483 5752 9960 2819 8001 5398 587
34 6069 5668 3544 2999 292 3585 4400 6186 3839 2652 7794 2355 5143 3470 1235 8289 7886 3154 7939 9218 1853 347 8255 2317 1877 2721 1183 4215 5916 5685 1295 4425 3945 4432
24 4063 7456 7903 5837 6800 9832 1688 5340 3968 6372 1065 4552 7294 5612 6142 3063 6351 344 1638 3040 6568 3422 9465 6603
17 9397 3489 1937 1163 3788 7746 1684 9161 5206 5223 9587 1969 6573 1089 5760 2609 144
12 5802 6785 6510 3385 9540 9010 3349 9773 4540 6016 9831 9931
21 6248 4623 8990 949 6602 2567 2214 1477 426 359 2069 3162 4631 1618 7332 5833 2321 4418 794 2666 7393
21 8023 5879 9566 1264 7866 5527 4188 3714 9400 3736 1519 6823 9162 3243 3486 5787 5286 1204 7405 9719 6191
10 7703 9275 958 1957 2080 49 859 3702 1341 4286
17 3534 4159 9136 6798 3628 6234 1603 6661 3484 4076 4436 5932 8084 5322 6482 1573 7784
32 5466 6068 4200 9274 3200 2305 4558 3840 422 5853 6336 6698 7135 5352 9838 6367 886 7570 2437 4464 9727 1409 2510 2549 6846 2361 3998 2450 2656 3922 9829 8106
15 5479 8872 4932 8511 5068 8315 787 4589 8570 712 6539 4649 1055 7057 7950
30 3972 7685 4652 1349 6967 8300 8542 8953 4587 2228 5050 9407 133 9939 9175 155 2331 238 4316 3960 3777 2779 4240 140 1398 6461 9390 4049 8122 8543
30 5628 9035 8637 4756 1583 5967 7370 1008 3874 4285 8316 3121 7588 3213 2708 7420 1259 3897 1172 9518 4974 6954 9898 6250 70 3522 2853 9676 1939 2252
30 6265 720 8823 4115 3807 6199 172 3190 3783 9761 3993 2187 2040 4937 3625 1132 6883 6376 3365 5215 7371 1068 8456 2827 2460 9129 8641 9971 2773 5434
24 2110 2467 9678 7764 9641 1294 8544 8470 6083 235 4739 8987 2263 9193 988 75 8836 1846 6084 5834 7437 398 900 8163
22 1160 8263 9645 4965 1756 3808 8437 5582 8692 4730 8846 6787 1811 111 4458 7563 593 9606 4695 1552 3350 3626
30 9314 8285 830 9134 5663 843 5642 1667 2388 7276 1656 6406 7879 8214 2956 2299 9933 3554 7695 5122 6506 6278 9861 281 3718 5676 8337 1306 3562 5407
11 4727 7003 2400 1754 8472 5141 4564 7350 4570 3000 2411
12 884 334 7454 9689 4581 9756 7069 1829 4962 2294 9940 8377
28 3119 8191 942 5043 4227 9900 4300 8772 5579 6716 2374 6772 826 3813 7403 9896 827 9506 9618 4991 7806 8866 8734 2188 6322 1377 3042 2410
12 8077 8922 9903 6388 632 6577 2262 2342 9220 3927 3929 6342
22 7143 4532 8288 216 6897 8545 2903 5904 7573 4851 3823 8841 3472 4110 3485 6014 7385 1473 7008 4401 7487 623
24 9505 6657 3499 6140 4828 52 2505 4892 4263 7285 7543 972 7047 1806 9713 5739 6005 1129 8541 2421 1488 3884 707 4023
36 8435 4414 892 2963 8559 6804 975 5089 1500 3615 3038 8085 1863 5576 5400 6638 1799 2362 8407 4014 1819 8590 9704 6332 8471 4845 570 7511 1940 534 8765 7617 2200 8777 3478 2764
17 3828 83 3545 1727 5427 8496 9529 1103 7256 4169 9423 3171 341 525 5443 4054 7705
15 6387 5228 8691 5785 6860 1253 3320 2993 6990 7185 9004 3863 1865 9915 757
17 5794 4711 467 5033 4086 9534 8010 6259 1795 1926 2372 1495 329 6840 5775 1848 1972
13 7707 2142 6240 2756 4579 87 1025 9006 1893 8452 289 8718 1378
28 57 4875 381 2952 8309 4485 2497 244 9617 9151 1831 9054 5704 5992 5729 8450 4097 8844 647 7919 9122 7607 9787 5653 8611 8905 8622 868
22 9576 9037 348 3394 3476 9388 2504 6722 3686 3982 8103 6572 5590 7895 1108 9501 1990 8249 5964 6991 5174 3032
11 2476 6530 2902 4516 9148 3106 8417 3688 1599 635 3110
15 6560 9828 6962 8347 8754 1395 8966 4375 5930 6489 1983 5333 3480 1602 7641
30 4630 7612 2904 3105 4170 3966 6538 4137 5695 9127 1455 7984 9813 6746 1710 1417 9270 2461 4033 4025 6309 9500 9911 7523 2195 2474 6717 8581 8332 4886
22 1613 6270 3366 2673 1299 8534 5694 4569 7796 9592 9363 363 7634 1076 4715 8790 3529 6464 5363 3084 8280 5682
31 4733 8989 5234 6316 6216 1884 2261 546 5539 8938 6120 2802 280 2498 5031 2044 9237 9470 5336 5627 4486 6130 2092 4333 3143 5533 7828 2623 3347 6505 9476
40 6189 3148 9698 2106 7471 1530 5189 7249 4935 5875 6984 3583 7041 6498 3867 2107 649 2776 3974 8419 3228 8148 5023 2861 7949 6171 3406 4370 4454 551 2162 8732 1374 5643 6535 1074 5797 1718 8947 1823
16 377 2264 8864 6165 282 6778 800 808 9943 3881 6075 2629 8999 188 6518 4987
24 1864 286 3866 2972 2602 9908 1914 7629 283 7062 7006 9093 577 5330 1021 6445 1366 5923 6045 3369 5791 7586 2529 5592
19 5391 1985 4312 4871 754 274 806 3599 7200 8875 5349 466 637 2643 5148 6895 7789 1060 8942
25 9625 5957 7246 3816 6805 8379 6719 6865 2366 178 2713 5042 8904 2546 8936 1780 9615 5236 6845 6448 7042 3505 2019 5077 4271
21 1051 2440 4858 3174 3269 1325 5052 7582 1463 5132 9471 7706 6555 5633 2943 3087 8880 3665 7906 3941 1731
20 2315 7164 6824 8745 999 8161 9435 2124 8678 4672 4620 1764 9269 2650 1658 3218 7307 2618 3836 8850
24 7710 7208 7580 1792 7477 1725 1436 7614 8266 9570 4834 7777 3372 9894 4004 903 6866 7658 9094 2564 4702 1077 3111 1559
20 5250 7065 946 2104 7725 7531 9835 5820 8972 4168 6675 2870 5392 6986 7183 1011 5474 8683 6701 8501
20 5465 1934 2910 202 3108 7749 7538 6604 9899 496 9029 2522 1506 7944 4061 1213 9891 2136 8490 4795
21 7078 6864 6593 8108 3052 5303 7620 4985 2148 8709 2102 5546 1049 2763 2249 7054 8497 3791 9277 2830 5423
5 9048 8411 7559 6917 737
16 9658 3323 2434 7021 28 5277 3448 1476 4456 1437 3600 528 4364 2475 1347 7951
17 2893 5486 1424 1394 470 4001 8045 2466 5696 1661 4284 9767 3019 6019 1788 828 7343
17 7630 2596 173 7743 6561 8592 8944 2496 1765 5121 4504 3327 4510 6314 4269 9650 8267
31 8784 9705 6710 4246 417 4914 9634 2377 3657 4195 8187 7829 7287 7245 1179 1960 4384 90 8976 8359 5136 5496 5 3917 201 299 8451 8707 107 5774 1009
21 8798 7490 5310 543 9607 2025 8933 3501 5741 8668 653 4461 7942 4283 7785 5595 4785 5224 1919 6355 7953
18 194 8492 2634 5959 6928 9324 7345 6211 5740 5203 6092 3250 4272 6335 9178 9956 6096 3456
17 6582 2948 5405 4472 4964 9335 1941 3967 3342 4082 3187 6477 6217 926 1722 4923 3698
18 2021 3699 9378 9643 1749 5217 5355 8034 8475 2524 5768 764 4230 9126 3612 5776 390 131
26 7494 8155 655 629 2180 6121 9701 9823 7726 2164 5514 2325 1307 1034 2911 226 3852 9431 3882 1303 4759 4273 1645 5390 1887 4861
25 9273 1276 6021 7516 969 531 1875 8004 5537 1310 2837 9460 5288 9605 7032 8600 8702 5469 7540 60 3140 9781 51 8900 4308
24 8412 9944 2605 9410 5298 1198 3160 3461 5351 6888 8159 4992 1668 7142 1816 9389 5925 6411 4226 7959 7977 6676 2376 4140
21 76 1169 6848 2722 510 2611 8297 8643 8969 7589 8270 1242 9703 747 5647 6500 5596 9120 5508 4719 7002
25 6132 3451 5835 106 9620 3216 516 9185 542 4372 1566 4012 7520 2003 1953 4161 8495 6396 3423 6007 9351 7160 5876 3500 4741
29 3475 2657 7465 506 3721 9492 5699 3319 397 161 2444 9077 4219 5929 9724 9268 4710 1753 1291 1167 2570 1268 6037 79 5177 8522 3113 6978 1439
14 9072 399 5092 7195 5807 4148 8986 2555 2493 3642 669 8083 1576 2457
24 553 5952 1182 6331 2052 2011 9023 4840 9302 1696 7848 7897 7872 2137 3896 6227 755 1367 3837 160 8336 8838 4374 9005
14 1316 687 1155 171 9308 276 5905 5580 5767 1514 3613 2550 8195 383
22 6946 74 5263 6067 8876 9357 7259 3247 1932 7397 5313 4831 5165 2063 33 9181 7932 1847 7751 6354 4723 1633
29 4848 4502 168 9757 2967 1550 1272 7912 992 3062 7628 821 1309 65 7793 9167 6325 4722 50 4051 1162 1321 932 9279 401 7310 3928 2677 2597
22 876 6213 7274 4406 3846 4638 7077 5219 2413 8366 9788 673 1606 3273 9434 4671 18 5459 2671 7358 1226 5476
14 589 7425 6945 1590 2872 7798 2726 783 9296 7530 9922 948 8625 9887
12 9686 9358 5109 7851 5030 5197 5320 1894 7303 6295 7024 9146
17 2805 2947 3962 9725 7137 4573 9253 6055 6105 5657 5252 9745 8482 7044 4728 1088 8499
18 6562 7610 1876 304 2407 1535 5804 4613 6353 5898 7675 7756 103 8526 1238 6315 7202 7472
21 376 475 596 2653 9419 4117 929 2404 9298 3811 8107 5851 1554 9672 351 7031 8508 983 8907 6350 1300
12 7650 5908 1541 8170 7651 9856 6766 4174 139 1654 1642 8654
19 1428 7090 8624 42 9230 2584 8151 2826 9855 7852 8818 5378 8503 8409 5364 5051 13 108 8939
20 3722 5123 1130 4988 2762 6374 4234 2834 9479 8172 8068 2050 9455 2604 602 5431 6051 1202 8238 6534
22 7555 8510 8018 2899 2477 4942 6081 6970 8961 8807 1342 904 167 5053 4146 2022 7821 6281 2730 1732 7733 3048
6 486 7170 5960 5048 535 7899
18 3731 9038 1117 2670 537 8325 600 3438 6010 7500 1044 2946 7136 5175 1540 2940 6212 3631
17 4698 9337 9553 4449 4524 7921 2572 413 2347 9147 7892 8152 3417 4606 994 3934 5273
17 8620 1004 8007 9867 2715 3379 9244 2868 6117 9413 2354 2752 9599 3728 6294 1312 1562
28 1869 5510 135 3129 8856 6903 9527 100 8445 661 3531 3466 3904 5962 9333 863 6298 3511 45 4030 4614 3964 8095 2310 1258 4041 8279 2152
26 6942 3605 8835 8079 1908 7203 4798 444 3073 9165 7770 8063 9376 4232 2793 2768 2004 7168 3567 5577 259 1636 7374 4402 7968 1813
27 1986 1955 4376 1580 9297 6537 5433 6652 9457 2648 2082 2304 6181 6102 4608 9231 2088 2394 1808 6230 323 5616 9749 9525 573 3860 2755
30 1221 8203 2639 6356 4139 2745 128 5584 5783 4007 2732 7415 4085 9208 4628 2842 9889 5512 9542 5168 2646 7027 1358 3801 427 7053 8124 9336 432 44
18 1709 4625 5810 9092 8067 4106 8729 5759 3363 7736 2772 752 5850 9669 4817 4298 5659 6444
6 8886 1933 9588 736 5296 4320
19 550 9089 4060 7488 4550 1396 484 4096 9688 9895 2672 1648 8837 9552 7244 5047 2329 8275 9088
39 6900 6656 3197 8736 739 1438 2838 3424 277 7255 1054 8682 3789 9012 1232 3290 3701 6589 9238 4344 8851 5603 1964 2667 2552 6077 5761 2800 2849 2066 5935 1153 9531 9555 944 7980 9461 3172 4509
28 1240 6012 6729 2686 853 9537 5366 607 355 395 11 2479 611 2645 9547 1165 5249 4182 6086 4721 7518 9280 911 8053 504 7390 962 3238
21 156 6659 5070 4924 2126 9163 5267 2766 7528 71 9017 5035 8443 4508 1906 9580 2876 9811 9668 8770 9938
16 9848 3645 9697 8318 5428 8660 8358 2739 2844 1730 1205 2318 8943 6664 2822 4812
26 5090 7226 7690 2577 9738 7792 2442 5838 3393 4832 3173 8431 6859 290 6224 7747 3804 8537 1397 4769 9616 9384 9211 3838 5666 5362
12 5498 2700 7029 4732 4982 9653 1280 8365 6955 6761 8716 7814
16 9687 4496 4163 8811 9630 4388 7782 1119 7560 9780 8006 8221 8923 8230 3224 3286
29 1313 8133 8747 3083 3054 8796 5779 772 2121 6902 9729 4776 5329 2033 9103 7167 4356 905 4175 3610 7059 17 6289 8322 644 7781 2865 9097 3413
16 742 5733 5039 1643 1073 7175 5703 9772 5096 9197 1574 6576 1093 2540 2287 2170
20 921 199 3482 9912 30 2115 120 4491 2048 4626 8810 3955 3473 6303 8914 2873 5683 6614 8319 5003
21 3338 9712 7933 5684 6921 105 8017 4800 4093 4165 8651 7330 5164 5564 954 7597 8061 5551 8468 143 1892
18 852 4371 6235 5105 7661 9248 3700 538 1274 8058 2638 2795 1659 366 556 7758 1191 4158
24 5287 9158 3122 4244 7698 5306 4365 85 7745 5002 7179 4237 6947 5509 2918 3981 6108 8391 9747 8714 9271 2820 4556 3153
18 5064 4734 4539 2580 1320 7737 1965 198 8126 9108 912 7317 9448 8561 7719 8265 3076 1408
17 9462 8646 2526 9299 450 5945 2890 3980 1577 3183 9051 8460 898 6242 1128 9614 5817
19 2706 2852 6446 5844 1946 3210 2979 9368 1588 2229 2557 8525 3132 8845 2815 5492 488 9642 7460
10 3774 6791 4956 7023 3971 5331 7219 571 9885 2172
13 693 2406 3237 5993 2811 8619 7295 8165 770 8078 6330 1174 8897
21 5457 1030 4541 8801 4113 3082 2561 3222 7271 5140 2027 6256 9755 7328 1337 6542 7739 8738 8879 6470 8120
15 2777 7153 6174 9399 340 6028 5770 7955 6468 5677 5432 8467 9396 2100 7833
17 6009 2173 7457 7508 1979 6925 9652 7461 6344 8473 8975 1572 4261 2131 4599 7742 3850
11 8200 5518 3297 205 1036 16 3184 5644 5162 8008 6624
27 4184 8832 565 9382 511 6023 4355 9812 6672 3496 4101 8562 3895 2034 517 9748 1918 2796 9946 6667 4118 4580 2987 7192 2814 7391 2408
21 871 7010 6426 5074 990 5041 8764 2994 2882 5619 185 7667 1462 1126 1225 667 2905 4697 1149 7146 8594
22 4704 6771 5766 5112 7636 1859 3717 2246 5658 9361 1461 7727 3805 7815 9245 440 5884 5118 7100 4040 3012 2659
8 8679 8934 9041 2767 3492 8666 7673 4978
18 378 8434 5678 9512 2290 7931 3434 5100 2945 8650 285 6106 8632 1442 4427 4015 2463 9909
11 1789 8568 8441 1249 2035 5274 1927 9398 2886 8941 7681
17 8830 4358 7502 4173 4468 777 6339 3412 8822 6720 9849 3206 8454 8964 2594 1301 4095
12 688 9444 6658 6447 3060 4419 4412 3523 888 9067 3644 6273
9 1821 6564 5634 1080 7702 4901 2243 4133 2862
13 6855 3659 1925 8307 8751 191 4983 7359 652 4251 3407 3637 3712
27 5282 7638 3991 9562 4410 6119 9742 9657 9262 5451 5453 5674 6625 2850 8109 1842 4572 5484 5145 2725 750 3179 9206 7989 579 2816 7969
24 9464 3976 6526 4034 7043 2702 6056 7296 897 6312 8242 8532 6682 7659 2487 6516 148 451 5248 6249 7996 5987 3514 3517
32 8699 3572 2006 6192 6493 2973 6711 1201 6454 5503 9118 7642 2975 5193 8026 9790 7334 272 6178 1448 614 5255 2517 460 3151 255 2038 7189 2289 5652 5825 8232
33 190 2536 5881 3564 4885 3024 4910 718 3170 1723 2780 7994 4481 5809 1480 1282 4777 3999 2431 9929 3598 3361 8887 4926 1987 7744 2182 1526 6700 5095 7402 590 5108
33 9556 627 1518 6922 6029 5656 1637 1175 8037 8951 4658 6413 5700 387 536 5262 4688 3570 6747 7106 4762 815 3242 9415 503 9567 2192 4445 6153 6999 9782 7783 20
21 9179 6141 5241 1804 1211 8094 8901 4857 2931 883 4773 2024 9170 8513 1229 7050 2823 9854 1400 998 5836
19 7816 4274 1239 7830 6223 7857 2443 3973 4407 7101 4152 5327 1026 4928 7241 6637 7577 3158 1652
25 8440 7446 3066 8791 6985 102 6818 2663 8485 8742 4072 7924 6522 6678 7125 5114 9664 2469 5229 3595 2091 1390 6384 421 3313
21 7988 5260 8662 8687 215 8339 508 3776 1388 6231 2630 4647 5144 5290 5346 1107 2692 4531 5555 1982 73
24 9100 9065 66 7915 832 5021 3454 5314 9110 9379 7265 8294 4771 4211 6628 2392 9893 1085 7288 4900 6291 2818 818 3857
26 6220 3885 3542 3051 8785 2817 1768 2809 8182 9159 8988 3011 2535 5872 8400 7734 3006 1748 2242 964 5736 5348 2196 3041 1868 913
24 9497 8653 5830 1595 8597 5182 674 1048 9321 6513 2740 1029 889 4322 6918 4943 7408 5895 7606 7517 4192 1087 2130 6828
29 3029 7398 3067 5541 4873 7172 9549 3632 8167 5803 5107 7574 1872 5910 9822 3970 1598 991 4442 5073 2371 6103 9221 4000 5084 3277 1379 2579 5404
20 3537 633 1256 4409 6094 5008 4403 8259 3487 985 9661 8504 4500 3548 9984 4811 8141 3014 3223 8002
20 4973 6575 6474 578 7648 5701 9478 1283 5221 4712 9843 4565 6578 6792 2995 5316 8389 2337 7228 6569
21 2480 9341 3102 6699 5470 3101 1612 7790 8749 4902 2428 9760 5151 2855 5190 5438 149 1479 6994 1157 9499
17 4249 2373 6059 9157 2513 3946 7627 4746 8665 4960 6801 8598 8457 3766 9507 3298 7181
21 3398 6305 7759 7019 4656 8585 586 1218 2537 3039 6187 5622 3847 4100 3515 4492 6914 8959 6300 9404 5244
15 4068 3117 3075 8334 350 2462 6949 9807 7800 8608 7826 1849 4339 5157 2492
22 3669 4615 3930 833 9948 4819 6378 2684 6495 2047 8860 2139 8140 5671 5416 2953 3304 7496 4383 5973 4047 7001
15 7940 6352 1967 9043 2037 2565 7124 6727 9989 2619 1623 6443 1703 2698 8119
13 1670 78 2859 4016 8829 4239 5840 1594 2689 4823 1350 7251 9069
18 9817 1431 8312 7666 5915 7807 3072 6974 1071 4856 4612 8757 9301 2502 3965 4554 5408 3069
34 8055 9473 8213 9306 3947 6836 1830 9654 2140 2235 2167 9199 3532 326 352 6566 4582 4477 5083 6423 8293 7016 7718 6733 7315 785 2283 1092 7426 7946 603 5264 9123 3064
15 6333 3940 509 3293 1277 4503 5502 2237 3516 9184 7242 6226 6371 8222 1653
15 2710 8991 8051 279 8281 3752 5200 8041 7835 6725 6323 3591 8523 6302 2554
23 3445 6058 9282 3036 3952 409 4884 7034 7080 7277 1314 4621 8258 9865 2485 2750 5745 5570 3959 7450 2836 5446 6770
32 4349 4794 2539 4455 699 7663 8272 2885 6584 5690 6159 4497 6741 3494 1391 5702 4198 5747 829 9222 237 7822 9056 8286 7485 1362 8863 3427 3059 1699 1327 4296
24 6244 7882 7558 2969 9284 4340 434 6146 5625 3660 8584 4368 2895 3954 4254 2728 5521 4378 4680 5753 5024 7649 1472 2909
14 894 3256 4786 7960 4262 6180 6936 8623 4946 7095 5883 4735 9443 9711
24 6765 7085 9078 3220 6402 9684 8909 5782 5725 6839 4453 6692 67 3234 5350 7497 5762 2096 349 7154 3571 3322 4961 8269
21 5347 8868 4938 8554 3326 9156 3469 9322 2122 6681 5734 3074 1707 558 2858 8202 8971 7184 3020 3559 8925
24 5500 8629 328 5507 9830 1729 6503 3263 3477 164 7150 6066 461 3135 6297 7754 5980 3431 2812 5604 8384 1923 4760 8012
21 2338 950 5815 4119 8413 782 6283 8416 7587 3449 3689 3061 5754 8663 6157 362 2488 8226 5493 2926 1207
19 2954 2220 2178 4989 6898 624 7037 9958 8574 9683 5385 548 4632 6046 4303 7997 7954 2273 7566
27 3849 5369 5554 5746 4164 4657 6000 4291 7479 8761 847 7503 2680 4204 4443 6346 3392 9375 1298 8354 9295 9957 5015 2933 6145 5376 3749
23 481 4761 2382 4826 5712 1496 425 1553 5994 3099 5005 153 3763 5411 3137 2405 952 7290 648 5949 2593 3630 3378
15 7609 3292 9659 8247 6359 5589 6687 3519 2454 5462 9792 5588 6022 702 2363
23 210 856 5892 6089 3949 8667 319 544 680 4824 8748 1854 9021 1548 1360 5258 3464 1484 5549 4820 2908 9172 8744
20 9030 3426 9575 9255 9068 6618 799 5632 7761 561 9880 8115 7419 3178 40 1976 9967 8276 5821 9573
14 8996 2330 1203 1561 4651 2057 3296 7854 3015 5489 6049 438 1064 9765
18 6484 2209 4595 4147 1016 4135 6320 7970 5216 1487 4859 6976 3283 4354 4448 2251 1452 6690
21 533 4686 9042 4326 3205 6832 3782 2059 5268 4043 7187 5639 7056 3235 3661 664 5749 3455 3741 3633 1293
20 7438 2937 8506 2790 2234 3345 8616 6648 9083 5664 3013 6369 9791 1056 959 5078 1575 2880 869 7017
19 9869 7677 7934 2464 6247 3453 9526 5291 1443 2335 3079 8793 3312 5475 1292 5412 8913 6606 805
25 2216 9595 6739 4782 6078 7595 4141 7631 7811 5452 5708 8550 7507 940 1666 2350 6937 4809 1296 4567 5831 9119 3853 3620 7264
20 1111 1260 1422 6966 6674 4561 6038 3142 3592 6948 5106 4357 5805 6790 4176 4513 3676 2936 7688 8430
20 4744 6850 5211 3524 5420 7363 4915 6478 8997 3034 2222 3935 6612 8540 936 6817 2133 5293 2617 391
27 3354 5516 1777 6886 1181 9952 3098 8945 5777 2753 8027 6389 1905 5135 3650 2769 3305 3353 3730 1786 3684 5044 7039 5926 1086 242 8463
24 3017 3050 6202 2118 5686 8595 3530 6910 8918 6856 515 9232 2197 6938 6869 7121 9502 973 5176 9387 7863 1095 7625 1662
24 1949 3565 1693 4099 5238 9002 2054 2125 8493 9132 7286 6391 1446 3832 7532 2381 6899 4753 333 6621 4218 4220 7676 7615
22 6567 9751 1346 6523 2453 3465 8160 4278 1121 2916 495 9624 5635 2144 8117 4763 4998 7051 7918 4641 5294 9484
18 5169 2556 6380 7392 979 1746 97 8478 9034 3634 2527 5750 3254 810 3324 4127 9993 1898
24 4080 3490 497 8059 9743 7668 4872 9062 8937 8150 3754 3016 7094 5793 7945 3018 9998 1624 1762 6065 301 4479 5414 8948
20 415 8207 6601 7513 8843 320 581 4221 5670 6225 5247 4229 3563 1694 8162 8538 4691 955 4242 1185
19 8028 9160 4701 230 6452 8427 7107 8186 1187 8805 9028 1380 2194 3681 4473 176 6241 2409 1150
25 8448 4020 5602 2690 9685 5756 330 8820 3211 9240 8917 8284 8335 9440 8116 9991 1383 5946 5506 756 6958 4994 1542 3558 9759
23 507 3502 2473 3901 3317 3261 1098 7267 1236 2771 6318 2368 8974 9047 7291 9040 5812 7079 7591 393 3662 2786 3107
25 315 2711 3092 1223 5816 5017 4088 6280 1460 252 8194 5156 7004 1513 1787 361 3624 4306 9491 3001 8206 1812 9257 7844 532
33 3444 7463 4855 610 6767 5218 8783 2357 271 7927 5425 8426 1430 81 9858 865 6243 9539 7633 5133 8743 1486 9143 9437 5117 3303 5110 6528 9739 899 5811 6 9532
20 3778 9070 5888 5557 5394 5650 8906 7966 539 6726 5707 8248 8295 1936 269 5010 7878 7311 980 1136
26 2056 7884 502 4957 9524 4441 5279 8766 5380 134 3194 6064 7529 5181 5505 4912 1166 3889 6136 2704 4079 562 8755 2334 2961 392
32 2538 9246 2641 2957 6206 9487 9543 9190 5006 823 354 4366 5998 1193 6218 1700 1523 5099 9469 3027 3844 3900 4212 5924 1881 6074 9591 5989 3447 8156 4929 7281
19 8035 7448 7386 3439 4930 7643 5481 7680 5614 4862 7871 5353 2582 9648 8082 5325 2257 1082 4488
34 8310 4377 769 9411 9799 2531 1332 7687 6123 2791 9768 3601 5856 2401 8425 4299 7787 5285 2997 494 6062 141 2835 9758 3433 4144 3299 220 1615 3890 7218 3023 2843 5828
26 6135 1090 8548 4661 6125 9286 4228 2741 5214 9947 4645 636 938 490 2694 9821 6880 8469 7623 9312 5572 324 3957 6481 2070 6935
7 3161 5997 4745 2749 6775 7268 807
24 2436 1697 7000 248 439 95 9680 989 8529 3258 6563 2760 4768 3428 7883 8177 6540 8344 654 5561 4361 7368 4755 9714
27 8978 5517 2143 47 6360 7579 7535 1338 7380 7926 5532 5104 77 4336 5630 6691 6219 2029 2202 8197 5142 4577 7753 7992 1549 5454 8069
15 9436 2284 5778 2595 7583 7624 7201 7584 651 4367 8528 763 163 4337 3440
15 408 8819 5375 3948 8881 1610 5877 3186 3356 2612 3835 2968 5198 3080 9309
23 4507 7337 7211 3510 1508 2291 7512 7103 6580 9844 1255 9441 658 6820 26 243 1763 3996 855 4808 5339 1751 9568
30 2296 5727 6843 6558 6877 4194 9874 7557 6849 3666 1627 3215 3680 3022 4772 3905 6617 6932 4457 9480 7352 5326 559 7836 2258 9488 8658 9878 5788 3569
21 935 5621 3512 2128 4347 8188 1199 1168 5120 6134 8576 8476 4738 6696 2678 7204 9076 4757 5599 4281 6650
16 6222 2984 7411 819 9826 967 5094 5801 7247 1818 8235 5419 7898 5842 5889 6311
22 4863 4003 7434 1843 98 3414 4035 2982 8099 5556 714 9456 6362 1858 5772 2624 1797 7973 3031 3533 9439 762
18 1186 8588 9806 3370 9138 1433 9392 5097 594 7599 1622 2894 3911 5918 6348 5130 9117 4662
15 379 1660 8617 7068 694 5102 8565 3389 8031 4265 4005 631 7215 4042 6080
22 8104 9627 7704 3603 780 4720 5698 1655 7275 3986 6908 4121 5000 6301 9331 5482 1426 9986 6509 8251 2145 7568
9 4523 9372 9732 5461 1385 5536 5874 4341 7252
14 2359 1459 9366 207 9877 860 5365 6104 1083 5544 1878 9794 1726 1958
22 6239 6669 4807 3199 608 708 4709 5062 6680 6042 8958 8721 4936 9798 8132 5897 1793 784 441 4747 5937 3713
20 7319 332 9586 428 7191 454 7176 8741 275 8224 8299 4210 8215 8014 3037 2503 2481 251 9024 9198
18 9613 284 9897 9737 8239 1474 880 684 1525 5088 2097 2655 8240 2879 6626 6616 5460 7731
21 1177 7372 3594 2896 3802 7209 6615 1537 1947 9800 2159 7510 7817 7351 2668 1440 4972 8345 4022 6365 8201
19 5711 4154 2230 1062 1942 3169 5382 3278 8481 5610 8935 9762 3525 9541 7476 6193 1285 1691 4292
22 8566 7224 7248 482 1102 1326 4024 1944 5764 582 2923 7720 5139 3820 5490 2204 4380 3285 4416 5463 9533 8726
29 2356 372 961 5406 9888 6485 7293 9052 7846 9412 8198 6410 8614 4940 1324 35 8995 4617 7145 839 8661 2977 584 8704 4381 9099 1216 0 6285
22 400 9965 1995 6003 1628 8940 2654 8486 4123 3315 9784 6116 9239 3165 4925 6397 6432 4600 4542 8685 9977 8278
15 8245 6197 10 7492 9135 9862 2306 7708 7672 3864 9600 1131 8572 4324 8046
30 2507 55 583 8262 1605 7180 8848 6851 4421 8376 6168 5771 895 6261 2825 9836 8800 4397 1297 1217 7697 2311 2156 4754 767 4465 576 3337 6087 4193
10 8599 798 1744 5928 5467 2226 3797 5072 9454 3275
24 2074 6951 1170 9064 3058 6756 1100 6809 9364 2397 6268 3432 4092 8857 4073 9053 3711 1289 6728 6611 3388 8891 9467 9850
24 2147 9104 1503 9631 1625 2333 4854 115 1521 1679 1736 5384 1094 6072 7765 8839 914 2353 1935 4310 336 845 1663 4277
30 3149 8420 3239 6780 219 9405 7114 2748 6110 1251 7117 730 318 7174 150 846 1046 4953 5608 9593 6262 412 9665 1331 21 9258 4275 6158 4181 4778
18 6076 5426 9516 4584 5941 9474 4351 152 4482 2155 7388 5893 5531 6768 165 7123 4122 6063
36 4059 6783 1305 541 24 2920 3410 1407 1447 3575 9128 8021 9559 2426 4202 5487 2323 2470 2642 965 3181 4533 151 4690 2765 977 6891 9428 850 7354 6214 4438 1586 6545 4332 7834
15 9289 313 2928 4089 254 9872 7971 6319 9055 7280 609 748 5773 1713 8364
35 3156 5497 2020 9305 61 2278 4742 7140 7156 4511 6455 8786 8410 498 2881 1453 7686 353 7193 6255 4899 1772 9548 9583 3452 9667 3526 9124 7423 2807 7771 1035 1375 9294 302
30 8271 477 8932 3276 3384 6044 5636 41 5955 4575 8128 8173 7732 7282 5662 7762 3597 8244 4335 3004 8153 420 9528 8998 5912 3240 4252 2628 1156 6559
28 4984 4056 4428 4648 3409 7585 2031 7435 2036 1352 4404 7682 4224 5660 3308 6272 1741 3227 723 6184 6759 1354 2499 1333 7382 5011 1173 3284
26 3457 4307 7877 6502 8787 8302 1406 2523 825 7870 9495 6245 3685 5540 5124 3767 5763 6847 9594 7978 2615 3265 5637 4700 8216 231
24 2324 6361 3918 1609 3236 5049 8274 3188 6550 4666 2119 6357 2171 3163 7778 4470 1007 592 4548 5597 471 2806 6993 4185
21 3430 4781 1010 9485 6430 2132 5495 249 1024 4559 4810 3503 2002 706 746 3978 9323 9875 4530 8199 2563
20 9109 1634 267 1369 2754 867 5045 7842 2978 3977 1042 2991 9578 8676 5374 8809 3995 8861 3180 437
24 1492 9166 4706 554 4583 8277 2649 1 1685 7847 5899 6907 8348 1416 2309 5167 2364 7082 6499 3809 54 2998 2134 8196
23 3540 7186 6053 3396 5491 212 2000 382 6630 4074 774 744 5909 3330 5019 4183 5781 7157 4640 5410 2300 685 8423
19 3557 3833 4493 8421 5847 6460 3915 4433 4802 2965 1171 4748 7788 6988 9663 6099 5485 322 9311
11 2981 5593 5864 1920 5170 3759 5919 3252 7813 3848 5399
16 3739 4450 137 4944 9949 6416 7340 3387 3081 6431 8180 9966 6015 831 9639 6258
26 3527 5227 3826 6924 9691 8573 2566 8892 6409 3566 9647 1110 5933 4705 1891 3536 5687 1538 8778 6267 6773 1782 9266 879 3903 9770
33 5299 4094 1066 2559 2576 519 606 7849 3697 7188 3005 8158 394 1142 5295 4029 7840 7665 8254 8298 6306 8268 3271 7534 4415 3906 179 8356 5098 7395 9058 6933 2851
26 7198 2714 3103 8328 4624 6529 8915 8536 1565 3779 6989 3909 4125 776 1468 5171 6581 6176 6229 6995 6207 6349 3902 1708 630 3931
17 4629 5437 8500 369 601 5373 4032 698 3926 2416 4997 4751 3504 8762 3611 4766 452
30 6807 7861 222 2912 2828 3049 9347 7210 8323 2782 6536 5920 4205 1245 8609 7498 7562 7081 595 643 3395 4107 8828 2201 1712 8110 1682 6514 1961 7964
32 2949 6706 8518 9707 2429 5902 3333 741 4693 9046 9191 2079 2293 1267 7867 9071 7097 1721 384 6382 1775 9001 1720 3300 522 5401 5257 6769 6795 1801 9472 1507
14 8546 8038 9741 5559 2501 4950 9708 1096 5618 9601 3198 995 5138 5545
30 9409 8708 8179 8698 6418 1384 6139 817 9851 3891 3990 1794 3068 3910 8774 2495 8373 6904 5862 7635 1368 2500 4639 4480 7478 257 2491 7524 4931 3984
1 1114
26 445 1543 677 7499 5716 1883 4882 3596 9452 8586 4223 4084 2112 6399 2270 7014 4405 4114 4498 2308 9509 4774 3703 7767 2298 1758
24 2166 5808 8449 7129 200 435 2198 8073 5858 9130 1977 3785 6420 6622 7130 1237 7729 9883 8387 9726 4162 8304 6124 2326
1 9359
1 7621
26 1833 4495 4586 3546 9514 7320 1735 9267 9890 2422 5511 3116 3468 7662 5679 5913 6543 9403 4373 9840 4952 836 5669 5896 8802 2770
35 5300 672 3817 4618 6002 1528 1815 3743 5027 7810 3257 4112 8209 8370 448 3830 146 9819 2250 2518 4990 3740 7194 9987 3232 5344 6830 4971 4963 8929 8048 1931 6390 1288 7509
1 5886
1 9360
17 9140 5235 6961 9626 3245 7329 1860 8715 3989 7428 6004 1835 2857 1564 4065 8402 8753
3 3709 3246 7527
19 8342 9216 6404 3579 5358 1734 5990 8157 2455 2511 9345 9182 9735 9833 524 9229 2343 8931 3827
27 4839 9003 1097 4894 6160 9901 6649 9187 8739 1852 2742 1689 5381 6133 4913 8780 2393 2898 7679 984 8549 605 9978 2191 8070 3229 7356
16 3253 1888 920 4098 9523 3667 696 9649 1363 1959 9011 2731 7342 908 7760 722
25 6607 5424 4387 1013 5387 3869 3334 7373 4207 9458 9752 9731 3231 6013 7546 5036 4235 1533 7292 3822 8097 264 9644 7519 1478
29 3549 9393 2571 88 5860 273 157 9207 7064 7640 5341 902 4260 9920 9636 493 8040 7239 881 6114 3508 7930 6531 6363 3609 31 262 418 2138
14 2883 297 423 4008 2720 6424 1773 9463 6875 7876 6293 39 5914 7061
1 5968
1 180
1 773
27 3167 2008 4788 6694 7141 7230 9544 5654 7768 8803 9180 8447 5359 2543 3751 5317 3635 5986 6588 7096 6683 5936 8633 1698 5147 3887 6246
17 1138 7399 3281 7911 1724 5743 8557 6752 4208 2783 5626 6512 6034 5307 4138 9569 204
26 4494 5440 5402 8728 8962 7553 2233 9402 6164 9744 1227 6313 3026 2075 3773 9810 928 8064 7113 4853 3272 4898 1118 7904 8607 8375
16 4379 3988 8675 4601 4346 5192 7993 2512 2915 8792 854 6200 7387 1676 4420 3028
27 9847 9283 585 7318 6277 4877 1323 3176 2942 4537 6473 3114 3325 2551 7344 6480 8237 7466 8029 9754 9919 8340 4052 4678 4311 5159 4783
1 1555
2 4528 5578
33 303 7040 5598 5769 1664 1993 8406 8329 3471 9852 726 4071 1524 9633 5054 7730 5034 849 6927 459 1415 189 129 8228 2808 2438 6264 9519 613 6441 7937 9637 4841
25 2519 1005 9979 957 3008 7711 6786 580 6475 1512 442 5724 4602 4830 6548 5134 3694 6154 5789 5961 5705 6520 7985 7115 8865
1 4469
21 1978 6689 8587 9820 9976 7229 6269 1674 8346 8902 951 1640 657 5553 1706 8946 4363 7917 5977 5439 6693
30 9084 2941 3442 6831 9020 7475 3651 6304 5086 5887 1252 5748 9681 4546 645 9177 9381 6274 8326 1322 7086 80 288 2478 3091 6032 8080 1356 7133 4399
14 1757 3855 8640 7965 2432 2313 8489 5304 567 2869 6884 4836 23 1545
22 5324 8703 2917 84 734 1879 1315 7455 1353 9670 864 1651 5954 2578 1281 6662 388 6462 8218 8815 7521 7362
24 6670 117 375 8564 113 2738 2788 7864 457 7028 5710 1755 1365 8768 8189 6762 6251 1286 3507 2693 1435 2433 1882 2269
2 9044 2951
16 187 713 3307 2135 5161 8509 3025 5971 6412 5343 4815 9815 9804 4673 4636 4646
2 9763 9520
3 7613 9451 5891
2 1319 2430
2 1067 7600
14 5693 9675 8395 6794 8086 8459 7430 6208 9702 9105 6825 933 1844 446
6 8968 9750 1262 3792 9608 5225
2 4070 5478
15 4214 29 4475 6150 3311 656 209 7152 3829 3429 6737 7316 1781 6129 9723
12 7952 3629 7799 2316 3607 8204 5721 9579 7122 389 5272 6889
19 3371 3030 3692 6815 4687 1113 3168 4635 6340 5732 9666 9964 5158 7501 907 3818 456 9353 7147
15 5717 9679 2986 8149 6654 2774 7020 3138 6155 5917 6647 2346 4390 7182 8013
8 1992 6198 9581 2327 6456 7891 7284 7025
14 5018 7429 6695 6263 6822 5222 2589 6740 5377 3865 3403 9385 4006 4483
11 3693 9090 1228 4196 9996 3191 1838 7379 872 6600 1680
2 1376 8722
15 1867 7401 5335 8175 5445 2247 8458 5885 3758 4637 9985 2288 9489 4476 1403
6 6541 268 568 789 7464 4793
2 3614 9868
5 8303 2007 3185 1510 2090
2 5441 5230
13 4758 6228 5868 7956 1414 8290 7314 6327 8464 6173 8020 6190 2625
2 9251 8824
16 4078 7657 8950 6466 3249 2465 7104 1515 3104 8477 1784 3368 127 6597 5829 2758
13 1273 6381 700 5970 4842 7889 5237 3655 8731 1904 1421 1381 5059
4 3760 9999 8606 3204
16 8292 2061 3555 9291 7088 7561 4255 9845 640 1913 4150 2240 4245 4939 2534 9824
2 9252 7632
2 7444 5513
13 9563 6724 6901 8024 489 9935 1970 9503 7102 8353 1222 2966 9377
2 8192 8253
2 3936 9515
3 1269 1208 1000
12 1040 6663 4143 6916 6965 4090 3640 874 513 6634 9925 7773
2 4411 9803
2 8306 1015
5 4058 8102 5245 3381 978
2 9483 3341
7 3055 7929 6633 1866 6913 7355 1339
2 364 8730
5 9954 9921 3733 4191 4996
2 1778 1159
2 8071 8433
3 1817 6644 2746
1 4027
2 5091 8139
14 9313 2695 4309 9325 7070 8840 5615 9137 2123 2026 9640 4525 2212 3491
6 1399 8895 8885 7338 4116 2813
4 1560 1194 4011 4818
4 476 8397 7304 4779
10 3090 4435 9619 1209 7928 7709 3294 7119 6879 6686
6 8088 5813 3359 3771 2175 7820
6 306 6665 9764 7723 3097 2606
7 3580 5934 4066 4536 622 368 5226
2 7804 4557
2 2297 2053
2 6377 820
2 2718 5067
2 3608 3560
4 5983 8982 5950 6631
2 1192 8727
9 2735 1335 7957 474 8520 6735 9927 6521 1950
3 8967 1427 8893
4 1776 768 7575 7678
4 549 4948 5480 2445
2 3708 8563
2 1563 1880
2 3358 6753
5 9459 229 8825 9690 9776
2 8965 7206
2 8578 5982
2 8184 6544
2 7325 7909
2 5649 2660
2 5991 2939
2 4829 5903
2 6039 1855
2 3321 6527
2 3647 6517
8 8227 1411 7052 8888 5563 3134 4178 5449
2 2176 8596
2 7716 492
2 9550 7948
2 6321 4941
2 9121 5071
2 3578 4796
2 2418 1344
2 7227 1626
2 3696 3539
2 7468 3207
2 3654 2887
2 563 2573
2 1178 4887
2 1135 7433
2 6252 2736
2 719 3202
2 4679 2591
2 8670 7581
2 2384 4471
2 7013 9287
2 8773 7110
3210 8890 2528 9997 9995 9994 9992 9990 9988 9983 9982 9980 9975 9974 9973 9972 9969 9968 9963 9959 9953 9951 9950 9945 9937 9936 9934 9932 9930 9928 9924 9923 9918 9917 9907 9906 9905 9904 9902 9892 9886 9884 9882 9881 9879 9876 9873 9871 9870 9866 9860 9859 9857 9853 9846 9842 9841 9839 9837 9834 9825 9818 9816 9809 9808 9805 9802 9797 9796 9795 9793 9789 9786 9785 9783 9779 9778 9777 9775 9774 9771 9769 9766 9753 9746 9736 9734 9733 9730 9728 9722 9720 9718 9717 9716 9715 9710 9709 9700 9696 9695 9694 9692 9682 9677 9674 9673 9671 9662 9660 9656 9655 9651 9646 9638 9635 9632 9629 9628 9612 9611 9610 9609 9604 9603 9602 9598 9596 9590 9589 9584 9582 9577 9574 9572 9571 9565 9560 9558 9557 9554 9551 9546 9545 9538 9536 9535 9521 9517 9510 9508 9504 9498 9496 9494 9493 9486 9482 9477 9475 9468 9466 9453 9450 9446 9445 9442 9433 9432 9430 9429 9427 9426 9425 9424 9422 9421 9420 9417 9416 9414 9408 9401 9395 9394 9391 9383 9380 9373 9371 9370 9369 9367 9362 9356 9355 9354 9344 9343 9342 9340 9339 9338 9334 9332 9330 9329 9328 9327 9326 9320 9317 9316 9315 9310 9304 9303 9300 9293 9292 9288 9285 9281 9278 9272 9265 9264 9261 9260 9254 9250 9247 9243 9242 9241 9236 9235 9234 9233 9228 9227 9226 9225 9224 9223 9219 9217 9215 9213 9210 9205 9204 9203 9202 9201 9200 9196 9195 9194 9192 9189 9188 9176 9174 9173 9171 9169 9168 9164 9155 9152 9150 9149 9145 9144 9142 9141 9139 9133 9125 9115 9114 9112 9111 9107 9106 9102 9096 9091 9087 9086 9082 9081 9079 9075 9073 9066 9063 9061 9060 9059 9050 9045 9039 9036 9033 9032 9027 9022 9018 9016 9015 9014 9013 9009 9008 9007 8993 8992 8985 8984 8983 8981 8980 8979 8977 8973 8970 8963 8960 8957 8956 8955 8954 8952 8930 8928 8924 8921 8920 8919 8916 8912 8910 8908 8903 8899 8898 8896 8894 8889 8884 8883 8882 8874 8873 8869 8867 8862 8858 8855 8854 8853 8849 8847 8834 8833 8831 8827 8826 8821 8817 8816 8813 8804 8799 8797 8795 8794 8789 8782 8781 8779 8776 8775 8771 8769 8763 8760 8759 8752 8750 8746 8740 8737 8733 8725 8720 8717 8713 8712 8710 8706 8705 8700 8697 8696 8695 8694 8690 8689 8688 8686 8684 8681 8677 8673 8672 8671 8669 8664 8657 8656 8655 8649 8648 8647 8645 8644 8642 8639 8636 8635 8634 8631 8630 8628 8626 8613 8612 8604 8603 8602 8601 8593 8591 8589 8583 8582 8580 8579 8577 8569 8560 8558 8556 8552 8551 8547 8539 8535 8533 8531 8530 8527 8524 8521 8519 8517 8515 8514 8512 8507 8502 8494 8491 8488 8487 8484 8480 8479 8474 8466 8465 8462 8461 8455 8453 8446 8444 8442 8439 8438 8436 8432 8429 8428 8418 8415 8414 8408 8404 8403 8401 8399 8398 8396 8394 8392 8390 8388 8386 8385 8383 8382 8380 8378 8374 8372 8371 8369 8367 8363 8362 8361 8360 8355 8352 8351 8350 8343 8341 8338 8333 8331 8327 8324 8321 8320 8317 8314 8313 8305 8301 8296 8287 8283 8273 8261 8260 8256 8252 8250 8246 8243 8241 8236 8234 8233 8231 8229 8225 8223 8219 8217 8212 8211 8210 8208 8205 8193 8190 8185 8183 8181 8178 8176 8174 8171 8169 8168 8166 8164 8154 8147 8146 8145 8144 8143 8138 8137 8136 8135 8134 8131 8130 8127 8125 8123 8121 8118 8114 8113 8112 8105 8100 8098 8096 8093 8092 8091 8090 8089 8087 8075 8072 8066 8065 8062 8060 8057 8056 8054 8052 8050 8049 8044 8043 8042 8039 8036 8033 8032 8030 8025 8022 8019 8016 8011 8009 8005 8003 7999 7995 7991 7986 7983 7982 7981 7979 7976 7975 7967 7963 7962 7961 7958 7947 7938 7935 7925 7922 7920 7914 7910 7908 7907 7905 7902 7901 7900 7896 7894 7893 7890 7888 7887 7885 7881 7880 7875 7874 7873 7868 7865 7860 7858 7855 7853 7850 7845 7843 7841 7839 7838 7837 7832 7831 7827 7825 7824 7823 7819 7818 7805 7803 7802 7801 7795 7791 7786 7776 7775 7774 7772 7766 7763 7755 7752 7750 7748 7740 7738 7735 7724 7722 7721 7717 7714 7713 7712 7701 7700 7699 7696 7694 7693 7692 7691 7689 7670 7669 7664 7660 7656 7654 7653 7652 7647 7646 7645 7644 7639 7622 7619 7618 7616 7611 7608 7605 7604 7602 7598 7594 7592 7590 7578 7576 7572 7569 7567 7564 7554 7552 7551 7550 7549 7548 7547 7545 7542 7541 7539 7537 7536 7533 7526 7525 7515 7514 7505 7504 7495 7493 7491 7489 7486 7484 7481 7480 7474 7473 7469 7459 7452 7451 7449 7447 7445 7443 7442 7441 7440 7439 7436 7431 7427 7424 7422 7421 7418 7417 7416 7414 7413 7410 7409 7407 7406 7404 7400 7396 7394 7389 7384 7381 7378 7377 7375 7369 7366 7365 7364 7360 7357 7353 7349 7348 7341 7339 7336 7335 7333 7331 7327 7326 7324 7323 7322 7321 7312 7309 7308 7306 7305 7302 7301 7299 7298 7297 7289 7283 7279 7278 7272 7270 7269 7266 7263 7262 7261 7260 7257 7254 7250 7243 7240 7238 7237 7236 7235 7234 7233 7232 7231 7223 7221 7220 7217 7216 7214 7213 7212 7207 7205 7199 7197 7190 7178 7177 7173 7171 7169 7166 7165 7163 7162 7161 7159 7158 7155 7151 7149 7148 7144 7138 7134 7132 7131 7128 7127 7120 7118 7116 7112 7111 7105 7099 7098 7093 7092 7091 7089 7087 7084 7083 7076 7074 7073 7072 7071 7067 7063 7060 7058 7055 7049 7048 7045 7036 7035 7033 7030 7026 7022 7018 7012 7011 7007 7005 6998 6997 6996 6992 6987 6983 6982 6981 6980 6979 6977 6971 6968 6963 6959 6957 6956 6952 6950 6944 6943 6941 6939 6931 6930 6929 6926 6923 6920 6919 6915 6911 6909 6906 6905 6896 6894 6893 6892 6890 6887 6885 6882 6881 6878 6876 6874 6872 6871 6870 6867 6863 6862 6861 6858 6857 6854 6852 6844 6842 6841 6837 6835 6833 6829 6827 6826 6821 6819 6816 6814 6813 6812 6811 6808 6806 6803 6802 6799 6797 6789 6788 6784 6782 6781 6779 6777 6776 6774 6764 6763 6758 6757 6754 6750 6749 6748 6743 6742 6738 6736 6734 6732 6731 6730 6721 6718 6715 6714 6713 6712 6709 6708 6705 6704 6703 6702 6697 6688 6685 6684 6679 6677 6673 6671 6668 6666 6660 6655 6651 6646 6643 6642 6641 6640 6639 6636 6635 6632 6629 6627 6619 6613 6609 6608 6605 6599 6598 6595 6594 6592 6590 6587 6586 6585 6579 6574 6570 6565 6556 6552 6551 6549 6546 6533 6532 6525 6519 6511 6508 6507 6504 6497 6496 6494 6492 6490 6488 6487 6486 6483 6479 6476 6472 6471 6469 6467 6465 6459 6458 6457 6453 6451 6450 6449 6442 6440 6439 6438 6437 6436 6435 6434 6433 6429 6428 6425 6422 6421 6419 6417 6415 6414 6408 6407 6400 6398 6395 6394 6393 6392 6386 6385 6383 6379 6375 6373 6370 6368 6366 6364 6358 6347 6345 6343 6341 6338 6337 6334 6329 6328 6326 6324 6317 6308 6307 6299 6296 6292 6290 6288 6287 6286 6284 6276 6275 6271 6260 6257 6254 6237 6236 6233 6232 6221 6215 6210 6205 6203 6201 6196 6194 6188 6185 6183 6182 6179 6177 6175 6170 6169 6167 6166 6163 6162 6161 6156 6151 6149 6148 6144 6138 6137 6131 6128 6127 6126 6122 6118 6115 6113 6111 6109 6107 6101 6100 6098 6097 6095 6091 6088 6085 6082 6079 6073 6071 6070 6061 6057 6054 6052 6050 6048 6047 6043 6041 6040 6035 6033 6030 6027 6026 6025 6020 6017 6011 6008 6006 6001 5999 5996 5995 5984 5981 5978 5976 5974 5972 5966 5965 5963 5958 5956 5953 5951 5948 5947 5944 5943 5942 5940 5938 5931 5927 5922 5921 5907 5906 5901 5900 5894 5882 5878 5873 5871 5870 5869 5866 5863 5859 5857 5855 5854 5849 5848 5846 5843 5841 5839 5832 5827 5826 5824 5823 5822 5819 5818 5814 5806 5800 5799 5798 5796 5795 5790 5765 5758 5757 5755 5744 5738 5737 5735 5730 5728 5726 5723 5722 5720 5718 5714 5713 5709 5706 5692 5691 5689 5688 5681 5680 5675 5673 5672 5667 5665 5661 5655 5651 5648 5646 5641 5638 5631 5624 5620 5617 5613 5611 5609 5606 5605 5601 5600 5594 5591 5587 5586 5585 5583 5581 5575 5574 5571 5569 5568 5567 5566 5565 5560 5558 5552 5550 5548 5547 5543 5542 5535 5530 5528 5526 5525 5524 5523 5522 5520 5519 5515 5504 5501 5499 5488 5483 5477 5473 5472 5471 5468 5464 5458 5455 5450 5448 5447 5442 5436 5435 5430 5429 5422 5421 5418 5417 5415 5413 5403 5397 5396 5395 5393 5389 5388 5386 5372 5368 5367 5361 5360 5356 5354 5345 5342 5337 5334 5328 5323 5321 5319 5318 5315 5309 5308 5305 5302 5301 5297 5292 5289 5284 5283 5280 5278 5276 5271 5269 5266 5265 5261 5259 5256 5253 5251 5246 5243 5242 5240 5239 5232 5231 5220 5213 5212 5210 5209 5208 5204 5201 5199 5196 5195 5194 5191 5187 5184 5183 5180 5173 5172 5166 5163 5160 5155 5154 5153 5150 5146 5137 5131 5129 5128 5127 5126 5125 5119 5116 5115 5113 5111 5103 5093 5085 5081 5080 5079 5076 5075 5069 5066 5063 5061 5060 5058 5057 5056 5046 5040 5038 5037 5032 5029 5028 5026 5025 5022 5020 5014 5013 5009 5007 4999 4995 4993 4986 4981 4979 4977 4976 4975 4970 4969 4968 4967 4966 4958 4955 4954 4951 4947 4934 4933 4927 4922 4920 4919 4918 4917 4916 4911 4909 4908 4907 4905 4904 4903 4897 4896 4895 4893 4891 4890 4889 4888 4883 4881 4879 4878 4876 4874 4870 4867 4866 4860 4852 4849 4847 4846 4843 4837 4835 4833 4827 4825 4822 4821 4816 4814 4813 4806 4805 4804 4803 4801 4799 4797 4792 4791 4790 4789 4787 4784 4780 4775 4770 4767 4764 4752 4750 4749 4743 4740 4731 4729 4726 4725 4724 4718 4716 4713 4708 4707 4703 4699 4696 4694 4692 4689 4685 4684 4682 4681 4677 4676 4675 4670 4669 4667 4665 4664 4663 4659 4655 4654 4653 4643 4642 4634 4633 4627 4622 4619 4616 4611 4610 4609 4607 4603 4598 4597 4596 4594 4593 4592 4590 4585 4576 4574 4571 4568 4566 4563 4562 4560 4555 4553 4551 4549 4547 4545 4544 4543 4538 4535 4534 4529 4527 4526 4522 4521 4519 4518 4517 4515 4514 4512 4506 4505 4501 4499 4489 4487 4484 4478 4474 4466 4463 4462 4452 4451 4447 4446 4444 4440 4439 4434 4431 4430 4429 4424 4423 4413 4408 4396 4395 4394 4393 4391 4389 4386 4382 4369 4360 4359 4353 4350 4343 4342 4338 4334 4331 4330 4328 4327 4323 4319 4318 4315 4313 4304 4302 4295 4294 4293 4289 4288 4287 4282 4280 4279 4276 4270 4267 4266 4264 4259 4258 4257 4253 4248 4247 4243 4241 4238 4233 4231 4225 4217 4216 4213 4209 4206 4203 4201 4197 4190 4189 4187 4186 4180 4179 4172 4171 4167 4166 4160 4157 4156 4155 4153 4151 4142 4136 4134 4132 4130 4129 4128 4126 4124 4111 4109 4105 4104 4103 4102 4091 4087 4083 4081 4075 4069 4067 4064 4062 4057 4055 4053 4050 4046 4045 4044 4039 4038 4037 4036 4031 4026 4021 4018 4013 4010 4009 4002 3994 3987 3985 3983 3979 3975 3969 3963 3961 3958 3956 3953 3951 3950 3944 3943 3942 3939 3938 3937 3933 3932 3925 3924 3923 3921 3920 3919 3916 3913 3912 3908 3907 3898 3894 3893 3892 3888 3886 3883 3880 3879 3878 3877 3876 3875 3873 3871 3868 3862 3859 3858 3854 3851 3843 3842 3841 3834 3831 3825 3815 3814 3812 3810 3806 3803 3800 3799 3798 3796 3795 3794 3793 3790 3787 3786 3784 3781 3780 3775 3772 3770 3768 3765 3764 3762 3761 3757 3756 3755 3753 3750 3748 3747 3746 3745 3744 3742 3737 3735 3734 3732 3727 3726 3725 3724 3720 3719 3716 3715 3710 3707 3706 3704 3691 3690 3683 3682 3679 3678 3677 3674 3673 3672 3670 3668 3664 3658 3656 3653 3652 3649 3646 3643 3641 3639 3636 3627 3623 3622 3621 3617 3616 3606 3604 3602 3593 3590 3589 3587 3586 3584 3582 3577 3576 3574 3573 3568 3561 3556 3553 3551 3547 3543 3541 3538 3528 3520 3518 3513 3509 3495 3493 3488 3483 3481 3479 3474 3467 3463 3462 3460 3459 3458 3450 3446 3443 3437 3436 3435 3425 3421 3420 3418 3416 3415 3411 3408 3405 3404 3402 3401 3400 3397 3391 3386 3383 3382 3380 3377 3373 3364 3360 3357 3355 3352 3348 3346 3343 3340 3339 3336 3335 3332 3331 3329 3328 3318 3316 3314 3306 3302 3301 3295 3289 3287 3282 3280 3279 3274 3270 3267 3266 3264 3262 3260 3259 3255 3251 3248 3244 3241 3233 3226 3221 3219 3217 3212 3208 3203 3201 3196 3195 3192 3182 3177 3175 3166 3164 3157 3155 3152 3150 3146 3144 3141 3139 3136 3133 3131 3130 3128 3127 3125 3124 3123 3120 3115 3112 3100 3096 3095 3094 3093 3089 3085 3078 3071 3070 3065 3057 3056 3053 3047 3046 3044 3035 3033 3021 3010 3009 3007 3003 3002 2996 2992 2990 2989 2988 2985 2983 2980 2976 2974 2971 2962 2960 2958 2955 2950 2938 2935 2934 2930 2927 2925 2924 2921 2914 2913 2906 2900 2897 2892 2891 2889 2888 2884 2878 2877 2874 2871 2864 2863 2856 2854 2848 2847 2846 2841 2840 2839 2833 2832 2829 2824 2821 2804 2803 2799 2798 2797 2794 2792 2789 2787 2785 2784 2781 2778 2775 2761 2759 2757 2744 2743 2737 2734 2733 2727 2724 2723 2719 2716 2712 2705 2703 2699 2696 2691 2688 2687 2685 2683 2682 2681 2679 2674 2665 2664 2662 2661 2658 2651 2644 2640 2637 2636 2635 2633 2632 2627 2626 2622 2621 2616 2614 2608 2607 2603 2601 2600 2599 2598 2592 2590 2588 2587 2586 2585 2583 2581 2574 2569 2568 2562 2560 2558 2553 2548 2547 2545 2542 2533 2532 2530 2525 2521 2520 2516 2515 2514 2508 2506 2490 2489 2484 2483 2482 2472 2471 2468 2459 2458 2456 2452 2451 2449 2447 2446 2441 2439 2435 2425 2424 2423 2420 2419 2417 2415 2402 2399 2396 2395 2391 2390 2389 2387 2386 2385 2383 2380 2379 2378 2375 2370 2369 2367 2365 2360 2352 2351 2348 2345 2339 2328 2322 2320 2314 2312 2307 2303 2302 2301 2295 2292 2286 2285 2282 2281 2280 2279 2277 2276 2275 2274 2272 2271 2268 2267 2266 2260 2259 2256 2255 2254 2253 2245 2244 2239 2238 2236 2232 2231 2225 2224 2223 2221 2219 2217 2213 2211 2210 2208 2206 2205 2199 2193 2190 2189 2186 2185 2184 2183 2181 2179 2174 2168 2165 2163 2161 2160 2158 2157 2153 2151 2150 2149 2146 2141 2129 2120 2117 2116 2113 2111 2109 2108 2105 2103 2098 2095 2094 2089 2087 2086 2085 2084 2083 2081 2078 2077 2076 2073 2072 2071 2068 2067 2065 2064 2062 2058 2055 2051 2049 2046 2045 2043 2042 2039 2030 2028 2023 2018 2016 2014 2013 2012 2009 2005 2001 1999 1997 1996 1991 1989 1988 1984 1980 1975 1974 1971 1968 1966 1963 1962 1954 1952 1951 1948 1945 1938 1930 1929 1924 1921 1917 1916 1915 1912 1911 1910 1909 1903 1901 1900 1899 1897 1896 1890 1886 1885 1873 1871 1870 1862 1861 1857 1856 1851 1850 1845 1841 1840 1839 1837 1836 1834 1832 1828 1827 1826 1824 1822 1810 1807 1805 1802 1800 1796 1790 1783 1779 1774 1771 1770 1767 1766 1761 1759 1752 1750 1743 1742 1740 1739 1738 1737 1728 1719 1717 1716 1715 1714 1711 1705 1704 1702 1701 1692 1687 1686 1683 1681 1678 1677 1675 1673 1672 1669 1665 1657 1650 1649 1647 1646 1644 1641 1639 1635 1632 1631 1630 1629 1620 1619 1616 1614 1611 1608 1607 1604 1601 1600 1597 1596 1593 1592 1589 1587 1585 1584 1582 1581 1578 1571 1570 1569 1568 1558 1557 1556 1551 1547 1544 1539 1536 1534 1532 1522 1520 1517 1516 1511 1509 1505 1502 1501 1499 1498 1497 1494 1493 1491 1490 1489 1485 1483 1482 1481 1475 1471 1469 1465 1457 1454 1451 1450 1449 1444 1441 1434 1432 1429 1425 1423 1420 1419 1418 1413 1412 1410 1405 1404 1402 1401 1392 1387 1386 1373 1372 1371 1370 1364 1361 1359 1357 1355 1348 1345 1343 1340 1336 1334 1330 1329 1318 1317 1311 1304 1290 1287 1279 1278 1275 1271 1270 1266 1265 1261 1257 1254 1250 1248 1247 1244 1243 1241 1233 1231 1230 1224 1220 1215 1214 1212 1210 1200 1197 1196 1195 1189 1188 1184 1180 1176 1164 1161 1154 1152 1151 1148 1147 1145 1144 1139 1137 1134 1133 1127 1125 1124 1123 1122 1120 1115 1112 1104 1101 1099 1084 1081 1079 1078 1072 1070 1069 1063 1059 1058 1057 1053 1052 1050 1047 1045 1043 1041 1039 1038 1033 1032 1031 1028 1020 1019 1017 1012 1006 1003 1001 997 993 987 986 981 976 971 970 968 966 963 960 956 953 947 945 941 939 937 934 930 927 925 924 922 919 918 917 916 915 910 909 906 901 896 893 891 890 885 882 878 877 870 866 857 851 848 844 842 841 840 838 837 824 822 816 812 811 809 803 802 801 797 796 791 788 786 781 779 778 775 771 765 761 760 759 758 751 749 743 738 735 733 732 729 728 725 724 721 717 716 715 711 710 709 705 704 701 697 695 692 690 689 683 682 678 676 675 671 670 668 665 663 662 660 650 642 639 638 628 626 625 621 619 618 617 616 615 604 599 598 597 591 575 574 572 566 560 557 552 547 545 540 530 529 527 526 523 521 520 514 512 505 501 500 491 487 485 483 480 479 478 473 472 469 468 465 464 463 462 458 453 449 447 436 433 431 429 424 419 414 410 407 406 405 404 403 402 396 386 385 374 373 371 370 367 365 360 358 357 356 346 345 343 342 339 338 337 335 331 327 325 317 316 314 309 308 307 305 300 298 296 293 287 278 270 266 265 263 261 260 256 253 250 247 245 241 239 234 232 228 227 225 224 223 221 217 214 213 208 206 203 197 196 193 186 184 181 177 175 170 169 166 162 159 158 154 147 145 142 138 136 132 130 126 124 123 122 121 119 118 116 114 109 104 99 96 94 93 92 91 86 82 72 69 68 64 62 58 56 53 48 43 38 37 36 34 32 27 19 15 14 12 9 8 7 4 3 2
