27 2184 4879 949 8551 2179 2386 8988 3011 5360 1493 7155 4919 3467 1822 8408 6347 9825 3876 8983 6421 8249 4445 9332 6931 795 2544 3618
10 1582 7400 5869 3002 4676 4896 8404 6644 2914 5449
14 8720 634 7523 4313 2705 4598 6209 317 898 7151 3378 2221 6613 3617
28 6393 8103 5188 6642 9330 3101 1920 9425 8697 8779 8428 1684 4362 3214 681 1567 8899 526 4562 2369 4458 3095 8919 7803 9818 675 8453 3880
32 6188 3133 4653 4775 4353 6909 7701 1248 7220 5278 112 4770 2351 1856 5183 6370 2466 9285 2266 145 6781 3872 6079 7035 5972 8648 7138 9241 6364 910 2724 9354
19 9102 2584 7819 2761 4253 2588 8579 3100 8183 3192 3995 5204 5455 9560 2113 2158 8331 3097 1288
19 870 1989 9400 5921 4187 1434 6040 7963 7158 8223 9189 5673 4670 3734 3287 6819 465 224 5944
28 196 1800 2332 1629 2279 227 9945 3900 7447 5165 2199 2095 38 4434 7199 7473 705 2733 9942 6045 3369 9793 86 8429 778 7375 7404 8091
20 1871 8125 1048 9837 3509 4046 2299 8294 6162 8627 7858 6369 5438 8754 5328 3698 7880 1488 3690 4716
16 5103 931 7256 8769 5927 5447 4995 8602 662 4927 8211 1952 8372 811 3994 1569
33 6098 91 3673 930 5369 5386 1715 8961 3182 1681 6292 4258 5611 4514 7500 426 8733 2562 5488 7055 4814 9605 8255 4462 937 6147 5798 5726 5458 7215 818 5723 1150
20 1041 2955 9185 6142 1065 4552 4535 6469 8491 6554 7139 8604 6287 6950 221 259 5515 2864 8862 6111
28 3044 9045 3584 7197 7361 1470 514 4543 9142 3761 6366 3747 5655 2236 8872 4932 9009 9551 1401 8639 5450 8657 8313 4916 8647 4 1962 1646
21 7504 676 2971 5430 5528 6797 9217 2719 4946 8894 8392 6011 8305 3010 901 2456 8327 8884 9577 3500 1547
39 7249 7602 5089 483 6718 3112 3057 4643 3958 1079 751 8882 6902 9729 6491 9219 1980 8693 6874 223 1671 7620 4026 2506 3096 7076 6671 1244 4534 5585 1404 3070 7596 7413 301 7814 3514 8740 4865
1 3755
32 32 8521 6048 1349 6967 9809 2797 4767 2989 1911 8007 5032 4547 5872 8400 1965 2274 9050 9598 3831 8600 968 8256 4161 4444 4993 4905 5342 2449 1570 1705 9766
15 2124 4081 6549 213 3078 4110 2734 4509 1728 6373 8090 4904 2964 3289 6492
26 3394 4104 3924 9205 9355 8247 809 5191 5728 8771 6632 8427 3577 3706 3183 4579 5251 7269 383 56 2188 447 7537 1082 1304 4474
34 2464 9610 8671 8228 2044 3366 9623 599 4491 2900 9421 596 9424 4430 8601 5681 126 9839 9727 3768 478 8977 9953 960 6236 5667 9590 4126 1148 7311 980 9369 9635 464
37 5539 7323 5719 823 8854 8804 9696 2072 4318 6842 8229 2393 6571 6684 90 3154 7939 4694 8833 3602 7887 9352 551 5945 4616 3217 7216 7412 7717 8076 6419 2046 8735 6872 2103 1865 7789
29 4328 7874 4300 7843 2547 9361 8220 5929 9320 7414 2513 3946 5271 877 2607 3756 4748 8634 63 4627 2435 1334 5207 7144 9032 6664 623 7881 3478
22 5284 5537 2017 9378 9085 5007 5061 2012 6299 7067 9841 4288 4413 6195 3561 6979 7163 3932 7214 1318 5857 2814
29 2867 7822 934 7984 7647 7645 9632 9611 6764 9630 1502 8470 851 6490 5519 1649 1243 9350 3806 5075 1600 5800 7297 7748 6258 2606 3033 59 7700
29 1475 5967 7370 1008 5043 7004 4426 6442 6565 3553 4360 9386 2514 3674 7238 7981 6532 9066 625 4508 6394 2255 6779 6107 5436 8043 234 3284 8138
21 2431 2451 344 7517 903 4053 6651 3678 6166 2496 9340 7752 6732 7302 4723 3658 2170 296 2280 7349 1300
24 5201 4195 575 8148 5023 970 3556 7107 4234 1388 5943 6957 2824 1916 7324 650 3486 7905 9168 642 3240 2608 5547 7252
27 6101 6638 7808 241 1081 342 6120 4776 9139 9234 3757 256 5389 996 7675 96 5984 569 14 3268 4418 6481 7772 5854 5029 9690 9677
16 7250 9969 6091 186 1017 5706 803 2792 9293 7469 6627 8321 2794 4451 9700 7011
18 7962 5729 7273 878 801 5642 4893 3144 5196 6017 9414 7774 1270 3742 7235 8674 8424 9673
31 6538 922 6216 1884 2275 715 5824 8159 7381 2636 8545 7935 7339 7440 6156 612 9801 8544 8709 1505 9582 7128 6436 5722 6926 1832 5871 3886 2064 8082 2983
13 4345 6324 2903 110 6557 6050 6673 5022 8867 1795 5499 1573 7036
11 43 717 6408 6183 5786 971 2277 8663 4861 8113 8377
16 8121 6608 9565 7747 2223 6590 4765 570 5814 5242 2870 4157 6715 1230 9227 616
36 8190 3904 8407 4966 6437 9951 463 1886 3370 6800 130 6422 6083 3913 8695 5675 2990 7072 4343 7652 909 2906 9201 1901 5139 2743 2028 1099 6723 735 436 9007 4267 443 7459 9834
33 208 9316 4703 8368 8575 8378 7066 711 7048 1330 7245 3645 2341 782 510 9972 8252 4001 1621 2102 9662 9235 2267 2708 4674 236 8205 4721 8142 1129 3892 5020 4803
23 9082 4907 8450 133 3550 9592 9242 9506 4369 6308 6802 3725 3209 5755 6275 7780 3441 3390 9214 4790 2586 794 4393
14 9578 745 192 8060 1678 2569 9596 371 3853 9637 8013 781 2185 5376
10 7947 4463 1848 5065 7611 6151 3255 8461 8414 391
19 4128 6838 6643 1429 6171 3406 4370 6660 7547 7895 3166 7127 9280 7991 6944 82 8898 9374 3883
18 93 8705 1702 7552 4529 8231 5085 9174 4480 5015 4551 4132 7484 7436 5735 3586 8556 8874
28 6677 3750 7920 4711 2153 1198 3295 2190 6061 1770 1501 2160 7099 3639 4461 6551 4999 4075 1112 3604 5846 7184 9656 4741 7565 8282 566 1038
15 6755 8680 7728 4457 9091 6472 4447 6668 5056 2211 3923 7660 4286 9970 4683
24 7763 67 2479 6240 2756 5026 9594 2621 9924 4681 6144 5823 7221 6341 6440 2877 4067 2218 1574 9486 5832 4281 9532 5476
29 4713 9685 178 7246 9031 2235 7573 9790 3753 2909 4372 3016 6353 9060 2632 6763 9081 7421 8472 628 1059 1890 1279 7409 9494 9736 6073 4156 955
15 588 7258 7452 4287 7617 9887 7821 9814 1158 3335 7335 1115 8106 4129 7681
25 1364 2076 1392 5163 4330 402 7626 4217 5849 116 6812 9767 7781 7775 7279 6841 3882 9493 4976 6881 401 3185 6257 8797 8877
16 4439 9959 5231 6100 7308 8002 6343 9660 7310 6981 6461 2490 1437 1052 1226 3664
27 3735 4664 9871 3425 3925 6963 8593 4947 2713 4289 3967 5427 8496 3365 4294 5965 460 4684 5266 8775 8130 5753 8677 6433 8613 3204 638
24 1568 8257 8814 3648 3443 8105 22 7646 9442 2526 963 4198 337 9161 5206 2970 2474 1983 8363 2321 8744 9304 231 2658
26 7693 649 8042 365 2802 2375 7266 5692 2861 1338 7474 8495 6486 4880 3590 4487 7511 2533 1214 4610 7183 6148 1951 9971 9317 8770
18 9152 4105 3748 2268 2068 9855 2800 703 7313 8706 6787 1617 5270 1467 6084 4570 2604 1439
19 4608 4675 4906 6131 974 2419 2789 4692 6599 9500 3800 6796 8100 5115 6500 9307 1127 6603 5174
22 5070 461 2383 8164 5210 6863 5520 1033 9027 2303 8966 4571 94 5177 2807 5932 1552 9773 3422 7087 5494 6127
33 6119 6398 8955 1494 4384 6450 8713 8864 2402 8150 2898 5411 4805 2924 5548 414 6047 8916 7531 3930 6785 6510 8537 3352 6027 9059 9373 2703 5623 1238 9250 8947 3120
28 6121 9701 9823 9694 9934 4690 2151 283 9651 6620 3342 5106 3587 5421 7326 2555 5276 8887 2962 7074 6411 5831 132 6592 2312 3128 7731 6467
18 2285 7674 8621 2801 6887 2723 2101 2871 858 4737 4010 966 3520 9938 2785 8337 8098 4592
18 6602 6682 8976 4851 1839 9435 2757 5752 834 6553 9956 3415 1268 2592 4216 9390 5265 722
27 7134 5012 1309 5907 5076 7873 7341 4777 9917 1389 6977 8359 1686 2111 2483 1974 3306 4668 9585 1234 6088 7219 6233 5545 3929 1261 1425
21 2548 2640 2599 8343 4685 9136 3360 279 2956 2428 8393 6867 7022 1739 1280 8676 4731 4315 6405 4432 8375
18 9270 2461 4033 8873 4096 4166 5725 2575 3582 261 5826 9984 1074 6731 1472 906 2030 398
34 8133 4935 7628 6182 172 4139 826 2482 1862 459 3775 8816 9000 7515 3127 8831 2104 3973 4407 6459 9073 8390 2545 3385 5321 738 2647 844 5581 3264 5900 1658 3218 6260
11 3297 103 3878 6852 5146 3884 5685 6005 6595 2203 6524
15 8394 6586 954 121 7385 9197 9074 111 5964 131 9977 4728 8612 4268 3987
1 5646
46 8559 6952 9733 2603 2424 1630 4437 3329 3951 9401 9813 5112 1372 3411 7243 9477 5477 8379 9394 2856 8800 6705 3157 7894 6201 1963 2174 1761 8903 2116 8361 8963 6167 577 3979 5643 2083 9535 3151 5521 6445 1147 1454 7261 6721 7093
16 9682 2048 6636 8954 1749 1915 3581 6187 3357 9218 2643 8567 7888 9676 246 1009
43 6110 6199 3024 3067 9469 7451 1200 4050 2570 2399 5212 6814 9450 3124 1106 6809 2304 1725 2023 4677 9742 4654 8494 3038 9480 3152 3843 7875 6483 2489 1298 3282 7841 915 5126 4943 4149 6310 9499 9120 7533 1001 749
13 3320 2832 8828 2391 4780 6770 7973 2318 4785 5224 3819 5819 998
19 5502 1597 9111 4086 1885 9688 5638 7639 6577 2262 314 4864 1798 4531 366 522 5855 7115 6650
34 3544 245 2520 7442 3938 5799 655 300 5695 9761 74 5263 6067 6605 6312 2 9023 6908 6655 453 512 7333 1405 7755 2471 860 1954 9521 4061 7563 593 4049 8122 6227
21 7334 2360 1424 2580 1551 232 863 5292 2024 9643 5963 5066 9616 1028 8234 8849 8707 107 1141 9721 6170
19 8767 740 4591 3266 4852 5738 7443 4389 2071 1184 8264 8380 3243 5418 4295 4911 4490 7953 5538
29 2060 4749 986 102 4764 1902 3790 9288 3466 6873 1756 3808 2447 9155 5490 619 4306 9491 4974 721 8457 9622 4199 8724 9650 1336 7289 299 8618
16 272 3874 897 6165 173 686 3788 3599 7505 7378 2328 9047 8095 360 5334 3588
14 2214 7914 8052 6284 9695 75 258 1599 635 5443 6241 840 2410 5244
13 9471 9571 8172 8068 9989 1362 8863 9873 7136 3533 5269 9906 6288
31 5751 8555 646 1527 6805 572 7203 4798 9192 586 5301 2631 3351 8129 6734 9422 9961 2810 8483 6688 4945 6623 9434 5741 9210 3804 9196 1290 5435 4760 5659
12 8357 2532 8241 8045 8759 4367 8927 18 5459 2671 7714 9380
18 7757 2959 9479 2834 6086 1165 9490 2553 1241 6954 2726 5834 7725 9013 1295 8861 4324 7133
17 813 2611 3810 345 9308 276 7644 3727 3934 3780 8488 8515 2301 7739 5055 4077 6505
15 7556 3379 9244 6253 4201 7919 9173 8678 5787 3000 9338 1456 7202 1718 307
14 1918 5475 114 4715 7706 1754 2450 2005 7257 7593 911 2329 8718 9922
18 9083 3682 8067 4106 6928 416 2379 4290 7402 4375 466 637 3670 8454 7032 758 7766 2509
27 6172 7812 352 1104 1639 9248 475 4821 37 1688 4712 4449 4524 7921 2572 413 2452 8409 2094 7052 4134 5434 7481 2689 6782 3812 6702
25 9952 7883 1521 5933 8266 5527 3454 3150 2086 887 9348 9704 2085 8757 2932 8315 787 4589 265 885 8669 6035 5653 8611 4091
19 5306 2264 1394 1197 1932 7353 5016 2344 4055 1317 9245 7669 8455 1698 6837 329 6569 4311 4987
21 9068 3585 2776 9262 982 3993 5579 5451 5143 5651 9456 8016 7071 4809 386 9932 3964 1180 2830 4320 3286
37 3830 3200 2305 7190 2041 92 6425 3636 9511 8694 8827 286 9496 6905 9684 8296 8063 3 4101 8562 8360 5154 9337 5863 890 5612 7124 2168 1673 7431 3944 8626 5978 4886 5661 2200 9176
9 2510 6530 7132 3302 5560 3728 8581 9404 7472
25 6566 2355 7967 7998 1914 1395 5180 215 2148 1727 1606 331 731 3764 2215 1899 5894 1607 2493 9669 3716 9215 2411 5988 632
32 3375 8681 4659 7554 6648 444 290 1504 4250 3498 7525 2345 1236 2771 6205 8437 7420 9975 785 1413 4448 5940 6435 2349 9204 6973 679 4556 8541 2421 5697 2169
23 6596 4398 280 8938 6085 1946 2084 2254 4512 4505 9672 9356 9269 2650 2701 3162 4631 6153 2656 2610 5395 4042 6080
26 5087 4858 7903 8272 8911 9070 3489 1182 7699 9678 5199 359 5951 9342 5691 3600 5246 1231 5617 1788 3719 9719 690 9811 8582 729
30 753 6024 7916 6374 9570 3746 9033 4594 1466 3174 3269 5384 9877 6604 4982 7868 4097 5378 6854 7033 3920 8084 3226 5275 44 3304 1579 430 4145 6853
18 9513 216 5976 6619 8673 6522 9053 5383 274 806 9597 1782 9802 2624 5533 3488 2819 5003
14 71 4316 1811 4917 5397 4719 2120 8683 3026 7416 6959 790 8352 6096
25 2907 9276 5082 202 6939 7222 5041 8764 6478 3935 972 7047 7030 5028 9783 8964 6933 1928 8260 4484 9154 9827 12 9753 1185
17 1132 1371 1603 604 2043 9315 8051 4454 7955 6666 8846 7165 1522 9432 270 8685 8700
22 4965 4714 2613 9734 2958 9785 1783 7587 3449 9889 6396 6774 1945 1108 4774 9184 2683 2880 6573 1619 8169 4883
35 5890 5025 2904 3105 9757 3208 6186 5433 3784 6013 1030 3666 2921 9118 353 5730 7532 8842 6282 1432 3521 4254 6990 7185 4707 2616 9568 6177 1824 1950 8880 7283 5865 7350 6342
15 9929 9331 1237 7331 5114 1743 4401 7850 1585 1638 3040 3273 390 6991 8123
12 183 6975 7726 1769 4590 7439 5178 3868 1847 3126 2922 4127
29 1627 2787 9705 4595 8485 8742 8782 5405 8659 8926 9709 1716 8817 5715 6882 50 5966 125 4025 3634 1611 1390 7359 7801 2073 9061 3480 1602 2038
30 6069 4558 3840 6836 6392 2217 1311 2362 1412 8610 1779 3798 5040 6983 8403 7570 1889 1814 5039 7908 2367 4431 4563 7 7696 8151 1174 3899 7733 6339
23 4063 7456 5603 4256 9962 8093 6203 4314 7944 3395 8651 2772 8465 1926 7942 4283 2136 6845 6448 1377 4133 8226 4729
18 9397 6042 2859 2205 9268 4710 2022 3960 3777 2282 7454 6108 8391 3327 6093 3535 2597 263
11 5802 5546 3598 3318 6417 6070 6401 6690 936 1939 247
30 9645 8973 560 2919 8945 4270 3885 7407 6713 4009 9163 1069 732 9470 6137 7982 53 7786 6938 4030 1975 1149 7332 5833 5431 4650 8552 3576 8152 3417
18 9376 4232 2994 9867 5645 3374 6972 3383 9008 9056 7974 3248 1953 2347 9909 9960 7568 144
36 4194 1121 9286 4980 3821 6771 8615 9562 3290 6784 3793 8401 552 5566 5878 9508 3765 2504 6858 7735 1050 6224 687 2863 87 2392 9088 4859 855 6057 1696 2929 7307 2618 9391 4846
38 7612 8736 739 9974 627 5510 3129 8425 9805 1500 6818 8155 3073 3122 8079 6248 9319 7987 3610 5262 4688 3796 9233 9863 5336 5627 4486 6130 5145 2725 2087 981 2594 1301 5121 4504 7586 2773
19 4496 355 395 9278 2016 6953 7605 6286 8034 4954 7292 6894 1759 5946 5912 1966 4446 3850 7405
31 4875 69 5668 9620 3879 3701 9018 1443 7901 1930 4990 9778 9498 7724 3593 7806 2535 7046 3085 4978 4708 407 3695 5696 1661 7859 5839 8943 7943 6113 1003
25 3972 7685 8085 422 5853 1667 1211 1299 2972 2626 7823 2729 6181 7536 1690 6234 7514 5703 727 8570 6594 7244 5068 3518 7899
1 437
24 2110 2453 2477 4884 4007 5587 5305 4394 4190 5220 7101 7396 6431 1011 9893 2302 1361 8859 8756 316 7496 1809 8001 6051
23 1160 8263 7167 6848 2648 7394 5329 6375 4718 7298 2462 8170 287 1675 7084 7544 1172 1303 4759 3922 182 7983 5232
30 9314 8419 9202 3477 3435 1509 2979 1250 4920 2206 9896 2558 9321 7352 733 6940 2398 4960 4322 6918 9115 8011 7170 5960 5776 8114 4069 5230 6919 3781
20 4072 9089 4060 5503 2468 155 1477 7470 9534 1329 5956 6204 3485 2946 1044 2080 49 4057 108 2032
10 4727 1126 4934 9212 2707 1014 7577 5361 421 3313
13 884 334 7589 8270 1242 9703 7938 5591 1366 4909 5046 590 5108
23 7457 3921 3054 8796 5779 3845 9264 6513 9335 2093 6707 2340 2817 2239 1382 5392 191 2029 8341 2629 8311 455 5825
15 8077 3823 8841 539 340 5791 6037 792 2550 3405 747 9775 9771 9782 9309
25 7143 8072 716 544 8074 3007 5792 5529 3997 9724 2162 8732 3118 8381 2494 3423 7478 8066 9417 7869 5311 7300 5935 1153 3712
26 9505 6657 3499 6140 9116 1791 282 6778 9908 1163 5827 4004 9181 7932 7003 2400 504 6354 6555 8174 7946 603 3035 5973 4047 7001
10 8297 8643 1765 6427 6230 5302 7518 8908 3687 1088
20 5794 2164 5514 2325 1307 1154 3404 8729 5759 3363 7736 5264 1683 3046 2138 2286 7008 176 888 2746
18 2670 4992 1458 3738 8081 8347 4889 1068 3953 4488 5185 6501 3376 755 9220 9792 653 1813
32 57 98 3866 4914 9634 8309 7425 9481 1531 2901 9101 4297 244 9706 7462 1747 1740 9899 496 7721 5993 7126 4771 2195 804 8777 1374 7833 5150 392 1084 2888
13 2476 1155 6055 6105 8015 912 7317 8507 411 7559 327 3945 2152
13 6560 9828 3344 1895 9098 503 555 6788 2193 3310 9259 5293 1359
30 1613 853 9537 7604 4347 5892 5050 8645 7208 9106 4782 122 8009 6036 3483 1164 356 6866 7658 5229 9529 3355 2617 7959 3042 1892 4540 3559 797 2521
28 4733 8989 3542 3108 9406 2261 4331 3531 7941 5001 9998 2374 8743 8432 214 5484 8997 6406 9903 6892 9339 1144 1379 4273 4606 6487 1677 3440
25 5238 9617 5584 5783 4111 9838 6367 886 5073 7286 5981 7879 1566 2051 2256 1762 919 2995 5316 9501 9808 3543 3591 5682 5362
36 3976 8832 4910 8285 1503 9631 9037 7034 3461 5351 1109 3326 9156 6808 5619 8446 4499 3854 3907 6387 5228 8049 467 5033 8186 9365 5396 7241 3274 6022 8333 1820 2878 2372 1495 3619
25 1864 895 7636 1859 3717 8136 4456 8030 9300 889 7907 4278 6318 3155 8383 2336 9423 6511 5141 8286 7489 188 8044 994 7649
18 5391 1985 4312 330 2358 5456 3497 1440 1704 7095 9148 3106 9057 3943 302 8622 2530 2363
24 9130 3119 9819 5170 2220 2652 2938 947 1591 5352 2567 8812 7923 5648 5333 3769 8751 9794 9895 598 1909 6766 2049 7820
26 7710 3036 2585 9564 2653 9419 9912 2035 9238 1921 8590 1310 2837 9079 2263 2820 3309 9973 427 3280 4189 1576 5048 535 3080 8712
17 5250 7065 3828 83 6776 5524 5552 1308 564 8442 28 5277 3448 2050 2698 5931 7601
17 5465 4924 6821 5303 6678 8576 3919 958 8010 1933 8702 5754 101 3835 4364 3043 4040
17 9658 8108 7551 5796 5468 695 5118 9967 4541 2779 73 1969 944 7980 9461 4923 5077
12 5255 4460 9455 1049 45 746 3978 9323 9875 648 1341 2664
20 2893 7614 1988 3992 4985 3323 5249 1714 4238 6798 8765 1161 1490 8451 4611 6546 828 8641 1805 7834
11 9055 2092 8456 2827 2460 9129 2337 2289 3871 5926 4305
10 1610 6289 8322 3056 2027 4977 7057 6242 1128 5173
27 8529 1745 9731 118 2415 6041 2645 2515 8990 6283 8416 278 7260 3661 1941 4754 7853 6637 8436 1070 2258 9488 5322 3113 6978 3238 8939
20 6582 2948 8312 7666 5915 4806 2434 8475 8143 5314 7021 8881 7703 6860 4726 6986 51 9048 962 60
14 8334 3159 659 2552 8844 5217 363 179 6028 323 9787 8397 7304 3069
21 76 458 8366 2722 1396 484 1612 7790 2242 9310 5119 4381 7892 4108 1506 3571 7054 2114 5848 7539 5398
20 6132 3451 7922 8505 6898 582 7707 9006 862 8289 7886 9943 793 7852 4609 2251 712 6539 6576 8490
14 9072 399 5092 1816 9389 1780 167 6847 4967 5401 9465 4506 5508 1202
19 553 4344 9228 7490 9357 3221 3567 1420 6747 1806 8734 1766 8914 2873 4956 6464 8280 5147 1823
12 1316 3955 4453 2517 8388 3399 9664 9609 9711 8701 3671 7986
20 8506 7558 1861 7259 5453 3139 8692 171 2682 3372 6386 1990 7634 1808 6725 410 6840 5775 6350 2764
20 6946 7574 2187 6021 3469 4832 7205 9939 9175 4632 7582 9621 4380 3285 8638 1665 2342 5758 8374 7487
26 4848 6265 9382 2967 8328 7253 8652 5844 1752 6359 5074 8798 7296 6326 4828 8922 2331 238 9017 1732 7023 3971 5893 1473 3620 4778
26 5756 5678 5466 3160 4613 2119 506 1415 7794 4221 7090 8624 4400 4565 5482 4016 8829 5420 3142 440 7242 7069 7751 8517 4158 8942
21 876 6213 7274 3901 3317 3261 9716 517 1668 7142 1572 5330 5518 3071 6285 4808 3041 6193 1663 5647 4424
9 4100 1119 4427 4015 2370 7597 6322 6314 7467
17 9686 7584 2175 5747 829 9222 7449 5938 2098 3301 7168 1259 3652 8078 2243 2750 452
16 2805 2947 3962 9725 7137 6429 2437 600 2759 3745 3180 3140 9781 9448 6152 2839
16 6562 3534 883 5734 7520 2672 1648 5338 8417 3189 3642 611 1483 948 4303 7228
11 7650 7285 7661 3137 2405 9528 1940 1077 3111 7264 8022
22 6078 7595 704 4888 4756 5998 1193 6451 4365 85 8288 4012 3074 1707 4148 4573 5850 9399 9749 4142 6750 3741
23 2473 1496 1942 374 2315 516 2808 2438 5835 255 9755 2524 6134 6949 988 269 5345 2423 7038 2069 9854 3863 1929
8 486 1333 9058 8808 2227 4354 5575 8036
17 6298 3511 6915 6824 2018 2727 7106 2127 6194 8781 2361 3998 2728 3688 8083 5629 5760
20 6630 7516 969 531 1875 847 9548 9583 3452 2676 6945 33 420 3125 4769 9507 3787 6302 9290 5399
19 8620 2439 3625 243 9366 2378 9870 6754 3473 5 6315 9978 4968 9898 6250 70 4041 8279 8238
30 6942 3605 7312 4376 1580 5554 9209 1169 4356 7309 4326 1595 1051 5133 7729 5986 6149 6336 4152 3881 5331 6869 6335 2747 7951 3522 1636 7374 3562 8267
40 6656 7188 6189 1593 945 3424 277 8835 1908 4109 1729 1054 5069 7912 5838 2673 8094 2745 4787 5879 9566 1264 7737 9026 1320 1654 2911 291 1183 4215 5916 123 1419 8818 2985 667 2905 8230 1722 3172
29 6202 8434 6068 4200 1386 1272 8445 661 9561 4355 9812 3691 4209 2498 1302 9547 6446 8810 7960 4385 9445 5768 8532 3676 2637 3229 7204 6453 5884
11 7528 6736 9553 620 3109 3844 5745 2010 2679 7059 1559
27 1221 200 5535 5818 4706 1723 2780 7263 9948 709 8214 5400 6751 2935 3465 6102 7897 6525 3888 3412 8822 652 2842 3897 6914 8959 1562
13 1513 7560 9780 8006 2619 4465 7031 8508 983 8907 4416 2926 6533
18 1709 285 1042 4263 2741 7299 3895 2034 6259 3283 2655 3941 5429 2697 7719 8265 8497 5616
17 3536 8987 6806 46 6337 7797 2201 1712 5223 9587 5469 7540 160 1641 3184 7154 8232
22 550 8339 508 3776 4988 8127 9113 7488 1807 7979 5288 404 6823 9162 899 5609 7977 6676 6384 925 9918 8443
19 9478 2702 2248 2497 6722 3686 1428 537 2354 8065 861 9051 1616 2925 1837 2583 3098 9555 4241
15 1286 3805 7125 673 2849 1351 5930 5319 5596 1826 7756 1691 6388 8423 4013
17 4772 8745 5320 7871 5353 8689 3545 9170 8513 6891 8714 9271 289 1367 737 4649 480
20 3468 3482 3524 2969 8037 9263 8182 5340 3968 8325 6531 3187 7291 5096 6291 6489 2987 1204 685 3914
24 8167 5803 5663 1476 2260 2320 1539 65 4388 5541 5479 347 5357 3982 7367 1274 8222 2666 281 488 5688 796 3975 2130
20 156 6659 5847 8534 5694 1819 8242 3356 3752 5200 8041 3506 3237 5236 8478 140 1398 4251 5159 6465
28 5090 8637 1986 4246 417 9127 9923 6698 7135 8023 4285 9333 9987 153 3763 689 875 5512 7461 6344 2001 3595 2091 3235 9580 8888 4901 9522
11 5498 2700 7029 1703 2522 4510 4333 7530 3158 579 4922
30 9851 5746 9306 6455 8784 4869 4028 5686 9858 8585 7631 2388 5875 2444 9077 4219 7130 5104 77 4336 5630 7027 4672 4620 4000 4823 1350 336 845 1829
25 1313 1830 5888 9557 2999 292 2686 6360 8737 6865 8932 2040 4937 4942 3846 4730 1538 5327 1026 5274 1927 5812 7079 5561 8430
22 921 7276 6493 5962 1831 9054 800 865 5880 7745 5002 7179 4357 5805 2890 3801 5151 2855 1442 3012 6761 8716
24 3338 9527 5310 9165 6746 1710 1417 9822 3970 1598 991 9718 2417 8886 5084 450 3019 1906 1643 2822 4242 7968 1306 3110
15 852 4371 1790 9230 7403 8115 7419 4722 8949 5348 2196 9661 5390 4292 6934
21 5287 4673 1937 8187 4302 4472 7770 7363 1787 2413 7094 5793 2381 6899 5580 5767 1514 6246 8837 9552 7615
19 5064 4734 4539 9299 9687 9894 3438 7743 8658 8050 1825 8053 4193 2475 5363 7828 2623 3107 2554
15 3027 8933 2025 8399 4378 335 6095 8746 9955 3296 8913 4779 5474 3965 4374
14 9462 6716 7741 905 8561 9295 1760 1089 5233 9745 2868 7603 4192 7343
25 7994 5234 6316 6584 4786 607 6729 680 8031 4265 2062 2409 2350 6937 4964 9683 5053 4146 5142 4577 5683 1961 7123 710 3762
10 3774 4222 8032 8240 7328 1337 3464 5364 707 438
32 271 9274 4414 6924 8351 3816 7683 7255 5189 381 2952 2377 9273 1276 2246 4163 4587 2633 4698 4824 8039 217 1253 6214 1462 1187 5836 1060 7382 5011 1173 9759
11 2777 7153 8972 8936 3179 7744 8839 914 2353 6323 8870
30 9255 2957 3148 5955 4575 8128 3732 7580 832 3615 7315 5995 3393 9810 928 9110 5313 4831 2311 1457 6561 8592 1445 573 3020 6348 2609 2019 5047 1136
20 1346 8300 8542 8953 2234 4564 4840 4159 6389 1525 4899 9957 866 9258 5492 2908 1938 6955 8923 8364
26 2178 3583 7041 5088 2831 5267 2766 843 3714 4244 7698 5122 6886 1181 6709 8738 7545 2889 6506 6278 9861 1792 6976 7437 9606 2993
27 3632 3966 4502 168 761 2333 6279 9980 5107 9038 2156 3319 3487 9275 4464 9835 9748 8317 8986 4165 6653 9193 2564 4702 3928 2677 2853
23 378 9002 595 1233 8101 2809 3947 6331 2042 4746 5166 8851 9440 8116 9991 1719 3592 3766 8836 3954 163 4844 1642
26 9042 4153 5690 6159 4497 6741 6601 2732 7415 4085 9208 4628 2765 2850 8109 3813 4915 3736 4175 1380 2194 3143 9615 4918 6060 1452
18 8830 2173 4582 4477 4560 149 1116 8852 7195 7262 6449 9428 31 5895 7758 1191 1120 4203
18 4802 1508 1590 808 5168 2646 1073 7200 8875 5349 7538 4237 2469 6112 8526 1093 5423 8654
13 688 2142 2630 8248 6157 3516 2879 6535 2182 4962 2294 9940 8365
21 2556 6380 7392 6932 3811 8107 1519 5577 7371 6443 8354 9772 9040 3889 6136 2704 4079 562 4568 2238 9915
29 5282 6922 6029 9064 7364 3575 6407 1583 5014 9612 7080 2790 1943 319 1235 1561 4651 4076 4436 9588 9502 1152 1549 185 7667 6087 6010 2408 8594
21 8188 5576 6081 6261 8510 6864 6593 7630 2596 3389 9933 2427 3419 1056 6092 3250 5432 8467 9396 2100 1213
34 190 8484 2641 8699 3572 2006 718 5516 2442 2077 4607 6485 5837 1453 4113 987 6243 9539 3058 1034 5052 9665 1331 1358 1554 3837 9266 2902 5867 2529 5542 1887 4383 124
23 1777 5120 41 6357 6589 252 7785 6247 5486 5635 5350 7622 6235 9531 7426 5448 9302 651 2131 1772 3898 3413 5571
31 7446 9144 8203 2639 5656 1637 2930 802 2665 3169 4147 4652 5770 2033 9512 3501 8549 946 814 9468 4680 9094 4284 9525 9010 3349 6691 1347 6795 1801 2210
22 7884 2207 1263 9832 348 9836 369 7503 2680 6679 9403 6622 3481 5153 8723 4412 3523 7427 8879 3630 142 3458
19 7150 5994 3099 5005 6059 9103 1383 1846 1373 9572 4614 3031 8608 4172 8389 4554 5408 6964 6434
18 9179 7692 1565 9751 4117 929 8237 7466 2229 8460 6176 8632 9519 5604 8384 1923 9387 8802
21 7816 4274 1239 7830 6223 7857 2443 1199 1168 6543 6225 5247 4229 3563 1694 8162 8538 7391 7356 5873 2145
19 7988 1480 1282 9604 2527 9758 7856 8646 4173 7815 7854 3015 9791 8790 1258 298 1085 2691 3713
22 4973 3426 6133 7555 4441 5279 8766 5380 9444 1292 4850 940 3548 7526 9157 571 9885 7708 7832 3014 3223 1137
17 2480 9341 3102 6699 5470 880 1075 6813 1934 257 5898 9760 8619 3791 2334 4908 1662
26 8803 615 8682 3789 9012 1232 4410 990 9284 2122 6681 4406 5042 2154 5904 9946 6667 5589 6687 5905 8061 5551 8468 2953 2096 3626
18 4249 2537 3039 1448 9075 1436 4857 2931 1463 7542 42 9798 8132 5897 3681 4473 1751 3749
26 3398 6305 7759 7019 4656 7103 5700 387 9983 8772 9375 9407 9900 1656 8283 2793 4647 1730 1535 7497 4516 6217 926 6631 6534 8154
18 4068 3173 8431 3083 5908 1541 3006 647 2943 3087 7826 7388 783 9296 3718 5676 3665 7906
20 3669 5782 5375 3948 5221 2762 6859 333 7945 3018 8528 3822 6768 5550 3455 1935 9211 2540 2287 4795
32 8588 9549 2566 266 1215 4099 5495 6313 3476 9388 6454 6391 754 9213 52 9441 9963 7486 3554 5670 3815 9093 8568 6720 79 1086 868 7485 3613 7969 5286 587
16 7940 6352 1967 9043 7872 8473 8975 3206 3519 5325 2257 8269 424 2389 1139 8501
18 9817 425 3952 819 9153 5852 4299 3980 1577 1964 8805 7218 3023 2843 1408 4695 325 2563
29 8055 9473 7357 7471 9806 7927 8653 9712 4615 4503 6832 6523 7793 9167 9843 4623 9674 7619 106 4051 1162 1321 932 4626 8948 2847 750 5531 1958
28 6875 328 5507 9246 9625 8629 6498 2250 9297 141 6062 6962 235 4892 614 5830 6542 6697 8469 7623 9312 9076 4757 5599 3856 5774 6470 7641
17 6333 3940 543 2602 5564 9225 5080 2454 5462 6428 5736 2155 8931 6701 9119 321 2840
12 2710 3905 9384 542 1423 5004 4817 78 5248 4240 7192 5296
26 4657 6000 4291 7479 8761 6503 5116 5952 2059 3210 3949 9447 3660 8584 4368 2895 3034 2222 5657 5252 1103 4500 6792 9004 8054 20
23 497 8059 2118 9874 4115 6652 377 3490 8820 9968 6447 2546 6897 8258 9865 609 748 5773 4231 5845 762 4220 2253
23 3445 6058 2982 633 1256 3783 2407 6346 2404 6719 8691 2851 6362 959 5078 1748 9689 4581 3551 7121 5637 5127 1426
28 4349 4794 4630 3384 354 4366 5285 8018 9576 3439 4930 5582 7749 6726 4188 5789 1753 1291 1167 2137 3896 8934 9041 2767 3492 8666 7673 4662
25 6765 7085 9078 3220 9199 9681 4546 9035 7010 6426 7682 3293 5083 6423 5268 6883 6376 1229 7050 2823 1397 9301 2516 2865 1107
25 3510 6164 1869 830 2657 9282 3802 7209 6615 1537 1947 9800 2159 2715 8200 1763 3996 1124 7240 1764 784 3838 5666 805 7606
23 2338 950 2663 6141 5241 7764 9641 1294 320 7164 8807 6264 2186 6174 8356 1007 9439 7591 393 4479 5414 4308 4178
11 8326 4043 7187 5639 5186 3552 2283 4753 4116 5652 1652
22 1046 9647 1110 5366 7924 1873 7627 816 6820 9324 7345 1117 1446 3832 3684 6564 5634 1080 7702 5412 3259 7509
37 4094 1066 2920 4377 9411 9799 5881 8783 7180 4885 3029 2357 4761 7638 3991 6402 6244 380 5500 7686 2319 4625 5992 8748 8027 7753 1836 6568 6180 6936 8623 341 525 4269 6827 5707 6371
17 2954 2270 7629 3657 9652 3222 7271 693 2406 8476 4738 9358 5109 7851 4530 1087 6518
17 4205 1245 1601 4481 1872 5008 9981 3722 5123 1130 7971 6372 5980 3431 2812 7844 4580
21 4636 4532 3974 2916 2694 9821 6880 528 8944 2965 1171 4459 2139 8140 5671 9413 4812 4095 2968 9747 8540
16 7609 3292 736 6064 7529 5181 5505 4912 4182 9398 2886 8216 702 3277 1645 4951
17 8996 2330 9001 254 7189 4845 2587 4340 9518 8668 752 4174 1484 5549 4820 3611 9281
20 435 6012 8991 657 4953 8806 2467 4854 115 8177 6540 8344 7798 9883 8387 7012 1427 6 1020 6890
19 6484 8493 1981 4204 4443 1804 7588 5136 5496 9697 8318 8405 36 4751 1726 7722 9642 1624 7950
24 533 9556 326 6023 8412 5260 7643 3117 1979 8760 1720 3300 556 8004 1058 2753 2872 5625 226 4567 2730 4402 8080 3224
27 7557 6984 7193 6255 1863 7933 8937 397 161 1461 7727 2740 1029 9941 4762 1296 3852 9431 5117 3303 5110 6368 3715 4501 6606 5354 4732
18 1111 1260 1422 6966 6674 2037 2565 3470 1203 3211 9240 5570 2844 2481 1586 6545 869 7017
18 3530 799 5632 7761 561 964 4211 6628 1025 9826 2549 6846 7390 5044 7039 6626 7784 4691
19 6567 8786 6413 6618 9392 8909 4089 6178 624 7037 9958 361 4442 1893 251 6661 3484 4799 8463
26 6410 9487 6851 4421 8376 992 1175 3345 2525 6989 3909 4125 776 1468 5171 9788 9122 7607 5355 764 7571 6468 5677 2593 2134 8636
24 1102 8795 2126 2675 3807 979 8876 1391 5702 4819 1325 40 1976 654 2416 2744 4298 8092 8358 5811 8893 6300 8332 9931
15 9737 2605 9410 8099 5556 714 3231 4272 4082 558 5152 1481 6895 1987 3890
17 249 2192 5608 3072 6974 9624 6303 6309 4131 7225 26 6817 2133 7863 1095 7625 1510
16 8028 9160 4701 230 6452 4533 3013 4925 6397 6432 2097 195 5797 2070 1594 8519
21 9138 8667 4957 7078 777 9460 8293 7016 7718 6733 8498 9318 3247 7100 3820 6621 6482 8522 4900 2836 5446
24 8448 4020 4137 415 8207 9364 2397 6218 1700 1523 7148 2997 4280 9848 1853 3472 3917 2197 6065 5098 4261 4700 770 4399
24 3005 4873 6558 2531 3891 1251 7117 730 3740 6399 629 6969 1553 5910 6444 1842 3256 6572 3171 9029 4572 3298 6365 8201
21 4228 8868 4938 8747 8951 3205 3181 4121 7194 7672 3061 6320 7970 5216 5489 4230 9126 3612 4600 4542 431
25 507 9180 4602 3875 772 2121 8785 7769 4358 7502 4578 1179 3062 2557 8525 3132 6516 2685 2249 3001 8275 3662 2786 3076 2492
37 3444 7463 5406 610 1332 7687 9405 2536 9128 9595 6168 9627 7704 6206 7000 3537 4744 1689 9132 9143 9657 4800 5622 3847 9458 11 8471 2918 3981 205 1036 16 1849 1623 8008 6624 2276
16 3778 4720 1910 3754 3601 8193 5804 8917 8284 8335 7898 4419 6207 6349 1931 9829
20 9071 3475 9543 7043 5457 5557 7176 8741 275 6475 6680 1957 4262 6267 6773 1877 54 2998 2499 8120
25 8557 4693 3170 9691 8573 1267 9575 3433 6526 4686 3453 4114 4498 2945 8650 8299 7086 80 288 2478 3091 7800 879 3903 9770
17 3986 8110 9322 8749 4902 7397 7330 9028 4212 5924 1881 6074 9591 5989 3447 8156 2463
19 2056 7434 511 4639 7287 5809 7882 6301 194 5100 2308 3515 5197 1526 6700 5095 8278 7042 7395
29 6135 8262 9544 3849 5856 565 6220 7172 3663 6356 146 5861 4397 1944 4415 3906 2314 2796 1094 5739 7997 6947 5509 2692 8866 6614 8319 2897 9476
28 2436 4959 5517 2143 2401 8856 3068 376 1201 8035 7448 7811 5452 5708 8550 7507 2501 6056 8969 201 5135 6256 4275 3902 5687 6616 5460 5714
26 6053 8323 3263 4170 4658 5017 4088 6280 7162 6009 6910 8918 6856 515 9754 9919 7386 3063 6351 6330 7954 5051 1633 1225 2848 8717
25 8978 6756 1100 2783 9100 8791 6985 2781 3493 4871 2180 6672 3699 5105 21 4569 7796 373 2125 2088 2394 7566 148 451 8119
17 9436 2284 5778 2595 7583 7624 7201 6696 7089 3084 7358 4252 2628 1156 6559 7251 5130
24 5920 3022 2899 5214 9947 4645 8595 8194 3215 9190 5006 1016 4144 3299 220 2144 8117 4236 574 2165 6988 3265 1285 8046
25 6877 9267 9890 5712 9191 9457 5674 9151 4834 7777 1176 3216 8481 5610 8935 9762 3525 9541 631 4752 2326 1076 7175 5454 8069
18 4507 7337 7211 5540 5124 636 938 490 495 8160 3650 2769 3305 3353 3730 1786 6499 7519
13 6222 408 137 694 5102 8565 4373 9840 4952 836 5669 5896 8607
23 4863 4455 6125 7372 6896 2455 9065 66 7014 350 967 7062 7006 6528 2933 1071 4856 4612 2219 3427 3059 1699 7713
19 379 1660 8617 767 8153 3339 6801 1 973 1091 3004 4660 4019 8369 1894 7303 6295 7024 9146
23 902 4260 8370 9559 2426 1588 7494 5347 7787 5409 8239 8554 3867 3999 2323 7802 3161 3312 2502 7290 5030 644 1653
21 8104 4112 4080 2132 3989 7428 4485 1697 6850 5211 9062 5810 9092 8017 3194 7295 8165 1682 9986 6509 7146
13 4523 6692 5925 7734 9221 1219 9147 4996 3094 3456 5339 1868 913
13 2359 6855 3659 1925 5820 2811 4928 2936 5148 5644 5162 6311 6063
23 4405 150 2973 1550 5193 7778 4470 6161 1393 7351 2875 5372 7294 4210 8215 8014 859 3702 8452 4735 9443 7450 2625
21 6239 6669 4807 3199 608 708 4709 5621 9607 5021 5877 3494 5558 2295 6211 5740 9542 5772 8929 2298 1758
23 7319 8586 4223 5887 1430 2984 7411 643 3135 412 7807 9593 6117 4218 1486 7670 8058 2638 2579 5404 4337 4332 207
16 9613 2440 9464 1587 7679 2977 3731 1297 1217 1679 3689 2237 362 8523 7410 9831
24 1177 2642 699 7663 3721 9492 5699 138 2760 8316 3121 3079 1982 670 7782 134 4517 6810 2582 446 5312 3679 6191 5817
22 4830 2382 4826 4913 6900 1004 2230 3547 4561 6038 6728 9363 6106 7265 7233 5750 3254 810 1479 6717 9567 3637
14 2171 1433 5382 9862 3496 815 3242 9415 5337 4391 8295 6941 8999 1216
22 318 2651 5240 9158 1518 2115 120 3759 2937 5101 8516 9849 9880 4438 8885 9911 8487 441 5024 8336 8838 2816
33 2356 7640 3239 554 6780 219 1438 2942 4537 7230 3092 1223 6473 8823 3512 4704 6563 313 5684 6921 7009 4989 3700 538 9699 3324 2204 8411 8482 6032 2457 9351 7160
28 400 9965 248 439 95 9680 989 1685 7847 5899 2292 1166 6197 10 7492 5640 5534 139 5590 3234 5000 8180 9966 6015 9878 5788 5063 5037
27 1024 6304 1995 6003 1628 1460 7438 8224 8486 4123 3315 9784 6116 9239 8233 6281 9856 8056 1905 9668 5607 4118 2376 5035 5631 58 3931
33 2507 55 583 3236 8209 8435 394 892 2748 5049 502 846 8173 7732 7282 8995 4617 7145 839 592 1431 4168 6675 2054 5785 5365 8755 5595 5010 2858 8202 8971 5987
10 8599 1666 351 576 900 2795 1659 5555 7288 9005
20 2074 6128 1955 3414 4035 8157 9538 1768 494 2835 8793 1459 7659 2487 5062 4697 6046 8070 9614 2862
23 2147 7677 2293 4141 7174 7633 5764 3782 3258 8952 5140 6014 4359 6325 6226 3407 6049 4239 5840 6514 6999 4961 9850
33 3149 4855 24 6361 2296 5727 3276 2538 6849 5744 1142 1530 7226 6575 9104 7380 1977 3785 6420 4003 9379 2057 5094 5801 3428 2371 6617 2488 9253 9437 4140 1064 9765
20 6076 5426 9516 4584 5941 9474 4351 152 1487 7247 1818 8235 534 3744 9034 6611 2876 5198 763 5592
34 4059 6783 9888 61 2278 6843 1447 7398 3596 6502 8787 8302 5771 7186 9869 9743 7668 4872 4202 8597 5182 674 7546 5036 4235 9872 518 6578 5997 4745 2749 6775 7268 807
18 7662 9897 9497 8815 5650 8906 7966 8672 6612 2063 581 4768 5461 1385 9891 5718 1575 8850
35 3156 677 1305 541 9523 3667 5218 3410 1407 1090 8548 4661 7585 2031 7435 2036 1352 2539 1474 2470 2612 3075 3680 3959 8904 3060 2991 9659 8206 1812 5633 1400 1092 4425 9206
10 5919 9372 3926 4926 5731 1731 7590 8527 9277 9860
26 8271 2828 3049 9347 315 7224 825 7870 9495 6245 5158 7867 189 5394 7521 5099 8281 5572 7068 1322 2310 2373 7348 7705 5790 5416
25 4984 4056 4428 9393 2838 965 8274 3188 6550 4666 448 2105 9135 4404 8843 7513 8860 3082 2561 1789 3388 8891 1542 7044 1540
20 9744 3050 5291 4940 1324 35 5662 1464 7637 1098 81 6385 8003 1821 4181 7992 5057 669 8726 6390
21 3430 8440 7512 6903 8614 7535 7579 6297 7754 6089 8307 8097 5763 8064 3809 2721 8276 5463 9533 8199 9472
20 9109 1634 267 1369 2754 867 2649 8598 8291 1854 9021 1548 1360 5258 5176 3558 5842 5889 9067 5784
23 3540 7553 5487 9768 2791 2975 3603 977 1835 2857 1564 7762 3597 2198 7788 7651 9739 6075 5156 4936 4811 8141 1713
16 2981 8244 6460 3915 4433 2768 2004 584 8704 294 5664 8195 3927 432 4197 8499
19 3739 4450 984 7829 6925 2882 5481 7680 5614 1283 9653 4169 1708 1858 5506 3644 2976 9178 9336
28 3527 5227 3918 1609 8158 8410 7277 7690 2577 645 9177 6752 2290 7931 3434 8492 2634 1218 2923 7720 1936 850 7885 4492 3703 2940 6212 3517
36 606 5860 8310 4307 961 7861 7877 5716 1883 4882 769 1492 5393 3197 3910 8848 2782 6536 5628 9738 7792 2335 7697 5045 7842 2978 3977 4997 1342 5326 559 7866 4005 3864 9600 1131
33 2949 6706 8518 5299 8420 2912 6139 9698 3564 9305 5990 3697 9046 3334 2881 3051 6480 578 7648 5701 7498 7562 7081 5097 594 7599 1622 2894 3911 5918 1356 9097 5493
33 9409 8708 3457 273 157 9207 2576 9626 3245 2714 3103 9412 8198 9052 5957 8940 2654 3839 9030 3624 7267 7113 4853 4950 1533 4122 548 0 5157 7831 8349 9993 1898
28 445 8179 3333 658 2233 7210 5654 7768 1512 442 5724 7477 4944 3278 7610 5373 4032 4135 2668 3771 304 312 664 5749 630 6911 4054 6273
31 6961 7318 4894 5902 7114 741 6658 8021 1625 1605 4781 1010 9485 8774 3066 6537 2075 3685 935 6378 2684 6495 2047 9279 468 4548 9732 6104 1083 5544 1878
21 2166 2429 4583 8277 6004 8566 4705 6430 7097 1721 8662 8687 6043 894 3508 7930 3350 7305 8340 229 5618
32 1833 4495 4586 3546 8213 7849 9707 5491 6044 5636 5816 3566 3396 4605 8956 509 4224 5660 3308 6272 1741 3227 723 6184 6759 1354 9663 6099 5485 322 9311 3857
32 6424 5424 519 9166 9514 7320 7198 7248 47 1252 5748 6270 5602 5031 1891 5815 4119 2368 8974 8221 7592 8504 8958 8625 9807 4183 5781 7157 4640 5410 2300 5225
31 5300 672 3817 4618 6002 1528 5381 7810 1227 3257 8739 8426 5425 3354 1845 9452 871 4862 8665 2052 6094 589 9524 2825 8900 6231 4022 4998 5202 6158 6994
28 9140 2559 423 4008 5341 6767 477 1406 1852 2742 3773 2511 9345 9182 9735 9833 524 9229 6462 8218 2678 184 3956 9756 4361 4678 13 6665
32 9752 6807 9216 8698 6418 1384 696 9649 9920 1949 3565 1693 9353 6474 2422 5511 2167 9232 2021 6192 6948 3136 1277 4621 6791 6790 4176 4513 5828 5883 3337 4023
34 4839 2571 88 5497 5086 1735 1815 3743 5027 3990 1794 4511 8040 2523 164 3116 2209 3594 4773 3570 1746 5428 7642 2739 5530 4409 6249 1793 1021 7771 8139 6935 8684 757
28 3253 372 222 9003 6160 9901 6649 585 4184 7140 5698 3557 2896 493 8373 6904 5862 4335 5374 8809 999 2763 324 3957 5203 831 9639 9243
30 3549 8962 8342 7293 7499 7064 7156 5808 8449 7129 9463 7934 2928 1186 1797 4629 6581 7510 7817 5215 2003 9667 3526 9124 7423 7051 7918 4641 5294 9484
30 2883 1888 920 4742 5235 5402 3826 4387 1013 166 4164 8892 6409 3114 3325 2551 7344 698 6066 3213 817 1328 3437 8679 3252 7813 3848 5144 9203 1254
26 3167 2008 4788 6694 7141 4877 1323 3176 1240 9586 428 7191 454 4074 774 744 5909 129 1851 2202 8197 4766 7989 1919 6355 4177
26 1138 7399 3281 7911 9402 6607 4624 6529 8915 9654 2140 1843 97 8998 5959 4213 6727 2495 434 6146 6382 532 389 5272 6889 7182
34 4494 2720 297 9187 1724 5387 3869 4208 2020 3017 6951 1170 7876 6293 8038 9741 5559 7077 5219 536 546 4098 198 8126 9108 985 8778 5928 5467 2226 3797 5072 9454 3275
30 4379 3988 8675 4601 4346 5192 7993 2512 2915 206 482 8715 210 856 5169 2128 2079 2191 3163 8026 8574 3392 1618 5164 2752 9599 5949 7978 9024 9198
30 9847 1097 6277 1543 5440 8029 8792 1773 409 5626 6512 6034 4064 481 9272 2216 6103 1655 5583 1045 6772 9298 547 6077 6600 9451 8345 6917 8753 7855
30 303 7040 5598 5769 1664 1993 8406 8329 3471 9852 726 4071 1524 9633 5054 7730 5034 2543 3751 5317 1289 7354 3178 4881 8845 6760 9257 8048 7836 1157
26 2519 1005 9979 957 3008 7711 6786 1363 2324 4107 284 5437 199 6268 833 7275 6006 4084 6072 4151 5346 5950 1615 2815 8572 7527
29 1978 6689 8587 9820 9976 7229 6269 1674 8346 498 9011 2731 7342 4403 8259 3694 8819 332 6830 4971 4963 8558 4983 5597 471 2806 6993 5588 5111
30 9084 2941 3442 6831 9020 7475 5213 6404 3579 5358 1734 9283 8536 4482 5593 5679 5913 742 5733 6588 7096 6683 5936 8633 7056 8441 1249 4599 7742 3950
29 1757 3855 8640 7965 2432 2313 8489 5304 567 2869 6884 5295 4029 7840 7665 8254 8298 6306 8268 3271 7534 5705 264 9644 8780 5961 5536 5874 4341
30 5324 8703 2917 84 734 1879 1315 7455 1353 9670 864 1651 5954 2578 1281 6662 3502 15 3232 5344 6363 3609 3649 6769 9708 1096 8825 1118 3134 9876
28 6670 117 375 8564 113 2738 2788 7864 457 7028 5710 1755 1365 8768 8189 6762 6251 7501 907 3818 1035 4638 1205 4763 2491 7524 4931 6019
32 187 713 3307 2135 5161 8509 3025 5971 6412 5343 4815 9815 601 2706 2852 6580 9844 1255 9949 6416 7340 3387 3081 8500 9438 2433 4747 5937 8503 9025 3347 3836
22 5693 9675 8395 6794 8086 8459 7430 6208 9702 9105 6825 933 2291 1959 5864 5419 7835 3635 1478 4339 8895 7181
23 4214 29 4475 6150 3311 656 209 7152 3829 3429 6737 7316 1781 6129 4810 3503 2002 756 6958 4994 9467 7338 5175
13 7952 3629 7799 2316 3607 8204 5721 3833 3779 9830 691 8546 7433
26 3371 3030 3692 6815 4687 1113 3168 4635 6340 5732 9666 8970 6907 8348 1416 2309 5167 2364 7082 2380 8661 9921 3733 3633 7460 8012
24 5717 9679 2986 8149 6654 2774 7020 3138 6155 5917 6647 881 6114 8721 9964 5851 7280 2485 6229 6995 8251 3504 8762 6828
22 1992 6198 9581 2327 6456 7891 2112 4836 2343 3432 8511 1960 384 613 6154 7676 9145 6693 1195 3860 2755 5179
23 5018 7429 6695 6263 6822 5222 2589 6740 5377 3865 3403 9385 4493 8421 8073 9579 4898 4671 5257 4991 6145 8433 7937
24 3693 9090 1228 4196 9996 3191 1838 5711 4154 3532 5777 5743 9159 9381 6274 5379 7408 262 418 9726 4162 8304 6124 3711
14 1867 7401 5335 8175 5445 2247 8458 5885 3758 4637 9985 39 5914 7581
17 6541 268 568 789 854 6200 7387 1676 6548 5134 798 1744 2518 5762 242 1882 2269
26 4758 6228 5868 7956 1414 8290 7373 951 1640 8902 952 7746 105 3507 2693 1435 917 30 470 7767 7904 5563 605 6294 2322 170
18 4078 7657 8950 6466 3249 2465 7104 4648 3409 3651 4207 8609 780 5298 9804 5658 684 3560
14 1273 6381 700 5970 4842 7889 5237 3655 8731 1904 1421 4017 908 1000
23 8292 2061 3555 9291 7088 7561 4255 9845 640 1913 4150 2240 4245 4939 2534 4550 4559 9489 9231 5190 4972 3246 706
1 8563
25 9563 6724 6901 8024 489 9935 1970 9503 7102 8353 1222 2966 8413 1860 1471 6262 6319 3330 5019 7239 6520 7985 2172 1680 9069
23 1269 7329 8728 1515 3104 8477 1784 3368 127 6597 5829 3165 720 2011 5385 7635 1368 2500 388 9509 9601 3887 4310
25 1040 6663 4143 6916 6965 4090 3640 874 513 6634 1326 4024 212 2000 382 7926 5532 4092 8857 4073 2690 4468 4191 7476 7600
5 4058 8102 5245 7379 1339
8 3055 7929 6633 1866 6913 5858 5307 5903
1 4796
3 1817 4476 1403
1 4027
3 5091 5891 8308
16 9313 2695 4309 9325 7070 8840 5615 9137 2123 2026 9640 4525 9289 9636 8245 9287
3 2660 6521 4277
4 1560 1194 3539 6441
1 7110
14 3090 4435 9619 1209 7928 7709 3294 7119 7314 6327 8464 6173 8020 1855
1 2591
1 4887
12 3580 5934 4066 4536 622 580 7846 8447 5359 849 6927 5982
8 2735 1335 7957 474 8520 6735 2573 5821
5 8967 3028 1327 7688 8196
4 1776 768 9927 8722
7 549 4948 5480 8982 8606 3322 1375
5 9459 4390 9764 7723 6477
2 3202 1015
9 7325 9750 1262 3792 9608 3723 8131 2090 1507
3 2736 9999 9648
6 5991 4065 2007 165 7964 7281
6 7948 5813 3359 2615 9099 7105
2 3647 6517
5 8227 4052 7368 4755 9714
5 2176 3272 1736 9569 204
10 7716 3767 3198 995 5138 3505 7996 5876 9123 3064
2 9121 5071
7 2418 1706 8946 4363 7917 5977 5439
9 7227 1670 9540 7053 8124 143 2961 3048 1293
9 7468 1411 8905 3186 9294 7878 8137 7393 8865
2 1135 1880
2 8670 6527
2 2384 7206
1407 8890 4471 9997 9995 9994 9992 9990 9988 9982 9950 9944 9937 9936 9930 9928 9926 9916 9907 9905 9904 9902 9892 9886 9884 9882 9881 9879 9866 9859 9857 9853 9846 9842 9816 9797 9796 9795 9789 9786 9779 9777 9776 9774 9769 9746 9730 9728 9722 9720 9717 9715 9713 9710 9692 9671 9655 9646 9638 9629 9628 9618 9603 9602 9589 9584 9574 9573 9558 9554 9546 9545 9536 9526 9517 9510 9504 9482 9475 9466 9453 9446 9433 9430 9429 9427 9426 9420 9416 9408 9395 9383 9371 9370 9368 9367 9362 9344 9343 9334 9329 9328 9327 9326 9303 9292 9265 9261 9260 9254 9247 9237 9236 9226 9224 9223 9200 9195 9194 9188 9183 9172 9171 9169 9164 9150 9149 9141 9134 9133 9131 9125 9117 9114 9112 9107 9096 9095 9087 9086 9080 9063 9039 9036 9022 9016 9015 9014 8993 8992 8985 8984 8981 8980 8979 8960 8957 8941 8930 8928 8925 8924 8921 8920 8912 8910 8901 8897 8896 8889 8883 8871 8869 8858 8855 8853 8847 8834 8826 8821 8813 8811 8801 8799 8794 8789 8776 8763 8752 8750 8725 8710 8696 8690 8688 8686 8664 8660 8656 8655 8649 8644 8642 8635 8631 8630 8628 8616 8603 8591 8589 8583 8580 8577 8569 8560 8547 8543 8539 8535 8533 8531 8530 8524 8514 8512 8502 8480 8479 8474 8466 8462 8444 8439 8438 8418 8415 8398 8396 8386 8385 8382 8371 8367 8362 8355 8350 8338 8324 8320 8314 8301 8287 8273 8261 8250 8246 8243 8236 8225 8219 8217 8212 8210 8208 8191 8185 8181 8178 8176 8171 8168 8166 8163 8161 8147 8146 8145 8144 8135 8134 8118 8112 8096 8089 8087 8075 8062 8057 8033 8025 8019 8005 7999 7995 7976 7975 7961 7958 7949 7925 7915 7910 7902 7900 7896 7893 7890 7865 7860 7848 7845 7839 7838 7837 7827 7825 7824 7818 7805 7795 7791 7783 7776 7765 7750 7740 7738 7715 7712 7695 7694 7691 7689 7664 7656 7654 7653 7618 7616 7608 7598 7594 7578 7576 7572 7569 7567 7564 7550 7549 7548 7543 7541 7508 7495 7493 7491 7480 7465 7445 7441 7424 7422 7418 7417 7406 7389 7384 7377 7369 7366 7365 7360 7336 7327 7322 7321 7306 7301 7278 7272 7254 7237 7236 7234 7232 7231 7223 7217 7213 7212 7207 7178 7177 7173 7171 7169 7166 7161 7159 7149 7131 7120 7118 7116 7112 7111 7098 7092 7091 7083 7073 7063 7060 7058 7049 7045 7026 7018 7007 7005 7002 6998 6997 6996 6992 6987 6982 6980 6971 6970 6968 6956 6943 6930 6929 6923 6920 6906 6893 6888 6885 6878 6876 6871 6870 6862 6861 6857 6844 6839 6835 6833 6829 6826 6816 6811 6804 6803 6799 6789 6777 6758 6757 6749 6748 6743 6742 6739 6738 6730 6714 6712 6711 6710 6708 6704 6703 6685 6646 6641 6640 6639 6635 6629 6625 6609 6598 6587 6585 6579 6574 6570 6556 6552 6519 6508 6507 6504 6497 6496 6494 6488 6479 6476 6471 6458 6457 6439 6438 6415 6414 6400 6395 6383 6379 6358 6345 6338 6334 6332 6329 6328 6317 6307 6296 6290 6276 6271 6266 6254 6237 6232 6221 6219 6215 6210 6196 6185 6179 6175 6169 6163 6138 6126 6123 6122 6118 6115 6109 6097 6082 6071 6054 6052 6033 6030 6026 6025 6020 6016 6008 6007 6001 5999 5996 5974 5958 5953 5948 5947 5942 5939 5923 5922 5911 5906 5901 5882 5870 5866 5859 5843 5841 5822 5807 5806 5795 5766 5765 5761 5757 5737 5720 5713 5709 5704 5689 5680 5672 5665 5641 5624 5620 5613 5606 5605 5601 5600 5594 5586 5574 5569 5568 5567 5565 5543 5526 5525 5523 5522 5504 5501 5483 5473 5472 5471 5464 5442 5422 5417 5415 5413 5407 5403 5388 5370 5368 5367 5356 5323 5318 5315 5309 5308 5297 5290 5289 5283 5280 5273 5261 5259 5256 5253 5243 5239 5209 5208 5205 5195 5194 5187 5184 5172 5160 5155 5149 5132 5131 5129 5128 5125 5113 5093 5081 5079 5060 5058 5038 5013 5009 4986 4981 4979 4975 4970 4969 4958 4955 4933 4929 4921 4903 4897 4895 4891 4890 4878 4876 4874 4870 4867 4866 4860 4849 4847 4843 4841 4837 4835 4833 4827 4825 4822 4816 4813 4804 4801 4797 4792 4791 4789 4784 4783 4750 4743 4740 4739 4725 4724 4699 4696 4689 4682 4669 4667 4665 4663 4655 4642 4634 4633 4622 4619 4603 4597 4596 4593 4585 4576 4574 4566 4555 4553 4549 4545 4544 4538 4527 4526 4522 4521 4519 4518 4515 4489 4478 4466 4452 4440 4429 4423 4422 4408 4396 4395 4392 4386 4382 4350 4348 4342 4338 4334 4327 4323 4319 4304 4296 4293 4282 4279 4276 4271 4266 4264 4259 4257 4248 4247 4243 4233 4227 4226 4225 4206 4186 4185 4180 4179 4171 4167 4160 4155 4136 4130 4124 4120 4103 4102 4093 4087 4083 4062 4045 4044 4039 4038 4037 4036 4034 4031 4021 4018 4014 4002 3985 3984 3983 3969 3963 3961 3942 3939 3937 3933 3916 3912 3908 3894 3893 3877 3873 3862 3859 3858 3851 3842 3841 3834 3825 3814 3803 3799 3795 3794 3786 3772 3770 3737 3726 3724 3720 3710 3707 3704 3683 3677 3675 3672 3668 3656 3653 3646 3643 3641 3631 3628 3627 3623 3622 3621 3616 3606 3589 3574 3573 3569 3568 3541 3538 3529 3528 3513 3495 3479 3474 3463 3462 3460 3459 3450 3446 3436 3421 3420 3418 3416 3408 3402 3401 3400 3397 3391 3386 3382 3380 3377 3373 3364 3361 3348 3346 3343 3340 3336 3332 3331 3328 3316 3314 3279 3270 3267 3262 3260 3251 3244 3241 3233 3228 3219 3212 3203 3201 3196 3195 3190 3177 3175 3164 3153 3146 3141 3131 3130 3123 3115 3093 3089 3077 3065 3053 3052 3047 3045 3037 3032 3021 3009 3003 2996 2992 2988 2980 2974 2963 2960 2950 2934 2927 2913 2910 2892 2891 2885 2884 2874 2860 2854 2846 2845 2841 2833 2829 2826 2821 2818 2813 2804 2803 2799 2798 2784 2778 2775 2770 2737 2716 2712 2711 2699 2696 2688 2687 2681 2674 2667 2662 2661 2659 2644 2635 2627 2622 2614 2601 2600 2598 2590 2581 2574 2568 2560 2542 2508 2505 2503 2484 2472 2459 2458 2446 2441 2425 2420 2414 2403 2396 2395 2390 2387 2385 2366 2365 2352 2348 2339 2317 2307 2306 2281 2273 2272 2271 2259 2252 2245 2244 2241 2232 2231 2228 2225 2224 2213 2208 2189 2183 2181 2163 2161 2157 2150 2149 2146 2141 2129 2117 2109 2108 2107 2106 2089 2082 2081 2078 2067 2066 2065 2058 2055 2045 2039 2014 2013 2009 1999 1997 1996 1994 1991 1984 1972 1971 1968 1948 1924 1917 1912 1907 1903 1900 1897 1896 1876 1870 1857 1850 1841 1840 1834 1828 1827 1810 1802 1799 1796 1775 1774 1771 1767 1750 1742 1738 1737 1733 1717 1711 1701 1692 1687 1672 1669 1657 1650 1647 1644 1635 1632 1631 1620 1614 1608 1604 1596 1592 1589 1584 1581 1578 1571 1558 1557 1556 1544 1536 1534 1532 1520 1517 1516 1511 1499 1498 1497 1491 1489 1485 1482 1469 1465 1455 1451 1450 1449 1444 1441 1418 1410 1409 1402 1387 1378 1370 1357 1355 1348 1345 1343 1340 1314 1312 1287 1278 1275 1271 1266 1265 1257 1247 1224 1220 1212 1210 1207 1196 1189 1188 1151 1145 1134 1133 1125 1123 1122 1101 1078 1072 1063 1062 1057 1055 1053 1047 1043 1039 1032 1031 1019 1012 1006 997 993 976 975 956 953 942 941 939 927 924 918 916 904 896 893 891 882 857 848 842 841 838 837 827 824 822 821 812 791 788 786 779 775 771 765 760 759 743 728 725 724 701 697 692 683 682 678 671 668 665 663 660 639 626 621 618 617 602 597 591 557 545 540 530 529 527 523 521 520 505 501 500 491 487 485 479 473 472 469 462 456 449 433 429 419 406 405 403 396 385 370 367 358 357 349 346 343 339 338 309 308 305 295 293 260 253 250 239 237 228 225 203 197 193 181 177 175 169 162 159 158 154 151 147 136 135 128 119 109 104 100 99 72 68 64 62 48 34 27 19 17 9 8
