26 458 9265 1647 9370 1392 9015 4703 8134 7237 3052 8813 1629 7091 8776 2974 2766 3668 8794 3916 4975 5290 9189 9936 8847 7404 4319
33 3513 5187 949 8664 6587 4167 193 2829 9983 4248 7805 4682 3123 7967 7197 3397 3139 6169 3164 1567 591 8531 1063 7022 5691 7495 7740 5277 4444 9086 6594 8556 8874
16 918 7791 1078 2254 4512 8930 6776 9655 9582 725 7324 5252 9169 6358 4091 3631
38 6952 19 1593 5948 5060 3067 6450 206 2784 7236 4233 381 6493 6652 1079 751 8882 4593 6476 9632 9408 9424 5289 9859 4300 5305 3907 8246 5999 9816 3808 2956 1370 8465 5336 6449 8849 5859
20 456 7939 4694 8833 2971 1596 8544 7254 4827 4187 6532 4514 7995 3653 6147 6210 1210 4553 5629 3021
21 3487 1604 1224 2687 7598 1856 5183 701 9825 8136 4342 5191 1122 162 8657 1903 7845 6635 9638 6494 2770
13 3794 2183 882 5795 2317 4102 2583 5413 7424 4451 5318 8942 3528
51 7451 2963 9733 7406 8979 9320 4225 6804 975 6307 5996 1491 3057 1884 3732 6784 8176 4653 6407 7169 893 7004 2504 8928 2189 2452 6061 9584 9866 5323 924 2988 7486 5680 6957 7902 628 7473 2563 2598 8648 2833 9200 7818 1841 3244 8674 1972 9753 8535 6997
11 367 8924 2533 2067 4257 5436 4783 9589 840 5631 9380
32 6710 128 5182 3047 4171 7041 1081 2245 5160 5009 8801 8854 4293 3127 6625 5537 6020 2351 8233 6429 8811 8418 1802 7026 9014 4729 6533 2286 759 3279 557 1343
29 1189 7323 2661 2799 993 175 342 1774 5583 1429 6930 9988 9554 4489 8601 5906 8512 6276 8408 4190 4413 2727 6876 197 8925 479 4018 9131 4538
19 6874 639 5525 2213 8252 9991 2761 4574 1954 3003 5209 3950 5942 6998 8168 4897 1312 1055 3259
20 5689 6970 5360 6175 7007 9416 9348 5196 4155 7060 8752 1536 7748 8372 5368 3898 6507 5798 5415 8921
33 2797 3373 8869 7901 1455 6571 6684 9779 133 1597 9111 4521 5882 7531 2232 7550 8011 158 7158 8223 3100 953 7083 5195 9383 6151 86 3871 5939 1318 638 5543 2659
17 1409 8954 4954 2459 3834 6549 7694 9905 1419 4813 4126 9196 3336 8396 818 5280 4120
23 2913 8250 5220 500 3331 3823 8649 5945 8635 2588 5822 53 6837 3095 8479 3080 9786 4916 3520 8897 7953 6016 4929
30 2107 7234 8691 3314 1771 7178 2244 6858 514 4543 3416 8583 5301 4036 1017 3768 6488 3152 9149 2014 650 9343 5922 8769 3983 1826 6878 1136 3408 4622
40 775 8804 9696 2681 2482 5566 7232 4227 4699 4888 4642 7045 1248 6163 5709 4136 4323 7394 7619 385 4360 6777 96 9310 8733 5013 5079 642 2369 4083 2307 1133 3460 221 3343 743 5058 2449 406 2627
17 9112 3130 3241 1965 2274 9050 9598 3577 2396 3115 9426 4616 8487 1581 8647 722 939
32 4353 8033 7542 6905 9694 7231 689 1924 3893 5278 7331 4805 2924 3963 7605 6372 8533 3815 7067 8514 101 9340 8166 1043 1497 8398 8091 2073 901 6257 9906 6467
20 4876 7622 5483 7294 4480 7695 5422 6341 6440 1617 1336 5833 4287 7138 9241 6364 6981 295 3618 2224
34 5601 7548 4585 9610 1494 2072 4986 3770 560 7493 4111 7894 7266 4775 5464 4979 7551 5796 6167 3878 1631 9728 6286 2562 5488 7055 8712 4791 3561 3628 7073 5471 9796 7795
24 5184 2231 8314 1839 6284 8474 3706 2674 6347 5468 145 6992 8639 1669 1971 7839 9797 3522 2839 8138 6288 3402 7111 758
26 2184 6643 402 5880 3436 6861 7508 5958 9651 4560 1857 3212 1911 2560 1742 5528 123 9551 308 3676 2656 8089 9918 3780 2221 2530
20 8720 670 8388 6040 5871 5869 8256 8696 7400 68 4731 3335 8386 7002 5806 59 9776 8884 1082 4348
35 6161 9882 3421 8901 8148 9789 4085 9602 5389 9498 244 7417 4369 5522 6609 4526 4259 8442 5271 2484 8362 7819 2328 7838 1608 6508 3932 4226 2458 8920 9446 3734 3400 5547 5108
20 3360 1687 1917 6219 3201 5145 1675 3587 8709 7412 7717 5242 6973 4445 9332 6685 7976 9937 9117 4662
27 6393 3843 3584 3121 3267 2667 4879 2955 1340 4276 227 5427 177 4334 449 5061 8977 7447 5447 4995 6400 8320 7166 6334 3690 3064 2755
35 6188 3133 5535 5818 4767 5526 8952 8883 2116 1532 8446 9972 801 5642 3195 1493 7155 4919 7868 2199 8775 9662 3720 4743 8392 3872 6079 8858 1279 3002 5718 2103 1677 3825 8480
24 9038 2355 5143 5651 3045 9237 6171 3913 2102 5761 6714 3056 8602 4598 6209 2185 6317 6052 7481 7238 3781 675 710 3185
22 9102 1737 7107 335 5940 6906 8144 366 7213 5568 9427 6872 5269 4905 9746 3627 5923 9938 9577 3218 2845 2055
25 3531 3228 7843 9574 3772 3672 5567 9884 857 9278 7407 9879 1469 505 9994 9285 6472 9066 4283 5927 4508 3942 1544 5334 9931
10 870 8399 785 9777 2726 7297 5839 9940 398 7986
20 196 7525 7502 1031 6730 8750 2644 6863 2416 2744 7774 8836 6373 5924 5814 2259 4993 8517 1120 8057
21 1041 1783 22 2607 6738 3406 4370 3841 213 9730 4893 6929 1112 3604 7480 6419 8013 8404 6644 2914 8301
27 8864 2402 9139 9234 3757 8159 414 6047 8039 2051 2256 2068 9855 8912 4253 2807 5932 7596 7618 8919 4676 3274 58 2625 8453 5398 5173
13 7504 1243 7578 7858 413 2435 5283 8910 1270 8 2456 8718 1378
38 7253 9538 9035 4034 5866 3793 8401 6909 5901 2082 7900 7384 6799 2241 7999 1932 7353 9183 1850 1151 9093 4597 1520 3707 1807 7128 6436 3348 1482 5515 1180 5407 8371 3518 9700 5697 2169 8865
10 6887 8604 6287 5276 5846 7413 7719 5458 9673 6479
40 7249 7243 1503 1997 1233 9562 6771 4021 1250 4920 1862 459 9526 5998 8228 2078 8212 6982 695 9194 6811 2279 4359 4449 4524 5843 7470 6646 5681 1070 5075 4896 4434 540 8130 5342 6585 566 9736 8154
29 7381 4784 2228 9328 2332 3686 3509 1672 490 692 1053 5288 404 2980 8627 5800 7279 9468 2046 810 7765 3715 6990 5388 6559 1261 635 3110 170
1 3755
24 6848 9433 9110 5704 6940 5849 6813 9944 7653 3011 4576 1556 7262 9122 2158 4684 8183 6979 8634 7896 5673 3892 8019 5449
21 8072 8551 2179 2386 9209 8264 223 6471 7299 6778 8065 1719 4294 1991 7950 3106 7151 927 4057 9831 6221
4 3742 7235 9860 1569
29 5284 2756 5026 3796 2506 7620 4026 3467 1822 6091 4765 192 4271 3744 4382 4917 429 2521 3010 6732 5395 5065 4216 56 2610 795 2544 6723 9916
43 945 6457 1372 530 8351 1200 4050 697 6742 6749 8955 3585 4318 1349 6967 9633 3146 1584 5757 7949 2900 338 916 9355 7802 2960 703 7313 5706 7890 9892 8771 3302 4132 3268 3658 3677 662 2824 7803 1758 3255 2509
27 2867 118 1589 5907 5076 7873 575 2479 4279 4549 7646 9442 2526 9704 4362 9445 468 6812 9293 6890 5131 8461 4041 3652 447 5714 1646
29 1475 5967 8103 215 1509 4499 365 1328 7217 1065 4552 4535 6469 1770 1501 154 8436 6232 2569 8734 8985 5251 7302 8707 2193 6481 7772 5854 7036
29 5201 2 6345 3761 6375 552 6437 1516 3673 930 6326 4106 4289 5611 909 4822 2792 7500 9995 834 3357 1059 3769 4927 9494 7310 4725 3880 4883
15 4385 8592 1445 526 8036 4518 2895 4814 9887 6627 3405 2280 2618 4592 3698
14 7962 3756 6608 9565 1766 3318 8754 4780 602 9873 8488 2679 2864 7467
14 4345 6324 7072 6554 3219 2798 6435 9596 1865 4911 1483 2441 6613 8375
17 9924 4681 3937 6092 4737 9692 971 6553 9 7035 6258 2821 7714 8123 4501 5857 3458
13 7127 6236 478 3486 4670 1244 132 6592 2219 4922 3987 8740 8612
6 9609 4203 3838 7533 3289 1510
35 3208 9087 2520 5089 8382 3411 9805 483 6718 8368 823 7263 6698 5799 9303 3450 6806 2935 5050 8645 5163 8745 9945 344 2542 577 9161 5755 6275 9585 1234 6088 1901 8636 1009
17 43 2111 5038 1241 6671 2028 1600 6841 5726 236 4723 4418 794 4393 7214 8106 8363
30 8190 6098 9222 9710 1595 709 6201 4696 8871 5600 7440 37 6332 186 5421 7326 3365 2428 2058 6797 2716 1940 6770 4702 8043 9560 6246 6492 6721 8618
33 208 9316 2952 6956 2585 100 7066 2570 4677 4087 2043 6138 1045 6772 8673 3474 2789 2712 2854 8049 8495 5722 9352 551 8355 570 8092 597 8114 4844 9970 3562 8744
27 9082 4907 8450 546 6290 4266 9795 6283 4718 6082 7397 4547 3888 9453 9713 9689 4581 2161 4509 7821 5845 131 6007 1403 7611 1377 5125
33 4256 1062 7808 3859 9981 2444 1424 740 6816 8855 7098 8873 9709 9269 8415 4603 7199 5863 1621 6194 1219 8364 3995 7981 9217 1574 6867 6266 4545 4790 343 6011 20
11 620 3806 33 6144 7526 8391 3287 3500 7459 8414 391
29 444 8486 8831 826 5386 6641 9823 5172 3141 122 4712 9843 9506 6483 2489 4708 9802 4201 9373 5270 1467 7888 9953 960 5455 4446 3858 6350 9759
13 9672 4110 9727 2339 4562 2703 1969 2170 5964 6433 6113 1003 9545
24 2415 3044 2045 2921 4046 3574 1921 9228 6620 3342 2636 9053 5648 3217 6050 1848 988 8790 4945 6623 6595 1454 9461 3514
10 7947 6195 7752 469 3153 8735 2200 9176 690 2276
21 4128 1871 9963 5728 2859 2205 3784 4655 7336 3372 5139 4447 932 9279 7084 2962 7074 9259 7881 3478 3626
27 7309 147 1299 7931 1667 126 1914 1684 9368 2632 6763 2150 2906 9201 7547 2733 9695 6835 7545 4860 9861 4534 4315 8090 1573 7303 6127
20 93 9205 34 9268 4055 1916 8496 2757 8169 3944 8626 8894 7269 9434 371 7985 7539 5029 5063 181
24 1176 355 4566 8590 1310 2505 996 1885 7449 1434 5319 7306 9356 2826 941 7300 3275 6496 6586 2775 5737 298 6170 452
33 6128 172 9018 2711 9202 4643 1222 2377 4756 1583 5356 1639 5208 7920 4711 2153 8127 9113 771 4430 6755 8680 1188 6892 9622 4199 314 7991 7183 6819 465 224 5944
16 7763 1307 1154 3738 8081 4748 5430 8056 7850 3033 4752 4180 4267 9834 3264 8377
39 3821 4980 9045 9595 5719 8575 3112 8796 4605 4724 711 1644 7312 1110 5188 7370 9421 9611 6764 2341 6442 6565 5052 7327 9080 676 1389 6660 4692 1028 1334 5207 4611 6546 5499 5494 8122 913 8232
29 4209 9300 3443 8105 112 8491 4798 8817 7339 1420 7543 875 2403 8428 1395 3144 9904 7443 8781 407 3695 7257 6070 6490 5972 7184 421 998 976
31 1845 5112 8555 802 2665 4328 7984 9813 1309 2393 3710 9671 2345 8821 1650 7420 2087 1832 7895 5206 7571 4674 182 8313 4049 3576 8152 3417 1931 6390 2252
24 1364 599 6120 4776 6165 293 7273 1926 8695 2239 1382 2325 9618 2514 6428 6343 9518 3226 5275 1148 9650 4311 1705 5848
19 4439 9959 5231 6100 6599 9500 3800 5667 6411 8385 7776 3886 1091 9942 6045 3369 9990 4392 4185
24 3735 4664 9871 3425 3925 6963 1761 716 9244 3924 5827 1657 3209 3166 6126 1161 1490 3109 2929 2223 1195 3860 8098 2363
37 3200 9974 245 8681 2787 3879 6814 9450 7602 646 292 9684 7515 8229 5014 2304 3877 8960 4491 3016 6353 3704 5614 9386 9108 5022 2725 2460 2719 2779 4134 6943 7565 778 3069 8331 8210
19 1568 3775 1963 5824 8616 9330 634 8016 7071 4609 6095 3192 1231 5617 4422 6632 4077 4490 4177
26 7693 9388 4113 9623 1106 5411 9116 8470 8916 1355 4710 8247 6292 9908 9839 8966 4571 8032 7261 6598 2136 3248 4 7311 2724 8677
26 1281 7092 3038 2105 3901 8407 5725 6839 1980 8693 6983 732 8361 6572 7377 3472 2071 5146 2871 436 2985 9818 6073 6959 5020 1254
23 9152 4105 7046 512 7333 1405 7755 8305 3678 6166 5056 2149 5832 5454 3175 1665 9339 7938 5591 424 3440 910 4296
21 1551 232 863 9547 1165 9085 5007 5397 5357 8655 5119 9605 8255 4462 937 6576 9350 5666 6715 7489 6750
31 7364 3602 8367 9242 2640 2771 7474 7715 4714 7998 6253 9475 8475 1702 7552 733 4835 7908 1853 1915 6810 2094 7221 721 4075 5560 316 5900 8044 9915 8211
7 6521 5077 7955 4951 9227 7527 8178
27 6119 1215 9134 8970 9742 6677 8973 2972 2626 8007 5032 46 6734 9155 9060 7177 1707 4306 7452 9338 2080 9656 9522 6968 3928 3929 6342
16 9894 4258 4336 1499 9235 2267 373 9688 7675 1552 9493 4976 9214 3535 2609 5244
15 7699 3521 5016 7966 1975 9932 5066 8908 5492 6118 5735 1939 7335 5508 8797
14 2285 8963 5170 717 6516 981 6108 7032 5797 3718 811 1230 9317 9326
23 7134 8782 3394 8827 3750 3124 5451 8268 4903 9103 7167 6308 1457 6510 4381 14 7973 3280 6664 9773 4540 3224 5174
18 2599 6085 4685 4988 5738 2018 4436 3982 861 6421 1658 5956 7008 5741 6405 6650 8321 3969
27 380 1733 7922 2235 4376 9628 6915 3157 9838 8416 6605 7009 4989 6156 2950 5080 8875 6688 2496 1824 8205 317 5731 1731 5485 7783 9677
26 2548 4456 6642 2958 9785 5372 7570 2437 5779 5655 3078 3553 520 1167 2137 2012 9142 7308 3831 1437 4172 7813 3559 797 7115 9005
32 8133 4935 7190 2041 6392 2217 1311 5193 7691 1412 3326 612 7341 4591 1471 3747 5862 1163 8172 8068 3096 4254 2728 6017 9414 1728 4364 2592 1472 906 2030 7173
12 3297 5321 9814 1158 6401 6690 7165 1522 9432 270 7011 7093
11 3296 8108 5826 5823 3581 2474 1983 8880 7586 4542 431
16 1889 8705 2685 6511 1836 6568 3876 2294 9218 2643 9013 679 2032 9811 8582 3380
22 5400 4195 3790 9288 3466 2264 1394 2837 1945 1423 339 5943 6551 4999 2631 3766 2064 9007 3488 2683 8947 1823
28 2060 3435 7135 7628 5620 6896 8193 4654 6713 9987 3404 2414 149 2084 2555 4033 5911 625 426 1401 5938 8706 8341 9676 246 6978 8311 9304
27 8610 1799 2044 2383 4871 754 6821 515 7250 9969 3854 7076 7848 7897 7033 3920 8567 2101 2701 1362 7052 3853 1928 8260 4484 4695 325
25 8652 2919 1994 8984 5082 4372 7573 3765 1198 4086 9706 7462 8539 4280 2461 2493 9315 5984 569 1899 9154 8572 4324 4320 8770
20 272 947 3550 9592 6648 7260 6882 50 8852 3590 4487 2743 1413 7780 7283 8724 8580 443 7219 2172
21 2729 5520 3323 5249 1714 1578 6486 8511 7644 2347 915 5126 9115 705 6233 4522 4288 9061 9374 5538 5575
12 9471 5638 7639 6577 2262 4229 2013 2211 3923 2277 5821 3313
27 5751 8128 4713 178 7246 9031 8505 475 596 8300 6134 1907 1033 9027 2303 2195 9973 5121 4504 4067 7905 5989 2249 3719 5978 5390 3922
13 8357 6391 2092 2127 9955 2970 8267 8589 6112 1614 1052 737 5873
11 813 6037 3437 8600 3868 5581 4401 9220 623 9311 247
14 7556 3763 114 8403 8084 7607 363 6668 1026 9032 410 9307 1141 5404
30 9561 2207 1263 5915 4806 2434 8164 8034 4125 3077 800 405 6798 3182 1164 2109 5605 9828 2162 5739 504 6354 4610 9808 9793 6417 1295 8861 8862 4374
27 5405 8713 2543 2547 1716 9192 3845 8961 9132 2017 8842 7674 8621 2295 2365 6894 1759 2604 1116 331 731 8638 3641 7289 299 7350 4846
25 6172 8956 9165 691 1193 6451 5417 4270 7018 3498 6459 9073 8390 2400 8863 6406 588 4934 8867 7233 4193 2372 1495 5225 8543
24 4147 4607 7361 544 2362 83 2319 4388 8841 8672 972 7047 7030 5028 9783 3899 4516 2005 7163 8723 3180 1962 9025 1558
26 9952 7883 7764 9641 1294 3701 9975 9106 5692 970 9962 2076 4038 2085 2785 4400 7511 2302 1361 8859 6788 8279 2152 6241 6853 9771
37 200 1984 3541 3129 6747 41 9511 9951 4139 6842 8042 4652 2810 8285 4302 883 7651 3621 9490 1383 2552 543 4076 8241 7517 5199 359 5951 9342 555 4061 7563 6148 1951 9971 1137 5265
35 3783 3840 1863 422 5853 5584 5783 4007 7278 461 1104 890 6374 7935 5715 2613 9734 3150 1876 5729 1618 8692 1989 2800 5152 2860 2721 2830 4149 6310 9499 6931 383 7537 5030
8 3964 2987 2827 1952 4785 3480 472 9721
27 9068 3082 5861 6746 1710 4104 9980 2558 4787 11 2513 3946 6204 974 3142 2676 6945 6408 7478 8066 9417 4923 7144 6445 7959 4799 2961
9 2510 2344 1144 983 3303 9711 8701 1570 2840
9 3552 416 2877 3243 6177 8482 5551 5616 7789
28 3375 4246 417 1500 9394 2856 982 9481 1531 2901 9033 4594 6751 3973 4407 6396 2388 9245 2367 793 4668 2621 6015 7660 4157 805 3588 5179
22 6596 4398 2375 8182 6414 4009 3266 5329 4053 7130 4486 6130 7012 8579 1611 4231 2022 6933 1938 392 1084 2312
26 5087 7010 1752 2498 5837 6800 130 8296 4423 803 4330 7887 4425 2616 7367 2186 8972 4010 966 5760 1172 4474 3284 5476 5855 234
17 9513 3501 889 9889 7101 4152 9616 2380 9989 9841 5236 6845 6448 7042 9635 455 1300
22 2907 9276 862 9968 9136 8009 5031 5963 1941 3967 453 931 3852 6525 822 2545 792 4363 1350 6051 1202 44
17 1132 1371 1603 604 4960 9365 2638 5 6394 5302 8483 5752 3422 4728 5884 7676 8519
40 5890 5025 2904 3105 2399 5212 3462 7442 3938 9419 655 7636 5838 9761 3993 5579 4394 3874 9321 2086 8093 6203 6838 2447 9422 3171 4946 1673 2266 3306 6954 1183 4215 5916 5685 2540 729 4305 4268 5055
16 183 3682 8067 5114 1743 2342 619 7332 2863 7593 9956 3415 360 7899 2597 8980
33 6069 166 506 4396 4659 7554 8030 6446 3663 2745 3648 8444 6386 5210 6602 6908 6655 3395 8651 8383 2336 6369 7385 8570 712 3131 6844 7409 3140 327 7001 6569 1966
18 7782 8170 1331 3582 8668 653 8757 9318 7185 1351 5613 3529 5688 796 3975 2227 1006 1950
19 9397 3489 6043 8121 9208 968 1197 2832 1238 5772 6781 1303 8443 7136 6782 5266 8429 4292 900
16 4992 1668 3813 2584 5258 4238 2420 2801 2024 4943 7669 5533 7828 4424 3347 8120
22 8023 5879 9566 3798 9376 4232 5878 745 6926 9081 5807 7345 1127 3383 2925 1837 1795 6057 1696 7979 4641 1359
19 4496 2648 8366 744 2431 7960 7923 337 5330 7910 9197 9074 111 296 6084 75 6250 70 7700
30 3972 7685 8085 8445 9466 6216 7048 1330 7245 1179 1960 4384 90 8976 467 5033 8186 7944 4564 2124 8678 450 1739 7317 3671 6335 8888 9555 3664 955
19 4832 8150 3174 3269 5479 8872 8936 5925 2083 3015 2575 3327 6093 6461 4350 13 108 8939 7855
17 6974 6181 8432 7142 6309 4131 7225 7919 9173 5831 1662 3046 5657 750 5953 1881 757
23 2110 2453 8806 2467 9678 3339 1468 8593 8437 7587 3449 1187 2483 1974 3835 2114 954 8877 6964 4671 9827 5312 5175
25 1160 649 2776 4800 8816 4472 1791 282 7021 3674 1050 3551 5106 7800 735 1373 2870 7725 7880 7833 5150 5474 3965 1599 1425
20 7490 9143 9612 4852 1786 877 5534 139 1671 6036 5740 5217 9094 4458 5643 9390 1329 1683 1602 5646
10 4727 2820 3309 804 258 2349 6153 8083 3412 3533
12 884 334 7168 1481 6505 7530 598 1909 6766 2049 7820 3984
29 3119 4764 1902 9617 9151 3746 2206 9896 7770 8063 3 4101 8562 214 1649 7222 7974 7258 9491 5338 5274 3026 8608 7826 1147 3448 8327 3042 2529
14 8077 8922 110 6557 1577 3183 9051 4650 6936 3523 7427 9129 5446 6260
4 8397 7304 3586 5037
33 8435 394 4959 3024 5510 6836 7465 5663 266 2352 986 2781 3493 6805 2174 715 6041 2151 1047 9939 9175 1302 3320 6259 7031 844 5894 1607 7485 9604 4649 4042 6080
27 4914 9634 8309 300 5695 6593 1245 8945 808 216 6897 8545 9091 6312 8242 4579 2229 8759 2354 287 2490 6731 7126 1488 3884 4683 7252
16 8297 8643 1765 2646 7852 8818 4290 9391 7087 9521 783 9168 8613 5637 5127 3643
26 9156 2220 2652 7724 5306 4365 85 7807 9593 6180 356 116 2255 7124 9877 860 6860 4726 6986 6944 82 587 1809 8001 8265 3378
15 6387 256 7099 7921 2572 6303 4431 9674 5587 1868 3310 1576 2847 1701 8700
16 5794 2164 7588 1686 9447 8347 4889 1068 3953 3094 7658 1788 5322 329 5293 124
18 7707 8143 6743 9400 5921 4461 5383 274 806 3670 5039 9580 5431 5787 944 7349 9770 3120
26 57 9631 5892 761 9926 704 7477 6248 2040 4937 7143 7536 1690 6234 7514 9174 4707 5512 8455 8206 1812 8174 898 9775 8280 4241
27 9576 658 1873 1256 1910 2898 9101 4297 6722 3717 2633 516 2808 2438 6149 8288 217 6705 7961 42 2759 1268 9660 2133 5198 7375 9277
12 2476 738 6653 3399 8777 103 8417 3189 5362 5758 8374 6227
25 1613 4063 7912 7794 1271 9190 5006 5792 5529 3997 2861 1338 3736 7703 9275 9597 6666 8846 6107 3762 2218 1347 6795 3812 6702
27 4733 8989 8155 3073 992 1175 3366 5875 4858 7903 7205 3293 5040 1861 3438 787 4590 7439 4660 4019 3240 9787 301 3456 1456 9558 2794
18 1944 202 6021 8492 2634 6679 1918 1444 3764 2215 5462 2853 289 1367 7343 8282 9294 3048
2 5891 8308
19 4121 1779 121 9083 6131 6866 7747 3804 8537 3352 6027 7739 8738 8879 8156 4563 7 7696 1718
30 9625 5012 753 7208 6809 4485 7445 5043 9319 7987 4628 2765 2850 8109 4912 8987 2772 9572 6530 1890 6787 8165 681 341 7814 2287 1290 5435 8463 2890
2 9569 204
35 7710 2442 92 6425 3636 6741 853 9537 7604 6865 5045 8494 290 1504 4250 3714 9479 2834 6086 809 765 8457 6022 8333 7592 2723 2069 3162 4631 6700 5095 7402 3819 5224 9354
20 5465 1415 987 6873 8074 2567 2214 1477 1025 3881 7544 9193 1517 5109 9008 4741 3741 8552 4962 2238
19 7078 352 4117 9264 6513 9335 8177 9185 542 1214 8914 340 6701 571 4427 2100 1341 2664 4277
14 5255 4460 8568 7437 4633 8515 2301 5204 525 2623 3107 1226 79 6339
20 2893 8534 5694 1819 2451 4529 71 4316 6555 3355 727 9501 2120 8683 9669 3716 9215 1001 1825 6273
19 7630 2596 173 2398 2048 5645 3374 6972 9212 2707 4589 265 5469 7540 3238 5011 1173 5819 1185
12 1610 6289 7786 781 3234 9124 7423 8669 6035 5653 8611 8905
16 194 5100 3593 171 2682 8116 4001 8045 2466 5696 1661 5612 6779 1751 7713 4399
21 6582 4314 8257 8814 3271 2209 7735 8822 6720 309 1124 7240 9590 3727 4284 9767 7781 858 1633 8490 4795
14 5168 9153 5852 3661 8729 5759 8315 3062 8460 7202 3998 5676 3665 7906
14 8334 3159 1034 2911 3660 3497 7521 1749 347 1036 16 3787 8508 8430
20 76 1169 4356 8741 4623 9821 9233 1069 6176 3525 2485 1820 2902 5867 1014 7577 9922 4886 3656 3617
16 5734 7520 7388 9163 2889 8393 5185 6501 3376 4864 1798 4531 5555 9782 9309 9146
25 6132 3451 5835 1891 9230 2835 9758 7856 4459 2139 8140 7907 8689 2842 3897 2027 1575 7721 3102 2647 7869 1927 8622 9004 2878
16 7635 6211 94 1388 3810 345 9308 276 8454 4719 6950 1280 2138 5545 1652 5790
16 9072 399 5527 6802 2104 4333 3917 7589 5489 4230 9126 2976 2389 1139 5524 263
19 8506 2790 2234 5036 9026 6953 510 2611 6431 9535 6142 1506 2197 5331 6074 4901 2243 749 1213
21 6946 74 5263 6067 2557 2374 4453 7806 929 4762 386 4565 8526 5618 9162 899 1077 7436 1076 5931 321
21 876 6213 7274 4734 4539 2580 1320 985 4845 6282 3900 3610 6028 5770 5928 6661 3484 7744 8839 914 12
16 589 4464 9835 7942 7330 5490 2379 6468 4797 2624 8222 5459 9399 9749 6539 1892
13 4100 1816 9389 1780 9431 3882 7416 7484 6881 4079 1085 2691 3713
12 9686 5136 8287 940 2629 160 1641 1366 4909 9781 51 1645
16 2805 6808 9358 7461 4505 8325 3350 7305 4721 7518 9280 188 828 8641 1805 9525
19 6562 4857 4834 8746 1756 7879 395 6337 7797 8944 2965 1704 2091 5392 5024 8336 8838 7601 6934
25 376 1201 5962 2292 3896 843 6885 7301 3261 9716 8051 6977 1679 4322 6918 3247 8812 2517 460 3151 4108 4510 2617 1813 1559
15 7650 3494 5558 3895 2034 5327 3079 1754 8472 5141 7863 7307 2922 9097 8100
26 2473 1496 1942 374 1436 7614 724 8760 8656 5904 9470 6137 9863 1906 1643 3118 8381 2494 3423 6183 2836 9063 6667 4118 2376 4140
18 1428 5004 9469 4921 8101 5502 3006 647 2943 2471 3143 9615 4918 6760 2361 1204 7405 3619
19 4274 8220 8659 8926 7647 5041 8764 2994 9943 2947 3962 9725 4051 1108 362 2443 532 3903 3043
24 7555 2702 5957 8214 4045 1741 3748 2268 686 7560 6055 6105 8466 1616 6852 2358 5456 6535 2182 7524 6464 9198 2148 480
8 486 3441 3250 3126 9668 5607 4716 790
18 6630 2315 5486 9508 7730 5002 3948 28 6224 8828 63 4627 9756 6217 9664 8319 2897 9476
16 4698 9337 8532 6682 6154 5118 9455 9898 911 1585 1638 3040 3273 390 6991 5370
10 3650 687 1155 5898 9895 7079 5096 1074 3620 8147
17 8620 4244 7698 1688 6331 2042 3496 9591 7775 7291 9040 1225 667 2905 9909 9960 1722
11 8632 6397 6432 2550 573 637 9336 2019 2010 8964 4987
33 6656 4873 4546 8484 2106 7704 8425 9627 4910 8629 7876 661 9477 5477 6402 3122 7516 847 8953 7077 5219 4851 3465 6560 9295 574 9528 9147 5895 7758 4013 9088 2764
12 7528 6947 5509 2918 9643 255 2038 3957 5203 8581 9404 7472
17 1513 1787 361 3214 4715 7706 9017 9946 4556 6302 9290 1730 1205 2318 8943 7943 8131
23 1709 4944 5238 7276 3351 8129 2093 6707 2340 2817 5396 7241 1099 7315 7469 6014 9791 2868 2880 9178 1375 3386 5399
20 9474 4426 5503 2468 2741 2299 1416 2309 125 4025 7328 1337 1242 9703 747 5647 3543 7831 6840 5775
17 550 9089 4060 1747 6540 9933 3554 8270 5165 4182 8095 7859 6631 9296 430 4145 6278
27 5541 2537 5668 3544 6398 7203 6638 9731 6367 886 2753 865 9000 6422 991 9718 4964 7090 2381 7292 3822 8751 4760 9448 8561 2502 464
28 1240 8784 4869 6261 942 5366 2979 659 2525 9934 4213 1937 1519 5577 2404 198 4722 3943 3301 8702 488 9642 5434 5542 1887 4861 4908 2130
15 1286 5639 5186 4527 752 2331 238 6005 1129 8541 2421 2750 5745 3128 2746
13 4772 3689 6362 4081 3567 2966 4548 7359 7801 6534 7244 5068 6465
16 5658 9361 1461 1008 6178 9435 1358 3801 3187 1400 4240 8658 630 1258 4488 4156
24 8167 5803 5107 8419 8937 397 8911 1715 2535 5391 5627 1237 1740 7727 2672 1648 7054 8497 8468 3642 9977 6955 4133 9993
23 156 6659 5070 5394 4016 7812 5786 4578 201 8359 3960 4688 8907 5609 8714 1296 3563 5926 5177 4904 3184 2677 9069
15 9848 3645 9630 1591 7139 5320 3455 5671 6482 8522 3113 6624 8337 1306 5149
14 7599 6883 6376 8151 5350 6427 9760 9437 8352 5773 7946 603 3558 9172
26 5090 8637 1986 2999 1527 922 1729 6013 1030 1804 1211 8094 674 4569 8289 7886 3154 8181 3599 7200 1533 2194 1793 1390 1087 6518
9 5498 2700 7029 4732 4982 1811 4015 6665 3737
16 9687 6672 3699 9378 3981 3213 2708 6938 4030 539 2873 4956 7023 1760 401 8722
27 1313 1830 9654 4028 5686 9159 9262 708 5847 3534 4159 6447 4675 3085 6249 9529 1103 7256 9041 3911 1990 8249 3934 4759 4273 1020 2210
14 742 5733 4497 2903 9903 6225 5820 9010 3349 6691 2865 4996 5110 6368
22 921 4441 5279 572 3231 936 9482 9225 9077 4219 487 2160 1727 5893 5518 3071 8598 4672 4620 6761 8716 9891
13 852 3222 2762 6859 333 5802 179 8356 4580 5812 8113 3712 7024
37 6139 2424 2603 2357 9544 277 3976 3816 7683 2305 4558 7188 9127 9923 9505 6657 3499 6140 4828 4821 6235 5105 8291 821 7179 6604 9899 496 6117 7969 5286 3001 5949 7751 7390 962 2658
17 5782 5375 1981 2875 3992 7285 7661 9248 8805 9028 4082 427 9567 3836 5122 3711 3536
20 9462 8646 4173 4468 5313 4831 6542 6697 5246 281 2650 140 1398 3545 5418 4295 5361 3730 6487 8012
30 565 9382 6922 6029 5656 529 5228 6186 2270 7629 3657 9652 9407 9900 1656 8283 2793 9780 2549 6846 6640 5946 5912 5328 8015 2637 2908 926 1174 7681
17 6618 8595 1930 3904 319 9001 4272 517 9239 2236 905 4175 4262 7597 2050 4823 437
19 8099 3007 3565 1417 3524 5420 1316 3955 6727 3074 3909 2427 3600 8810 6725 1935 2410 2492 616
31 4455 3424 6168 6942 9314 950 6101 9948 3482 9912 4613 4689 2722 9357 7259 5453 7741 1092 1985 5115 6500 6295 2282 7454 1847 5432 8467 9606 9792 5588 9430
7 9519 78 2113 2734 1808 6152 1293
30 271 9274 4414 7255 1054 9549 2566 2831 5267 9037 348 6121 2077 8772 8798 4073 279 7137 2360 5635 3060 5842 5531 1149 107 7667 2819 3971 9876 5443
13 2777 7153 2333 2932 3363 7736 5264 8765 7617 3745 1579 579 2816
29 4184 8832 718 3170 1723 9078 4602 3875 772 6537 3839 9238 6898 5303 8624 2016 7194 7832 7914 8052 1259 6578 1572 148 5889 8507 411 7057 9281
25 2167 9286 6498 1232 4410 4285 7457 3921 2802 280 8938 5247 1842 8200 5000 8180 6010 4142 4463 3956 1115 2411 5988 632 2909
31 5034 3329 4437 3188 3991 8766 3459 32 4200 1386 1272 6023 8412 4872 9822 4012 8316 3979 8779 5167 2364 1283 9653 4169 9423 4577 1404 3070 5035 2608 1562
27 4704 4782 241 2409 5844 6426 1199 1168 8431 3101 1612 887 7371 6443 8004 1058 1566 3941 5429 9145 6693 9486 5232 2289 6136 2704 1619
30 1883 7612 739 627 9246 6110 3989 7428 9705 4875 1530 5287 553 578 7648 5701 7498 7562 7081 4906 5908 1541 7720 1936 269 5345 2423 9369 4269 2463
9 8679 4412 9148 3390 1642 3041 980 8002 2090
23 378 8434 3169 425 106 9620 5221 1239 7830 6223 5872 8400 4198 6543 1117 9531 9384 8142 6895 4286 2475 5363 3679
27 2783 3966 6538 832 3615 8298 7933 5684 6921 2477 5619 9130 2769 8161 2462 1011 9893 1236 919 3063 6351 6651 1479 3644 3612 4600 1038
24 9042 4957 9524 6078 4371 1790 8026 9790 4658 624 2546 5416 2334 4357 5805 5834 652 9059 9438 4961 6434 9747 7977 6676
15 688 8284 8335 6827 4541 7582 9621 8525 9984 5157 7154 3571 3237 535 8196
26 5282 8548 1601 5234 6316 6584 4786 7847 5899 6907 8018 8615 5074 4093 6774 3308 7195 4932 5164 2752 7878 4763 4303 2698 5248 9573
21 3453 9118 1745 9858 8909 4089 254 9872 518 6678 7125 3137 1458 9534 1957 1380 9257 5348 5987 7410 3286
28 5425 4153 3148 7580 1010 9485 8504 354 2290 8510 6864 2407 6699 1814 8258 1485 261 4166 3427 3059 4928 2936 5148 2157 7044 9599 2983 2862
22 8188 6141 5241 897 7086 7415 9681 1466 5992 8748 8027 4251 4625 9856 3282 7841 8230 5813 6621 4218 8625 6096
30 8699 3572 2899 3461 8462 3426 8203 2639 6984 4990 7874 120 7558 2969 8037 3083 4985 7403 3919 958 8010 7815 8663 3485 2946 1044 4757 5599 3856 5707
36 190 2536 3951 9473 7357 7471 9806 4502 168 9757 2967 1550 2686 6360 8737 6336 3970 377 2370 275 9379 7265 8294 4771 3353 1166 1933 654 3702 8452 2594 1301 3407 2326 4129 2208
28 7446 9144 8823 4115 8791 6985 102 6818 2663 8485 8742 4072 8339 508 3776 7615 3434 5470 5980 3431 3132 40 1976 5044 7039 1694 4432 5311
17 7988 4924 990 9284 1934 257 6801 5475 6658 7980 3179 9206 2165 9714 2457 2253 2271
18 9497 8653 5830 8761 4343 7271 5140 3592 4770 9542 2668 1440 1171 4419 4337 869 8717 5784
23 5815 4119 8413 782 7941 5001 1317 7164 8807 6264 6006 3344 1895 9098 503 2811 8380 336 845 8837 5896 8607 2671
16 7971 6297 7754 52 3216 8481 5610 9961 1806 7050 2823 8949 8411 7559 9387 7766
23 4973 3475 9543 7043 4481 2121 6902 9729 3054 235 4892 4263 4942 6081 2553 6256 6049 4774 3703 2940 6212 9865 7834
18 2480 161 5514 7503 2680 4204 4443 6346 3392 9375 1298 1703 2522 7788 6291 1287 5811 7146
25 7277 7666 9832 8671 3583 5539 6359 8860 1768 6064 7529 8549 3630 4817 7728 5993 5677 6315 2003 1953 4161 885 7051 8948 8934
29 8803 615 8682 3789 9012 1693 5622 9364 2397 6218 1700 1523 7148 4312 6824 946 814 815 3242 9415 5337 4391 307 4222 4402 8234 6614 4811 1304
24 3398 6305 6164 9273 1276 1453 7686 2645 819 3847 5099 8281 3752 5200 8041 3506 3322 9958 8574 259 2822 4242 7968 5111
17 4068 8353 1264 4947 2713 5042 2154 5850 6611 9603 5774 4632 6046 8893 4570 3000 3388
21 3669 4615 3930 833 6503 3263 7014 9092 8017 2894 7659 1678 1083 5750 3254 3039 6187 4779 4479 5414 4308
19 6333 4163 4587 1967 9043 7872 8473 8623 4389 6891 9428 850 6869 2993 6330 7954 707 1473 5592
23 3445 6058 9282 3036 3952 409 8272 7488 6068 2023 1772 9548 155 5546 1049 8358 6899 5580 5767 1514 5817 702 8870
13 5124 5913 9639 9322 8767 1396 484 5023 7351 5640 1821 1427 4220
26 4349 4794 4630 3605 8835 8079 1908 3220 9478 199 1051 5133 1182 9659 8438 5171 7003 8248 5736 446 2353 6323 3591 5682 1191 7160
22 6765 7430 656 5433 9065 66 3477 3731 2916 2694 5929 9724 7363 9748 8317 8975 6792 2995 5316 8389 2337 5159
24 2338 3502 892 1777 5457 1048 3666 2417 3454 2115 5630 1073 8076 3013 9966 1590 2201 1712 7170 5960 5048 7673 5776 3517
16 8326 9784 3846 4730 1538 8778 8060 8322 644 3019 3681 755 3733 9312 2516 3087
16 799 5632 7761 561 2142 6240 609 1769 9683 2168 7095 4052 9465 6603 5230 6919
14 1411 1946 5268 6301 9331 5482 5365 4375 466 4261 2131 7625 2203 8238
26 4761 3066 98 3866 8747 8951 3205 5952 2059 4326 3753 9496 278 6344 7627 4746 959 5078 1748 4148 4361 9885 7708 5633 3863 5376
19 1046 7816 1476 2260 2320 1539 6089 8307 1253 9682 7790 2242 3515 5197 1526 9095 1982 73 438
40 4094 1066 4377 8559 2278 6780 4882 1637 5213 6123 1630 2838 9851 3891 1251 7117 730 7690 2577 6558 141 3949 4884 7034 4584 7926 736 4442 5073 3098 8286 4235 6230 191 2029 3914 5836 1060 7989 1157
15 2954 7176 1831 9054 894 3828 2619 4465 5762 3304 7496 4383 5973 4047 3945
4 3272 6914 451 8119
33 3849 5369 5554 5746 4299 2261 3420 4807 7759 7019 4656 7103 5700 387 536 5262 8523 9023 4840 3700 538 1274 6854 4386 5333 5349 7538 4237 6348 441 4747 49 859
23 7000 248 439 7994 4088 6280 7162 6009 7940 6352 6262 412 9665 6988 2204 4380 3285 4416 3492 4606 994 7649 9243
21 4913 6900 895 3305 645 2885 8988 9809 912 7037 9441 8886 3889 5918 1021 8619 7295 5130 611 5723 6828
15 7609 3292 7145 6389 1905 6083 7875 9211 7027 21 9258 18 2196 9661 1898
35 610 3410 2531 6404 4706 1635 7082 4194 1121 7574 6265 6220 3885 3542 6357 6589 252 8194 4802 5340 3968 8493 5117 184 4096 2125 2088 2394 7566 5937 8503 8409 6388 8423 5791
24 6563 2651 5240 4673 4636 4532 3974 2740 1029 9941 6243 9539 1446 3832 3684 9588 9502 1152 1549 185 2747 7951 3020 6285
12 8996 3338 2989 5154 3027 1781 6129 4181 1064 9765 8278 231
26 435 6012 6729 5690 6159 4854 115 1521 5933 8266 9570 967 7062 7006 6528 9739 6075 5151 2855 8753 9120 9794 2258 9488 8501 7112
25 1625 9768 4164 533 8198 2754 3468 5409 5260 8662 8687 8743 6281 5166 1229 4573 2469 2378 8295 6941 5930 6489 9398 6191 4310
25 7512 7180 6206 8323 6003 1628 1460 7438 8263 9645 4965 680 8344 7798 9837 9583 3452 9667 8584 4368 5015 5355 764 4275 1015
22 7557 7226 6575 5189 9833 607 3940 509 4224 5660 9079 2948 4168 6675 2872 1554 3837 9266 879 685 948 1691
19 1422 6966 6674 2037 2565 3470 1235 9755 964 4211 6628 9125 1792 6823 4239 5840 9648 2773 6371
23 1111 1260 7174 7633 5764 4221 5670 1368 7777 3210 4915 6478 8997 3034 2222 3935 6612 5935 1153 5047 2329 6322 5665
15 3530 6910 2602 5564 2248 2497 6157 8845 7743 6561 207 1893 5604 8384 7059
26 3017 3050 6202 2118 9874 6969 1553 5910 6566 4582 4477 5083 6423 6174 4097 8844 1448 614 7396 528 3076 1408 3464 2096 748 9396
23 6410 9487 6851 9830 5507 7884 4355 9812 3691 6523 7793 9167 867 2311 9403 6622 3481 5153 2888 2879 6626 4069 7733
19 1102 8795 2126 2675 3807 979 8876 1391 5702 4819 6378 2684 9055 7218 3959 7450 6441 7937 9637
16 9737 2605 9410 4971 2527 8793 723 6184 6759 1354 9540 7053 8124 7288 4900 4023
22 4080 3490 497 8059 9743 9564 2653 7150 6066 8785 7769 4358 7497 576 4572 8999 2692 8866 7069 1829 7251 143
21 5017 6767 7172 9002 7927 1430 2122 6681 4406 6116 9929 3598 3361 8887 5378 9840 4952 836 8959 6300 8332
18 8028 9160 4701 230 6452 2500 8215 8014 3037 2503 8427 7842 7431 5354 9210 770 6242 60
19 3740 7337 7211 4966 8585 2556 6380 7392 8903 1393 6758 7866 1016 3864 5084 5749 831 8451 6060
23 8448 4020 4137 415 4344 8851 9440 7366 9607 5094 7298 2931 1463 5132 1670 7056 3235 6796 7603 4192 5883 4735 9443
23 4228 7787 5285 2997 494 6062 1872 4824 7757 6102 4608 8231 8969 2433 1882 4298 5659 6444 4040 3012 8540 8898 8802
18 3433 6526 8609 2809 3947 2937 5101 8986 4165 7479 7121 7106 9541 7892 1877 6470 3687 5669
39 3444 9411 9799 6843 1332 7687 9405 4885 9306 6455 4848 5881 69 3603 780 2181 1955 91 5291 1443 4035 9701 5380 134 7745 6932 4457 9480 7352 904 3223 1397 5905 8061 9999 9764 7723 3097 2606
21 6340 8187 830 2657 4503 6832 3782 839 582 777 9460 8293 2587 288 2478 3091 6032 3312 3848 5144 9203
20 3778 9070 5888 9836 8800 2246 8160 4278 6318 2368 3777 9029 205 324 2192 5003 3637 6958 9184 3883
23 5572 5466 1090 7638 6550 4666 2119 9138 8239 8830 6325 8809 999 2763 3447 7487 9862 4174 5364 5051 7123 4122 6063
17 4709 4205 8815 7898 2851 1666 2350 6937 6768 5550 4551 5683 8162 8538 7391 2408 8594
16 8373 5008 3221 5116 7626 4234 6886 9553 4492 5664 8195 3927 5644 5162 6311 7641
13 3986 8110 9229 4144 3299 220 2144 8117 4236 5215 8982 1216 8046
21 2056 7434 511 4639 7287 5809 1480 1282 4777 3999 5909 2237 8394 4517 5544 1878 323 7264 8137 9119 2321
25 7585 8274 8557 5955 4575 6048 2982 633 2539 1474 65 6272 9658 7924 3419 5747 829 9271 7100 3820 3359 3771 3688 6999 4473
26 5517 2143 8207 7934 95 9680 989 8529 3258 9064 3058 4331 7080 6680 6042 8958 8749 4902 3385 9967 8276 5463 9533 8199 7722 3791
21 8173 7732 7282 7595 2568 15 3722 5123 1130 3135 9699 5496 9697 8318 8405 36 9057 8082 8913 6606 1636
26 1697 6409 9965 9179 6399 629 2180 5557 4074 774 5314 9870 6754 3473 4454 6267 6773 1782 9745 4859 6976 3283 4354 4448 7175 3850
7 3161 389 6687 4769 9507 2964 4978
24 8978 6756 4421 8940 4940 1324 35 5662 1464 7637 1098 2978 3977 1042 2991 9578 8676 3004 5257 6769 5272 6889 7181 1288
17 9436 2284 5778 2595 7583 5448 9302 304 312 664 3277 1379 2886 1095 9484 2926 2508
25 6877 6053 5654 6361 7737 1627 8868 4938 8554 3867 5994 3099 5005 6059 9157 9516 2732 7785 5595 5010 2405 4967 3890 3337 6087
16 935 5621 3512 6762 8990 7668 4340 434 2033 5801 1056 7835 548 2269 6365 9250
12 6319 2330 1203 8755 600 1763 3996 855 4808 5339 1118 4127
17 1186 4657 6000 4291 3510 1508 6850 5211 9062 5810 2561 1789 9663 6099 593 2564 1285
29 7114 6199 699 7677 7553 5487 3317 5602 5054 9345 9182 4880 6601 7513 7682 6880 5021 5877 3186 595 6214 1462 1126 7368 4755 5623 4697 7731 7133
19 379 6197 10 6785 969 531 1875 4974 4754 7853 5053 4146 1753 1291 7216 5561 8726 9829 1374
27 902 6304 1995 7546 4661 6125 8379 6719 1864 286 353 7193 6255 4899 6975 7726 5347 3980 8360 3356 9076 440 7242 229 8825 9690 7509
29 8104 4112 8209 8370 448 3830 146 9819 2250 1859 9177 3194 7712 3754 5092 9880 8115 7419 8516 9849 3206 3519 5325 2257 8269 6294 2322 4281 9532
13 4523 3061 6320 7970 5216 1156 7290 648 8078 9878 5788 9850 3172
20 7768 2436 8328 9657 9457 5674 4141 7631 7811 5452 5708 8550 7507 6522 1736 3774 5570 2844 8929 0
14 2359 6462 8218 8478 9034 3634 4963 8558 4983 1442 562 4568 2251 1452
22 6239 1689 2791 9255 7494 2825 9557 6279 1561 6106 8918 6856 6920 5976 6146 6382 1775 4809 6499 3111 4700 8216
21 332 8786 6413 6244 7882 657 8895 2959 8576 9298 4850 1535 7590 3526 6995 6564 5634 1080 7702 5412 7918
19 9613 2440 9464 1587 7679 4773 3570 1746 5428 7642 2739 5530 80 2499 1333 7382 9048 6514 4778
19 9735 7692 2975 7191 643 4123 3315 8343 2178 4438 8885 9911 167 2202 8197 5142 1426 251 5467
40 6783 8310 2920 2020 5406 5716 741 8783 1407 817 9406 8736 2957 8848 2782 6536 5628 9738 7792 2335 6356 8820 7796 4409 9333 4595 1999 7624 7201 7584 2175 6506 3613 9413 4812 4095 2968 5977 5439 6917
13 3751 6692 67 851 8927 3389 8031 4265 7756 1586 6545 4332 2814
23 1177 7372 3594 2896 3802 7209 6615 1537 636 938 2413 7094 8153 8974 9047 1322 2310 2373 7348 8053 2586 9719 8499
23 9495 5393 3197 825 7870 5732 3114 2132 7334 249 4433 2768 2004 7997 8853 5754 1582 7753 7992 5057 669 1961 1207
15 6293 5437 8500 369 601 7132 6268 3432 4092 8857 5085 2481 6207 9921 4614
15 2171 8667 2323 2470 2612 3075 9456 6072 4151 5346 3256 8756 4210 3633 7460
30 2507 55 583 8262 3918 3160 6924 9691 150 2973 6711 4863 1024 1565 1660 8617 767 2760 8995 4617 5532 5104 77 2001 7275 5597 1732 5294 4599 7742
5 8599 798 1744 7600 3887
20 2074 6951 6903 8614 7535 6716 1725 5064 4953 5608 4351 152 3354 9372 9732 5461 1385 5536 5874 4341
25 2147 9104 3697 4686 5158 6133 7085 1943 4482 2439 3625 243 693 2406 8476 4738 6696 7089 3084 7358 4252 7393 4554 5408 2554
33 3149 4855 7463 3239 8698 9698 3564 9305 3546 8213 9052 8426 6875 328 3108 210 856 5169 2128 4347 7316 9270 2796 1094 8721 4000 2678 7204 1356 4054 7705 9024 3413
18 6076 1721 8273 7729 4099 3278 7610 2075 5155 5062 1162 6637 9587 351 6306 8141 9253 6
27 477 1438 1447 5358 1734 5990 8157 5214 9947 318 313 2464 6247 3685 5540 8933 2025 283 3232 8935 9762 2226 2876 31 3265 9454 7851
36 3156 677 4307 372 7877 2429 2296 6502 2538 6849 5744 4170 7248 2401 8856 3068 3910 8774 9666 5995 3393 9810 928 189 1119 5103 7734 6949 9807 4183 5781 7157 4640 5410 2300 6524
35 7861 961 1305 541 7640 554 2576 519 7293 7499 7320 9128 8021 9559 2426 5516 2455 2731 7342 4403 8259 4249 2710 3905 7016 9009 9957 866 8900 6231 4022 4998 5202 6158 6994
32 4984 4056 4428 7230 4260 8787 1100 2079 1580 2518 8035 7448 7386 2156 138 586 1218 2923 5804 8917 2524 5768 1854 9021 1548 1360 7606 8685 1801 4506 1088 7374
22 457 9586 7224 3721 9492 5699 1221 9817 1431 8312 3031 5373 4032 698 3926 4926 1987 4925 3028 1093 9568 8850
33 4495 2356 8271 5218 4693 3005 8302 5771 7186 507 9180 3680 4405 4114 4498 2945 8650 9221 9964 9571 5793 7945 3018 9998 1624 1762 6065 5098 7395 9058 8808 2628 5438
21 9109 4583 8277 2140 1843 97 8998 5959 7672 4135 9867 4626 8469 7623 4191 631 7215 7822 9056 1086 242
22 3739 9100 8694 315 6251 7501 907 6619 1720 1035 4638 8697 9575 195 5703 9772 7591 393 291 2488 8226 5493
29 3527 1605 4781 24 9412 9556 326 6475 1869 2942 4537 5816 3566 1947 9800 2095 2630 4647 1964 7917 1606 2054 5785 4997 4751 2145 4390 7228 3857
35 2949 6706 8518 5299 8420 61 222 7140 769 219 8376 9852 400 8410 498 9751 1346 1797 7456 8665 2052 6094 6904 3345 1846 2063 3516 9006 5521 4378 4680 5753 1663 8365 302
37 9514 606 9888 6002 1528 3817 4618 2912 2828 2327 6044 5856 5227 3826 2690 9685 5756 5678 9512 8191 5120 8542 2173 3439 4930 5582 7718 6733 8498 1342 5589 1289 2666 7192 5296 7182 4841
31 9409 8708 3457 4098 9523 3667 3540 3430 2233 9869 6474 5712 6669 1142 9527 5310 5135 880 1075 7286 6298 3511 45 7354 6709 2487 7854 6717 418 8275 6477
27 7229 6269 6418 6485 9626 3029 2928 2642 1784 3368 6454 5650 7643 3117 1979 7662 6855 3659 1925 5178 8732 5625 226 3014 4977 590 1923
29 445 8179 3049 9347 1406 8158 2495 284 5626 6512 6034 4064 481 9272 2216 6103 4043 7187 684 1525 5088 2097 2655 8240 9826 8080 6911 4189 1958
31 9140 2559 5341 1833 1815 3743 5027 7810 1227 8055 1267 7867 9071 3325 2551 7344 3173 7296 8440 5556 714 9170 8513 153 87 2392 2283 4753 4116 5652 5825
27 6831 5497 5086 1735 1097 9020 7475 5727 1170 3596 9452 1860 2006 3396 5902 3414 6222 5426 384 3508 7930 6531 9624 3728 3298 8606 3204
32 9216 9283 6961 9166 3579 1013 5387 3869 3334 2881 3051 8991 2706 2852 6580 9844 1255 9949 5941 7749 6726 4188 5181 5505 5789 5961 26 6573 1089 5233 1439 1680
28 9752 6807 1888 5381 1993 1492 5491 2422 2641 7975 9030 428 4507 5954 9046 7762 3597 2198 8661 2977 584 8704 294 3548 2098 2697 8139 8654
29 4839 9003 920 4742 5235 7318 4894 8932 1609 3236 3276 3384 8224 209 5295 4029 7840 7665 3624 7267 524 1682 2984 7411 454 9986 6509 8251 7784
28 6607 5424 3990 1794 4511 8040 2523 164 3818 9429 7492 9135 4404 8843 320 350 1827 3178 4881 4004 9181 7932 3198 995 5138 3505 6019 5273
31 3549 9393 2571 88 5860 273 157 9207 9187 6135 297 585 4624 8586 4223 1685 9744 7916 9263 7579 3227 5156 5511 3116 9754 9919 8340 1706 5661 8424 3324
25 1005 9901 6649 7064 7156 9920 726 5887 1252 5748 6270 6484 7534 4415 3906 388 558 2858 5229 3595 2188 8006 8221 8923 3749
31 3167 2008 4788 6694 7141 4877 8449 7129 8588 9191 6752 4208 1181 4720 5698 285 5603 3537 6226 4212 2263 5176 7378 1321 6349 3902 5687 6616 5460 9472 1507
33 4071 4059 9707 423 4008 2720 8406 8329 7398 6424 6004 8566 4705 6430 7097 7028 5710 9141 9297 4645 137 6495 2047 3805 8946 8126 7038 2953 9439 762 7476 6193 144
26 1138 7399 3281 5300 672 1384 696 9649 2883 8792 2382 4826 47 3829 3429 6737 6313 3476 5919 605 9978 4968 3954 163 8891 2225
24 4494 6277 3253 3471 7911 8739 1852 2742 3773 2511 8546 9897 6056 4830 6363 3609 3649 4991 6145 3683 1128 2593 2491 5596
30 4379 3988 8675 4601 4346 5192 7993 3257 9402 3199 608 2293 7380 5352 2673 3319 1433 9392 5097 1622 9381 6274 5379 5423 2155 1849 1623 8008 1542 3035
31 9847 117 1543 5440 9979 957 3008 2714 3103 5636 8962 1655 1755 1365 8768 442 5724 8904 5730 7532 81 6385 8003 4936 5384 651 4367 8528 763 7017 7844
22 375 8342 6150 5307 4450 984 7829 6925 2882 5481 7680 3788 7771 3300 522 5401 4678 8369 1894 432 4197 868
23 303 7040 5598 5769 1664 6633 6456 7891 3557 3833 3779 6989 2191 8244 5851 3215 1764 776 7983 6673 8666 7426 1713
26 1978 6689 8587 9820 9976 7956 3333 2748 5049 8254 1588 8029 9199 7210 9712 5382 8881 4335 5374 5298 3158 5223 8107 2454 888 8433
29 9084 2519 8564 113 2738 2788 5402 1363 2324 4107 6662 9804 9158 1518 6245 6460 3915 7189 9788 673 2849 2066 1708 1858 5506 756 9552 3662 2786
32 1757 3855 8640 7965 2432 2313 8489 5304 567 2869 2941 3442 502 846 1634 267 1369 7849 3290 8631 1724 330 9353 4065 5997 4745 2749 6775 7268 807 9099 7105
33 5324 8703 2917 84 734 1879 1315 7455 1353 7198 2512 2915 977 1835 2857 1564 1651 9232 2021 6192 6948 3136 1277 4621 6791 6790 4176 4513 4862 2730 471 2806 6993
25 187 713 3307 2135 5161 8509 3025 5971 6412 5920 3022 1223 2981 5593 1459 9366 3575 1487 7247 1818 8235 534 2308 8070 9614
26 5693 9675 8395 6794 5343 9267 9890 6786 2031 7435 2036 1352 2649 1 7068 694 5102 8565 4373 8125 5344 5950 1615 2815 4339 7568
25 4214 29 6189 1512 9463 4255 9845 640 1913 4150 2240 4245 4939 2534 4550 4559 4810 3503 2002 706 746 3978 9323 9875 4530
25 7952 3629 7799 2316 3607 8204 8573 1674 8346 8902 951 1640 3759 8348 5250 7065 6581 7510 7817 5019 7239 3252 4476 9351 4158
28 3371 3030 3692 6815 4687 4586 3601 5808 1323 3176 3632 7711 952 7746 105 3507 5864 5419 8050 6229 9647 1308 564 495 1594 2689 9600 6817
24 5717 9679 2986 8149 6654 2774 7020 3138 6155 5917 8715 5495 8892 3211 9240 408 3767 5763 8064 9750 1262 3792 9608 3723
25 1992 6198 9581 1414 8290 9011 9670 864 6208 8038 9741 5559 2501 2715 3379 8097 7280 4931 8354 8441 1249 2035 1699 1327 7688
27 5018 7429 6695 6263 6822 5222 2589 6740 5377 3865 3403 9385 4493 8421 8073 1325 4366 7414 8471 1071 4856 4612 2812 2007 165 7964 7281
23 3693 9090 1228 4196 9996 3191 1838 5711 4154 3532 5777 5743 5914 129 1851 6847 9594 7978 2615 2298 8202 8971 973
27 1867 7401 5335 8175 5445 2247 8458 5885 3758 4637 9985 9702 9105 6825 933 581 4768 3428 2371 6617 9883 8387 9726 4162 8304 6124 1540
17 6541 268 568 789 854 6200 7387 1676 5679 9579 8048 1654 3023 2843 1919 6355 6314
26 4758 6228 5868 1866 8189 4475 5500 7319 6529 8915 7864 7663 6480 8237 7466 2670 4567 7871 5353 2582 3330 5450 4500 9451 8345 5046
28 4078 7657 8950 6466 3249 2465 7104 1515 3104 4815 9815 127 6597 5829 3165 720 2011 5385 6416 8536 1265 5590 8906 1107 264 9644 7519 1478
23 1273 6381 700 5970 4842 7889 5237 3655 8731 1904 1421 4017 908 3163 7778 4470 1007 592 7152 594 6384 925 9067
22 8292 2061 3555 9291 7088 1113 3168 4635 4387 3092 6160 871 6647 6548 5134 3694 8819 1131 3809 54 2998 2134
27 9563 6724 6901 8024 489 9935 1970 7373 4207 9458 6670 3469 9299 6104 2933 9444 1292 547 6077 5326 559 7836 3504 8762 3229 7356 8569
17 1269 5721 2166 6884 4836 39 816 6820 5705 613 9798 8132 5897 7996 5876 9123 784
29 1040 6663 4143 6916 6965 4090 3640 874 513 6634 1326 4024 5576 6962 4202 8597 4084 5317 3635 5986 6588 7096 6683 5936 8633 1698 5147 4898 5865
22 3055 8102 5245 3311 4648 3409 3651 212 2000 382 1949 4397 1297 1217 7697 7408 9509 9601 6830 3797 5072 9854
28 9313 2695 4309 9325 7070 8840 5615 9137 2123 2026 9640 4525 9289 1977 3785 6420 4003 4629 2693 1435 917 30 470 7767 7904 5563 3134 4178
25 1560 6913 5858 3245 1773 8086 8459 9341 6567 881 6114 2343 8931 7425 5484 7340 3387 8299 2795 1659 420 3125 9467 176 6439
23 3090 4435 9619 1209 7928 7709 3294 7119 7314 6327 8464 6173 8020 3811 8245 9489 9231 5190 4972 3246 3081 1726 1212
24 3580 5934 4066 4536 622 580 7846 8447 5359 849 6927 7379 7113 4853 4950 9708 1096 8780 1484 5549 4820 3611 4766 2450
27 2735 1335 7957 474 8520 6735 9503 7102 2112 7561 1004 2230 3547 4561 6038 6728 9363 4651 2057 5828 2654 4994 9301 4691 322 8349 3931
20 1776 768 7329 8728 6473 4058 7929 2780 482 1524 4744 2291 1959 262 8829 8201 2579 7338 3844 6600
713 549 4948 1194 9636 493 8477 965 3181 4533 151 6928 9324 1486 7670 8058 4005 6520 556 2070 6935 8684 4803 9997 9992 9982 9950 9930 9928 9917 9907 9902 9886 9881 9857 9853 9846 9842 9801 9778 9774 9769 9766 9722 9720 9717 9715 9646 9629 9546 9536 9517 9510 9425 9420 9401 9395 9371 9367 9362 9344 9334 9329 9327 9292 9261 9260 9254 9247 9236 9226 9224 9223 9219 9213 9204 9195 9188 9171 9164 9150 9133 9114 9107 9096 9075 9039 9036 9022 9016 8993 8992 8983 8981 8957 8941 8899 8896 8889 8834 8826 8799 8789 8763 8725 8710 8690 8688 8686 8660 8644 8642 8630 8628 8603 8591 8577 8560 8547 8530 8527 8524 8521 8502 8456 8439 8378 8350 8338 8324 8261 8243 8236 8225 8219 8217 8208 8185 8171 8163 8146 8145 8135 8118 8112 8096 8087 8075 8069 8062 8054 8025 8022 8005 7982 7963 7958 7925 7915 7893 7885 7865 7860 7857 7837 7827 7825 7824 7823 7750 7738 7701 7689 7664 7656 7654 7652 7645 7634 7616 7608 7594 7576 7572 7569 7567 7564 7549 7541 7523 7505 7491 7441 7422 7421 7418 7389 7369 7365 7360 7322 7321 7272 7223 7220 7212 7207 7171 7161 7159 7149 7131 7120 7118 7116 7063 7058 7049 7005 6996 6987 6980 6971 6939 6923 6893 6888 6871 6870 6862 6857 6833 6829 6826 6803 6789 6757 6748 6739 6736 6712 6708 6704 6703 6639 6636 6629 6590 6579 6574 6570 6556 6552 6519 6504 6497 6491 6458 6453 6438 6415 6395 6383 6379 6370 6366 6338 6329 6328 6299 6296 6271 6254 6237 6215 6205 6196 6185 6182 6179 6162 6122 6115 6111 6109 6097 6071 6054 6033 6030 6026 6025 6024 6008 6001 5981 5974 5966 5965 5947 5870 5841 5766 5765 5720 5713 5675 5672 5641 5624 5606 5594 5586 5585 5574 5571 5569 5565 5552 5548 5523 5519 5504 5501 5473 5472 5442 5403 5367 5351 5315 5309 5308 5297 5292 5261 5259 5256 5253 5243 5239 5205 5194 5180 5129 5128 5113 5093 5081 5069 4981 4970 4969 4958 4955 4933 4895 4891 4890 4878 4874 4870 4867 4866 4865 4849 4847 4843 4837 4833 4825 4816 4804 4801 4792 4789 4750 4749 4740 4739 4690 4669 4667 4665 4663 4634 4619 4596 4555 4544 4519 4515 4478 4466 4452 4440 4429 4408 4395 4338 4327 4313 4304 4282 4264 4247 4243 4217 4206 4186 4179 4160 4130 4124 4109 4103 4062 4044 4039 4037 4031 4014 4002 3994 3985 3961 3958 3939 3933 3912 3908 3894 3873 3862 3851 3842 3814 3803 3799 3795 3786 3726 3725 3724 3675 3646 3639 3623 3622 3616 3606 3589 3573 3569 3568 3556 3538 3495 3483 3479 3463 3446 3418 3401 3391 3382 3377 3370 3364 3346 3340 3332 3328 3316 3295 3270 3262 3260 3251 3233 3203 3196 3190 3177 3155 3093 3089 3072 3065 3053 3032 3009 2996 2992 2990 2938 2934 2930 2927 2910 2892 2891 2884 2874 2848 2846 2841 2818 2813 2804 2803 2778 2767 2737 2705 2699 2696 2688 2662 2635 2622 2614 2601 2600 2590 2578 2574 2532 2515 2472 2446 2425 2419 2395 2391 2390 2387 2385 2366 2348 2314 2306 2281 2275 2273 2272 2190 2187 2163 2159 2146 2141 2129 2117 2108 2089 2081 2065 2062 2039 2009 1996 1988 1968 1948 1929 1920 1912 1900 1897 1896 1886 1870 1840 1834 1828 1810 1800 1796 1767 1750 1738 1717 1711 1692 1681 1653 1632 1620 1598 1592 1571 1557 1547 1534 1511 1505 1502 1498 1489 1470 1465 1451 1450 1449 1441 1432 1418 1410 1402 1387 1357 1348 1345 1314 1278 1275 1266 1257 1247 1220 1196 1184 1150 1145 1134 1125 1123 1109 1101 1072 1057 1039 1032 1019 1012 997 963 956 934 903 896 891 878 848 842 841 838 837 827 824 812 791 788 786 779 760 728 683 682 678 671 668 665 663 660 626 621 618 617 545 537 527 523 521 501 491 485 473 463 462 433 419 403 396 370 358 357 349 346 305 260 253 250 239 237 228 225 169 159 142 136 135 119 109 104 99 72 64 62 48 38 27 17
