19 9513 6231 4279 293 7273 1926 2567 8812 3118 5111 5469 7540 60 3140 9781 6944 82 6518 204
25 2907 9276 5082 1008 3874 6326 2084 4798 227 1606 331 731 5310 8494 7919 9122 7607 4226 2895 5599 5395 9168 3928 3929 6342
16 1132 1907 5383 8852 3399 1743 2295 6211 8305 5489 4230 4726 1204 1060 6419 4841
33 5890 892 2963 3717 6186 982 8854 1222 1232 4410 1733 6969 4714 1531 847 6161 826 3714 1371 1045 9877 7973 8241 8045 6447 6812 7233 2925 7165 4820 3611 4158 452
19 183 6975 5675 3372 5139 5741 4974 4754 6667 4967 7144 8683 3350 7305 2287 1290 5435 4649 1055
28 6069 5668 3544 6398 7203 6638 7808 3901 2397 6218 6864 6593 8108 9288 2580 8954 632 6926 5330 6936 9148 3106 6621 6482 4904 2529 9990 8195
22 4063 9731 6367 886 7726 2972 8987 6806 46 5167 517 9899 8972 8936 367 2148 8709 6302 1665 9756 6112 1009
14 7782 6131 116 5550 8678 2631 7478 2946 1044 2629 3238 8666 8607 2671
39 627 5510 2784 7357 9813 1630 5089 3821 6771 9045 8219 832 3970 6336 6698 8615 2174 715 4828 4821 1790 8883 5052 9665 1331 4400 4565 9032 9009 574 6175 9124 7423 8669 6035 5653 8611 504 7219
19 9397 3489 2765 2850 8109 5789 4708 3764 2215 3379 8781 8405 3872 7717 5613 1014 79 6300 5988
36 3572 1635 6747 7249 4935 483 6718 3783 9761 3993 4544 8368 8575 8164 8034 987 9000 6422 4125 3077 8220 3808 9103 5016 8732 5802 7634 1337 1242 5333 291 4688 5753 5637 8147 7133
15 9376 4232 889 6578 1119 5648 8818 5378 1481 6505 3998 9058 8808 4268 1336
21 6248 2040 5001 1317 1464 6203 8817 9969 9029 7798 3954 4254 2728 2175 8790 3529 609 7702 8519 9711 1300
14 7703 9275 958 2022 7821 4632 7545 2194 8151 9269 2650 1658 3218 1439
33 4875 4153 7323 1503 8816 4233 1263 9832 9405 2362 1081 91 9320 5998 2444 9077 4219 5929 9724 3142 2214 1477 3363 7736 2772 1445 4763 8452 7181 182 7052 3825 4013
34 6265 2520 4706 1723 1873 9610 5799 655 1256 1910 5684 4628 215 4491 1308 5704 4423 5963 6337 4960 4322 1167 2137 3094 3456 793 7669 8455 5845 9007 7244 5047 3612 794
25 1160 6331 6882 85 9319 1104 890 6374 7935 2861 1338 4912 3979 8779 125 6572 5590 6140 5129 1893 6322 7946 603 5264 3500
31 9314 8285 830 2657 3290 6784 3793 9911 4209 6446 7341 4314 5708 8550 7507 6522 6036 4362 3214 681 1567 3497 5207 9531 9555 7577 9922 2922 9097 8100 2307
16 4072 6085 7922 7987 9939 9175 1342 588 7258 1028 8234 1936 75 1579 3229 3458
11 4727 4612 8757 8417 3189 5595 4741 9365 8877 6964 4671
11 884 334 3960 6653 6014 7385 1074 6731 7126 4133 9380
13 8077 8922 110 7023 1446 351 7031 8508 983 9650 5760 2540 5398
15 9548 5462 3136 9582 5319 6295 2282 6555 3355 3343 6093 7980 6291 2818 6507
33 8435 7451 6199 8328 3424 1500 6818 9527 100 7912 8157 8806 3839 4880 2910 3845 9264 8212 6982 3909 991 9293 7887 6577 2050 8619 7343 8282 667 2905 8490 7825 8770
36 6168 1372 9406 19 9974 245 4250 1121 69 7628 6182 172 4139 9505 6657 3785 3547 3454 9612 4852 8105 22 9170 8513 9386 6838 3034 8409 1329 1683 9794 2145 7568 9499 5926 1086
26 4914 9634 8671 6013 1259 8257 2206 9896 4964 1198 6824 1934 5314 9870 6754 1732 5762 868 8880 4672 4620 7469 2820 4556 8541 9507
14 8297 8643 1765 2524 5768 2002 4324 103 8454 4719 1865 5361 9677 7405
29 4938 8155 2696 922 7043 5263 5701 6041 2842 9889 9566 1264 4947 2713 5042 8904 3060 478 2012 4461 6275 191 2029 8423 6701 936 1939 7335 6087
24 9156 2270 7278 1686 8150 8063 3 4101 8562 214 1649 6105 9053 1769 2331 238 6005 1238 488 5688 796 3975 557 391
31 9631 9757 4028 7883 8979 7364 3602 8367 6648 444 3073 3765 833 8004 5537 4595 1999 7725 9470 5336 7908 2027 1957 2080 2624 8222 2666 9668 5607 4716 8154
17 5794 2164 5514 9828 8450 3121 6178 5217 3552 312 664 3819 5224 2677 7228 4145 6246
16 7707 3494 5558 3895 2034 4265 2638 5153 8723 6335 5146 9210 8130 4242 7968 1813
16 5350 5106 1690 6234 1395 8966 2071 1184 2370 5397 8964 2594 1301 7496 4383 5973
20 6306 3673 3339 4378 9480 6513 5479 347 1036 2553 1766 7328 1360 140 1398 3545 6534 7863 2964 4978
26 9576 3036 1182 1700 1523 9684 7515 5700 9167 9843 5878 9435 8242 5097 706 2162 8625 6096 7087 2069 3162 5714 1540 4760 2914 4277
10 2476 6530 1890 6918 4943 5423 6717 8581 2926 7011
27 1613 853 9537 8542 8659 8926 3425 52 2505 3461 5351 5026 387 9983 5061 2154 6785 6510 7786 781 6787 1811 4917 7597 738 5147 464
26 4733 8989 5234 6316 6809 4485 1729 9948 3482 8505 6898 5303 6678 694 7944 6282 1432 2229 1616 6852 2726 783 1808 4069 1359 6073
17 1944 6120 3592 9064 3058 1034 9092 9593 6117 7033 5215 5546 1478 3248 5855 7115 6650
20 6537 708 7457 9645 4965 1756 4992 9929 3598 3361 7897 9615 747 9057 8090 5797 8501 6148 573 7700
17 4121 3776 3075 9456 6362 3455 5671 6524 3440 555 6788 2193 7833 5150 392 1084 2888
31 9625 5957 152 6450 8713 1189 5193 1779 2105 2547 1942 5172 3141 122 2104 3973 8081 8347 4889 1068 3953 4182 6086 571 7828 8522 7069 1829 4962 2238 2862
13 905 4175 3610 4097 5053 4146 5142 3641 6675 3273 390 6991 5174
22 2315 516 3082 5959 5267 2766 1476 2033 7853 5729 3344 1895 9098 5337 4391 3727 3934 1354 3310 9259 5474 3965
21 5465 4924 2126 8460 7879 1566 9943 2947 2242 6034 7449 5938 1103 2672 1648 6986 9448 6895 7789 998 1951
18 7078 352 5627 4486 4086 9706 6020 2462 3006 1748 4306 9491 1806 7050 2823 8949 8411 8618
15 9658 3323 5249 1714 7923 6506 6142 2995 8456 2827 2460 6676 5334 7348 2329
18 2893 8534 5694 4569 2451 4529 4603 7199 5863 9423 912 7317 8507 1400 1092 4425 1080 9811
7 9055 2481 1847 1435 3571 3204 638
17 7630 9410 9682 2048 4626 8469 5068 8315 787 8657 1953 4161 1585 5935 2372 8947 7937
31 8784 9705 6710 4246 3938 9419 7710 2442 5838 2673 1299 2702 2935 5050 9407 9900 1656 6802 814 2396 1423 3852 6525 8050 1825 1661 5162 8879 6470 9391 5293
20 8529 7135 2110 5279 572 1791 8693 2025 283 1885 2694 4280 9471 7170 5960 5048 9580 3853 3620 5127
23 8412 9944 1215 1364 8093 8835 8079 1004 7830 5004 9469 8986 6561 8592 8388 9193 5773 5316 3179 9206 2450 7601 7112
20 76 4496 5393 7132 4198 2834 9479 7942 179 5826 9791 7706 6070 6401 438 1599 635 3110 4047 8301
23 6132 3451 5835 5076 3859 6596 5101 4921 8101 5502 4082 6072 4151 132 6592 6673 2637 1969 5707 9676 9898 2609 3984
16 9072 399 3948 9958 8927 7675 4680 9094 4284 9767 5345 3769 8751 7978 9024 7756
22 553 8953 7764 9641 1294 8334 4335 2558 1596 9725 7137 4386 6047 2427 3600 5246 1231 2096 748 9396 2100 1213
12 1316 3955 3473 6303 8914 340 6028 323 2131 1760 401 8113
19 8506 8023 4285 2011 9023 1283 1073 8076 9442 2526 7672 7892 4108 1506 1126 4427 4015 8641 1805
14 589 7425 5484 8010 1933 9588 9502 1152 7485 669 8083 1576 2457 9716
32 9627 3129 8425 9805 277 2305 4558 3840 422 5853 1667 1211 8094 7456 8266 9570 4834 7777 3210 4982 28 6224 1236 919 6388 6847 5745 360 2337 5159 1006 1950
16 6562 7164 8807 2596 4840 3700 7168 3567 1420 8759 2378 8295 6941 9977 6955 8923
26 376 475 596 9037 2791 8116 6213 5584 2652 2938 3079 1392 4407 7101 9686 9455 1049 2763 324 2475 1347 6230 5508 1202 2321 8789
13 7650 155 5904 9946 7550 785 2283 5580 1280 5647 5202 6158 8908
30 5686 2143 6425 9116 9190 5006 348 9557 6279 9980 7770 3754 4007 7009 4989 4236 3682 4351 2222 8015 3171 7358 1440 1848 8866 3113 6978 4641 7733 9088
14 1428 7090 8624 2016 305 9119 6406 9528 1940 1077 8332 7 6603 3224
6 486 3957 5203 2608 3480 828
20 6630 7516 969 2780 9225 1753 1291 7216 803 1298 3404 9093 577 5577 7371 51 9048 962 770 4399
12 3650 687 8565 6543 3063 6351 6330 5839 4057 7042 4042 8865
17 624 7259 8268 5002 7179 4357 5805 6103 6949 9807 860 4551 5683 2349 6153 8726 9829
30 6656 6189 3208 6110 3976 6003 950 6078 5212 2320 7916 9263 7167 6848 2374 2151 1668 1842 9447 3660 6626 6408 8381 2911 2689 9865 6464 5363 3084 5726
8 7528 6736 1854 8394 6046 4303 2698 8119
28 1221 200 5746 802 6392 8791 8379 6719 1864 286 353 7503 6999 5102 2344 692 1053 1409 71 4316 5164 4963 4077 1333 7382 5011 1173 2902
13 1513 6387 5810 2561 6225 5820 7053 8124 3670 455 3687 8959 3349
16 1709 2439 2959 6883 3968 1416 2309 2493 3642 9841 5236 6845 4759 4273 4432 5311
8 8886 7815 1582 8861 1380 4785 535 7899
20 550 9089 2745 4787 8177 9185 5767 2093 6707 2340 2817 6637 9587 3917 7589 3324 8156 4563 4886 5784
27 5541 4873 41 6021 1908 417 772 5428 7642 1176 2021 3699 9378 3247 1932 7397 7330 9028 3407 6049 4438 205 7032 3543 590 5108 44
29 7255 4826 1201 6985 2781 3493 7840 2355 7014 4406 3846 4638 1943 3416 6171 290 9998 9358 5109 7851 5030 644 7781 2865 5505 176 6241 5931 321
11 9021 1548 4381 5739 470 4702 6899 4753 4116 5652 3012
19 9478 1561 9054 800 865 5880 9101 9866 5039 5993 9621 8702 5754 8663 1495 4218 4220 3820 8046
15 1286 3805 7125 2811 359 9399 1366 9067 756 6187 4817 4298 5659 6444 9690
12 4772 946 4060 813 5152 6773 5561 6217 9664 8319 2897 9476
17 2882 5619 9130 5352 5747 4692 7797 8027 4956 652 4251 5121 1868 54 9061 7673 4662
25 9065 9127 9923 4858 7903 6902 9729 3054 235 4892 4263 2741 2299 2088 2394 4809 3684 4572 5930 6489 5812 7079 2139 9004 3533
19 5658 9361 1461 7727 2740 1029 974 2483 593 8537 1397 6624 6766 7391 7356 5873 1157 1602 2038
23 3468 5409 8272 5123 7876 6641 5380 6181 3828 2409 3832 2380 1448 3944 4401 1155 171 6250 70 4041 8279 1645 1898
18 8167 5803 5107 8419 9268 8610 9159 8988 3011 7629 3657 9534 6256 4373 9431 8929 4320 5616
18 156 6659 5847 3722 2805 285 6106 6396 7895 7747 6176 2750 2165 5623 4697 6311 6152 2853
13 9848 2197 2557 9437 5035 5529 7721 5412 712 5296 3749 900 8499
10 5498 2700 7029 1703 2522 4510 4231 6958 4994 6060
32 9851 9274 4414 4170 8736 739 9382 2967 6202 9617 102 6971 8434 6805 2809 8182 776 1468 8593 8437 1358 3801 7003 8248 5736 8095 9484 9895 424 9178 1375 901
24 1313 8133 9549 2566 5628 5554 9209 1169 4356 7309 5208 8259 6281 5166 1229 4573 6947 5509 3980 1809 2310 1258 4488 6917
14 742 8813 2354 5255 4460 5151 2855 3071 9189 4079 1085 9277 2830 9568
24 921 7276 6493 8407 979 8876 1391 5702 9026 1320 985 4262 6180 2546 9603 2066 855 7054 274 5750 3254 3039 9146 4846
28 3426 3816 7683 7637 5535 6119 2119 506 5837 8772 8798 7296 8974 6240 578 7648 9835 4073 3935 6612 1124 6097 3604 9622 4199 1751 5348 6111
26 3188 1240 6012 7787 5285 8445 661 7086 7785 1436 7614 724 8760 2218 4623 9674 996 9755 6309 4131 7225 26 6817 7310 5811 8893
30 3947 7471 1530 1054 3972 7685 6068 2570 3701 3263 3062 2675 2121 8785 7769 4358 7502 4578 1179 1772 8017 4517 1853 4240 5258 2822 9787 8397 7304 142
8 6499 9760 2692 4531 5555 1982 5776 3517
24 5287 6601 9561 876 9298 3102 9795 1310 2837 9460 3137 9748 3427 3059 4928 2936 5148 2157 7044 2326 1076 7175 5454 9196
18 5064 4734 4539 9322 7205 1255 3645 9630 4238 9991 1383 5946 5912 5328 9301 5294 4599 5665
18 9462 8646 4173 4468 777 6339 3412 1759 1183 4215 5916 5685 911 8053 4193 3836 3860 8036
19 5809 1480 1282 9604 2527 5238 8289 7886 6755 5416 4464 3485 257 4998 7051 8716 3679 6191 5817
24 3169 7933 671 3807 7287 5182 674 1030 4541 6866 282 7021 8881 1610 6289 8322 3056 5078 4977 6019 1083 4799 3035 124
28 4455 8832 4910 8629 718 1986 2957 4786 3119 2290 8510 542 4372 395 11 2479 4777 6298 3511 45 4030 539 2873 7753 6214 1462 7983 9721
8 9519 6207 932 4118 9831 1740 790 1288
13 2777 7153 6174 8356 8598 8457 3766 9184 2683 5095 7402 5749 5273
5 8982 4735 9443 7467 4865
22 1346 6523 2453 3465 9474 4426 7488 4550 2739 9230 4915 8408 2890 1624 5897 1906 1643 4149 8265 8497 3837 1479
11 8200 5518 628 6732 9597 1782 9266 879 3903 9770 7105
26 2167 206 354 8191 942 5366 7847 7197 4224 5660 3308 7195 9894 4004 903 1574 8383 2336 8714 9271 289 5604 8384 1923 9387 8802
22 6133 7555 6615 2921 4689 2648 7394 4613 6353 7285 7543 972 2851 3864 2987 5871 5703 2617 7959 3042 9765 8120
22 871 3542 6357 9975 6584 1891 3534 4159 2909 5349 7538 2263 4212 7800 8608 7826 3298 9764 7723 4901 2243 5697
23 7663 3721 8796 5779 5241 897 7080 2407 6346 9978 7497 1058 2753 2054 5785 1788 4272 4412 3523 8078 630 3064 6492
20 2178 6984 4089 254 3393 883 5734 9333 863 8031 2364 5528 5331 6869 2993 1894 432 7241 3274 9317
7 8679 7218 362 2488 8226 5493 9404
25 378 9002 7245 5495 6313 3476 9388 6223 7857 9321 7352 733 6940 6801 5475 5447 9903 3223 3943 9891 5718 9552 7615 2224 1653
26 2783 2605 2904 3319 2999 292 6618 7037 9441 658 8502 6741 5394 714 3231 2274 3277 6386 8288 3941 5740 9542 2908 926 7954 707
25 6247 8187 7829 6925 5844 1946 5268 6301 9331 5482 4016 8829 4239 9389 9197 5928 6661 3484 6010 4451 6448 108 4577 1404 5629
13 688 2142 611 6727 9989 2619 1623 6443 1793 8249 5003 3637 9281
26 5282 7638 3991 8766 6538 4137 4704 4782 5457 1048 6699 5470 3101 1612 7790 8749 4902 2428 3389 4361 9885 7708 5633 3863 8350 4732
21 3453 9118 8037 6946 6454 4353 7592 2498 5031 6540 9933 3554 8270 5165 2063 7854 3015 1156 3741 8215 8543
16 9199 9681 4546 9035 7010 6426 6243 9539 7633 5133 1749 1789 1427 6 1020 4129
28 7446 9144 8203 2639 6503 9466 7211 4966 9262 5451 5453 9657 4800 194 5100 6332 3448 7520 9683 5385 8561 2469 3481 2579 2342 5895 7192 2814
17 7150 5910 6566 4582 4477 5083 6423 8293 1985 5115 6500 2466 5696 7705 2615 3733 3633
18 9179 6141 66 7513 7574 8620 4244 3434 8492 2793 723 8975 1572 148 451 9211 7408 4127
22 7816 843 5642 7274 8819 5375 1981 8415 3438 7743 4165 9973 2517 460 3151 255 548 8526 1225 2848 170 7349
21 9497 5756 5678 5400 4857 2931 7666 5915 2633 1538 9661 8504 4500 3548 9984 2836 9063 9290 4683 7784 3931
31 8715 3989 7428 6922 6029 1863 9286 6498 1537 9647 1110 5933 5603 9205 3625 2358 7265 8294 4771 8360 3356 9295 9957 5015 5355 764 4275 3586 7404 8091 2508
24 8194 2787 9364 3317 3261 1098 9742 7806 2473 3159 659 7939 7735 9822 4152 5327 1089 5233 9745 2868 7603 4192 2463 9350
26 3029 5466 3160 9012 6942 1777 9042 1565 9751 4117 929 8860 7757 4942 6081 614 5830 6542 6697 528 8944 2965 1704 7095 8623 807
23 4973 5650 2686 4673 1937 9872 9912 30 4658 3222 4237 2796 330 4051 1162 1321 8704 294 6792 242 5024 7649 1472
15 2480 161 3583 8440 8830 6325 4722 50 5840 3187 8946 3388 1129 7410 2376
17 350 8014 6283 8416 278 7260 2052 6094 7071 9126 3234 5000 8180 3890 7146 8594 8942
20 8803 615 8682 3789 5214 9947 2217 3746 377 6582 7271 5140 4730 5851 1554 3297 8885 5404 4844 1642
24 3398 6305 7759 7019 4656 8585 586 1496 425 680 8344 654 2416 6860 5989 3716 3385 9967 8523 1877 0 5157 7154 9956
17 4068 4884 5092 134 7745 7479 7121 7106 346 7646 1925 5178 3630 4779 4479 5414 4308
19 3669 4147 4652 5770 2518 4990 4430 3154 2552 6077 5326 3515 5197 269 5010 7878 8137 7606 5456
26 8588 2118 9874 4115 6652 9457 6729 106 9620 7334 2360 6683 3135 6297 7754 5286 198 8126 7038 7932 2806 6993 5588 6022 8333 7185
19 7940 6352 1967 9043 2037 2565 7124 4453 5898 6687 5905 8061 5924 1881 6074 9591 9296 2492 3644
10 1670 78 5278 4025 3206 3519 6015 831 8278 2408
15 9817 7194 9987 6059 9157 8471 8525 3132 6516 2685 2249 4808 5339 1118 2134
18 6910 2602 5564 2248 2497 561 1666 2350 6937 9001 1026 4751 1726 7722 3791 5544 4363 9326
22 3445 6058 992 1175 3345 1846 3220 7498 7562 7081 1181 1715 2535 5872 8400 1821 2237 3536 5110 6368 1174 966
18 5124 2663 8485 8742 2916 3921 2802 3593 6102 4608 3774 5570 9501 1990 1390 6384 421 2411
25 4349 4794 4630 3666 1627 2261 5170 5425 5012 4256 9962 2645 458 8366 3940 543 8632 6397 6432 4600 4542 8685 1801 4506 1088
13 894 4135 9867 6056 8969 201 509 5354 3143 9840 9398 2886 160
26 6765 5712 3615 9492 8747 8951 3205 6832 9611 6764 8316 2966 3496 1050 4770 5877 4625 9856 3282 7841 8230 6349 3902 3730 994 4445
17 8326 7176 8872 5733 4497 2903 5850 1927 7291 7591 7257 6323 7057 8275 6840 5775 8925
22 6399 629 2180 6672 9180 1820 8800 7024 6042 5738 7094 5793 7945 3018 7338 3844 9169 3076 7831 6477 5790 9005
16 799 4114 4498 3915 7189 4845 2587 4340 9518 8668 752 4174 5961 2697 8722 1680
35 4094 4855 5716 1883 2603 7398 7704 4885 9306 6455 4848 565 6220 7172 3663 5656 529 7737 3194 494 2835 9785 3992 8353 6146 3061 6320 7970 5216 1487 4859 6976 4580 4823 7611
7 3272 251 5467 7035 4122 6063 729
24 7000 6550 2207 6023 4355 9812 3691 3802 7209 5486 1424 9229 4144 2443 6314 2945 953 2889 8451 4769 7720 8900 3492 8196
23 3603 4666 6526 8609 5952 2059 4326 1595 4819 1325 1590 808 5168 964 3353 1166 3889 6136 5248 6249 1408 3464 4292
21 4913 6900 895 8761 7275 412 7807 3072 6974 3198 5176 7378 2328 3613 9413 4812 4095 4364 1153 7623 9312
14 7609 3292 7145 839 3782 3258 9083 9788 673 5893 5813 3359 3771 3688
31 5218 1637 699 3148 4437 3329 3891 5090 7677 511 856 5892 8652 4481 1872 5008 3221 5116 7626 4234 6886 9553 4492 559 7836 2258 9488 8658 9878 5788 9850
25 6563 2651 5240 9158 1518 2115 5630 3879 6165 2979 9368 7971 6372 5980 3431 1171 5842 2844 1730 1205 2318 8943 7943 195 3886
18 8996 3338 2989 5154 3027 8933 3501 8549 2204 4380 3285 4416 5463 948 9099 7100 270 5449
22 435 2198 6413 5135 5888 633 2539 5347 4163 4587 2246 5664 151 6928 9324 1486 7670 8058 4005 1586 3158 1652
22 533 7188 8653 3022 1745 9858 7103 6484 576 2768 2004 9017 7531 4621 6791 6790 4176 4513 5828 9642 3337 5538
28 7512 7180 6206 9806 4225 7085 9078 4602 3875 9556 5539 8938 3949 4249 2373 4698 4824 8039 4012 3074 3927 5644 7859 6631 1764 784 5130 840
18 7557 7226 6575 5189 9833 607 5674 3165 8793 6692 5925 7734 9221 1219 9147 3265 9454 7059
32 2828 190 8484 9473 8783 2357 271 1267 9575 32 4200 1386 1272 6164 9273 1276 1453 8237 7466 2670 537 8325 9233 9863 6315 2404 3001 3312 6348 441 3558 3856
17 1422 6966 6674 4561 9136 736 7599 1622 2894 7659 2487 6594 3835 2968 9747 7977 9960
18 5557 4944 9949 7926 5532 4092 1921 2871 3374 2678 7204 3300 522 5401 5257 6769 5825 2691
25 1111 2997 6402 1553 5994 599 8339 508 1431 4168 5512 7461 6344 5542 647 2943 3087 1818 8235 534 9123 6545 869 8740 6690
23 4080 3490 497 8059 9743 9564 4744 2291 9687 2680 4204 1502 1727 4100 5997 4745 5531 6768 2133 5936 3322 4961 6434
17 415 4344 8851 9440 2975 1768 6064 8918 6856 9403 6622 7130 7997 1021 7771 8139 1594
19 249 8554 3867 3999 319 1235 7082 7532 2381 9704 2085 6948 6427 5325 2257 8269 6294 1312 1562
15 8028 9160 4701 230 6452 4533 3013 9966 3516 2879 3526 2182 7524 6539 8463
21 3740 4615 9738 7792 2335 6356 8820 3232 5344 8160 2582 2155 7388 4178 7744 8839 914 2353 6559 5977 9522
32 7186 610 2536 5881 8426 6875 328 3108 3966 4502 168 9538 6244 5260 7643 5481 7363 5247 4503 4472 3004 1787 361 4442 5073 3098 9307 393 3662 2786 3347 2363
25 8448 4020 1332 1218 2537 481 9272 2216 9595 947 6272 1741 5391 9384 8958 8721 4936 9231 5190 4972 3848 5144 9203 1254 9938
24 3005 55 5875 3849 5856 3092 57 7668 7438 1260 1474 4398 280 6359 2715 9583 4043 7187 5639 8568 9076 6914 3959 7450
32 9820 3410 3575 9347 3197 4184 5507 9830 5663 9559 5500 1628 8940 3904 4957 9524 2192 8917 9006 862 7796 9592 600 2749 6775 7268 341 525 4269 6827 8276 2625
22 4228 164 8085 9464 1587 2640 2771 9151 6907 8018 2899 5587 6157 5062 5705 1736 4811 8141 3014 1575 2880 4922
36 3444 7463 4377 9411 9799 2429 6485 8932 4693 3170 5990 9282 2748 5049 502 846 1046 583 6836 7988 8239 4433 2722 1396 1979 1351 9047 1322 4983 1442 562 8755 2334 2961 3048 6934
27 2426 4194 9128 8198 6125 7372 3433 7882 2075 4366 7414 2513 3946 7627 4746 959 6560 2612 1413 2494 3423 6183 3911 5918 1356 5072 5046
18 6340 1689 8768 7665 3181 3537 272 1679 3689 6382 532 7992 5276 8887 6065 5098 7395 437
18 4709 5815 3952 819 9826 967 7062 7006 6528 9739 3243 4000 7844 3283 4354 4448 2251 1452
15 8373 6904 6038 6728 9363 4651 4076 3031 9535 8999 8762 3718 5676 3665 7906
16 3986 4441 6261 9639 510 5556 4252 9040 4952 836 8389 4554 5591 9749 9525 9567
20 2056 7884 7535 5433 3228 8662 8687 8743 2122 6681 6324 4389 8810 1533 9257 9648 8082 8913 6606 6011
23 313 2464 507 7691 1412 3326 6089 8307 8097 9444 1292 547 5680 8828 2201 1712 8110 3280 7290 648 6242 8311 5077
22 8035 7448 7386 2156 163 7924 7077 5219 536 546 2906 6758 7866 7961 42 1763 3996 5687 6616 5460 7731 2499
24 7585 4761 9030 780 2181 1762 4119 7193 6255 2948 8312 4832 3173 4660 4019 3419 1056 7835 6725 1935 4310 336 845 2940
24 5517 7846 6410 9487 9543 9138 8667 2323 2393 2898 7679 5384 9945 8857 5085 1964 7917 7251 143 5551 8468 7288 4900 4023
22 8173 7732 7282 5169 7490 9357 8026 8574 3392 9375 9697 4899 3525 9541 5321 1367 7295 8165 8216 702 7586 2704
26 6135 8262 9544 8323 5540 5516 2455 7994 4088 6280 1460 7143 9624 4274 9908 7635 1368 8427 7107 8186 1187 8805 3252 7813 9921 4614
17 6762 6251 7501 7682 6880 6891 9758 7856 4748 7788 6988 9663 6099 5485 220 2255 6278
24 8447 5359 2401 8856 3068 3910 5690 6159 7342 4403 6389 8741 275 9379 2057 3296 8815 5365 5461 1385 5536 5874 4341 7283
28 8978 8376 1830 1955 4376 9628 7277 9202 3477 7248 482 4756 1051 4128 2630 4647 2500 4639 5430 1277 4229 3563 1549 185 2747 7951 3020 6285
20 5621 1697 3778 3735 1415 4211 1239 2230 2859 7521 5099 8281 5572 3447 7487 9653 4022 8606 8633 913
16 9436 2284 5778 2595 7583 7624 7201 7584 651 4367 8528 1262 538 4700 1095 7625
9 408 137 6855 3659 4559 9986 6509 8251 3504
22 6877 6053 5654 4107 1869 2942 6009 2368 1804 7045 1930 9232 3216 8481 5610 8935 9762 2226 2876 31 8070 5173
24 2896 2470 7686 4636 4532 3974 1297 8903 1393 7351 2875 5372 7294 4210 4191 3256 6468 5677 7751 7390 5044 7039 3969 2185
19 4507 7224 5626 1792 5374 5298 6333 1071 4856 4985 6680 8661 1411 8905 3186 595 6614 6441 1374
17 6222 584 2977 3731 907 6619 4001 6229 356 8218 8478 9034 6611 4971 2752 9599 8106
13 6319 9784 6116 9239 8233 7056 3235 7452 73 4162 8304 6124 3711
17 379 6197 10 684 1525 5088 2097 2655 1780 167 2202 8197 4766 7989 579 2816 7969
20 6536 4657 6000 4291 3510 1508 6850 5211 3524 5420 7680 3788 7454 558 2858 5229 3595 2188 8934 9999
25 902 4260 4537 3017 4720 4409 8995 6192 120 7558 115 990 9284 8745 5320 8665 3661 2872 5625 226 727 5669 5896 7426 4177
26 8848 6851 4421 6756 1100 2079 1580 9297 4645 8595 3530 984 7142 9880 8115 7419 3178 4881 8845 2815 5492 8948 2847 1701 3184 9354
18 7534 4415 3906 2314 852 4371 6235 5105 21 9258 8153 9181 2953 9439 762 7476 6193 1285
26 8104 4112 8209 8370 448 3830 146 5724 5710 9652 7595 2568 9607 5021 2653 9533 8516 940 3330 3745 3180 1350 1526 6700 3413 3286
25 7768 2436 5636 6473 8823 3512 2128 4347 8188 1199 1168 5120 6134 8576 3237 3099 5288 404 6823 5943 2405 1713 446 5312 302
12 2359 3508 7930 3599 7200 1289 746 3978 9323 9875 4530 8199
23 6239 6669 4807 3199 608 2293 4141 7631 6512 6921 2477 3877 594 9754 6564 4142 1708 1858 5772 5131 4925 8430 4757
22 332 9586 428 7191 643 4686 3685 6932 3811 515 2654 8051 2795 1659 420 3125 9467 8626 5364 5051 7123 5859
21 9613 284 3117 1102 3624 7267 524 1682 6363 3609 3649 4991 6145 3683 1128 5432 8467 9849 6935 2361 2130
13 3767 6581 7510 7817 5019 4183 5781 7157 4640 5410 2300 685 3914
20 6430 3475 2782 4123 7068 2330 1203 3211 9240 686 7560 9780 8006 8221 6761 40 1976 6365 8201 8163
23 9495 4624 8586 4223 7690 2577 6558 141 6062 6962 9062 8937 397 1042 2991 9659 2092 4333 7530 9253 1216 4996 20
18 6293 81 3396 4605 9810 928 9110 1786 1296 4567 7871 8206 5346 631 4752 7368 4755 9714
16 2171 8038 9741 5559 2501 4950 9708 1096 8780 1484 5549 1878 1663 8365 9465 9472
18 318 7174 7494 2825 9836 369 2710 3905 7016 7718 6733 7315 9964 5223 8107 2454 888 8433
1 7432
24 400 9965 248 439 95 9680 989 9341 6567 5426 9516 4584 5941 5104 77 8473 6184 6759 8907 2812 2007 165 7964 7281
10 8599 3694 6154 7676 9145 6693 9486 5232 6514 1961
20 2074 6951 6903 9712 9392 8909 5782 935 6378 2684 8284 8335 8202 8971 973 995 5138 3505 7996 5836
19 2147 9104 9071 2132 210 6475 5764 582 2923 5804 2732 80 288 2478 3091 6032 8080 6911 4054
28 3149 1528 1066 1815 9698 3564 6783 3276 7612 315 1363 5699 5771 1430 9897 9737 4087 4299 4802 6995 9919 8906 1107 2918 3981 3705 8572 1293
17 6076 1721 8273 7729 4099 3278 7610 5373 4032 3962 9428 850 7354 229 5618 9601 3887
17 7662 5437 199 6268 3432 8511 1960 4523 7280 4931 8354 8441 1249 2035 1699 1327 6221
19 1860 2006 2356 6304 1995 7546 7190 9255 9068 7811 5452 9238 5074 5622 3847 3161 5281 9600 4795
17 9289 1977 5112 7636 1859 3315 4074 774 744 3354 9372 9732 450 3019 3681 4473 7600
34 3156 8310 2920 157 961 9305 554 7140 5406 3239 1438 1090 8548 4661 965 7097 8786 8410 657 4953 5608 2642 6486 7749 6726 4188 5181 5950 1615 6760 2998 2298 1758 9854
2 9049 3288
8 5919 9509 4774 3703 1720 1035 3792 9608
12 384 613 9798 9056 8286 1694 8162 8538 4691 322 8349 8123
35 7861 222 677 4742 61 2278 6843 1447 6044 4511 9267 9890 1407 7380 1949 3565 1693 9353 9246 709 8214 9512 7918 5005 153 3763 5171 264 9644 8891 1542 4747 49 859 2252
1 89
19 1959 8991 7934 2928 1186 1797 2523 1459 693 2406 8476 4738 6696 7089 2440 8837 5949 2593 3134
30 4984 4056 4428 9393 2838 4583 8277 9869 6474 6786 2031 7435 2036 1352 5221 2937 3925 3293 5094 5801 3428 2371 6617 1131 4465 7337 7566 5937 8503 9025
31 3457 4307 8559 2296 5727 1170 3596 2559 1251 7117 7230 8207 6245 5158 7867 645 9177 9381 6274 5379 1591 2769 3305 189 8048 1654 3023 2843 1919 6355 1377
18 9744 3050 5291 8254 8298 2954 6808 3163 7778 4470 1007 592 4548 4052 4678 4311 8778 2090
23 9109 1634 267 1369 3896 4872 4202 8597 5579 6716 2984 7411 454 6495 2047 9279 7767 7904 5563 605 9993 2628 5438
27 1492 5491 113 2738 730 7877 720 5017 6767 5816 2495 2790 2234 5036 4235 6416 7340 3387 8299 6660 8729 5759 705 8340 1706 3656 8540
1 5254
4 5742 4337 4332 231
1 7458
1 2448
1 240
1 4604
15 2981 5679 5913 8431 3083 5908 1541 3081 8500 9438 2433 1882 2269 2491 3857
18 3739 9100 2240 4245 4939 816 6820 202 4397 2003 2676 6945 9245 440 7242 6226 6371 3797
24 3527 5227 3826 6924 9691 8573 1674 8346 8902 951 1640 3759 8348 5250 7065 5864 5419 7898 4419 6520 556 2070 9451 3559
33 606 9888 1305 541 24 9207 2576 519 9626 3049 2531 7640 6502 8787 8302 7210 8614 4940 1324 35 5662 7762 3597 8244 6460 2308 262 418 3728 1849 4339 8895 1823
1 218
1 3870
1 9910
1 8000
1 1022
1 3367
1 2709
1 1018
1 1546
1 1190
1 3638
29 2949 6706 8518 5299 8420 2912 7687 3546 8213 7849 3697 9046 3334 8868 9452 5920 4205 1245 8945 5487 5909 129 8228 2808 2438 6264 3926 4926 5573
1 1284
1 6143
1 766
1 6018
1 1998
2 923 7641
2 5985 5883
1 4949
1 3861
1 835
1 2620
1 7522
1 4417
1 9693
31 9409 8708 580 8271 2324 6361 372 2538 6849 3384 6420 4003 7434 1843 98 3414 4035 2982 8099 4830 4898 9941 4762 815 3242 9415 7688 8809 5198 1426 8654
22 7229 6269 3743 5027 7320 9768 5381 8699 7927 498 5156 5511 3116 2209 3594 4773 5228 8691 2125 8493 5117 2265
1 1545
2 8047 8345
1 1114
20 445 2507 477 1406 8158 394 1142 5295 4029 3818 9429 7492 9135 4404 8843 320 581 4221 5670 7655
2 9914 6665
24 6961 7318 4894 5902 7114 741 6658 8021 1625 1605 4781 1010 9485 8774 9666 617 2754 867 5045 8064 7113 4853 5975 2502
2 4868 6080
1 7482
29 423 4008 5497 6002 4059 9707 585 7293 7499 7810 1227 8055 7156 8073 2166 761 47 6360 7579 3227 3215 3680 4405 8997 243 9366 207 1094 6834
1 9359
1 7621
1 9530
2 5979 4181
25 1833 4495 8179 3245 2714 3103 9412 1588 150 2973 6711 4863 1024 5962 3566 1947 9800 9351 5635 2144 7099 9883 8387 9726 4325
1 9520
25 5300 672 3817 4618 5086 4882 769 219 3333 3257 8739 1852 2742 3773 2511 9345 9182 9735 636 938 490 495 6830 641 1064
2 3088 1015
12 9920 9636 493 8040 7239 881 6114 2343 8931 2099 3809 6467
3 7015 1087 1662
1 2951
2 6090 1559
1 5886
1 9360
5 2486 9750 763 7017 8364
2 7760 722
2 3827 4778
1 9803
2 8402 8753
2 5969 3028
3 7362 5597 7509
2 5513 7264
23 9752 6807 9216 8698 6418 1384 6139 9976 7319 6529 8915 9654 2649 1 1685 2556 6380 7392 1217 7697 2311 8245 5578
1 5059
2 4329 2669
25 4839 9003 1097 2571 88 5860 273 6424 9166 9514 7064 5698 7553 326 8224 1655 1755 1365 1016 5317 3635 5986 6588 8422 5084
2 2445 8825
22 3253 1888 920 4098 9523 3667 3540 3430 2233 6004 8566 4705 3122 1660 8617 767 2760 4768 6104 2933 5763 9515
1 7773
13 6607 5424 3990 1794 4084 3557 3833 3779 6989 2191 5478 5471 1207
22 3549 8962 6160 9901 6649 4387 1013 166 4164 8892 6409 3114 3325 2551 7344 698 6066 3213 817 1328 9740 6521
1 4793
1 9723
1 7061
1 2430
1 180
1 820
1 8727
1 4557
1 8730
1 773
1 9868
20 3167 2008 4788 6694 7141 2788 7864 457 2881 3051 2382 7096 3531 2333 4937 6548 5134 798 1744 4321
1 7025
20 1138 7399 3281 7911 7028 9052 7198 825 7870 5732 8449 2641 2338 3502 4677 1433 5382 9862 2534 3824
24 4494 2720 297 9187 1724 5387 3869 9140 5235 3066 5887 1252 5748 6270 5602 5632 7381 4654 7842 2978 3977 4997 1140 3755
1 9824
19 4379 3988 8675 4601 4346 5192 7993 8029 8274 8557 5955 4575 9402 4629 6591 389 5272 2253 5592
18 9847 117 1543 5440 5402 3918 1609 3236 6277 4877 2512 2915 977 1835 2857 1564 4065 5968
12 375 8342 8189 1512 442 9191 6752 4208 2020 8546 8553 8994
21 303 7040 5598 5769 1664 1993 8406 8329 3471 9852 726 4071 1524 9633 5054 7730 5034 2543 3751 7972 3111
20 2519 1005 9979 957 696 8564 2422 7129 9463 4255 9845 640 1913 1177 2173 3439 4930 5582 6960 5225
1 4469
17 1978 6689 8587 4150 1735 9649 2883 8792 1773 409 6480 952 7746 105 3507 2693 7909
1 2939
17 9084 2941 3442 6831 9020 7475 5213 6404 3579 5358 1734 9283 8536 4482 5593 3341 7519
1 4646
16 1757 3855 8640 7965 2432 2313 8489 5304 567 2869 6884 4836 39 8413 1061 3207
1 6753
1 7632
19 5324 8703 2917 84 734 1879 1315 7455 1353 9670 864 1651 5954 2578 1281 6662 388 6462 1626
1 8824
19 187 713 3307 2135 5161 8509 3025 5971 6412 5343 4815 9815 601 2706 2852 6580 9844 8253 7713
13 5693 9675 8395 6794 8086 8459 7430 6208 9702 9105 6825 933 1555
1 7433
1 2528
15 4214 29 4475 6150 3311 656 209 7152 3829 3429 6737 7316 1781 6129 8596
1 7581
1 5226
10 7952 3629 7799 2316 3607 8204 5721 9579 3086 7809
1 4941
1 2887
14 3371 3030 3692 6815 4687 4586 3601 5808 1323 3176 3632 4450 6610 4483
15 5717 9679 2986 8149 6654 2774 7020 3138 6155 5917 6647 2346 4390 7182 8013
20 1992 6198 9581 2327 6456 7891 9011 2731 4854 9819 5341 4862 3570 1746 97 8998 3008 7711 5589 8330
1 5071
1 492
14 5018 7429 6695 6263 6822 5222 2589 6740 5377 3865 3403 9385 4588 4818
14 3693 9090 1228 4196 9996 3191 1838 5711 4154 3532 5777 5743 5914 6686
2 9377 3246
13 1867 7401 5335 8175 5445 2247 8458 5885 3758 4637 9985 2866 1344
10 6541 268 568 789 854 6200 7387 1676 4301 9489
1 4471
1 6517
8 4758 6228 5868 7956 1414 8290 3614 978
1 1159
20 4078 7657 8950 6466 3249 2465 7104 4648 3409 3651 849 6927 2690 4493 8421 880 9804 4810 3503 1956
14 1273 6381 700 5970 4842 7889 5237 3655 8731 1904 1421 4017 908 1000
10 8292 2061 3555 9291 7088 1113 3168 4635 7379 1339
1 8563
15 9563 6724 6901 8024 489 9935 1970 7373 4207 9458 6670 3469 9299 7147 6600
1 5903
12 1269 7329 8728 1515 3104 8477 1784 3368 127 6597 5829 2758
16 1040 6663 4143 6916 6965 4090 3640 874 513 6634 1326 4024 212 2000 382 6527
5 4058 8102 5245 3936 7678
9 3055 7929 6633 1866 6913 5858 5307 8303 9569
2 9954 5067
1 4796
3 1817 4476 1403
1 1880
14 9313 2695 4309 9325 7070 8840 5615 9137 2123 2026 9640 4525 2212 3491
2 2660 5821
4 1560 1194 9251 3560
1 7110
1 5982
14 3090 4435 9619 1209 7928 7709 3294 7119 7314 6327 8464 6173 8020 1855
1 2591
7 3580 5934 4066 4536 622 368 7206
11 2735 1335 7957 474 8520 6735 9503 7102 2112 7561 6544
4 1776 768 1973 9287
4 549 4948 2573 5891
3780 2736 7376 9997 9995 9994 9992 9988 9982 9981 9972 9971 9970 9968 9963 9961 9959 9955 9953 9952 9951 9950 9942 9940 9937 9936 9934 9932 9931 9930 9928 9926 9924 9918 9917 9916 9915 9909 9907 9906 9905 9904 9902 9893 9892 9887 9886 9884 9882 9881 9879 9876 9873 9871 9861 9860 9859 9857 9855 9853 9846 9842 9839 9838 9837 9834 9827 9825 9823 9821 9818 9816 9814 9809 9808 9802 9801 9797 9796 9793 9792 9790 9789 9786 9783 9782 9779 9778 9777 9776 9775 9774 9773 9772 9771 9769 9766 9759 9753 9746 9736 9734 9733 9730 9728 9727 9722 9720 9719 9718 9717 9715 9713 9710 9709 9703 9701 9700 9699 9696 9695 9694 9692 9689 9688 9685 9678 9673 9672 9671 9669 9667 9662 9660 9656 9655 9651 9646 9643 9638 9637 9635 9632 9629 9623 9618 9616 9614 9609 9606 9605 9602 9598 9596 9594 9590 9589 9585 9584 9578 9577 9574 9573 9572 9571 9565 9562 9560 9558 9554 9551 9547 9546 9545 9540 9536 9532 9529 9526 9521 9517 9511 9510 9508 9506 9500 9498 9496 9494 9493 9490 9482 9481 9477 9475 9468 9461 9453 9450 9446 9445 9434 9433 9432 9430 9427 9426 9425 9424 9422 9421 9420 9417 9416 9414 9408 9401 9400 9395 9394 9390 9383 9374 9373 9371 9370 9369 9367 9362 9356 9355 9352 9348 9344 9343 9342 9340 9339 9338 9337 9336 9335 9334 9332 9330 9329 9328 9327 9318 9316 9315 9311 9310 9309 9308 9304 9303 9302 9300 9294 9292 9285 9280 9278 9270 9265 9261 9260 9254 9250 9248 9247 9244 9243 9242 9241 9237 9236 9235 9234 9228 9227 9226 9224 9223 9222 9220 9219 9218 9217 9215 9214 9213 9212 9208 9204 9201 9200 9198 9195 9194 9192 9188 9183 9176 9174 9173 9172 9171 9165 9164 9163 9162 9161 9155 9154 9153 9152 9150 9149 9143 9142 9141 9139 9134 9133 9132 9131 9129 9125 9120 9117 9115 9114 9113 9112 9111 9108 9107 9106 9102 9096 9095 9091 9087 9086 9085 9082 9081 9080 9079 9075 9074 9073 9070 9069 9066 9060 9059 9051 9050 9041 9039 9038 9036 9033 9031 9027 9022 9018 9016 9015 9014 9013 9010 9008 8993 8992 8990 8985 8984 8983 8981 8980 8977 8976 8973 8970 8963 8961 8960 8957 8956 8955 8952 8941 8939 8930 8928 8924 8921 8920 8919 8916 8912 8911 8910 8901 8899 8898 8897 8896 8894 8889 8888 8884 8882 8875 8874 8873 8871 8870 8869 8867 8864 8863 8862 8859 8858 8855 8853 8850 8849 8847 8846 8844 8842 8841 8838 8836 8834 8833 8831 8827 8826 8822 8821 8814 8811 8804 8801 8799 8797 8795 8794 8782 8777 8776 8775 8771 8769 8767 8765 8764 8763 8756 8754 8752 8750 8748 8746 8744 8738 8737 8735 8734 8733 8725 8724 8720 8718 8717 8712 8710 8707 8706 8705 8701 8700 8697 8696 8695 8694 8692 8690 8689 8688 8686 8684 8681 8680 8677 8676 8674 8673 8672 8664 8660 8656 8655 8651 8650 8649 8648 8647 8645 8644 8642 8639 8638 8637 8636 8635 8634 8631 8630 8628 8627 8622 8621 8616 8613 8612 8604 8603 8602 8601 8600 8591 8590 8589 8584 8583 8582 8580 8579 8577 8570 8569 8567 8560 8558 8556 8555 8552 8551 8547 8545 8544 8539 8535 8533 8532 8531 8530 8527 8524 8521 8517 8515 8514 8512 8498 8496 8495 8491 8488 8487 8486 8483 8482 8480 8479 8475 8474 8472 8470 8466 8465 8462 8461 8453 8446 8444 8443 8442 8439 8438 8436 8432 8429 8428 8424 8418 8414 8404 8403 8401 8399 8398 8396 8393 8392 8391 8390 8386 8385 8382 8380 8378 8377 8375 8374 8372 8371 8369 8363 8362 8361 8359 8358 8357 8355 8352 8351 8343 8341 8338 8337 8336 8331 8327 8324 8321 8320 8318 8317 8314 8313 8309 8308 8300 8296 8291 8287 8283 8280 8267 8264 8263 8261 8260 8258 8256 8255 8252 8250 8247 8246 8243 8240 8238 8236 8232 8231 8229 8225 8223 8217 8211 8210 8208 8205 8193 8190 8185 8183 8181 8178 8176 8174 8172 8171 8170 8169 8168 8166 8161 8159 8152 8148 8146 8145 8144 8143 8142 8140 8138 8136 8135 8134 8132 8131 8129 8128 8127 8125 8122 8121 8118 8117 8114 8112 8103 8098 8096 8092 8089 8087 8084 8075 8074 8072 8069 8068 8067 8066 8065 8062 8060 8057 8056 8054 8052 8049 8044 8043 8042 8041 8033 8032 8030 8025 8022 8019 8016 8012 8011 8009 8008 8007 8005 8003 8002 8001 7999 7998 7995 7991 7986 7985 7984 7982 7981 7979 7976 7975 7974 7967 7966 7963 7962 7960 7958 7955 7953 7950 7949 7947 7941 7938 7931 7925 7921 7920 7915 7914 7910 7907 7905 7902 7901 7900 7896 7894 7893 7890 7888 7885 7881 7880 7875 7874 7873 7872 7869 7868 7865 7860 7858 7855 7852 7850 7848 7845 7843 7839 7838 7837 7834 7832 7827 7824 7823 7822 7820 7819 7818 7814 7812 7805 7803 7802 7801 7795 7794 7793 7791 7783 7780 7776 7775 7774 7772 7766 7765 7763 7761 7758 7755 7752 7750 7748 7742 7741 7740 7739 7738 7728 7724 7719 7715 7714 7712 7701 7699 7698 7696 7695 7694 7693 7692 7689 7681 7674 7667 7664 7661 7660 7658 7656 7654 7653 7652 7651 7647 7645 7644 7639 7622 7620 7619 7618 7617 7616 7608 7605 7604 7602 7598 7596 7594 7593 7590 7588 7587 7582 7580 7578 7576 7573 7572 7571 7570 7569 7567 7565 7564 7563 7559 7556 7554 7552 7551 7549 7548 7547 7544 7542 7541 7539 7537 7536 7533 7529 7527 7526 7525 7523 7518 7517 7514 7511 7508 7505 7504 7500 7495 7493 7491 7489 7486 7484 7481 7480 7477 7474 7473 7472 7470 7465 7462 7460 7459 7447 7445 7443 7442 7441 7440 7439 7437 7436 7431 7427 7424 7422 7421 7420 7418 7417 7416 7415 7413 7412 7409 7407 7406 7403 7400 7396 7393 7389 7384 7377 7375 7374 7370 7369 7367 7366 7365 7361 7360 7359 7353 7350 7345 7339 7336 7333 7332 7331 7327 7326 7324 7322 7321 7313 7312 7311 7308 7307 7306 7303 7302 7301 7300 7299 7298 7297 7292 7289 7286 7279 7272 7269 7266 7263 7262 7261 7256 7254 7253 7252 7250 7247 7246 7243 7240 7238 7237 7236 7235 7234 7232 7231 7223 7222 7221 7220 7217 7215 7214 7213 7212 7208 7207 7202 7184 7183 7178 7177 7173 7171 7169 7166 7163 7162 7161 7160 7159 7158 7155 7151 7149 7148 7139 7138 7136 7134 7131 7128 7127 7120 7118 7116 7111 7098 7093 7092 7091 7084 7083 7076 7074 7073 7072 7067 7066 7063 7060 7058 7055 7049 7048 7047 7046 7041 7036 7034 7030 7027 7026 7022 7018 7012 7008 7007 7005 7004 7002 7001 6998 6997 6996 6994 6992 6990 6987 6983 6981 6980 6979 6977 6973 6972 6970 6968 6967 6963 6959 6957 6956 6954 6953 6952 6950 6943 6939 6938 6933 6931 6930 6929 6923 6920 6919 6915 6909 6908 6906 6905 6897 6896 6894 6893 6892 6890 6889 6888 6887 6885 6881 6878 6876 6874 6873 6872 6871 6870 6867 6865 6863 6862 6861 6859 6858 6857 6854 6853 6846 6844 6842 6841 6839 6837 6835 6833 6829 6828 6826 6821 6819 6816 6814 6813 6811 6810 6804 6803 6800 6799 6798 6797 6796 6795 6789 6782 6781 6780 6779 6778 6777 6776 6774 6772 6770 6763 6757 6751 6750 6749 6748 6746 6743 6742 6739 6738 6734 6730 6723 6722 6721 6720 6715 6714 6713 6712 6709 6708 6705 6704 6703 6702 6691 6688 6685 6684 6682 6679 6677 6671 6668 6666 6664 6655 6651 6646 6644 6643 6642 6640 6639 6636 6635 6632 6629 6628 6627 6625 6623 6620 6613 6609 6608 6605 6604 6602 6599 6598 6595 6590 6589 6587 6586 6585 6579 6576 6574 6573 6571 6570 6569 6568 6565 6557 6556 6554 6553 6552 6551 6549 6546 6535 6533 6532 6531 6519 6511 6508 6504 6501 6497 6496 6494 6491 6490 6488 6487 6483 6481 6479 6478 6476 6472 6471 6469 6465 6461 6459 6458 6457 6453 6451 6449 6445 6442 6440 6439 6438 6437 6436 6435 6433 6431 6429 6428 6421 6417 6415 6414 6411 6407 6405 6400 6395 6394 6393 6391 6390 6385 6383 6379 6376 6375 6373 6370 6369 6366 6364 6358 6354 6350 6347 6345 6343 6341 6338 6334 6329 6328 6318 6317 6312 6310 6308 6307 6299 6296 6292 6290 6288 6287 6286 6284 6276 6273 6271 6267 6266 6262 6260 6259 6258 6257 6254 6253 6237 6236 6233 6232 6227 6219 6216 6215 6212 6210 6209 6205 6204 6201 6196 6195 6194 6188 6185 6179 6177 6172 6170 6169 6167 6166 6163 6162 6156 6151 6149 6147 6144 6138 6137 6130 6128 6127 6126 6123 6122 6121 6118 6115 6113 6109 6108 6107 6101 6100 6098 6095 6092 6091 6088 6084 6083 6082 6079 6075 6071 6067 6061 6057 6055 6054 6052 6051 6050 6048 6045 6043 6040 6037 6033 6030 6027 6026 6025 6024 6017 6016 6008 6007 6006 6001 5999 5996 5995 5992 5987 5984 5981 5978 5976 5974 5972 5967 5966 5965 5964 5958 5956 5953 5951 5948 5947 5945 5944 5942 5940 5939 5932 5927 5923 5922 5921 5911 5907 5906 5901 5900 5899 5894 5889 5884 5882 5879 5876 5870 5869 5867 5866 5865 5862 5861 5857 5854 5852 5849 5848 5846 5843 5841 5834 5833 5832 5831 5827 5824 5823 5822 5819 5818 5814 5807 5806 5800 5798 5796 5795 5792 5791 5787 5786 5783 5774 5766 5765 5761 5758 5757 5755 5752 5751 5744 5737 5735 5731 5730 5728 5725 5723 5722 5720 5719 5715 5713 5709 5706 5695 5692 5691 5689 5682 5681 5673 5672 5667 5666 5661 5657 5655 5651 5646 5645 5643 5641 5640 5638 5634 5631 5624 5620 5617 5614 5612 5611 5609 5606 5605 5601 5600 5596 5594 5586 5585 5583 5581 5576 5575 5574 5571 5569 5568 5567 5566 5565 5560 5552 5548 5547 5545 5543 5534 5533 5530 5527 5526 5525 5524 5523 5522 5521 5520 5519 5515 5506 5504 5503 5501 5499 5496 5494 5490 5488 5483 5477 5476 5473 5472 5468 5464 5459 5458 5455 5450 5448 5446 5443 5442 5439 5436 5434 5431 5429 5427 5422 5421 5418 5417 5415 5413 5411 5408 5407 5405 5403 5399 5396 5392 5390 5389 5388 5386 5376 5370 5369 5368 5367 5362 5360 5357 5356 5353 5342 5340 5338 5329 5323 5322 5318 5315 5313 5309 5308 5306 5305 5302 5301 5297 5292 5290 5289 5284 5283 5280 5277 5275 5274 5271 5270 5269 5266 5265 5262 5261 5259 5256 5253 5252 5251 5244 5243 5242 5239 5231 5230 5220 5210 5209 5206 5205 5204 5201 5200 5199 5196 5195 5194 5191 5188 5187 5186 5185 5184 5183 5180 5179 5177 5175 5163 5160 5155 5149 5145 5143 5141 5136 5132 5128 5126 5125 5122 5119 5118 5114 5113 5103 5096 5093 5087 5081 5080 5079 5075 5070 5069 5066 5065 5063 5060 5058 5057 5056 5055 5043 5041 5040 5038 5037 5033 5032 5029 5028 5025 5023 5022 5020 5014 5013 5009 5007 4999 4995 4993 4988 4987 4986 4981 4980 4979 4976 4975 4970 4969 4968 4959 4958 4955 4954 4951 4946 4945 4934 4933 4932 4929 4927 4923 4920 4919 4918 4916 4911 4909 4908 4907 4906 4905 4903 4897 4896 4895 4893 4891 4890 4888 4883 4879 4878 4876 4874 4871 4870 4869 4867 4866 4864 4861 4860 4851 4850 4849 4847 4843 4837 4835 4833 4831 4827 4825 4822 4816 4814 4813 4806 4805 4804 4803 4801 4797 4792 4791 4790 4789 4784 4783 4780 4776 4775 4767 4765 4764 4750 4749 4743 4740 4739 4737 4731 4729 4728 4725 4724 4723 4721 4718 4715 4713 4712 4711 4710 4707 4703 4699 4696 4695 4694 4690 4685 4684 4682 4681 4676 4675 4674 4670 4669 4668 4667 4665 4664 4663 4659 4655 4653 4650 4643 4642 4634 4633 4631 4627 4622 4619 4617 4616 4611 4610 4609 4607 4606 4598 4597 4596 4594 4593 4592 4591 4590 4589 4585 4581 4579 4576 4574 4571 4570 4568 4566 4564 4562 4560 4555 4553 4552 4549 4547 4545 4543 4540 4538 4535 4534 4527 4526 4524 4522 4521 4519 4518 4516 4515 4514 4512 4509 4508 4505 4504 4501 4499 4490 4489 4487 4484 4480 4478 4474 4466 4463 4462 4459 4458 4457 4456 4454 4452 4449 4447 4446 4444 4443 4440 4439 4436 4434 4431 4429 4424 4422 4418 4413 4408 4402 4396 4395 4394 4393 4392 4388 4385 4384 4382 4375 4374 4370 4369 4368 4365 4360 4359 4350 4348 4345 4343 4342 4338 4336 4334 4331 4330 4328 4327 4323 4319 4318 4315 4313 4312 4305 4304 4302 4300 4297 4296 4295 4294 4293 4290 4289 4288 4287 4286 4283 4282 4281 4278 4276 4271 4270 4267 4266 4264 4261 4259 4258 4257 4253 4248 4247 4243 4241 4227 4222 4217 4216 4213 4206 4203 4201 4197 4195 4190 4189 4187 4186 4185 4180 4179 4172 4171 4169 4167 4166 4160 4157 4156 4155 4148 4140 4136 4134 4132 4130 4126 4124 4120 4113 4111 4110 4109 4106 4105 4104 4103 4102 4096 4093 4091 4085 4083 4081 4075 4067 4064 4062 4061 4055 4053 4050 4049 4046 4045 4044 4040 4039 4038 4037 4036 4034 4033 4031 4026 4021 4018 4014 4010 4009 4002 3997 3995 3994 3987 3985 3983 3982 3971 3967 3964 3963 3961 3958 3956 3951 3950 3945 3942 3939 3937 3933 3932 3930 3924 3923 3922 3920 3919 3916 3913 3912 3908 3907 3900 3899 3898 3897 3894 3893 3892 3888 3885 3884 3883 3882 3881 3880 3878 3876 3873 3871 3868 3866 3862 3858 3854 3851 3850 3843 3842 3841 3838 3834 3831 3823 3822 3815 3814 3813 3812 3810 3806 3804 3803 3800 3799 3798 3796 3795 3794 3790 3787 3786 3784 3781 3780 3777 3775 3772 3770 3768 3762 3761 3757 3756 3753 3752 3750 3748 3747 3744 3742 3738 3737 3736 3734 3732 3726 3725 3724 3723 3720 3719 3715 3713 3712 3710 3707 3706 3704 3702 3698 3695 3690 3686 3678 3677 3676 3675 3674 3672 3671 3668 3664 3658 3653 3652 3648 3646 3643 3639 3636 3634 3631 3628 3627 3626 3623 3622 3621 3619 3618 3617 3616 3606 3605 3591 3590 3589 3588 3587 3585 3584 3582 3581 3577 3576 3574 3573 3569 3568 3562 3561 3556 3553 3551 3550 3541 3538 3535 3528 3522 3521 3520 3518 3514 3513 3509 3506 3499 3498 3495 3488 3487 3486 3483 3479 3478 3474 3472 3470 3467 3466 3463 3462 3460 3459 3452 3450 3449 3446 3443 3441 3437 3436 3435 3422 3421 3420 3418 3417 3415 3411 3408 3406 3405 3402 3401 3400 3397 3395 3394 3391 3390 3386 3383 3382 3380 3378 3377 3376 3375 3373 3370 3369 3366 3365 3364 3360 3357 3352 3351 3348 3346 3342 3340 3336 3335 3332 3331 3328 3327 3320 3318 3316 3314 3313 3309 3306 3304 3303 3302 3301 3299 3295 3289 3287 3284 3279 3275 3271 3270 3269 3268 3267 3266 3264 3262 3260 3259 3255 3251 3250 3244 3241 3240 3233 3226 3219 3217 3212 3209 3203 3201 3200 3196 3195 3192 3190 3185 3183 3182 3177 3175 3174 3172 3166 3164 3157 3155 3153 3152 3150 3146 3144 3139 3133 3131 3130 3128 3127 3126 3124 3123 3120 3115 3112 3109 3107 3105 3100 3097 3096 3095 3093 3089 3085 3080 3078 3070 3069 3067 3065 3057 3053 3052 3047 3046 3045 3044 3043 3041 3040 3038 3037 3033 3032 3026 3024 3021 3016 3010 3009 3007 3003 3002 3000 2996 2994 2992 2990 2988 2985 2983 2980 2976 2974 2971 2970 2969 2962 2960 2958 2956 2955 2952 2950 2934 2932 2930 2929 2927 2924 2919 2913 2901 2900 2892 2891 2885 2884 2878 2877 2874 2870 2867 2864 2863 2860 2856 2854 2849 2846 2845 2841 2840 2839 2833 2832 2831 2829 2826 2824 2821 2819 2813 2810 2807 2804 2803 2801 2800 2799 2798 2797 2794 2792 2789 2785 2779 2778 2776 2775 2773 2770 2767 2764 2762 2761 2759 2757 2756 2755 2746 2744 2743 2737 2734 2733 2730 2729 2727 2725 2724 2723 2721 2719 2716 2712 2711 2708 2707 2705 2703 2701 2699 2688 2687 2682 2681 2679 2674 2668 2667 2665 2664 2662 2661 2659 2658 2656 2647 2646 2644 2643 2636 2635 2634 2632 2627 2626 2623 2622 2621 2618 2616 2614 2613 2611 2610 2607 2606 2604 2601 2600 2599 2598 2597 2592 2590 2588 2586 2585 2584 2583 2575 2574 2572 2569 2564 2563 2562 2560 2555 2554 2550 2549 2548 2545 2544 2542 2533 2532 2530 2525 2521 2516 2515 2514 2510 2509 2506 2504 2503 2496 2490 2489 2485 2484 2482 2474 2472 2471 2468 2467 2461 2459 2458 2456 2452 2449 2447 2446 2441 2437 2435 2434 2431 2425 2424 2423 2421 2420 2419 2417 2415 2414 2413 2410 2403 2402 2400 2399 2398 2395 2392 2391 2390 2389 2388 2387 2386 2385 2383 2379 2377 2375 2369 2367 2366 2365 2352 2351 2348 2347 2345 2341 2339 2332 2325 2322 2319 2317 2312 2306 2304 2303 2302 2301 2294 2292 2289 2286 2285 2281 2280 2279 2277 2276 2275 2273 2272 2271 2268 2267 2266 2264 2262 2260 2259 2256 2254 2250 2245 2244 2241 2239 2236 2235 2232 2231 2228 2227 2225 2223 2221 2220 2219 2213 2211 2210 2208 2205 2203 2200 2199 2196 2195 2190 2189 2187 2186 2184 2183 2179 2172 2170 2169 2168 2163 2161 2160 2159 2158 2153 2152 2150 2149 2146 2141 2140 2138 2136 2129 2127 2124 2120 2117 2116 2114 2113 2111 2109 2108 2107 2106 2103 2102 2101 2098 2095 2094 2091 2089 2087 2086 2083 2082 2081 2078 2077 2076 2073 2072 2068 2067 2065 2064 2062 2060 2058 2055 2051 2049 2046 2045 2044 2043 2042 2041 2039 2032 2030 2028 2024 2023 2019 2018 2017 2014 2013 2010 2009 2005 2001 1997 1996 1994 1991 1989 1988 1987 1984 1983 1980 1975 1974 1972 1971 1968 1966 1965 1963 1962 1958 1954 1952 1948 1945 1941 1938 1931 1929 1928 1924 1920 1918 1917 1916 1915 1914 1912 1911 1909 1905 1903 1902 1901 1900 1899 1897 1896 1892 1889 1887 1886 1884 1876 1875 1871 1870 1862 1861 1857 1856 1851 1850 1845 1841 1840 1839 1837 1836 1834 1832 1831 1828 1827 1826 1824 1822 1819 1816 1814 1812 1810 1807 1802 1800 1799 1798 1796 1795 1783 1775 1774 1771 1770 1767 1761 1754 1752 1750 1747 1742 1739 1738 1737 1731 1728 1725 1722 1719 1718 1717 1716 1711 1710 1707 1705 1702 1698 1696 1692 1691 1688 1687 1684 1681 1678 1677 1675 1673 1672 1671 1669 1657 1650 1647 1646 1644 1641 1639 1638 1636 1633 1632 1631 1629 1621 1620 1619 1618 1617 1614 1611 1608 1607 1604 1603 1601 1600 1598 1597 1593 1592 1589 1584 1583 1581 1578 1577 1573 1571 1570 1569 1568 1558 1557 1556 1552 1551 1550 1547 1544 1539 1536 1535 1534 1532 1527 1522 1521 1520 1519 1517 1516 1514 1511 1510 1509 1507 1505 1504 1501 1499 1498 1497 1494 1493 1491 1490 1489 1488 1485 1483 1482 1475 1473 1471 1470 1469 1467 1466 1465 1463 1458 1457 1456 1455 1454 1451 1450 1449 1444 1443 1441 1437 1434 1429 1425 1419 1418 1417 1410 1405 1402 1401 1394 1389 1388 1387 1382 1379 1378 1373 1370 1362 1361 1357 1355 1349 1348 1345 1343 1341 1340 1334 1330 1318 1314 1311 1309 1307 1306 1304 1303 1302 1295 1287 1279 1278 1275 1274 1271 1270 1268 1266 1265 1261 1257 1253 1250 1248 1247 1244 1243 1241 1237 1234 1233 1230 1226 1224 1223 1220 1214 1212 1210 1200 1197 1196 1195 1193 1191 1188 1185 1180 1172 1165 1164 1163 1161 1158 1154 1151 1150 1149 1148 1147 1145 1144 1141 1139 1137 1136 1134 1133 1130 1127 1125 1123 1122 1120 1117 1116 1115 1112 1109 1108 1106 1101 1099 1093 1091 1082 1079 1078 1075 1072 1070 1069 1065 1063 1062 1059 1057 1052 1047 1043 1041 1039 1038 1033 1032 1031 1025 1019 1017 1012 1011 1003 1001 999 997 993 988 986 981 980 976 975 971 970 968 963 960 956 955 954 949 945 944 941 939 937 934 931 930 927 925 924 918 917 916 915 910 909 906 904 899 898 896 893 891 887 885 882 878 877 875 870 866 861 858 857 851 848 844 842 841 838 837 834 829 827 824 823 822 821 818 812 811 810 809 806 805 804 801 797 795 792 791 788 786 782 779 778 775 771 765 760 759 758 757 755 754 753 751 750 749 745 743 740 737 735 732 728 725 721 717 716 711 710 704 703 701 697 695 691 690 689 683 682 679 678 676 675 670 668 665 663 662 660 653 650 649 646 642 639 637 634 626 625 623 621 620 619 618 616 612 604 602 598 597 591 587 575 570 569 566 564 560 552 551 545 544 540 531 530 527 526 523 521 520 518 514 512 505 503 501 500 496 491 487 485 484 480 479 473 472 471 469 468 467 466 465 463 462 461 459 456 453 449 447 443 436 434 433 431 430 429 427 426 419 416 414 413 411 410 407 406 405 403 402 398 396 386 385 383 381 380 374 373 371 370 366 365 363 358 357 355 349 345 344 343 342 339 338 337 335 333 329 327 325 317 316 314 309 308 307 304 301 300 299 298 296 295 287 281 279 276 266 265 263 261 260 259 258 256 253 252 250 247 246 244 241 239 237 236 234 232 228 225 224 223 221 217 216 213 208 197 196 193 192 188 186 184 181 178 177 175 173 169 162 159 158 154 149 147 145 144 139 138 136 135 133 131 130 128 126 123 121 119 118 114 112 111 109 107 104 101 99 96 94 93 92 90 87 86 83 74 72 68 67 65 64 63 62 59 58 56 53 48 43 38 37 36 34 33 27 18 17 16 15 14 13 12 9 8 5 4 2
