12 2124 3900 7447 3419 3942 8320 4509 5058 3140 6257 9906 8377
30 3394 138 7894 9710 4784 2228 1834 4407 2231 9237 8361 2254 4512 7260 7998 2387 4342 9841 8442 9414 5905 6482 3192 8735 9215 778 3069 7311 980 2755
31 422 5853 9696 1494 8273 1182 7234 7843 2547 2314 7691 5278 112 4136 2299 9337 6478 1850 1151 331 3309 2066 7055 460 6183 5839 9061 9759 6819 2211 8147
34 4328 5187 6407 7169 4696 8871 3228 8547 8764 2159 4489 7007 4487 689 972 1650 4036 7646 4849 7897 6826 5026 3653 5938 642 5328 3677 2158 2259 3255 8089 9918 5631 58
5 3742 9831 3514 5547 1150
16 5284 1629 6854 1715 3673 8651 3794 2792 2127 2733 5429 7073 7436 1230 6721 7093
44 945 6457 9087 4109 5025 4665 3411 9805 8425 7243 5783 5757 2696 922 6216 2275 2260 1429 2900 3584 280 8148 4096 9205 223 4620 8961 9342 3768 7302 1401 4946 1673 9689 4581 2161 7469 1287 2888 383 7537 635 9776 1207
24 2867 5998 9790 3753 9496 6292 5704 2348 1770 1501 154 4903 7550 1243 569 7850 3226 4737 8919 7803 8797 9771 9304 7953
28 1475 5014 2304 2910 4491 2042 1307 9155 1672 4851 3823 8841 4386 591 2471 6646 7400 5869 8709 810 5645 4731 2456 296 4424 1336 2586 8138
23 5201 4384 9779 133 4443 366 7377 7333 9802 4362 6372 8985 2262 1600 6236 5667 9168 8311 5964 9217 6364 6350 1300
30 2675 3784 5526 1081 4111 9838 6367 2104 2756 6422 8916 7531 3930 2892 6240 6557 4954 2149 2708 4067 7963 3706 308 5871 8602 2734 2794 1377 343 7986
20 7250 9969 6091 186 1017 5706 7890 3649 5191 5728 135 7084 2962 3486 4670 1278 5204 1544 4069 4716
13 7962 3756 3136 5638 8600 1899 9280 4316 9814 5148 1718 2724 6870
16 4345 6324 4389 9582 6915 9695 1112 4707 6872 5269 4976 6881 5673 781 8947 6288
37 3605 9602 6718 5539 241 1349 6967 266 3775 1963 5824 6571 6684 4805 2924 5548 414 7397 6385 8003 5421 7326 5261 9115 9855 960 386 834 246 8380 5177 637 6088 7219 1454 1722 4296
30 629 4792 9795 64 4653 1412 3326 3574 3174 67 467 3101 9709 3060 478 2012 4461 5085 9149 8579 625 2870 3762 7772 5854 9876 3110 795 3120 901
13 43 2111 2483 735 5468 9417 3153 844 5581 2353 7151 3586 5108
24 2444 9139 2089 6043 2109 3352 6027 9945 344 5722 9352 2817 1099 9777 4460 5932 5521 7563 1974 7087 8232 8884 9339 9374
16 8121 9208 968 917 2303 7216 2466 8436 1070 5075 307 8910 6943 316 1304 5501
27 8190 6098 6882 8952 3269 6378 9722 6983 1649 4919 1197 9060 7177 5106 8318 2889 6506 3587 3217 6050 5832 4918 8707 3652 1614 9887 4241
30 208 3057 8955 2585 9564 2831 934 7984 6379 4014 2737 6625 5537 7735 9079 3360 6660 9093 87 2392 4616 4780 8887 2985 7413 7719 4295 8552 8154 9766
26 9082 4907 8062 9837 5356 1639 9248 6156 8811 8645 5163 34 4430 287 931 7256 9041 4169 1621 7412 7717 5242 9120 9317 6112 2840
14 8231 5648 6047 6666 6287 2703 6147 3781 4904 6853 263 5125 5606 749
34 9477 5477 475 7901 8368 3675 4664 9871 3425 9328 6519 5534 2341 782 1310 6763 4682 5729 4289 4336 9108 4669 6887 919 9587 4126 4199 9850 1404 9942 6045 3369 9990 3238
11 2759 7074 341 4570 3627 1909 3626 430 7766 431 4124
9 9578 577 3004 6275 9585 5604 3719 3723 4725
10 620 4131 7225 6841 3882 1180 7985 70 5443 464
30 444 8486 8831 8228 9684 7515 3127 4499 6800 130 8296 1747 1740 5655 3078 8415 4603 7199 6732 721 8604 158 6209 8341 9220 623 3480 472 5312 9311
9 7947 6195 3561 1683 3126 132 6592 2312 6060
22 4128 1871 6897 754 8177 803 9435 3582 8668 2906 9201 1901 9692 6411 4226 2895 8611 2864 6595 2227 1006 6750
25 7309 147 7048 1330 7245 9330 670 9278 6605 996 703 7313 5220 8068 5643 2562 4294 2131 3128 6535 2255 5613 4157 9638 8877
25 9031 7167 7654 9015 4703 1612 887 3808 7273 1926 2700 3967 5427 8496 9529 407 1577 4288 3899 5867 1014 8371 6465 8740 7820
17 6755 8680 2018 2891 1675 9502 1152 2493 2643 9013 8313 1148 9650 5275 4606 9117 9536
23 1176 4776 7967 1531 4343 4777 9917 1389 279 2956 8922 4547 9445 468 6812 9767 1739 8769 1490 9307 7257 5900 7252
19 7763 6953 1394 5093 104 1853 634 1766 6688 8483 9434 5741 1619 8169 2280 3576 8152 3698 4091
34 2651 2570 2399 5212 7278 1686 5837 3798 3790 1299 575 2479 4279 4549 6459 9073 1423 339 9098 8567 925 7486 1231 5617 2730 5149 4383 197 6981 906 2914 5697 8535 5592
35 1845 7246 1311 5799 7569 2972 2626 4331 2402 3877 8705 6861 4457 4007 53 612 9386 4505 5594 3214 5114 1743 9727 5916 5685 4610 705 6273 6487 1677 1939 1244 3984 3033 8131
6 5533 7814 6194 6177 6073 1137
12 4439 9959 6259 7233 2616 36 1698 653 7959 8166 7011 247
39 3200 7312 4376 9628 9316 6392 419 2464 1587 8804 1862 3531 7941 8257 8814 4787 6821 4330 5472 2360 8438 1761 1596 9725 3568 4692 4960 7644 2328 4312 6017 2925 314 4864 1798 5270 648 8718 1378
24 1568 2468 355 7570 2437 7507 6326 4876 3674 7238 2416 5022 8117 8355 783 6702 9057 2307 1848 1966 4446 5280 6919 6342
17 8009 9355 7802 1388 3553 551 8805 2266 3306 9008 5345 2423 9369 7888 1923 8612 4268
27 6119 1215 4099 2505 7693 649 3859 1861 3776 4564 3924 5052 7327 8532 5943 7674 373 9688 2970 4688 2569 7969 79 4267 9834 6490 3985
21 6121 9701 9823 9694 9934 4690 2151 1914 1684 2685 6511 9672 9356 5786 971 6553 4149 6310 9499 5926 6127
16 216 5976 2062 8512 2186 3538 8771 7775 1759 6653 7639 236 7991 1865 8226 4042
14 2285 8963 2199 8775 5007 5397 5066 8836 2604 4752 4844 9970 3562 5407
32 7134 8263 3843 9595 9584 2235 1355 4594 4798 9789 695 2994 5301 2451 4529 8026 3144 9904 7443 4627 7539 7244 7144 107 2094 7221 8717 5784 3886 7527 3880 2271
9 3810 345 7852 1219 6845 6448 5688 8057 4846
33 4659 2482 5566 7232 2434 9035 8637 4756 1583 5967 7370 1008 3874 8551 2613 1031 1702 5904 9470 5336 2484 1361 785 1413 7780 7283 8724 702 7350 6723 2929 2964 7163
20 7259 7222 4988 4712 4449 4524 7921 2572 5153 4514 6539 7484 8260 4484 7416 1892 4315 5508 1202 3378
31 9549 2934 8816 4233 8403 5082 2856 1106 4347 9963 9319 7987 8007 5032 5651 3045 7974 6620 7420 6406 4436 8655 5119 8256 3695 5696 5499 3543 2819 6191 6246
21 380 1733 6237 6677 2467 2332 3621 9734 2958 2398 7790 8016 6276 8408 192 2801 731 3132 7165 329 3850
26 2548 715 2935 5050 9407 4699 3593 3139 8692 6131 8060 7786 1616 6852 3034 123 5251 4668 6690 6057 1552 410 790 4545 4145 8700
22 1819 2 9023 6908 6655 5862 1163 2584 6774 4748 1241 6428 6343 3488 1837 3898 3002 12 9753 2610 4047 7001
18 7614 8990 949 3222 886 6772 8673 6522 7907 9565 2522 5430 8056 5580 2529 16 9977 9829
16 9270 2461 4033 8873 2041 5132 4089 8495 8045 5834 4231 3304 4324 204 9635 6559
13 8394 8011 9500 1164 7317 4462 937 7973 4236 1419 8818 6433 6113
44 8559 6952 9733 2603 2424 6199 3196 5744 9974 530 1372 2520 6711 9562 5719 8575 9419 3038 4607 3879 7364 572 118 2415 8266 365 2837 2694 3796 2023 6376 3365 2035 7620 3150 3166 5146 2871 436 2701 8404 9214 3535 8862
38 6110 1438 3951 9401 5369 1527 3821 4980 9045 8219 7323 9450 7602 3112 4101 9761 9481 7162 1364 8093 9288 4159 9988 9554 732 1566 217 4521 5945 7908 2367 4431 9861 885 2623 7896 6405 3755
15 6362 4081 2087 981 7821 8676 2980 2807 1234 8461 9521 6569 13 108 2032
15 5502 3610 7047 6829 1885 7797 2201 6531 258 2349 9095 7565 9004 6148 1951
29 3544 9757 3208 5601 986 9923 8220 8782 8300 6134 1907 1047 1597 9163 1382 2325 6483 5267 2766 3096 7076 6427 101 9340 1268 75 2289 6136 6917
23 8767 740 4591 7407 6778 7699 9678 3339 1468 2030 309 1124 7240 9590 3727 3934 6651 2098 3301 443 4741 8414 5266
26 9410 1369 4327 4256 9962 8214 5400 6751 5880 1235 2016 305 2388 9924 5612 6779 4229 727 6166 2772 6973 679 9290 4683 5988 6494
29 8610 1716 9192 1458 2901 2206 3421 8383 6318 3155 5313 9490 4754 7853 8164 7470 5338 7593 1617 5065 7781 858 3106 6664 9773 6193 7533 1001 6997
23 2729 8624 4400 2640 453 4831 5165 2101 2757 547 6787 8165 9173 9746 522 6760 2361 5524 1576 8282 2848 170 7349
15 9621 3118 8381 2494 4598 4075 9059 1214 9336 7303 3349 9568 818 4305 7472
14 8357 4280 7031 1782 2446 2336 8205 1812 8174 7202 7751 8517 6241 2704
16 7757 103 5520 1033 2081 4945 6623 5755 8172 3094 3456 9493 4719 2136 7713 8163
27 4017 4764 1902 5861 7840 4209 9300 5386 10 6785 9175 745 6926 1832 6561 207 2189 2347 915 5126 1825 662 2824 9721 4568 3812 8850
15 7556 7160 2162 8732 7970 5216 5823 6445 8130 4242 8327 5855 1115 9573 4185
30 6172 7812 74 5263 6067 4786 5352 8695 7237 2396 3406 6083 3913 1471 3997 7339 500 3331 1395 8966 4571 5330 6936 6217 7938 5591 1147 2203 2321 8267
27 9952 7883 9799 2320 1539 8760 2218 7807 3072 8450 6203 6838 3567 1420 9892 5115 6500 6295 3854 5826 9984 2767 3718 5676 8337 2785 4592
23 7903 461 1104 890 3925 3550 2017 8842 6282 4762 3684 7332 619 7168 9873 7136 5800 1238 9614 424 6093 4790 8375
18 5306 8063 9867 9225 5080 8875 7919 9122 7607 4556 4923 4222 7596 8723 2064 2618 8122 6439
11 2510 1975 9932 2666 281 4448 1813 7069 1829 4962 9749
32 161 2952 7477 1725 8827 2220 4749 6165 3007 3565 1417 7875 8127 9113 9235 2267 5789 4708 1103 4283 1467 5791 1824 1950 5735 3000 9413 4563 7 7696 8044 840
27 6596 5101 4921 8101 6873 8074 2834 9479 5383 274 806 5231 6100 7308 8002 9074 4102 681 8100 8090 9793 86 3518 9323 2200 9176 4049
18 3496 1774 2498 1302 458 8247 809 1690 6234 4381 2344 1928 6107 9609 4203 7983 5232 3737
25 5087 847 4113 2362 83 2319 9939 8938 1236 6572 1671 359 3634 1611 5392 4760 3683 1128 6394 8677 3423 6007 9716 9616 5646
19 9513 3501 3443 8105 7587 3449 1224 518 5274 2506 3982 7367 9699 555 6788 2193 738 2277 1088
21 2907 9276 862 8289 4314 6036 2558 1889 8390 2832 5820 8972 7262 7307 5096 2182 7251 3670 455 5020 4803
13 1132 1371 1603 8911 6894 8608 7826 8142 3109 6035 7235 9860 1569
37 5890 4959 5205 4437 3602 3541 9813 1630 7554 8835 300 5695 9127 2095 7066 1256 8401 552 5210 9333 1783 8291 8034 433 4053 3888 2282 7584 4680 9094 4458 1334 5207 360 6384 421 3313
15 183 6975 7726 1769 588 7258 1028 2050 6323 8482 4649 1055 3588 2038 2363
32 6069 166 5089 1500 8059 2776 9033 8615 4326 7361 1348 8869 6374 5792 1921 8590 9704 6332 543 7752 5863 2676 4715 8393 5185 6501 3376 3792 3665 7906 265 5173
26 4063 7808 3901 8407 65 4654 6713 4009 3266 3682 8067 4106 7547 5680 7747 2223 860 4551 5560 9775 8280 2170 2029 2922 2544 8802
42 627 5510 109 9274 4414 6924 842 8309 4200 1386 3585 7628 6182 172 4139 5043 9262 8505 9167 2209 6888 8159 2174 8691 5016 5739 1375 4579 2932 8315 2010 5357 7431 3944 8626 6388 131 7038 4 2243 4133 2410
18 9397 3489 9877 1461 9899 496 7721 3769 3412 5752 603 3558 1144 4010 966 1581 3797 2983
10 5802 3852 6525 2378 8295 8238 3505 3229 7356 5873
35 3572 1635 4935 3601 3462 1729 8042 7580 832 8155 290 704 659 2525 1193 6451 4365 85 7745 8903 6137 7982 7299 2232 2047 3953 4182 5206 7170 936 5946 1473 4883 1579 9354
18 2684 9400 3736 8846 490 4055 9911 9431 4402 8234 6941 3151 8423 9669 2249 587 1809 8001
14 7510 4632 1068 4626 2668 3552 9893 1940 1077 8701 3671 2853 1003 9545
15 9376 7817 4852 5738 2462 9535 5930 5319 8286 8859 8756 3922 2606 2172 1705
23 5380 6181 3487 1604 8432 4370 4454 4565 9032 9009 574 6175 7261 6598 2490 1437 792 2550 4641 5230 2329 5543 2671
19 3210 6120 8150 6940 5835 4290 5827 1780 167 334 7589 2575 4650 7518 6782 2238 9915 8847 9956
18 8023 897 9263 8182 4675 4906 2214 7914 8052 6284 8032 8570 6594 7297 5361 4041 8279 4432
14 9943 793 2311 8081 8347 875 4076 3964 6086 2827 2816 4820 3611 1887
33 5466 3160 9012 9306 655 2967 8328 7253 6814 3290 3701 6589 5001 1504 4250 9143 7806 2535 5872 8400 1253 8264 7728 5993 7765 5056 9745 4859 2865 188 1204 7405 794
15 5479 8872 4932 3960 3777 2779 9338 7669 8455 5845 9007 2372 4540 3848 6400
28 5628 5554 2781 3493 4871 2180 2065 4105 1443 4821 6898 1476 116 8954 8844 647 9762 5450 8657 1728 8712 1127 3383 5494 4728 5884 8507 4474
30 6265 3816 5668 9620 4028 100 7912 244 4195 9617 9226 4595 6161 826 5878 6602 9571 1668 8927 7675 4086 4110 3485 2545 3600 1969 5774 7427 5376 2839
23 2110 2453 3461 5351 6848 9612 3201 9077 8593 7866 9091 3379 9244 6253 9728 8678 2631 3766 9154 18 2196 3656 3617
25 1160 542 4372 7573 3765 8687 215 282 8475 5984 1814 787 4590 7439 4660 3318 3831 7029 140 1398 6461 9390 6212 3863 7183
20 4072 6085 7922 1050 1317 9092 9593 6117 7033 3920 2168 1329 5956 4254 3125 4611 2185 3422 9465 6603
14 4727 7003 2400 1754 8472 3071 9189 3046 2138 2286 7008 4401 6467 8789
13 884 1321 6668 2621 2258 3452 3581 2022 1295 9555 7667 3883 4841
26 3119 6818 6101 9948 5409 252 3450 6864 3845 9264 6883 3968 9293 7887 6577 7419 8776 604 6796 7603 6373 3162 4631 8497 3837 1439
25 7457 9645 3750 3124 5451 8268 3271 9718 2190 2043 9242 974 3506 9991 1719 28 5277 6233 4488 6867 9294 3835 7459 8808 2427
4 8397 7304 4817 8046
17 7143 3469 3466 2370 121 4359 6325 4573 7634 8880 5787 2474 1983 2301 7739 3347 2868
27 4914 9634 9405 2044 4034 691 1211 8094 8901 5844 1946 5005 3 4850 1943 2778 6270 6075 2629 602 6573 1089 5233 3928 3929 8861 2597
23 9156 2270 7629 3657 9141 6375 4718 5689 8103 5911 2948 8936 4004 9181 1712 5223 944 7980 9461 3172 796 3975 5390
17 5794 2164 5514 9828 6974 4845 570 7511 5492 5469 7540 1095 1760 401 4911 4490 8022
15 7707 8143 2682 5268 2086 7155 7185 1351 9047 3015 5489 3248 5935 8870 4292
32 57 5881 6771 4194 9209 5503 1415 7794 1271 5995 9968 3261 4219 5929 9724 9268 4710 2160 5333 5349 7538 6604 4982 1811 111 4284 9525 3405 7881 3478 9391 9088
12 2476 1155 6055 6105 5657 2637 2908 1938 6955 298 9909 1574
34 4630 7612 2904 3105 4115 3807 5751 8128 4713 9685 8973 560 2919 8945 1873 3476 9388 1198 6824 2721 2552 6077 5761 2800 8759 9674 1517 347 8255 8879 8625 6096 3679 3712
25 1613 853 9537 7604 6865 7334 272 9879 1953 5396 9547 6446 8810 1737 2195 9973 9437 8352 8369 4759 4273 1379 2886 160 1052
28 4733 8989 5234 6316 7211 128 1667 6359 2543 9652 5070 1041 9234 7090 155 1477 1025 6949 9807 4183 5781 5978 3914 973 1091 4348 5449 7700
20 5962 2292 3867 9928 8312 4832 4232 2634 1464 9423 5590 6140 8287 5980 3431 8183 9656 9522 7899 1456
20 1944 202 3108 2722 510 2611 8297 5482 5607 9279 149 1116 2707 6278 2354 9714 2457 2253 1573 2926
16 5391 5627 6264 6006 8729 5759 3363 7736 5264 8765 7617 9875 5718 1185 9198 6170
27 9625 5012 753 7208 6809 4485 3477 2802 4888 6905 9458 5879 8987 6806 90 8976 8359 5136 5496 2092 8456 2976 2747 3687 6291 5485 7783
20 9238 2248 5453 2648 7394 4613 6353 7285 3342 3006 1748 7345 2389 1820 2878 9660 7310 4530 722 7289
20 1051 2835 9566 4623 6452 1964 5796 5170 178 1732 6720 8894 9399 8270 1242 9703 747 5647 3620 6650
31 2957 6747 2566 7451 4246 3938 2060 9406 5393 982 3993 5579 6716 4532 2633 4204 2636 8258 1485 261 8669 2215 8526 4934 2120 8683 6701 828 7343 7968 5111
23 7710 596 9037 8671 6719 1864 6248 2040 6678 8343 4685 5041 7504 676 1618 6555 6640 556 6510 7514 9174 5147 3741
22 1660 821 1309 2156 7830 1199 8822 3973 1687 5490 2242 9310 2069 9854 1303 2450 2005 1141 2342 7833 5150 3097
18 5250 7065 8745 3395 1535 7590 6632 8427 7107 7358 6860 4726 6986 51 1645 9955 2677 8622
23 5465 8272 2885 8988 9809 912 2546 2351 1856 1373 9572 6530 1890 6918 4943 5423 5894 1607 7485 6959 4479 1633 5179
22 7078 352 6566 4582 7935 2861 7949 6171 26 2447 5122 5509 171 9308 276 8454 8964 9676 2830 2609 2019 7625
14 9658 3323 5249 1714 6560 3235 5703 2617 2251 712 6464 5363 3084 7756
12 5255 2517 8388 1172 525 6976 3283 195 5937 869 4281 9532
19 2893 6059 4045 8617 256 9456 723 7071 4609 7478 8066 5354 8151 9269 2650 9210 7789 1060 8443
10 1610 4240 2555 1549 185 804 926 6911 4189 7024
20 8820 4857 2931 2580 1320 7737 1965 2274 1283 7027 1358 3801 6108 8391 9747 7977 9129 8083 5629 5760
18 6582 7271 4406 3846 3216 6682 5350 1578 6396 7895 1108 362 2488 110 7437 9396 9227 3533
15 2021 3699 9378 9643 1749 5217 363 9471 7706 6005 9147 6470 6795 1306 5399
17 1416 2309 5167 4265 96 4385 8592 1445 526 6224 7828 2624 3853 6731 1472 2890 1823
19 7267 7630 5039 1985 2762 6859 333 2381 3355 5624 4774 2946 1044 2080 49 859 7335 3204 638
20 76 1169 4356 8741 1264 4947 2713 5042 2154 2331 238 470 4702 6899 4753 4116 4909 327 3945 2152
24 6132 3524 2969 8259 1934 4628 2765 2850 8109 4912 3979 8779 125 4025 3881 7544 6014 7385 1074 5797 7996 5876 3500 5459
29 3475 9543 1627 2261 3420 2732 1910 8529 353 8485 8742 833 2599 8284 8335 3481 6303 7328 1337 2822 4812 4095 2114 4286 8120 1658 3218 8941 4783
9 8975 257 427 1479 8908 2326 1076 7175 5454
16 9072 399 7179 4357 5805 9460 6937 9085 46 752 4174 139 3641 7744 8839 535
20 553 4344 9228 586 5959 4213 395 11 2513 3946 6204 2236 905 9895 5546 7127 8114 1400 998 8331
15 1316 3955 6347 4166 1259 5104 77 2001 3998 2728 8541 2421 1488 3884 707
21 8506 9089 5656 1637 9785 3992 4985 7403 9896 4964 2672 1648 6554 6972 9212 2968 31 1367 737 4908 9931
19 876 6213 5584 2652 2938 947 7793 37 1688 7330 9028 4082 14 488 9642 2594 1301 7496 4861
12 3689 9055 3091 5924 270 1638 3040 3273 390 6991 2516 1731
12 9686 8248 2295 2365 2744 4298 8092 8358 9266 2902 7733 7878
32 9627 6493 1276 3830 7406 9314 6023 2207 1263 992 1175 3345 9482 4828 52 5238 7062 7006 9080 6810 4398 3374 8108 6954 9898 911 1585 855 7054 4364 2764 5960
14 6562 7164 8807 6578 9153 5852 1308 564 861 9051 8460 3298 4320 5616
22 376 1201 6305 7456 9440 8116 1393 2497 6722 2805 2947 5908 1541 7720 3320 4412 9148 4341 3591 5682 5362 4662
25 2473 1496 425 5076 9980 4477 516 2808 9859 4775 5529 6262 7046 3085 4978 5 9534 1957 1380 2194 1703 2698 5931 321 5037
17 1428 6223 7857 8616 6648 9064 3058 1034 3516 9006 1893 4054 8053 504 6354 4723 3987
27 4164 200 5746 802 3783 3840 8445 661 9561 8412 4924 2126 2771 7785 1436 8004 9548 5462 4238 2420 5736 8095 2310 2373 7348 7705 750
21 7555 2702 2404 9298 4019 2477 2959 8576 3919 958 1762 6938 3344 1895 5575 8491 8501 6489 2987 6518 962
8 3650 3788 7454 8568 7023 9484 8561 6665
15 8620 1004 7627 816 2526 9299 2567 8812 5164 2752 9599 6322 7725 4140 5127
15 1842 3828 2409 2350 5288 9605 1036 2553 6256 4230 2083 5661 8424 770 6242
29 6942 6003 354 8191 942 2745 3648 9151 4872 3102 9321 6513 7492 2875 5372 7294 5033 8186 7944 5893 2911 6444 1881 6074 9591 9296 2492 9488 2130
31 6202 1054 3972 7685 7683 2305 4558 3451 4497 9570 8014 6283 8416 8534 5694 4569 7796 9592 3599 7505 7800 45 4030 4614 3280 8417 3189 5311 398 1374 7374
12 7528 9295 9957 866 8900 5912 3240 4252 2628 9791 1153 5047
18 1709 2439 3625 1918 6947 5747 829 9222 5236 8478 2723 4463 6770 5024 1641 3184 579 1653
11 8886 9398 2795 8828 469 8084 1661 690 9811 9668 8770
19 9474 4426 7488 9480 7352 733 7871 5353 8689 3545 5418 5378 3011 8866 6214 438 3523 8078 9326
18 550 6455 6921 7009 4858 8937 7536 4899 5019 7886 9197 5928 6661 3484 2815 1129 7410 2408
17 4043 2680 6679 6802 814 9822 9250 4721 777 2028 1696 8777 4303 5505 4040 3012 9711
34 6900 6656 6189 5875 7471 5189 9806 7357 8285 1503 4875 3583 7041 9394 3073 7730 979 8876 5310 509 6963 7274 9230 5247 7142 8914 340 6028 7044 2592 7126 2750 9700 2509
14 4772 946 4060 813 8562 9453 8734 2582 9184 2683 5095 7402 590 3279
24 156 6659 5847 5486 1424 1396 484 5023 7351 5640 4809 1296 3563 1694 8162 5389 9606 9792 5588 6022 5549 9719 1120 20
15 9848 3645 9630 3293 1277 4621 9531 9384 3268 3250 1408 3464 9146 2697 3931
26 5090 2118 5686 7692 6450 8713 7574 2187 1453 7503 7187 2612 3075 8334 6431 1011 2283 3472 6891 8714 9271 289 5895 7758 1191 4158
18 9687 6672 5730 7532 397 9275 4464 9835 7942 9903 3223 3943 312 664 3819 5819 5758 1662
22 1313 8133 8747 3083 8868 4938 4656 8585 7490 9874 2596 6387 5228 9448 1519 5577 9978 7979 3031 879 3903 9770
22 921 3615 8796 5779 6593 4965 1756 7879 3473 6312 8242 5097 1622 8584 4368 5015 1788 4272 6335 6817 8319 6613
27 6922 6029 2686 8079 895 8761 969 531 5405 8659 7004 7626 6741 3262 2142 3613 6429 5286 198 1915 8905 5121 4504 3327 4510 1359 6051
29 3426 8203 9631 5892 761 9116 7043 7010 6426 5074 8798 8510 8018 2899 5587 6157 8845 5068 9553 9843 3876 1366 9808 8522 3113 6978 9567 3043 4271
19 5064 4734 4539 9322 7205 517 9239 8549 288 5609 9607 6231 1362 8863 8888 8607 6084 336 573
16 9462 8646 4173 1933 9588 3725 3804 8537 1397 6624 4672 6968 7390 5044 7039 3969
20 6618 1325 1218 1942 6068 2315 5083 6423 8293 7016 4486 6130 8010 7815 7854 6717 8581 8332 4886 8654
17 5140 3592 4770 7872 9233 2489 1753 1291 1167 2137 3896 6227 755 3733 6576 1085 2691
19 8099 5556 1042 4263 3980 8360 3356 9076 9193 8336 6447 1174 8405 3872 182 9365 2638 2579 3264
27 4455 8832 565 9382 8653 9712 8379 9505 6657 5112 6261 4840 9302 304 7727 8419 7354 4722 50 4051 1659 2647 7869 5595 9257 5348 2554
12 2777 7960 4262 6180 356 6866 7658 9787 5653 1131 7641 3857
21 1346 6523 9364 2397 6218 6331 2052 6094 589 7932 1816 9389 3179 9206 2165 5623 4697 8008 4751 2145 3224
10 8200 5518 3297 7892 4108 7157 4640 6368 2625 8113
23 4704 4782 6078 7595 1930 3904 4957 9524 4441 1591 8077 3465 3187 7291 9040 5812 7079 2287 1290 5435 3035 1343 480
26 3632 3966 3370 506 3721 9492 2673 3319 9742 2374 2167 8017 3194 6064 7529 3813 687 3630 3598 2125 7359 7801 8538 5294 3417 44
27 2783 2605 1251 7117 6638 1239 1221 2355 4170 6491 4274 9908 1590 808 5168 2646 6691 2903 5850 1927 5084 4375 466 4261 8641 9971 2773
24 6247 8187 7724 6749 6969 106 9027 5329 275 9379 7265 8294 4771 3353 1166 2678 184 3956 6417 6070 6401 6087 4799 8463
9 1789 7218 9501 1990 8249 5003 3836 9123 2862
22 9042 4153 5287 4673 1937 3211 2115 1499 3999 2431 9755 6309 2071 6211 3597 1572 148 451 2113 8374 1213 9891
19 8830 6832 9611 6764 4221 2294 9218 441 4747 3183 9863 1462 1187 5836 9596 6676 2376 5035 452
27 4720 3067 2639 6984 4990 7874 120 2790 2234 5036 8926 7650 4942 7363 5793 7945 3018 9998 1624 7859 3715 4501 6606 6715 7489 6250 1136
28 5282 7638 3991 8766 98 3866 5699 9610 6805 2809 3947 1700 1523 7148 3547 2653 6540 5498 6551 5527 1506 2197 4674 9580 1936 5198 7375 6675
22 3453 9118 8037 6946 8860 3082 5021 3454 9240 686 7560 9780 2549 6846 5633 2943 3087 4172 5531 1149 7146 7371
20 8188 5576 6081 5279 9478 5094 7298 4834 7777 1682 9788 2811 3868 1847 6315 5973 5395 9126 3612 9005
29 2230 4910 9286 718 3170 4299 2741 5214 9947 2217 3746 6336 3970 1598 8494 8800 9029 6102 4608 693 2406 3001 9697 8384 3642 5248 1092 4425 5077
36 190 9698 9473 8783 3329 2838 3424 3148 5955 4575 9705 6538 3789 8806 1168 5120 8542 8953 4587 3974 688 7741 1525 5088 2097 2655 5420 5987 2175 3441 5055 8558 3971 4178 3042 5817
21 7150 2264 8864 2670 537 8325 2213 5092 964 4211 6628 9125 1792 6823 9162 899 5811 3198 4757 5599 3856
21 7988 1480 1282 9604 2527 9758 2478 8672 1679 8643 1765 4380 3285 8638 1665 3551 7121 1602 3637 9281 4951
29 6220 3885 3542 3051 8167 5803 2377 2407 6346 3432 8511 1960 1450 214 5484 8997 2358 5456 3497 1440 1171 4459 2139 2995 5316 8389 2337 5159 2224
28 3029 2357 271 4502 168 5285 6498 3220 9232 3989 8801 6454 6391 7633 5133 8743 9447 3660 2894 5000 8180 4193 2475 1347 7951 3522 1636 8934
23 4973 6575 6474 578 7648 4503 4472 7770 5992 1768 9821 6880 8469 6010 7500 426 6564 5634 1080 7702 8519 7059 8196
18 2480 7019 1979 6699 5470 8107 8481 3399 9664 2469 8202 8971 7184 3020 3559 797 7115 4778
17 4068 3173 7296 8974 6142 3782 3258 9083 3548 7526 9157 5322 6614 6285 1285 1691 4399
20 7940 6352 1967 9043 2037 2565 7124 6727 7520 9683 5053 4146 5142 4577 5683 6999 9782 9309 8874 8543
16 9754 3213 3714 4244 7698 9422 985 5898 1289 746 1484 7834 8636 9552 5474 181
15 9817 7194 9987 4698 4824 8039 4012 9989 2619 1623 6046 8893 6339 9259 7615
29 8055 7704 2006 1530 7249 277 7637 5535 4285 5303 8573 4141 7631 9832 3499 5366 7924 4270 7588 9919 8471 2918 3981 4572 8999 7181 9025 1514 8119
26 6875 3129 6206 9487 6851 4421 1232 4410 990 9284 5260 7643 5619 9130 7153 6174 4097 6847 5745 1772 1795 4808 5339 1868 8156 7204
19 6333 9657 4800 5622 3847 5099 7137 8126 2630 1554 3056 5078 4977 7057 8275 6840 5775 8925 7681
15 867 1595 8597 5182 674 1030 7479 4388 7782 1119 5103 1821 9048 3749 5434
26 3445 3188 6021 9158 5193 1779 4652 5770 2033 9103 1383 1846 6167 78 2859 4016 8829 3941 8305 1156 4928 7241 6637 7577 6545 9178
26 4349 4794 5240 8784 378 8434 330 8277 3205 3181 4121 1551 232 863 5292 2024 9170 8513 1229 9713 2204 8411 7559 5637 1559 6185
25 6765 7085 2780 5957 9179 8595 8194 2787 8072 716 544 680 8344 7798 8181 600 7659 1678 3455 1126 1225 667 2905 8490 7825
28 5500 8629 3317 4661 7255 9743 7668 2119 6357 9975 6584 4137 5764 582 6192 3351 8129 2093 9866 3519 4175 3407 8451 5401 4427 2100 1341 8453
16 799 4114 4498 2945 8650 2237 3774 6791 4956 652 2842 3897 6914 8959 6300 4865
10 9372 3926 4926 954 7597 8061 5551 8468 9277 4779
19 3594 2663 4615 5701 494 2979 9368 4117 929 5004 9469 3027 3844 9594 7978 5910 2689 4823 437
20 1835 871 7663 4884 7034 7080 6680 6042 8958 8749 4902 2428 6049 4239 5840 6792 7095 8623 7467 4023
12 1016 2122 6681 5734 3074 1707 3515 5141 7863 3324 2134 6080
31 1267 9144 8823 4807 6836 92 6425 3636 348 9557 5632 7761 4456 8030 1518 5314 991 7599 594 2088 2394 5989 3716 3385 9967 8523 8508 983 8907 4416 1452
14 6197 4496 4163 2501 2715 9583 9865 609 5152 1481 6895 1987 3890 7133
23 6125 1628 1460 6398 7203 6503 3263 3669 4147 3169 9152 8437 42 5530 4409 6249 2070 3206 9301 4691 322 4901 3458
25 7000 1723 9078 2754 9199 7636 1859 3717 2246 9444 9101 4297 3895 2034 2364 7082 2380 8661 932 4118 4580 3889 5408 6964 1495
24 3603 4666 7867 9738 7792 8652 3393 883 4773 3570 1746 5428 7642 2739 1763 3996 2063 6015 7660 6294 1312 7426 6314 4269
16 7609 8031 8299 7086 6205 5801 7247 1818 8235 534 3744 9034 6611 4900 1615 2225
21 6563 7174 7494 8110 2333 4937 8160 4278 7474 6178 1448 2991 4237 2796 503 673 2849 5707 1216 4127 9736
17 8996 2330 1470 7672 928 9110 1786 815 3242 9415 651 4367 8528 2615 3256 8265 220
24 435 6012 8991 5433 6652 6186 7558 9191 377 5008 3221 5116 5952 4478 4201 8399 4378 335 7200 6230 4438 8885 5404 8572
24 533 7446 448 2105 6698 7135 6630 5394 714 1791 2148 1727 1606 2054 5785 5365 450 3019 1906 1643 995 5889 8350 4732
23 7438 1260 7847 7197 7562 7081 1181 8516 8193 7497 1058 2753 2872 5625 226 4567 5831 9119 5431 2300 685 632 2909
24 8940 8795 5541 6058 2072 5457 1048 3666 2417 4561 9136 7106 952 7746 105 4351 2222 3935 8949 9986 6631 6534 5293 8594
22 7557 7226 9341 9576 7665 7535 1338 93 3494 1391 5702 4235 1533 7292 3822 8751 191 4983 1442 8278 7042 9677
24 9869 7677 1580 9297 4645 6141 5241 7764 9641 1294 7014 2844 2048 3013 6801 8598 8457 6948 6011 6761 8716 416 6365 8201
17 1422 6966 6674 1797 736 4442 9946 6667 3805 2155 7388 4061 9540 7053 8124 143 6032
22 1111 2997 6402 1553 5994 599 8339 508 1431 4168 5512 7461 6344 8473 6184 5671 4600 4542 7517 4192 2463 9350
20 1430 3940 9165 5107 2916 3921 3054 235 4892 614 894 558 2858 5229 3595 2188 8006 8221 8923 446
20 3530 6910 2602 800 2438 2178 4989 6990 7592 8504 5767 8944 2965 1704 2091 1390 8753 5410 9608 5225
17 6567 6729 6244 8667 2323 5907 1891 3022 6707 2340 2793 4647 4533 3272 4181 1064 9765
26 5017 6767 7172 9002 6903 9981 3663 6356 146 115 1521 5933 5603 3537 8809 999 2763 3447 7487 9653 1280 8015 7214 5048 7673 3619
17 8028 9160 4701 7276 5630 5221 2263 5176 7378 2452 7452 9615 5224 5644 5162 6311 6152
17 137 285 5650 8906 7966 539 5670 3440 1405 5144 5290 3234 2133 7524 4931 7154 3275
22 8448 4020 5602 2999 292 3554 69 3952 9836 369 2504 561 9880 8115 3312 5475 1292 5412 3111 4700 8216 231
23 4228 164 8085 6164 9273 9737 8239 8431 8951 4730 1538 4212 9659 8206 571 9885 7708 7832 3014 1575 2880 3825 4013
23 507 9180 4602 3875 772 2121 8785 7769 4358 7502 4578 1179 3062 4100 9624 3728 4589 8240 2879 6626 7784 5174 2210
16 3433 6526 4123 3315 9784 6116 173 4925 6397 4015 9732 6766 8722 1680 2820 8648
31 3444 610 2828 8932 1609 4873 1090 8548 8198 6410 8614 502 846 1046 8682 6484 8493 9132 7286 6298 3511 8170 6988 2379 6468 5677 1435 3571 3237 3099 845
18 4709 5815 4119 852 4371 6235 5105 3277 6386 8288 4152 5327 1026 1935 9211 3838 5666 805
14 8373 6904 6038 6728 9363 4651 2057 3296 4465 6306 1764 784 9069 4695
30 8557 2641 9052 2784 328 3024 6168 5771 5756 5678 6009 2368 1804 6013 2857 7132 4198 9929 8281 3752 5200 8041 5355 764 7571 6065 2502 7943 4354 4308
24 4107 1869 830 9512 4366 3482 9912 30 4658 624 7037 9862 1444 3764 291 1183 4215 6421 3143 5416 2953 9439 762 1107
21 313 7994 4088 6280 342 3949 698 3292 7145 839 6225 4915 5118 9455 1049 4968 3954 5542 5961 392 1084
22 8035 7448 3122 7176 1831 9054 5564 6056 8969 9958 8574 3392 9375 1298 8354 9772 7591 393 7315 8363 2411 9404
27 5517 2143 7666 730 3740 9392 8909 5782 5375 1981 9135 1073 8076 151 6928 9324 4340 9518 4974 163 4952 1043 9960 2836 5446 6260 9637
21 8173 7732 3092 1223 254 9872 5124 8819 5725 2873 4251 8778 9506 4500 134 6586 9010 1086 868 5414 1642
32 6135 8262 9544 9246 4706 248 439 95 9680 5663 3066 6537 3839 9030 6041 4453 7516 5583 1045 5073 3098 2587 1486 7670 8058 4005 3864 7844 532 8726 2322 1293
11 3161 6072 4151 5346 631 7215 7822 9056 3662 2786 1558
27 8978 8376 1830 2338 950 6399 3759 9731 3231 1466 5684 4625 5166 8851 6827 4541 7582 1463 9756 17 6289 8322 4492 3703 2940 3978 1254
21 5621 1697 3778 3735 81 9858 865 1513 1787 361 3624 4306 9491 8476 4738 9358 5776 411 5749 630 5370
16 9436 2284 5778 2595 7583 7624 7201 6696 7089 2440 8837 5949 2593 9099 7460 8012
25 6877 2293 1121 6304 6756 9464 3976 6133 4913 8780 2393 2898 9457 5674 889 4322 6432 4218 4148 486 7189 7228 8838 7601 3517
29 2296 5727 4693 3005 1100 7428 4848 3375 5054 9345 9182 4880 6601 7513 8843 320 350 1827 9682 152 3137 2405 5589 6687 4769 9507 3787 6302 8939
21 935 7193 6255 1863 7933 1685 2556 6380 7392 1217 6612 7101 5830 6542 6697 528 3076 3676 2936 7688 8430
21 4863 4003 2937 2442 5838 5347 7787 4819 2977 3731 2740 3525 1432 7623 9312 7337 7566 2481 6514 1599 2521
18 1186 8588 9819 2250 2942 767 2760 8316 3121 3079 7288 1875 7275 9519 6207 6349 1931 495
26 8104 4112 4080 3490 497 2896 3802 7209 6615 2921 843 7679 5384 1094 4144 2443 4333 3917 201 299 8790 1258 3730 994 7649 2658
10 4523 6382 1775 9001 7767 7904 5563 3265 9454 8540
17 2359 6462 5921 319 1203 3428 2371 6790 3142 2027 2096 748 5773 7946 1805 4142 2659
25 6239 1689 2791 2975 1272 3199 608 1564 7762 6746 1710 1693 8326 7125 2084 5258 5610 9961 1806 7050 2823 8082 2454 888 9067
26 332 8786 6413 5135 5888 633 2539 1474 880 2923 5804 8917 2524 5768 1854 9021 1548 1360 7606 8685 1801 2725 1952 5010 1540 5538
19 9613 284 3117 1102 977 230 6319 1322 5215 2003 9667 3526 9124 7423 7051 3492 8666 914 7795
15 4830 2198 2470 7686 4636 8793 3508 71 8702 5754 8663 1751 6935 8684 757
18 2171 4249 2537 3039 6187 9331 5708 8550 9597 7729 243 3911 5918 6509 3965 4554 5652 5825
30 2356 8518 4377 9411 6843 1332 7687 9452 8586 4223 5887 1908 417 5516 6222 4802 5340 1029 9941 4992 9748 8317 8986 4165 8276 5463 948 3134 5331 1547
27 400 9965 1995 2782 3398 7372 6896 2455 9065 66 3512 2769 3305 7021 9441 5877 3186 595 6709 8738 6443 1793 1021 7771 1356 9097 7509
20 2523 7248 2401 8856 3068 3910 5690 6159 4854 3751 5864 5419 959 7923 1056 1858 5772 8929 0 7568
27 1024 2928 5572 2657 9282 3036 2059 1565 9751 7971 4940 987 9541 4135 9706 7462 3171 5493 5325 2257 8269 598 4517 5544 1878 9794 6505
33 2507 55 583 3236 8209 8435 394 892 2335 41 5049 2031 7435 2036 1352 4404 7682 4224 5660 3308 6272 1741 3748 2268 1446 3832 6499 3809 3310 6768 165 7964 7281
9 8599 1666 351 576 8619 7295 5130 611 5723
21 2074 6128 8410 5425 8426 657 4953 5608 2642 965 2654 8051 9053 6543 1117 5570 3959 5545 1652 9024 5726
21 2147 9104 9071 2132 5495 6313 3026 2075 5155 5062 434 6146 3061 6320 5072 6769 9760 4735 9443 7450 5953
30 3149 4855 7463 5406 6780 1447 9347 3197 7585 4761 2382 4826 47 6360 7579 6297 7754 6089 8307 8097 5763 189 6495 4176 4513 6019 5753 1663 8365 302
40 4059 6783 8310 2920 24 9207 5716 1883 4882 769 3564 3697 7188 2436 9412 9556 5487 3354 8420 6550 6066 6902 1537 1947 9800 9351 5635 2144 7099 9883 8387 7012 5740 9542 5506 3644 3448 8080 3185 6492
30 3156 677 961 7640 3239 554 3049 2531 7156 2429 699 902 8207 2056 7434 511 4639 7287 5809 7882 6301 194 5100 2308 5997 4745 2749 6775 7268 807
12 5919 9663 6099 593 2564 4079 562 8755 2334 2961 3048 6934
27 4984 4056 4428 7230 4260 4537 9830 5507 5816 3566 9647 5990 2982 4744 3534 3754 3016 8366 8525 7856 4419 3337 323 7264 8137 7192 2814
31 3457 7877 3333 658 7180 4885 6502 8370 2495 7277 7690 2577 6558 141 1177 2173 3439 4930 5582 7718 6733 8498 9318 3247 7100 3820 6621 3388 8891 1542 9387
22 9744 3050 5291 8254 1588 6279 1561 6106 8918 6856 9403 3389 9933 7386 3063 6351 6330 7954 1730 2487 8913 4374
22 3430 8440 6536 4657 6000 4291 3510 1508 6850 5211 9062 5810 2561 5109 7851 5030 5197 5320 7898 5842 5138 8957
20 9109 1634 7884 4355 9812 5557 4944 3278 7610 5373 4032 3962 9428 6037 940 251 5467 7035 8943 7290
27 1492 6485 315 7224 825 7870 9495 6245 2291 7512 7103 5700 387 9983 8772 6962 4202 6820 4415 3906 179 8356 5098 7395 9058 6933 2851
29 3540 7186 6053 8323 7546 7190 9255 9068 7811 5452 9735 5550 8665 3661 3939 7551 3700 9017 5117 3303 5110 6528 1083 5750 3254 9533 8199 7722 3791
15 2981 8244 6460 3915 2825 5139 8233 6281 7835 6725 6759 1354 447 1808 6063
17 3739 9100 8694 2649 1 7068 694 5102 8565 4373 8125 8935 9373 836 5669 5896 1562
26 3527 5227 4511 9267 9890 1407 7465 9190 5006 823 6475 6062 318 1977 3785 6420 6622 7130 7997 7930 3350 7305 8340 1087 7393 8865
37 606 9888 1305 9393 157 4742 2559 2576 3245 8736 739 4583 2538 6849 5034 5712 6669 1142 9527 9357 636 938 7697 5045 7842 2978 3977 4997 1342 5326 559 7836 6616 5460 7731 4220 1425
31 5299 4094 1066 6002 1528 61 2278 4307 8787 8302 7210 5654 7768 8803 3849 1777 6886 1098 1433 5382 8881 4335 5374 3178 40 1976 654 3702 2491 5596 9938
17 4629 9897 9497 415 7498 7195 9894 3438 7743 8658 8050 2226 2876 269 4122 548 913
29 2949 541 4495 8271 5218 3410 6044 2233 6004 8566 4705 2536 6076 5426 9516 4584 5941 7749 6726 5002 8679 3694 6154 7676 9145 6693 1195 3860 8098
25 1512 2748 3276 3384 7319 5920 4205 1245 1601 4481 1872 3986 5158 1286 5639 5186 3227 5151 2855 5883 2692 4531 5555 1982 73
24 3257 8739 1852 2742 3773 9926 7380 1949 4397 1297 6932 3811 515 7534 5705 6363 3609 850 6869 2993 1894 432 4197 8499
31 9409 8708 8179 2324 6361 7398 9128 8848 1860 1986 1955 3414 4035 8157 9538 1324 3396 4605 9810 5156 9026 7778 4470 1007 592 4548 5597 471 2806 6993 8744
31 445 4586 3546 8213 7849 9707 5856 2511 9305 9691 150 2973 1550 6430 7097 2984 7411 643 3135 412 9665 1331 21 9258 4275 3902 1708 9878 5788 5063 900
30 2166 5808 585 4184 7140 3596 989 3918 9511 8791 6985 102 7816 967 3722 5123 1130 4686 3536 5687 7703 1262 538 1274 8503 8409 5364 5051 7123 5859
34 423 4008 5860 273 7861 6961 9626 2912 477 1406 8158 7810 1227 8892 6409 9559 2426 8298 2954 6808 4029 6619 1720 3300 9353 3738 7788 7651 9739 3243 4000 4337 4332 5296
31 6424 5424 519 9166 9514 7320 9768 5381 8699 7927 1252 5748 9681 4546 645 9177 6752 2290 7931 3434 8492 8218 8815 7521 5561 4361 7368 4755 5302 3633 4987
30 5300 672 3817 4618 5341 1833 9046 6706 7198 2714 3103 5636 6473 3114 3325 2551 7344 6480 8237 7466 2229 2557 6692 5925 7734 9221 4936 4811 8141 1713
36 9140 5235 7318 4894 5902 7114 741 6658 8021 1625 1605 4781 1010 9485 8774 8449 7129 9463 286 2645 819 9826 9575 219 9900 1656 4188 80 2499 2192 4445 6153 7992 5057 669 1961
31 9752 6807 9216 8698 6418 1384 6139 817 9851 3891 5491 2422 5511 3116 3468 7662 1459 9366 3575 1487 6104 2933 1071 4856 4612 2219 3427 3059 1699 1327 6221
29 4839 2571 88 5497 5086 1735 1815 3743 5027 3990 1794 4084 3557 3833 3779 6989 3909 8064 7113 4853 6176 8632 1706 8946 4363 7917 5977 5439 5046
32 3253 372 222 9003 6160 9901 6649 7064 5698 7553 326 8224 7934 7282 8995 4617 267 249 8554 1154 3404 8027 7753 1836 6568 6267 6773 1877 54 2998 2298 1758
24 3549 8962 8342 7293 7499 5402 3826 4387 1013 4507 8274 35 5662 3334 1721 8662 3507 6581 4950 9708 1096 8825 1118 2007
23 2883 1888 920 4098 9523 3667 696 9649 9920 9636 493 8040 8546 5317 3635 5986 1736 1411 7052 9840 9600 3713 8674
26 3167 2008 4788 6694 7141 4877 1323 3176 1240 9586 428 7191 454 4074 774 744 5909 129 1851 2202 8197 4766 7989 1919 6355 4177
28 1138 7399 3281 7911 9402 6607 4624 6529 8915 9654 2140 1843 97 3338 2989 5154 379 6855 3659 1925 5178 605 1849 4339 5157 7831 8349 9993
30 4494 2720 297 9187 1724 5387 3869 4208 2020 3017 6951 1170 7876 6293 8038 9741 5559 7077 5219 2413 7094 8153 420 9528 8998 8948 2847 1426 3041 1507
28 4379 3988 8675 4601 4346 5192 7993 2512 2915 206 482 8715 210 856 5169 2128 2079 2191 3163 8895 205 324 3957 5203 831 9639 6258 1288
27 9847 1097 6277 1543 5440 8029 8792 1773 409 5626 6512 6034 4064 481 9272 2216 6103 1655 384 613 9798 8132 5897 3681 4473 176 1009
33 303 7040 5598 5769 1664 1993 8406 8329 3471 9852 726 4071 1524 9633 6825 933 3685 5540 8933 2025 283 153 3763 5171 6830 4971 4963 4077 1333 7382 5011 1173 3284
26 2519 1005 9979 957 3008 7711 6786 1363 1959 4450 984 7829 6925 2882 5481 7680 5614 4862 9856 3282 7841 8230 4390 7182 8013 729
27 1978 6689 8587 9820 9976 7229 6269 1674 8346 498 2881 9138 5437 199 6268 2710 3905 6617 8245 3330 3745 3180 1350 1526 6700 3413 7391
30 9084 2941 3442 6831 9020 7475 5213 6404 3579 5358 1734 9283 8536 4482 5593 5679 5913 742 5733 6588 7096 6683 5936 8633 7056 8441 1249 4599 7742 3950
24 1757 3855 8640 7965 2432 2313 8489 5304 567 2869 6884 5295 2112 908 6548 5134 798 1744 2518 5762 242 7239 6520 4922
21 5324 8703 2917 84 734 1879 1315 7455 1353 9670 864 1651 5954 2578 1281 6662 3502 15 3232 5344 7632
29 6670 117 375 8564 113 2738 2788 7864 457 7028 5710 1755 1365 8768 8189 6762 6251 7501 907 3818 1035 4638 1205 4763 2693 5432 8467 9849 1594
1 978
1 8824
29 187 713 3307 2135 5161 8509 3025 5971 6412 5343 4815 9815 601 2706 2852 6580 9844 1255 9949 6416 7340 3387 3081 8500 9438 2433 1882 2269 4996
24 5693 9675 8395 6794 8086 8459 7430 6208 9011 2731 7342 4403 6389 1905 4125 776 9966 581 4768 5461 1385 5536 4210 8215
1 6686
1 7433
23 4214 29 4475 6150 3311 656 209 7152 3829 3429 6737 7316 1781 6129 4810 3503 2002 756 6958 4994 9467 7338 5175
23 7952 3629 7799 2316 3607 8204 5721 4836 9702 9105 5031 255 4433 2768 2004 584 8704 294 5664 8195 3927 5828 644
15 3371 3030 3692 6815 4687 1113 3168 4635 6340 5732 9666 8970 6907 8348 2528
24 5717 9679 2986 8149 6654 2774 7020 3138 6155 5917 6647 881 6114 8721 9964 5851 7280 2485 6229 6995 8251 3504 8762 6828
14 1992 6198 9581 2327 6456 7891 7373 951 1640 8902 6243 9539 408 5226
23 5018 7429 6695 6263 6822 5222 2589 6740 5377 3865 3403 9385 4493 8421 8073 9579 4898 4671 5257 4991 6145 8433 7937
24 3693 9090 1228 4196 9996 3191 1838 5711 4154 3532 5777 5743 9159 9381 6274 5379 7408 262 418 9726 4162 8304 6124 3711
26 1867 7401 5335 8175 5445 2247 8458 5885 3758 4637 9985 39 9833 524 9229 2343 8931 7425 6945 9245 440 7242 6226 6371 8222 4393
9 6541 268 568 789 854 6200 7387 1676 1000
1 1339
17 4758 6228 5868 7956 1414 8290 7314 6327 8464 607 3215 3680 4405 9508 536 546 7581
18 4078 7657 8950 6466 3249 2465 7104 4648 3409 3651 4207 8609 780 5298 9804 5658 684 3560
26 1273 6381 700 5970 4842 7889 5237 3655 8731 1904 1421 6173 8020 708 442 5724 8904 5914 8048 1654 3023 2843 7530 9253 6 6524
23 8292 2061 3555 9291 7088 7561 4255 9845 640 1913 4150 2240 4245 4939 2534 4550 4559 9489 9231 5190 4972 3246 706
1 8563
14 9563 6724 6901 8024 489 9935 1970 9503 7102 8353 1222 2966 8413 1159
23 1269 7329 8728 1515 3104 8477 1784 3368 127 6597 5829 3165 720 2011 5385 7635 1368 2500 388 9509 9601 3887 4310
25 1040 6663 4143 6916 6965 4090 3640 874 513 6634 1326 4024 212 2000 382 7926 5532 4092 8857 4073 2690 4468 4191 7476 7600
5 4058 8102 5245 7379 2053
8 3055 7929 6633 1866 6913 5858 5307 5903
2 8071 6600
1 4796
3 1817 4476 1403
2 4027 3064
3 5091 5891 8308
14 9313 2695 4309 9325 7070 8840 5615 9137 2123 2026 9640 4525 9289 6544
3 2660 6521 4277
5 1560 1194 3539 9569 7105
1 7110
10 3090 4435 9619 1209 7928 7709 3294 7119 476 1015
4 8088 3028 1093 2540
1 2591
1 4887
3 306 9999 9648
12 3580 5934 4066 4536 622 580 7846 8447 5359 849 6927 5982
6 2718 4052 4678 4311 9661 1898
2 2573 5821
8 2735 1335 7957 474 8520 6735 9927 6348
5 8967 229 5618 7918 60
8 1776 768 5983 9750 763 7017 8364 7586
6 549 4948 5480 389 5272 6889
2 3358 6753
5 9459 5813 3359 3771 3688
3 3202 6441 5950
5 7325 8982 8606 3322 4961
6 5991 4065 9451 8345 9781 5659
7 7948 8139 9764 7723 6477 5790 4795
2 3321 6527
2 3647 6517
3 8227 1427 8070
6 2176 3767 264 9644 7519 1478
2 7716 492
2 6321 1880
2 9121 5071
6 2418 1670 3252 7813 9921 8106
5 7227 2812 1586 3158 1726
8 7468 4022 4998 5202 6158 6994 1157 144
2 3654 1855
2 1135 2887
2 8670 4471
2 2384 9287
2 7013 7206
2 8773 2736
1775 8890 4941 9997 9995 9994 9992 9982 9972 9953 9951 9950 9944 9940 9937 9936 9930 9922 9916 9907 9905 9902 9889 9886 9884 9882 9881 9870 9857 9853 9846 9842 9839 9827 9825 9818 9816 9801 9797 9796 9786 9783 9778 9774 9769 9730 9729 9720 9717 9715 9690 9673 9671 9662 9655 9651 9646 9632 9629 9623 9622 9618 9603 9598 9589 9577 9574 9560 9558 9551 9546 9526 9517 9510 9504 9498 9494 9486 9476 9475 9472 9468 9466 9446 9442 9433 9432 9430 9429 9427 9426 9425 9424 9421 9420 9416 9408 9395 9383 9380 9371 9370 9367 9362 9361 9348 9344 9343 9335 9334 9332 9329 9327 9320 9315 9303 9292 9285 9265 9261 9260 9254 9247 9243 9241 9236 9224 9223 9219 9213 9204 9203 9202 9200 9196 9195 9194 9188 9185 9183 9172 9171 9169 9164 9161 9150 9142 9134 9133 9131 9114 9112 9111 9107 9106 9102 9096 9086 9081 9075 9070 9066 9063 9050 9039 9038 9036 9022 9018 9016 9014 9000 8993 8992 8984 8983 8981 8980 8979 8977 8960 8956 8942 8930 8928 8924 8921 8920 8912 8899 8898 8897 8896 8889 8883 8882 8867 8858 8855 8854 8853 8852 8849 8834 8833 8826 8821 8817 8813 8799 8794 8781 8763 8757 8754 8752 8750 8748 8746 8737 8733 8725 8720 8710 8706 8697 8696 8693 8690 8688 8686 8681 8664 8660 8656 8649 8647 8644 8642 8639 8635 8634 8631 8630 8628 8627 8621 8618 8613 8603 8601 8591 8589 8583 8582 8580 8577 8569 8560 8556 8555 8545 8544 8539 8533 8531 8530 8527 8524 8521 8515 8514 8502 8488 8487 8484 8480 8479 8474 8470 8466 8465 8462 8452 8446 8444 8439 8429 8428 8418 8398 8396 8392 8386 8385 8382 8378 8372 8367 8362 8351 8338 8333 8324 8321 8314 8301 8283 8261 8252 8250 8246 8243 8241 8236 8229 8225 8223 8217 8212 8211 8210 8208 8185 8178 8176 8171 8168 8161 8146 8145 8144 8140 8136 8135 8134 8123 8118 8112 8096 8091 8087 8075 8069 8065 8054 8049 8043 8036 8033 8025 8019 8005 7999 7995 7981 7976 7975 7961 7958 7955 7950 7939 7925 7920 7916 7915 7910 7905 7902 7900 7893 7885 7880 7873 7868 7865 7860 7858 7855 7848 7845 7839 7838 7837 7827 7824 7823 7819 7818 7805 7791 7776 7774 7759 7755 7750 7748 7740 7738 7715 7714 7712 7701 7695 7694 7689 7664 7661 7656 7653 7652 7647 7645 7622 7619 7618 7616 7611 7608 7605 7598 7594 7578 7576 7572 7567 7564 7552 7549 7548 7545 7543 7542 7541 7525 7523 7508 7495 7493 7491 7481 7480 7473 7449 7445 7442 7441 7440 7424 7422 7421 7418 7417 7415 7414 7409 7404 7396 7389 7384 7381 7369 7366 7365 7360 7353 7341 7336 7331 7324 7322 7321 7306 7301 7300 7279 7272 7269 7266 7263 7254 7236 7231 7223 7220 7217 7213 7212 7207 7178 7173 7171 7166 7161 7159 7158 7149 7139 7138 7131 7128 7120 7118 7116 7112 7111 7098 7092 7091 7083 7072 7067 7063 7060 7058 7049 7045 7036 7032 7030 7026 7022 7018 7005 7002 6998 6996 6992 6987 6982 6980 6979 6977 6971 6970 6957 6956 6950 6944 6939 6931 6930 6929 6923 6920 6909 6906 6893 6892 6890 6885 6878 6876 6874 6871 6863 6862 6858 6857 6844 6842 6839 6837 6835 6833 6816 6813 6811 6804 6803 6799 6798 6797 6789 6784 6781 6777 6776 6758 6757 6754 6748 6743 6742 6739 6738 6736 6734 6730 6714 6712 6710 6708 6705 6704 6703 6685 6673 6671 6644 6643 6642 6641 6639 6636 6635 6629 6627 6609 6608 6599 6590 6587 6585 6579 6574 6570 6565 6556 6552 6549 6546 6533 6532 6516 6508 6507 6504 6497 6496 6488 6486 6481 6479 6476 6472 6471 6469 6458 6453 6449 6442 6440 6438 6437 6436 6435 6434 6419 6415 6414 6408 6395 6393 6390 6383 6370 6369 6366 6358 6345 6341 6338 6337 6334 6329 6328 6317 6308 6307 6299 6296 6290 6286 6271 6266 6254 6232 6219 6215 6210 6201 6196 6188 6179 6169 6163 6162 6151 6149 6144 6138 6126 6123 6122 6118 6115 6111 6109 6097 6095 6092 6082 6079 6071 6061 6054 6052 6048 6040 6033 6030 6026 6025 6024 6020 6016 6008 6001 5999 5996 5981 5974 5972 5966 5965 5963 5958 5951 5948 5947 5944 5942 5940 5939 5927 5923 5922 5915 5906 5901 5899 5882 5874 5870 5866 5865 5857 5849 5848 5846 5843 5841 5833 5822 5818 5814 5807 5806 5798 5795 5766 5765 5737 5731 5720 5715 5714 5713 5709 5692 5691 5681 5675 5672 5665 5642 5641 5620 5611 5605 5600 5586 5585 5574 5571 5569 5568 5567 5565 5558 5552 5528 5525 5523 5522 5519 5515 5504 5488 5483 5476 5473 5471 5464 5458 5455 5448 5447 5442 5438 5436 5422 5417 5415 5413 5411 5403 5398 5388 5368 5367 5360 5342 5337 5334 5323 5321 5318 5315 5309 5308 5305 5297 5289 5283 5276 5273 5271 5265 5262 5259 5256 5253 5252 5246 5244 5243 5239 5209 5208 5199 5196 5195 5194 5188 5184 5183 5181 5180 5172 5160 5145 5143 5131 5129 5128 5113 5081 5079 5069 5061 5060 5040 5038 5029 5028 5013 5009 4999 4995 4993 4986 4981 4979 4975 4970 4969 4967 4966 4958 4955 4933 4929 4927 4920 4917 4916 4905 4897 4896 4895 4893 4891 4890 4889 4881 4879 4878 4874 4870 4869 4867 4866 4860 4847 4843 4837 4835 4833 4827 4825 4822 4816 4814 4813 4806 4804 4801 4797 4791 4789 4785 4767 4765 4750 4746 4743 4740 4739 4729 4724 4714 4711 4694 4689 4684 4681 4677 4676 4667 4663 4655 4643 4642 4634 4633 4622 4619 4597 4596 4593 4585 4576 4574 4566 4562 4560 4555 4553 4552 4544 4543 4538 4535 4534 4527 4526 4522 4519 4518 4516 4515 4508 4506 4480 4466 4452 4451 4447 4444 4440 4434 4429 4423 4422 4418 4413 4408 4396 4395 4394 4392 4391 4382 4369 4360 4353 4350 4338 4334 4323 4319 4318 4313 4304 4302 4300 4293 4287 4282 4276 4266 4264 4259 4258 4257 4253 4248 4247 4243 4234 4227 4225 4217 4216 4206 4190 4187 4186 4180 4179 4171 4167 4161 4160 4156 4155 4134 4132 4130 4129 4120 4104 4103 4093 4087 4085 4083 4062 4057 4050 4046 4044 4039 4038 4037 4031 4026 4021 4018 4002 4001 3995 3994 3983 3963 3961 3958 3948 3937 3933 3932 3923 3916 3912 3908 3907 3894 3893 3892 3878 3873 3871 3862 3858 3851 3842 3841 3834 3815 3814 3806 3803 3800 3799 3795 3793 3786 3780 3772 3770 3761 3757 3747 3734 3732 3726 3724 3720 3710 3707 3704 3691 3690 3686 3678 3672 3668 3664 3658 3646 3643 3639 3631 3628 3623 3622 3618 3616 3606 3604 3590 3589 3577 3573 3569 3556 3529 3528 3521 3520 3513 3509 3498 3495 3483 3479 3474 3470 3467 3463 3460 3459 3446 3437 3436 3435 3418 3416 3415 3408 3402 3401 3400 3397 3391 3390 3386 3382 3380 3377 3373 3372 3366 3364 3361 3357 3348 3346 3343 3340 3336 3335 3332 3328 3316 3314 3302 3299 3295 3289 3287 3286 3274 3270 3267 3260 3259 3251 3244 3241 3233 3219 3212 3209 3203 3195 3190 3182 3177 3175 3164 3159 3157 3154 3152 3146 3141 3133 3131 3130 3123 3115 3107 3100 3095 3093 3089 3080 3077 3070 3065 3053 3052 3047 3044 3037 3032 3021 3010 3009 3003 2996 2992 2990 2988 2974 2971 2963 2960 2955 2950 2930 2927 2913 2897 2884 2877 2874 2863 2860 2854 2846 2845 2841 2833 2829 2826 2821 2818 2813 2810 2804 2803 2799 2798 2797 2789 2775 2770 2761 2746 2743 2727 2726 2719 2716 2712 2711 2705 2699 2688 2687 2681 2679 2674 2667 2665 2664 2662 2661 2656 2644 2635 2632 2627 2622 2614 2608 2607 2601 2600 2598 2590 2588 2583 2581 2574 2568 2563 2560 2542 2533 2532 2530 2515 2514 2508 2503 2496 2472 2460 2459 2458 2449 2441 2435 2425 2419 2414 2403 2395 2391 2390 2386 2385 2383 2375 2369 2366 2352 2345 2339 2318 2317 2306 2302 2281 2279 2276 2273 2272 2256 2252 2245 2244 2241 2239 2221 2208 2205 2184 2183 2181 2179 2169 2163 2157 2153 2150 2146 2141 2129 2117 2116 2108 2107 2106 2103 2102 2090 2085 2082 2078 2077 2076 2073 2068 2067 2058 2055 2051 2049 2046 2045 2039 2014 2013 2009 1999 1997 1996 1994 1991 1989 1988 1984 1980 1972 1971 1968 1962 1958 1954 1948 1945 1941 1932 1929 1924 1920 1917 1916 1912 1911 1903 1900 1897 1896 1886 1884 1876 1870 1857 1841 1840 1839 1828 1826 1822 1810 1807 1802 1800 1799 1796 1790 1771 1767 1752 1750 1745 1742 1738 1717 1711 1701 1692 1681 1669 1657 1647 1646 1644 1632 1631 1620 1608 1593 1592 1589 1584 1582 1571 1570 1567 1557 1556 1536 1534 1532 1522 1520 1516 1511 1510 1509 1505 1502 1498 1497 1493 1491 1489 1483 1482 1469 1465 1457 1455 1451 1449 1441 1434 1418 1410 1409 1402 1392 1387 1370 1357 1345 1340 1328 1318 1314 1279 1275 1270 1266 1265 1261 1257 1250 1248 1247 1237 1233 1226 1220 1212 1210 1200 1196 1189 1188 1184 1165 1162 1161 1158 1145 1139 1134 1133 1125 1123 1122 1110 1109 1101 1082 1079 1078 1075 1072 1069 1065 1063 1062 1059 1057 1053 1039 1038 1032 1020 1019 1012 997 993 988 976 975 970 963 956 955 953 941 939 930 927 924 918 916 910 909 904 903 898 896 893 891 882 878 877 870 857 851 848 841 838 837 827 824 822 812 811 801 791 788 786 779 775 771 765 760 759 758 751 743 728 725 724 717 711 710 709 701 697 692 683 682 678 675 671 668 665 663 660 650 646 639 628 626 621 618 617 616 615 597 566 557 545 540 529 527 523 521 520 514 512 505 501 491 487 485 483 479 473 465 463 462 459 456 449 429 413 406 405 404 403 402 396 391 385 381 374 371 370 367 358 357 349 346 338 337 325 317 301 295 293 278 260 259 253 250 245 239 237 234 228 227 225 224 221 213 203 196 193 177 175 169 162 159 145 142 136 126 124 122 119 114 99 94 91 82 72 68 63 62 59 56 48 38 33 32 27 22 19 9 8
