27 6805 8176 4552 374 138 6751 2935 5050 8645 5163 3489 6697 5301 4571 4362 4280 5284 5634 1621 7412 9580 4010 966 7300 6084 4592 6613
27 7693 1062 7691 1412 3499 5700 5824 4105 2264 4805 2924 5548 3796 3599 7260 1964 1608 785 1413 4448 5940 4447 7310 8613 5508 7459 3120
17 9152 8437 4382 4190 5220 6459 1458 6554 2302 1361 8859 8756 5964 4295 1195 4042 5273
26 5070 4087 2043 7312 4566 112 8491 1466 4423 803 4330 7887 801 8041 2744 2266 3306 4254 452 3641 504 2211 4778 1127 6603 8594
9 7367 3056 1303 2728 8877 2730 675 465 224
25 6121 9701 3044 9045 2383 2452 2045 3593 3139 9939 6774 4850 1943 2575 9892 4312 6017 7932 4610 5118 679 8939 5057 9977 7093
24 5001 1504 2023 2154 1307 9155 4880 4388 1618 8692 2545 7514 9174 4707 1080 2970 6837 6482 4424 3987 5542 1887 4861 2307
18 216 9424 9103 5016 7966 7653 8936 7651 4422 4578 3674 2878 9340 6396 3423 6007 6465 6127
14 2285 8963 6167 745 192 2801 8678 1231 4134 6933 1938 3488 2019 2509
28 7134 5012 9641 1294 3062 9684 8296 3710 9420 9859 4775 5529 3747 7674 8621 4053 344 5722 5236 4934 6950 1280 9220 623 9311 3576 8152 3934
28 2548 4456 6642 2958 9566 2640 2771 2634 5052 7327 9080 6810 9565 3801 3881 4067 7963 6275 287 2490 1437 792 2550 2449 1865 9922 3727 9887
7 3297 3868 5581 5404 6595 2130 5173
26 6041 215 1008 3874 3339 683 9408 670 2414 261 5611 7462 604 4960 9365 6637 9587 2555 469 2252 4896 9369 3522 4695 7410 3286
36 6110 9087 6457 9316 3129 3821 6836 7465 172 1963 475 8882 3775 1997 1233 1790 4406 2187 1967 9043 1501 9407 1832 6292 2263 7923 6506 5115 6500 2849 2474 1983 8880 3665 7906 9461
12 6362 5229 1926 5509 204 6177 3109 416 107 7257 8414 6853
18 9321 2086 7570 2437 9242 8060 1889 569 3118 9108 2637 2650 3676 6968 4785 182 7983 5232
33 3544 9757 7243 3879 7364 6967 266 843 8444 6641 9823 5172 3141 122 2104 3072 8450 3121 8495 8045 2466 5696 7607 4551 5560 9775 9446 4267 3838 4962 2294 9940 8301
26 6657 6956 4007 2477 8072 716 2633 6908 6655 453 512 2279 3010 4692 7797 5066 8180 2925 6918 4943 2064 9007 3084 7714 8113 5874
27 2060 3435 4256 9481 1250 4920 2206 3421 1871 4209 6446 9706 6020 34 4430 5420 5038 5109 9008 8132 2091 5392 3046 4273 321 2840 5244
28 8652 1902 5861 5792 572 7525 2345 8108 6203 6838 3567 1420 2124 3506 5338 7593 1617 5270 1467 5791 1824 5512 7163 6981 5944 9176 7950 2210
8 5141 9307 1141 7338 3863 7002 2223 4908
17 2729 8624 9175 577 1034 5943 6551 4999 8457 9622 4199 8724 4967 7289 1837 9831 7223
15 2214 1477 9716 9616 7908 2367 3015 7385 265 6057 1696 2929 573 3218 8331
14 9471 9571 5820 496 7721 3769 8751 5126 7035 6354 4723 6522 6060 6828
25 1831 7857 8551 8610 7552 414 6047 8916 7531 3078 8415 1780 8634 63 9085 681 1567 1648 885 8669 6035 5867 2529 9990 4286
27 5751 8128 4713 9685 178 7246 5014 9612 4613 1302 5503 2468 9355 7802 2960 5383 8841 3472 4110 9727 555 7544 9154 4844 9970 3562 1336
10 8357 6894 3166 5146 2871 436 3327 5978 6433 1439
29 4017 5069 8782 8300 7715 4714 1531 2599 8343 4685 6707 2340 9506 4547 363 2306 1167 2137 3094 6841 3882 9434 8626 2610 5395 9168 3928 3588 7641
17 7556 3379 4521 5945 6926 9081 7421 9094 4458 1334 6661 9932 7184 4041 8279 7375 4243
27 9561 3904 6407 5998 1193 709 2076 1392 515 7250 9969 3854 4166 8317 8264 8206 3448 1185 341 7814 6310 3126 2185 7183 6148 1951 9771
25 6172 7812 352 4594 7614 1921 8590 5519 732 1566 5640 5534 1329 9728 9856 9356 5786 971 4922 3240 5207 5003 9747 9304 7834
22 4314 8257 8814 3648 3714 8492 2817 3756 2837 2587 7345 1117 7774 171 7852 3486 4650 7317 8507 6782 1813 8147
24 9952 147 4250 3498 1791 6085 1946 9225 5033 8186 1237 1740 6282 2127 6194 8781 3355 3343 3304 5894 1573 3929 6623 4891
21 7903 6902 9729 4776 5329 6375 4718 7298 634 8016 4722 1571 2066 2101 9529 2655 1969 944 7349 3850 6080
26 8806 6716 1725 5779 6593 3845 1603 3999 319 1235 2451 4529 4603 7199 4579 87 2392 7244 360 1599 635 2623 3107 1226 3664 757
6 3964 6845 6448 2376 4140 5790
15 2510 738 2647 4923 7144 8683 4097 131 7038 5494 7702 5224 9354 632 1261
10 3552 3835 8712 804 2823 3943 7087 3741 8123 7311
33 3375 4115 3459 3370 7211 128 5746 7162 4139 5043 4227 9900 4300 3798 1861 8976 4851 996 7706 2111 2483 1974 7658 9746 2604 602 6573 1619 8169 7008 5865 8122 6227
23 5087 6818 6596 4246 1638 3174 3269 1551 3045 1388 2911 291 6653 1091 4488 6867 6732 1895 4308 6569 7123 710 2625
28 753 6024 7916 9263 1106 4347 1271 7043 9980 4964 8419 1314 8359 5136 3372 6386 3363 8752 9667 6632 3192 7283 4671 2372 4540 3224 1359 5398
18 9513 5959 4690 3016 6353 7536 8318 2489 4708 1103 3563 7485 3587 6702 4611 5322 8430 805
22 2907 4937 8150 6940 2398 887 3808 7377 5217 5355 4831 5165 4182 8095 7859 3715 4501 1939 8265 8797 7111 2770
16 1132 6883 3968 628 6928 3301 7332 619 2877 3243 7469 911 3719 9719 3922 9025
24 4965 4756 1583 9219 9694 126 1914 7629 7875 6483 1069 954 121 4461 9073 915 7378 307 2310 110 108 7214 8718 9736
32 5890 5025 4665 2520 8133 7190 2041 5719 6216 3513 5400 847 4147 4607 7361 544 7757 7205 5106 4899 6376 2757 8822 7725 9013 7821 888 705 2976 2389 7011 7252
9 9929 6511 3320 9437 1893 2698 669 4432 5592
28 6069 166 9511 9951 8462 3602 6119 9118 1745 74 5263 4302 5603 9205 8745 2567 2832 2584 3365 5215 2331 3412 258 2349 4364 9827 2353 3897
23 4063 7808 9617 6865 7334 272 9879 1639 510 2611 3501 5181 4148 1836 6568 834 246 5657 4620 2794 7437 398 1823
22 4355 1667 2388 3790 9288 3466 4365 85 7807 3973 8081 8347 875 4076 4436 5490 7833 1552 7991 8879 6470 1300
14 7782 6131 1068 904 1241 2553 2995 5316 3941 1731 1456 9558 9703 9759
9 5802 3852 743 7127 8114 18 5836 998 976
29 9645 8973 2673 1299 9838 5995 9968 9136 8228 2808 4033 1756 9348 9704 2085 2785 3582 198 1915 1187 6092 3250 3718 5745 2010 8255 9067 5784 1288
32 7690 8681 4659 2482 6336 6698 91 5291 1443 65 4654 6713 9143 7806 8961 5527 6802 814 2396 9762 1268 75 5121 4504 899 5609 7977 9129 4554 5408 4556 3514
18 9376 4232 5878 8672 972 4754 6667 5761 4668 9585 1234 1760 1089 5760 2839 5269 479 391
15 4992 4930 281 3553 4565 8432 9453 9713 5739 650 8709 6666 31 4127 1378
24 6248 3997 9724 6081 3476 9388 5904 9470 6137 7982 7299 4370 6660 8729 5759 7470 3143 4287 2249 3998 8137 2203 2321 8744
18 3699 5520 586 6324 2282 3960 3777 2779 9338 1172 525 5429 9145 6693 9486 9721 5020 1254
38 7612 9406 19 9974 6199 4959 530 3208 8309 3411 802 9450 4297 5601 9068 5193 1779 2105 2547 1716 7066 2241 9163 9863 5032 7090 7728 5993 7126 4771 2195 2747 3441 5055 4077 9391 5474 3478
20 4496 2648 2931 883 9092 9593 6117 6429 5233 3678 5925 2725 2460 603 5264 1683 7044 3012 343 9792
33 3972 7685 4652 7759 5477 9562 3290 8631 3623 8486 3007 2040 9378 7222 4988 2762 4852 8383 2336 9758 1171 4459 334 7168 9873 9218 6445 8130 4242 8327 3945 2152 6439
15 6974 6181 7741 539 3209 9310 5119 4381 9814 8084 1661 4284 7042 7467 4865
23 2110 7562 7081 6451 7712 8063 3 386 238 4638 8697 8061 7652 909 653 9142 7452 9615 4918 4599 7235 9860 1569
24 1160 9962 7135 5352 8695 862 8289 8009 7620 1624 6312 8242 8532 3810 4632 1149 7584 2175 7350 9555 5476 5855 1115 4662
26 9314 6023 2207 1263 3122 4532 9319 7987 6921 7009 4858 3142 3704 5103 4631 1389 5 8810 6230 323 5616 9749 2408 6358 2410 590
22 3119 3615 655 629 2180 6672 1942 7843 9397 6042 5738 2462 6949 9807 7973 4763 188 9210 1147 7758 4013 8519
13 8077 5980 6086 809 5185 6501 3376 9958 8260 4484 1579 1157 3204
35 8435 4414 3461 9469 661 7975 2305 4558 3840 8445 5628 5554 9209 2867 6367 886 5082 6120 9358 8316 3979 8779 125 3342 517 8172 8068 6892 3766 9184 2683 7597 4614 1962 6342
11 8297 8643 1765 6427 7736 5551 5342 3238 8636 1341 8453
18 5794 4711 467 3101 9709 9269 1464 7851 2371 4956 7023 1398 9059 9438 443 7219 2922 3965
14 7707 8143 2682 9621 6259 6720 8894 7269 7416 7484 2819 3971 5331 1547
11 2476 6530 7132 1219 2148 5418 4672 4606 994 7649 8321
13 6560 5639 5186 6391 4222 4402 5643 2120 6621 329 6339 9259 3456
29 4733 8989 5234 2781 3493 8378 8368 3675 6491 9031 8182 3077 3377 6873 8074 2834 9479 7942 179 6611 9603 5774 7427 51 8666 7673 1878 4760 2563
21 2645 458 8366 2374 1182 4712 4449 4524 7921 2572 5612 4715 8790 3529 6464 5095 4728 8612 2618 2764 1662
27 9457 7253 5409 5031 2362 8407 4014 2737 3443 8105 7587 3449 1328 3437 1154 3404 8027 6577 2050 6108 7032 185 5707 9676 4779 790 4545
29 6402 8876 7941 4664 9871 8638 1364 8214 4045 1741 7046 8288 217 9244 6253 4201 8399 4378 335 6095 4288 8405 3872 7717 8076 4157 5423 6717 7789
14 5391 812 9153 6431 1011 9893 1238 5469 9605 1036 16 6278 4563 948
21 1051 2835 9785 3992 4985 7403 3919 958 1762 5378 8680 2379 6468 4797 2624 3853 6731 1472 906 2914 5697
20 2315 8534 5694 1747 7331 2084 2254 4512 6142 6225 5178 8732 2629 9791 2475 8280 5682 1191 1120 4203
25 7710 596 9037 8671 7456 8266 9570 1476 1264 3717 9029 2741 2299 6006 3344 7047 1806 8197 5142 7836 2258 411 3819 5819 794
21 5250 7065 3828 83 6447 6812 9767 7781 858 4737 7240 9590 3189 9597 4108 6093 6461 9390 5265 1559 7185
22 5465 5837 6800 6140 9248 5684 3262 4730 4560 1026 9318 1820 6688 2496 9660 2133 7863 770 1698 8267 3586 5311
22 7078 777 1985 3547 3011 2535 3748 2268 2303 3485 6014 4187 4550 2811 6555 642 2301 3172 8363 1645 5390 316
16 9658 3323 5249 5577 4590 5963 8852 3399 8777 427 3280 4189 8100 9781 5376 5434
17 2893 3534 4159 2909 1050 1499 8911 7071 7775 2987 5871 5703 4231 8078 2243 4133 1258
19 7630 2670 537 2354 7699 6036 5330 7910 7261 3551 7639 4425 787 6294 1312 2890 2594 1301 4987
26 8784 3976 9144 5303 2577 1527 4914 9634 3785 8263 7167 6848 3216 6682 183 6975 7726 1769 5484 2092 8456 8341 1213 2697 8319 3698
20 8798 2164 2444 9077 4219 7130 4486 6130 8997 2447 9422 5022 4609 8757 9057 8949 3041 6193 6087 2586
16 194 5100 2945 8650 9400 2994 5852 3661 2872 5164 2752 4982 7669 4977 3591 4241
18 8820 3663 6134 6808 2959 8576 1393 6758 7866 7961 5261 3247 8812 8702 488 2337 2609 7472
24 6582 7271 2663 2504 6722 3686 3982 8103 6572 9275 5231 6100 7308 8002 9074 4102 5489 3942 4324 1691 9552 5596 9120 9794
36 6485 8736 739 627 4885 4200 4437 6804 975 5089 8856 3541 846 7203 8273 5799 3451 7922 8505 9167 5417 4270 7588 7285 4025 2646 5221 7800 9535 1362 8863 5431 6051 1202 8238 5545
13 1416 2309 5167 2947 103 3519 9245 440 9197 1574 4542 298 6170
31 8548 4855 6747 7249 4935 8434 5668 1804 6842 6638 381 9394 3073 9165 2558 3271 2209 7672 3962 7101 5255 4460 2918 9643 7439 3248 8714 2902 7742 5937 7601
23 8412 9944 461 8615 387 8494 290 1317 2844 2613 4198 5793 8417 1321 4774 2946 1044 2080 49 859 7335 7751 3899
17 76 1169 4356 9542 9867 7879 6727 9989 4505 9672 351 7031 5204 9488 1204 7405 5776
14 5734 7520 9683 9945 8805 2381 6899 5580 5767 1514 6246 1602 3687 438
20 6132 3524 9896 6746 1710 1417 6566 2766 6602 9755 6309 5747 829 9271 289 8934 7518 3644 7705 3458
31 3475 3263 5636 92 6425 3636 348 9557 6279 7010 1752 5582 5104 77 6204 974 5228 9448 8875 5349 7538 4237 6109 7124 5683 8900 430 4790 4799 3035 124
14 9072 399 3948 28 6224 1236 7980 8240 2879 6535 2182 7524 6539 4649
20 553 4236 4677 1415 4125 5730 7532 252 8400 7734 9221 5333 226 727 8570 712 5296 8862 44 2170
14 1316 3955 3473 6303 3996 855 7054 8497 7343 8282 7136 6840 5775 8887
21 6946 7492 5844 6426 5880 7745 979 2557 6055 9456 8568 5762 5617 731 4416 7436 5735 3000 5225 8543 8371
35 4848 6265 2904 4630 3605 6648 6771 5627 2652 7829 531 5405 4472 7770 5992 8748 405 6798 7179 4357 5805 5194 1401 4389 6891 9428 6037 79 5177 4904 5817 5676 2276 5538 1452
22 876 826 6316 2434 8164 2799 1872 2370 6619 3285 2017 1342 733 7871 5353 8689 3545 1764 4548 9048 4320 2055
16 589 4464 8927 7675 9480 5755 7402 2701 9854 1400 1060 8581 8332 7 7696 1718
14 9686 5908 1397 2229 1616 5750 3254 810 7307 2287 1290 5435 8463 8838
28 376 1201 2916 3921 2802 4888 832 516 2044 1104 890 6374 7935 2861 7949 6171 3657 9534 5080 7703 6860 4726 191 4983 7359 1377 9711 2300
18 7650 6102 7897 6525 3888 3484 6010 7500 426 4928 2936 8567 7888 7496 4383 424 3440 9243
25 6078 7595 704 3867 2107 649 2776 8988 9809 912 4675 3085 4978 7160 9268 4710 1957 4262 5397 4719 6046 4303 5505 176 1009
17 1428 2740 7967 1702 5479 1525 50 8388 9193 8336 7642 160 1641 3613 9413 4812 2820
27 4274 8220 8659 8926 4096 8446 484 5023 7351 2875 5372 9946 7550 3981 9455 1183 4215 5916 1730 1205 2318 7390 5044 7039 6931 7979 526
22 7555 2702 4072 9089 2745 4787 8177 2139 8140 4322 6432 7872 3634 1611 9772 5096 7242 7069 1829 7251 9069 1636
6 486 3957 5203 2608 3480 828
16 6298 3511 6915 6824 9447 3660 2083 7328 1337 9568 6411 6964 1751 3749 900 8163
16 4698 4824 8039 4012 3074 3909 2427 3419 1056 6651 8311 4769 9507 5973 4047 5449
13 3650 3788 7454 7892 1877 9540 9010 6295 7024 2096 9465 3589 8377
19 8620 1004 3907 1668 889 6678 3006 647 2943 3087 1818 8235 6770 4808 5339 7955 4951 6417 9956
28 3051 8991 1580 9297 6537 3839 7749 193 6885 7301 5041 1239 8030 9185 542 1423 5004 7137 4573 9903 4510 2617 7959 3042 4310 5666 1242 4129
16 624 2546 6897 8545 2903 6785 6510 2428 5648 4000 5348 5459 2671 3500 2032 8870
29 6003 5957 8093 8835 8079 982 3993 4544 7856 2967 9264 2467 9678 7764 8007 9652 7461 6344 4336 1656 7667 4152 4265 2638 5897 3001 6322 4716 3048
14 2582 2524 149 1116 2707 2672 5926 3349 6691 7409 3140 327 3525 2814
9 7528 9295 574 9528 5812 1390 6384 421 9146
19 1709 2439 3625 9018 1629 6854 8126 8381 2494 7895 7747 3804 9606 2993 8580 8165 1095 9484 9404
9 8886 8478 2723 1124 1481 7784 2516 2865 1374
20 550 8339 508 3776 7615 9812 4569 7796 9592 2069 5191 5728 9211 7027 5787 5002 2905 8490 8222 6111
36 6900 6656 6189 1593 945 5213 9595 4910 502 9813 1630 7554 6942 3036 2585 9564 2653 9419 4117 929 1199 1168 7296 11 8471 1816 6553 1811 4917 5363 7828 8522 3113 6978 9567 8618
29 1240 9705 5881 69 922 5663 2119 7580 8938 8023 5879 8987 6806 90 9230 5247 9835 8307 1253 6709 7786 781 3234 5550 5831 9119 1259 3975 5960
14 4772 946 4060 813 5152 1936 269 5345 9468 4680 5753 9714 7968 5111
21 8167 5803 691 5514 1944 202 6021 4244 5584 7944 3395 940 9788 673 5893 9501 9808 3543 579 750 4023
18 156 6659 5847 7164 8807 6578 600 5530 7785 5595 5010 2283 6249 8151 1174 8943 7943 6113
29 5090 9549 6186 6048 4410 1613 853 9537 8542 8953 4587 2246 3905 9384 8127 9113 7488 1807 6270 919 6388 8423 6954 9898 9336 2677 7228 4145 1038
12 5498 2700 7029 5258 9308 276 5905 4753 4116 1990 5361 7700
6 2812 5604 8384 1923 9387 3857
16 8031 8299 4454 4360 1885 1308 4963 8558 413 2347 9147 1107 8619 3791 7589 2964
24 633 1256 4409 6476 8034 5838 2972 2602 800 2438 5835 6540 884 5053 4146 1753 1291 7216 9955 6895 8195 4968 3954 1646
26 1313 1830 2442 2077 8772 5541 9159 9262 5433 3228 8148 1612 2042 776 1468 8593 1671 3689 7056 3235 6796 7603 9389 6291 5485 7783
14 742 5733 6264 2186 5677 6315 7388 4178 7744 8839 535 4577 4490 231
22 921 199 3482 9912 30 2722 1391 5702 9026 1320 985 4845 570 7511 9398 2795 9909 3422 1540 7533 1001 749
30 3426 8823 3938 1272 2036 1500 8187 9151 2292 3896 4689 2115 120 4491 1937 4335 3004 4660 4019 3385 9967 9973 2517 460 3151 255 7951 3020 6285 9499
22 5260 1792 2377 9324 8767 740 4591 2631 6948 3136 1283 9653 4169 6852 2358 5456 6626 6616 5460 5714 7878 8942
19 852 5101 4921 8101 5502 2364 7082 3684 9588 9502 1152 2493 3642 8999 2289 764 8120 1658 5399
25 3188 4164 8203 2639 6984 8379 6719 1864 286 353 3496 4101 8562 7021 3645 9630 8473 8975 1572 148 3179 9206 2450 8083 6768
18 5064 4734 8510 8018 2899 5587 2793 4163 1535 8170 6988 2204 1847 5432 8467 9396 2100 7487
18 8239 7490 9357 7259 5453 9780 8006 6240 6557 5396 9258 2192 4445 6153 6999 7404 8091 6533
19 5809 1480 1282 9604 9908 1590 808 5168 964 4211 6628 1025 8914 8270 2822 9787 5334 5788 9690
28 4666 6526 8198 4585 3319 9742 9657 4800 8816 578 8827 8705 5122 8431 6859 333 7945 3018 8528 1262 6005 1129 8541 2421 2750 2165 5884 8925
19 6114 4924 274 1953 2033 7853 5729 3846 470 5768 3356 3300 522 2815 4230 9126 3612 4218 4298
11 3774 9531 6617 2726 783 9296 7530 7079 762 9097 9198
15 693 5482 4727 3187 5084 4375 466 637 2643 5148 5644 5162 8008 8454 8964
5 9519 3703 2940 6212 5646
30 1251 7117 277 9382 511 8285 3082 8191 5120 8118 1211 8094 674 1048 6699 1814 5039 9079 2948 8312 5882 471 1554 1274 8058 4005 9764 495 7182 1507
20 819 793 3592 4770 9963 7274 3438 7743 6561 8592 1445 3031 8608 7826 3787 8508 983 4759 3712 480
10 8200 9366 207 9877 860 1788 4272 6335 8888 1562
22 7037 9441 658 1873 7830 6223 5872 3450 5313 8584 4368 2895 3034 2222 8015 3171 7358 4252 8658 1758 6917 644
27 4184 3024 41 3108 3966 4141 7847 3220 3181 6562 5021 3454 7100 3813 687 1155 8248 1577 3183 9051 8460 7202 3595 4049 7586 5931 4795
27 6575 5189 7912 4503 5952 2842 9889 2415 724 8760 2218 6262 412 9665 1331 42 8394 7694 7644 3039 6187 6606 6715 7489 6250 7115 9005
24 4704 4782 5457 1030 3666 8575 987 9000 1181 8516 9498 1842 723 6184 5671 5416 9521 4061 54 9061 7426 6314 4269 8648
22 3632 9559 9620 4028 5686 1325 2290 7931 7698 5306 6452 4121 5000 7352 4626 1919 1126 4427 4015 2463 9350 2363
22 378 9002 6903 9712 5782 5375 1981 4204 4443 4688 3455 6801 9848 4864 4946 7095 2131 7625 8053 4193 3043 9334
23 9042 4153 7663 380 990 8945 5487 6839 4453 5314 9110 9379 8540 936 9883 1214 8525 2098 9891 2136 1225 667 1732
15 688 9444 9101 6790 4176 4513 2071 1184 5910 6444 270 7517 4192 1087 7393
25 5282 7638 3991 8766 3807 7287 7245 300 9273 1276 8801 4113 1768 6064 7529 9911 2037 7790 2242 4625 7835 9760 2692 4531 5147
34 8699 3572 4661 3424 1986 9654 6922 6029 5656 8367 7648 5701 6832 9611 6764 4371 6235 5105 4400 4623 9674 7619 106 4051 1659 5555 755 1367 3837 534 4261 8641 2880 3713
37 190 8484 9473 2531 5510 3329 2838 7637 5535 5818 8832 718 3170 1723 2780 7263 4798 444 2790 2234 4564 4840 9302 304 9748 1918 5475 1292 547 2827 2816 2097 8174 3014 3223 1137 4292
28 1777 8747 3083 3054 3038 6068 2570 3701 6589 2406 9298 9270 7503 2680 6679 6211 8305 2739 451 8771 8818 2985 6136 2704 4079 2326 1808 6063
24 7446 3066 8791 6454 7019 4656 7103 5366 7924 7077 5219 536 546 6326 5005 1229 7050 4431 2378 8295 6941 8221 6761 1473
14 7150 5008 9981 3211 9240 686 6620 4100 3515 4580 3889 5652 1652 3069
22 9179 6141 9127 9923 2810 9858 865 6243 9539 7633 5133 7729 5379 1591 1623 7545 4122 6725 6759 1354 4220 6889
18 7988 8667 2323 4221 5670 2156 2125 2088 2394 4809 1296 4567 2024 9170 4500 6792 9004 3533
35 7293 1637 1438 9698 6493 2106 4873 7677 2539 4455 699 8042 506 3721 9492 5699 1221 2355 4170 355 395 8440 4539 1310 8881 1610 5877 4380 1720 3762 5524 1347 6795 1306 3860
16 9497 895 6261 3393 4832 8272 2805 285 6106 7265 7233 3890 6914 8959 1086 242
26 3029 2357 206 565 6220 3885 3542 6357 6009 4089 254 8830 1513 1787 361 3214 5114 1743 4621 6791 5834 652 4251 6371 2411 2926
22 2480 7398 1910 3754 3601 8193 5804 8917 9826 9575 7605 8325 6531 3548 9984 5157 7154 3571 3322 9782 9309 8874
26 8803 615 8682 3789 2957 4137 8653 4764 4481 5380 8160 4278 7474 6178 9435 1358 3980 2295 9178 1375 9294 312 664 7057 8275 4846
19 4249 2373 6059 9157 2513 3946 7627 4746 959 5078 1748 1486 8723 3407 5257 6769 5825 2691 8503
22 3398 6985 102 9135 1436 4857 4834 7777 1394 538 9718 5107 7914 1894 9386 4991 6145 3683 1128 2593 4996 8923
15 4068 4884 7034 1772 9548 155 5546 3598 9664 4174 139 1426 6935 2361 8501
19 3669 4615 3930 1198 3169 816 4173 4468 8215 2549 6846 5633 9373 1076 5248 1905 299 3637 2138
20 8588 9806 4973 9199 3532 5777 2167 9232 2021 6192 3351 7498 4082 4144 2443 4333 3917 7218 4069 7733
17 7940 7266 4608 8819 5725 6726 4188 2342 3630 2830 4095 2114 1987 4925 722 5068 2208
13 1670 8526 6972 9212 2968 1606 6368 6936 8623 1576 2457 9351 4158
10 9817 425 680 8344 7798 2552 8844 1789 1427 7146
16 6333 3940 509 3293 8481 5610 1819 1703 2522 1506 2197 6065 301 4479 1633 8572
22 4657 6000 4291 7479 8761 9505 1875 9948 4819 6378 2684 2142 9047 7291 9040 1940 2998 3134 4926 5731 4729 7281
23 3445 6058 9738 7792 2335 6356 2525 6213 8909 7337 7566 3537 2360 8010 1933 6564 4142 7059 6217 926 6631 6534 5293
24 5347 4658 5212 761 7994 4088 6280 342 2979 9368 235 4892 4263 4942 7363 4915 3736 8561 1007 7788 1074 7051 8716 5175
27 5500 8629 328 5507 9830 1729 730 5187 4957 9524 4441 5279 9478 5486 5635 2144 7099 243 5518 3071 6668 5506 756 6958 4994 1542 4747
29 3510 1530 9246 6711 7666 992 1175 3345 1846 5899 6907 6864 2407 6346 2404 3237 3102 8651 7330 9028 1380 2194 1793 165 5773 7946 1805 5688 2508
24 2338 950 5815 4119 8413 782 2089 8743 6281 5166 8851 6827 4541 7582 1463 9756 17 6289 8322 9642 7181 8409 5364 9829
16 799 5632 7761 8475 694 5102 8565 6622 3481 5153 4530 5883 2806 6993 5588 6022
24 1046 7816 8014 6283 8416 21 8935 4372 330 556 8004 8017 3194 9525 7053 8124 3670 6624 5749 1858 9614 9993 4268 8674
28 6125 9286 6498 989 8529 8037 8951 2140 9822 3970 377 6066 3213 6318 6947 6886 9553 9843 3876 1366 3434 5470 690 9811 9668 5607 7371 2824
28 7000 248 6392 5428 8259 1215 4099 2505 9012 659 9482 4828 9849 8284 8335 9440 8116 9991 1383 1049 8358 9745 4859 6976 3283 195 3620 7264
14 7609 3292 9659 8247 7643 4572 9662 2615 2499 8451 5047 2329 6242 60
21 210 856 5892 7901 8194 2787 7516 969 6925 2882 5619 9130 7926 7106 9541 5321 2344 5842 5889 6311 6152
24 6563 2651 5240 6012 7882 7558 2969 9284 1934 4628 2765 2850 8109 4912 2063 40 1976 654 3702 8452 4735 9443 7450 1722
19 8996 3338 2989 5154 3027 8796 9862 71 9017 5035 8443 4508 1906 1643 4149 5561 8726 2322 8232
21 533 4686 9872 7277 8937 397 161 3583 2906 7592 8504 8958 2122 6681 8845 6760 9257 9986 6509 8251 2145
20 7438 6475 607 5674 7142 5658 9361 1461 7727 2003 2676 46 8944 2965 1848 8866 3388 1085 143 840
30 7512 8213 9306 6765 3092 57 6538 5690 6159 4497 6550 6297 7754 52 5238 7062 7006 6528 9739 6075 1071 4856 4612 2219 3427 3059 6323 4568 2238 9915
24 7557 7226 9341 9576 7457 6352 1453 7686 2319 3186 595 9682 2048 5589 548 345 6542 7739 6144 3132 1642 8411 2868 8012
19 1111 1260 1422 6966 6674 4561 6038 6728 9363 4651 2057 3296 4275 1654 7918 4641 5294 3417 8196
28 3017 3050 6202 2118 7883 4285 8188 6305 6331 6882 5088 2831 5267 4582 4477 5083 6423 5268 6301 5946 5912 5328 5570 3023 2843 2492 3431 1704
22 6567 9751 1346 6523 9364 5962 9333 4595 2796 1094 8721 4936 5384 3153 3277 1379 2886 8216 702 6766 5230 6919
20 5169 1474 4398 280 6359 2715 9583 8387 7340 1541 7590 3526 9124 7423 2807 6207 8704 7001 9876 5443
24 6410 9487 9543 1627 2261 3420 2732 3783 5124 8595 9998 4802 356 6866 3844 9594 5336 5412 362 8523 6302 7899 9648 5046
19 1102 8795 2126 2675 4645 7778 4470 6161 8476 1945 9055 558 2858 8907 5811 3198 5176 3558 9637
13 9737 2605 9410 4971 2527 8793 3061 5754 7854 4181 1064 9765 8278
21 7380 1949 3565 5170 3759 1700 1523 3952 409 3173 6387 5810 2561 167 9533 8986 4165 8276 5463 4886 8908
25 4080 3490 497 8059 5287 6601 7513 7682 4224 5660 3308 7195 7262 2990 7072 8668 752 784 441 5024 1517 4240 140 1446 1408
18 415 8207 6272 8585 7631 9832 1460 7143 5763 8064 2769 3305 3353 3730 1786 6499 251 8865
18 8028 9160 4701 7276 5630 1073 7175 9688 5851 5151 2855 5190 4972 3848 5144 9203 4741 5037
21 8448 4020 5602 2999 292 6618 636 938 490 2694 9821 6880 8469 5401 4465 6306 8141 8860 2202 685 3914
22 4228 8868 4938 8554 3326 9156 2220 2178 4989 6898 2777 7153 6174 9399 340 6028 5770 5736 446 5312 3679 6191
29 315 271 4502 168 4807 3199 608 708 3802 7209 6615 1537 1947 2213 5092 9880 8115 7419 8199 7827 5823 4961 4401 5895 4732 302 8622 868 4185
33 3444 7463 4377 769 1332 7687 5218 6658 2006 3849 5856 7085 9078 4602 3875 5516 6089 772 2121 5481 7680 7560 6692 67 5680 8828 2201 1712 5223 7577 5850 6701 6518
25 2426 4194 7927 5425 3354 1845 9405 2686 9158 3554 2397 6268 3432 8511 1960 1450 561 1666 2350 6937 1821 1586 6545 869 3856
18 3778 9070 5888 5557 5394 5650 2498 78 2859 4016 8829 9943 4412 9148 4341 432 7241 8947
23 4482 1908 417 8298 2954 3469 9299 1561 8421 880 1075 6813 4340 9518 4974 163 4952 1043 9960 2836 5446 9673 7559
17 3986 8110 2580 1431 4168 6675 2054 5785 5365 3282 7841 8230 6349 3902 1708 9878 7348
26 2056 7884 2031 2753 529 7737 3974 833 6503 5116 7626 6741 3494 5558 3895 2034 5327 3079 1754 7989 528 3076 7831 6477 3523 5647
22 4107 1869 830 2657 9282 4709 4773 3570 1746 97 3750 2565 5930 45 7354 5298 3158 9895 9253 6 1020 6890
23 8035 7448 7811 5452 9238 5074 5622 3847 5099 8281 3752 5863 9423 5590 571 9885 7708 7413 2469 6112 6241 2409 1150
24 7585 4761 9030 780 4720 3530 6910 8918 6856 6920 8099 5556 714 1243 7815 8663 1495 4600 6576 1093 2540 1898 9088 6505
26 5517 2143 2401 8425 4299 7787 5285 2997 494 5241 897 7080 6680 2160 8470 991 7599 1622 2894 2759 9957 2251 5669 5048 914 8036
18 8173 1 7068 2330 1203 3428 9874 2596 3389 9933 7386 3063 6351 6330 7954 5051 13 6665
28 6135 5572 5466 3160 5214 1121 7574 4875 1508 3453 1311 7191 454 9784 6116 9239 2236 905 4175 4212 5924 1881 6074 9591 5989 3447 8156 8333
7 3161 5997 4745 2749 6775 7268 807
24 2436 1697 4154 2230 6420 313 2464 6247 6850 5211 9460 8293 7016 7718 6733 7315 836 8389 1442 562 8755 2334 2961 392
23 8978 6756 1100 9625 1628 8940 8493 9132 3433 9100 9322 8749 4902 8922 9978 3927 5828 5197 336 845 7978 9024 7756
17 9436 2284 5778 2595 7583 7624 7201 6696 7089 2440 736 4442 5073 3098 6300 8913 4374
24 5920 3022 1223 5816 5017 6767 7172 230 9054 5564 2248 2497 6157 3959 7646 5645 3374 2678 7204 9076 4757 5599 4281 6650
24 6877 3197 7248 482 3148 5955 6729 1553 5994 3099 3210 3949 3256 4786 9708 8632 4361 7368 4755 5623 4697 7731 8625 8499
14 6222 2984 7411 643 4123 4947 2713 5042 8904 3060 2851 3864 4823 437
18 4863 4003 7434 4024 5576 141 6062 6962 7971 6319 1119 5492 5772 2481 3265 5637 4700 1479
15 379 4944 3278 7610 4043 7187 684 1092 1028 8234 6214 1462 6355 4177 8654
27 8104 9627 7704 6168 5771 5756 5678 9512 1496 7732 7282 8995 4617 5532 4092 8857 4073 3935 6612 1096 5618 3492 9961 1663 8365 6955 6185
15 2359 3163 8026 8574 3392 9375 1298 8354 8441 1249 2035 5274 1927 7844 532
24 6239 1218 2537 1090 164 8085 9464 1587 715 952 7746 105 2173 3439 9899 1682 134 6586 1925 9599 5896 5563 2134 4197
25 7319 8055 439 95 5698 6927 3816 7683 4605 9065 66 15 3722 5123 1130 3135 9699 5496 9697 4022 4998 5202 6158 6994 1277
22 9613 284 3117 1352 4404 8843 320 350 1827 3178 4881 4004 5199 359 8356 5098 7395 9058 8808 2227 4354 5575
15 3767 6581 7510 7817 5019 4183 5781 7157 4640 3273 390 6991 5174 3032 3950
23 1177 7372 3594 4205 1245 8609 2809 3947 8348 6397 2413 7094 8153 9181 2953 9439 7591 393 3662 2786 3347 3836 3110
22 8566 7224 825 7870 5875 4421 1693 3384 7256 2937 8506 5764 582 2923 7720 5139 5741 7275 5597 8929 0 7568
22 4830 4029 7840 7665 7535 1338 3165 720 2011 5385 1519 1166 7125 3137 2405 1713 8998 8948 2847 1701 3184 7820
16 2171 408 9231 2654 8051 9053 3711 5325 2257 8269 598 4517 9277 9331 6559 5198
19 318 7174 7494 2825 9836 8800 4397 1297 6932 3811 592 5350 4238 8837 3312 5653 8611 1982 73
31 2356 372 8310 9411 6843 7435 3564 2536 9128 8021 9965 1995 2782 6536 871 4862 8665 2052 6094 9462 8646 6820 434 116 7659 2487 6015 630 6911 4054 8898
22 400 394 892 332 8786 6413 6244 9897 354 4366 7414 8906 4135 6320 7970 5216 1487 5461 1385 5536 4210 3633
23 1024 9768 2791 9255 8410 498 5156 6584 6484 7534 4415 3906 2314 2368 8974 2619 7139 5320 7898 4419 6514 1961 7964
31 2507 55 583 8262 1605 7180 8848 8559 2711 4349 4794 507 3502 2473 3901 3317 3261 1098 81 5340 1029 9941 4762 815 3242 9415 7688 6614 3911 5918 8139
9 8599 798 1744 5928 5467 7540 3324 9099 7460
25 2147 9104 1503 9631 1625 2333 4854 115 1521 1679 5708 8550 7507 2501 6056 8969 201 6077 5326 5898 6687 7623 4191 7476 2090
29 3149 8420 9888 2296 5727 2641 9052 8426 610 3603 977 9495 5393 2706 2852 6580 9844 1255 9949 4433 2768 2004 7997 1021 7771 1035 3792 3884 707
14 6076 5426 9516 5608 2642 9607 6231 2630 4647 4533 3272 1736 4811 1304
37 4059 6783 1305 541 24 2920 219 6780 8783 1407 1447 3575 2975 6206 2074 6951 1170 9064 3058 4331 2690 6197 10 2710 5864 5419 8050 2226 2876 999 2763 324 1333 7382 5011 1173 3284
19 9289 1977 5112 7636 1859 3315 7176 8872 5976 4871 8258 9865 609 748 3465 9624 3728 3298 3887
33 3156 5497 2020 5406 61 2278 4742 7140 7156 2538 6849 5744 965 1326 1843 98 3414 4035 2982 4744 2291 9687 9894 5140 2027 6256 6049 4239 5840 1594 2689 9600 6817
26 8271 477 8932 3239 8376 6558 4511 6455 9586 428 2059 4326 3205 3624 7267 7113 4853 6176 5715 8679 9663 6099 593 2564 401 6348
29 4984 4056 4428 9305 7114 2748 3276 935 7193 6255 1863 7933 1685 2556 6380 7392 1217 7697 7408 6072 4151 5346 631 7215 7822 9241 6676 5471 1207
31 3457 4307 7877 6502 961 3410 6044 9412 9556 326 8224 7934 2928 1186 1797 7145 839 3782 3258 9083 5664 3013 9966 3516 9006 651 8468 7288 4900 5953 3569
28 2324 6361 3918 1609 3236 5049 8254 1588 150 2973 1550 1518 6245 3685 5540 8933 2025 283 153 3763 5171 7003 1216 2298 8202 8971 5987 325
23 3430 4781 1010 9485 6430 2132 5495 249 6416 1424 1396 1979 8107 2454 5462 6428 6146 5625 4901 831 9639 6258 6390
22 9109 1634 267 1369 2754 867 5045 7842 2978 3977 1042 2991 9578 8676 5374 8809 3995 7753 7992 1549 5454 5286
29 1492 9166 4706 554 4583 8277 9869 6474 5712 6669 1142 9527 5310 5135 2470 2612 3075 8334 581 1448 614 5830 3464 1484 5549 4820 2908 9172 8921
24 3540 7186 6053 3396 5491 212 2000 382 6630 4074 774 744 5909 6495 2047 9279 3387 3081 1726 7722 7295 5130 611 5723
16 3557 3833 1430 1433 9392 4906 4575 2237 5062 1108 1763 8946 4363 7917 5977 5439
14 2981 584 2977 3731 3805 2155 4950 1289 2196 9661 9034 5362 5758 1136
12 3739 4450 2896 8245 9372 9732 450 3019 3681 4473 1118 2491
26 3527 5227 3826 6924 9691 8573 2566 8892 6409 3566 9647 1110 5933 4705 1891 3536 5687 1538 8778 6267 6773 1782 9266 879 3903 9770
19 5295 2382 4826 47 6360 7579 3227 3215 9190 5006 1016 6382 1775 9001 7767 605 1849 4339 5531
36 5299 4094 1066 2559 2576 519 606 7849 3697 7188 3005 7471 8323 6851 4648 3409 7255 9743 7668 4872 4202 8597 5182 2523 8785 7769 4358 7497 576 3337 4438 8893 4570 2488 8226 5493
28 7198 2714 3103 8328 4624 6529 8915 8536 1565 1660 8617 767 2760 4768 5559 8738 6443 3832 2380 8661 932 4118 4492 559 9290 4683 5988 9931
13 4629 5593 8038 4344 4523 7280 2485 6229 6995 6365 8201 2579 6434
30 6807 7861 222 2912 2828 3049 9347 1406 8158 1955 4507 8274 9180 3680 5621 3512 2128 5210 967 5094 5801 6104 2933 6830 3797 5072 9454 5935 1153 1950
32 2949 6706 8518 9707 2429 5902 3333 741 4693 9046 9191 2079 2293 1267 7867 9071 7097 1721 8662 8687 6043 894 7904 9062 973 995 5138 3505 7996 5876 9123 3064
13 908 1459 137 6855 3659 4559 3330 3745 3180 1350 1526 6700 3413
29 9409 8708 8179 8698 6418 1384 6139 817 9851 3891 3990 1794 3068 3910 8774 2495 8373 6904 5862 7635 1368 2500 4639 4480 7478 257 8070 3611 4766
27 445 1543 677 7499 5716 1883 4882 3596 9452 8586 4223 4084 2881 9138 881 8546 2343 8931 7425 6945 33 420 3125 9301 2502 7290 1425
25 2166 5808 8449 7129 200 435 2198 8073 5382 2649 8598 8291 5097 594 8753 1854 9021 1548 1360 7606 8685 1801 4506 1088 7374
27 1833 4495 4586 3546 9514 7320 1735 9267 9890 2422 5511 3116 3468 7662 5679 5913 6543 9403 4373 9431 5117 3303 5110 5410 9608 6226 2853
36 5300 672 3817 4618 6002 1528 1815 3743 5027 7810 3257 4112 8209 8370 448 3830 146 9819 2250 2518 4990 3740 7194 9987 3232 5344 6363 3609 850 2666 7192 4931 6019 1083 5544 6524
26 9140 5235 6961 9626 3245 7329 1860 8715 3989 7428 6004 1835 2857 1564 4065 613 9798 9056 8286 1694 8162 8538 4691 322 8349 2862
27 8342 9216 6404 3579 5358 1734 5990 8157 2455 2511 9345 9182 9735 9833 524 9229 5317 3635 5986 6588 7096 6683 5936 2070 3206 1935 8119
31 4839 9003 1097 4894 6160 9901 6649 9187 8739 1852 2742 1689 5381 6133 4913 8780 2393 2898 7679 984 8549 3508 7930 3350 7305 2628 1156 1699 8891 9467 9850
33 3253 1888 920 4098 9523 3667 696 9649 8787 8302 7210 8614 4940 1324 35 5662 7762 3597 8244 6460 3915 7189 4810 3503 2002 706 746 3978 9323 9875 5718 1575 7509
25 6607 5424 4387 1013 5387 3869 3334 7373 4207 9458 9752 9731 3231 6013 7546 5036 4235 1533 7292 3822 8097 264 9644 7519 1478
28 3549 9393 2571 88 5860 273 157 9207 7064 7640 5341 902 4260 9920 9636 493 8040 7239 6548 5134 3694 6154 5789 5961 26 1131 3809 3310
1 7061
27 2883 297 423 4008 2720 6424 1773 9463 6875 7876 6293 5437 8500 369 601 5373 4032 698 3926 2416 4997 4751 3504 8762 3229 7356 5873
1 773
17 3167 2008 4788 6694 7141 7230 9544 5654 7768 1512 442 5724 7477 3779 6989 2191 5968
28 1138 7399 3281 7911 1724 5743 8557 6752 4208 2783 5626 6512 6034 4064 481 9272 2216 6103 1655 384 9509 367 5705 6520 7985 2172 1680 1293
28 4494 5440 5402 8728 8962 7553 2233 9402 6164 9744 1227 6313 3026 2075 3773 9810 928 189 129 1851 6847 9741 7247 5414 9601 8606 8633 913
19 4379 3988 8675 4601 4346 5192 7993 2512 2915 8792 2112 6399 2270 7014 4405 4114 4498 2308 5886
28 9847 9283 585 7318 6277 4877 1323 3176 2942 4537 6473 3114 3325 2551 7344 6480 8237 7466 8029 9754 9919 8340 1706 5661 8424 2873 8861 6934
20 303 7040 5598 5769 1664 1993 8406 8329 3471 9852 726 4071 1524 9633 5054 7730 5034 2543 3751 9868
24 2519 1005 9979 957 3008 7711 6786 1363 1959 9011 2731 7342 4403 6389 8741 275 5919 262 418 9726 4162 8304 6124 5179
1 4469
20 1978 6689 8587 9820 9976 7229 6269 1674 8346 8902 951 1640 657 4953 4584 5941 9474 4351 152 180
30 9084 2941 3442 6831 9020 7475 3651 6304 5086 5887 1252 5748 9681 4546 645 9177 9381 6274 8326 1322 7086 80 288 2478 3091 6032 8080 1356 7133 4399
15 1757 3855 8640 7965 2432 2313 8489 5304 567 2869 6884 4836 39 5914 2430
1 7632
28 5324 8703 2917 84 734 1879 1315 7455 1353 9670 864 1651 5954 2578 1281 6662 388 6462 8218 8815 7521 6938 6869 7121 1285 5950 1615 455
24 6670 117 375 8564 113 2738 2788 7864 457 7028 5710 1755 1365 8768 8189 6762 6251 1286 3507 2693 1435 2433 1882 2269
1 978
1 8824
16 187 713 3307 2135 5161 8509 3025 5971 6412 5343 4815 9815 9804 4673 4636 4646
13 5693 9675 8395 6794 8086 8459 7430 6208 9702 9105 6825 933 1555
1 2528
15 4214 29 4475 6150 3311 656 209 7152 3829 3429 6737 7316 1781 6129 9723
1 5226
12 7952 3629 7799 2316 3607 8204 5721 9579 1067 8397 7304 4817
20 3371 3030 3692 6815 4687 1113 3168 4635 6340 5732 9666 9964 5158 7501 907 3818 456 9353 3738 7025
13 5717 9679 2986 8149 6654 2774 7020 3138 6155 5917 6647 2346 6600
12 1992 6198 9581 2327 6456 7891 854 6200 7387 1676 8253 7713
1 1000
16 5018 7429 6695 6263 6822 5222 2589 6740 5377 3865 3403 9385 4493 8968 9451 3246
14 3693 9090 1228 4196 9996 3191 1838 5711 7613 9750 763 7017 8364 6073
1 3560
14 1867 7401 5335 8175 5445 2247 8458 5885 3758 4637 9985 1376 5891 8308
8 6541 268 568 789 7379 1844 3111 5127
1 1339
2 8303 7600
2 5441 9250
13 4758 6228 5868 7956 1414 8290 7314 6327 8464 6173 8020 6190 8345
1 1159
16 4078 7657 8950 6466 3249 2465 7104 1515 3104 8477 1784 3368 127 6597 5829 2758
13 1273 6381 700 5970 4842 7889 5237 3655 8731 1904 1421 1381 5059
5 3760 4390 4898 1868 6467
16 8292 2061 3555 9291 7088 7561 4255 9845 640 1913 4150 2240 4245 4939 2534 9824
2 7444 4793
13 9563 6724 6901 8024 489 9935 1970 9503 7102 8353 1222 2966 9377
1 2053
3 1269 8192 3341
15 1040 6663 4143 6916 6965 4090 3640 874 513 6634 3936 389 5272 3820 8046
2 4411 9803
5 4058 8102 5245 9925 8730
11 3055 7929 6633 1866 6913 5858 5307 2288 9489 4476 1403
2 364 6686
5 9954 4052 4678 4311 5159
2 8071 1015
3 1817 6644 2746
2 4027 3931
3 5091 9569 7105
14 9313 2695 4309 9325 7070 8840 5615 9137 2123 2026 9640 4525 2212 3491
2 3539 8722
5 1399 5813 3359 3771 3688
3 2660 6521 4277
4 1560 1194 4011 7909
4 476 6441 8885 2521
1 5982
10 3090 4435 9619 1209 7928 7709 3294 7119 9483 4818
2 8088 8433
5 306 9921 3733 9312 7391
13 3580 5934 4066 4536 622 580 7846 8447 5359 849 8306 3028 1327
2 7804 4557
2 6377 820
6 2718 9999 8048 1931 7723 3517
2 3608 6544
6 5983 1411 7052 9840 4337 4332
2 1192 8727
8 2735 1335 7957 474 8520 6735 9927 5821
4 8967 229 8825 4040
4 1776 768 7575 7678
7 549 4948 5480 8982 2007 3185 1510
2 3708 8563
2 3358 6753
6 9459 8895 205 220 2255 8700
2 8965 7206
2 7325 3207
2 5991 2939
2 4829 5903
2 6039 1855
2 3321 6527
2 3647 6517
4 8227 3252 7813 3559
2 2176 8596
2 7716 492
2 6321 2887
2 9121 5071
2 3578 4796
2 2418 1344
2 7227 1626
2 3696 7948
2 7468 7773
2 3654 1880
2 563 2573
2 1178 4887
2 1135 4941
2 6252 2736
2 719 3202
2 4679 2591
2 8670 7433
2 2384 4471
2 7013 9287
2 8773 7110
2690 8890 7581 9997 9995 9994 9992 9988 9983 9982 9975 9972 9971 9959 9953 9950 9947 9942 9938 9937 9936 9934 9930 9928 9926 9924 9918 9917 9916 9907 9906 9905 9904 9902 9886 9884 9882 9881 9870 9866 9861 9857 9855 9853 9846 9842 9841 9839 9837 9834 9828 9825 9818 9816 9805 9802 9801 9800 9799 9797 9796 9795 9793 9790 9789 9786 9783 9779 9778 9777 9776 9774 9773 9769 9766 9761 9753 9734 9733 9730 9725 9722 9720 9717 9715 9710 9700 9696 9695 9692 9689 9680 9677 9671 9669 9656 9655 9651 9650 9646 9638 9635 9632 9629 9628 9623 9618 9610 9609 9602 9598 9596 9589 9584 9582 9577 9574 9573 9572 9560 9554 9551 9547 9546 9545 9538 9536 9532 9526 9522 9517 9510 9508 9504 9500 9496 9494 9493 9491 9490 9477 9476 9475 9472 9466 9445 9442 9433 9432 9430 9429 9427 9426 9425 9421 9417 9416 9414 9401 9395 9383 9380 9374 9371 9370 9367 9362 9352 9344 9343 9342 9339 9337 9335 9332 9330 9329 9328 9327 9326 9320 9317 9315 9303 9300 9293 9292 9285 9281 9280 9278 9276 9274 9265 9261 9260 9254 9247 9237 9236 9235 9234 9233 9228 9227 9226 9224 9223 9222 9217 9215 9214 9213 9208 9204 9202 9201 9200 9196 9195 9194 9192 9189 9188 9183 9173 9171 9169 9164 9162 9161 9150 9149 9141 9139 9134 9133 9131 9125 9122 9117 9116 9115 9114 9112 9111 9107 9106 9102 9098 9096 9095 9093 9091 9086 9082 9075 9066 9063 9060 9050 9041 9039 9038 9036 9035 9033 9032 9027 9023 9022 9016 9015 9014 9009 8993 8992 8990 8985 8984 8983 8981 8980 8979 8977 8972 8970 8966 8960 8957 8956 8955 8954 8952 8941 8930 8928 8924 8920 8919 8912 8910 8905 8903 8901 8899 8897 8896 8889 8884 8883 8873 8871 8869 8867 8864 8858 8855 8854 8853 8850 8849 8847 8846 8842 8836 8834 8833 8831 8826 8821 8817 8813 8811 8804 8802 8799 8794 8789 8776 8775 8770 8769 8765 8764 8763 8759 8754 8750 8746 8742 8740 8737 8735 8734 8733 8725 8720 8717 8713 8710 8707 8706 8701 8696 8694 8693 8691 8690 8688 8686 8684 8677 8673 8664 8660 8657 8656 8655 8649 8647 8644 8642 8639 8637 8635 8630 8628 8627 8616 8607 8604 8603 8602 8601 8600 8591 8589 8583 8582 8579 8577 8569 8560 8556 8555 8552 8547 8544 8539 8537 8535 8533 8531 8530 8527 8524 8521 8517 8515 8514 8513 8512 8502 8498 8496 8488 8487 8485 8483 8482 8480 8479 8474 8472 8466 8465 8461 8455 8442 8439 8438 8436 8429 8428 8427 8418 8408 8404 8403 8401 8398 8396 8393 8392 8391 8390 8386 8385 8382 8380 8375 8374 8372 8369 8362 8361 8360 8355 8352 8351 8350 8338 8337 8324 8320 8315 8314 8313 8294 8287 8283 8268 8261 8256 8252 8250 8249 8246 8243 8241 8236 8233 8231 8229 8225 8223 8219 8217 8212 8211 8210 8208 8205 8190 8185 8183 8181 8178 8171 8168 8166 8161 8159 8155 8154 8146 8145 8144 8142 8138 8136 8135 8134 8131 8129 8125 8121 8117 8112 8106 8098 8096 8092 8090 8089 8087 8082 8075 8069 8067 8066 8065 8062 8057 8056 8054 8052 8049 8044 8043 8033 8032 8025 8022 8019 8013 8011 8005 8003 8001 7999 7998 7995 7986 7984 7981 7976 7974 7969 7962 7960 7958 7953 7947 7939 7938 7937 7925 7920 7919 7915 7907 7905 7902 7900 7896 7894 7893 7890 7886 7885 7881 7880 7874 7873 7869 7868 7865 7860 7858 7855 7850 7848 7845 7839 7838 7837 7832 7825 7824 7823 7819 7818 7805 7803 7801 7795 7794 7793 7791 7780 7776 7772 7766 7765 7763 7755 7752 7750 7748 7740 7738 7735 7724 7719 7701 7695 7692 7689 7681 7676 7670 7664 7661 7660 7656 7654 7647 7645 7634 7628 7622 7618 7617 7616 7611 7608 7604 7602 7598 7596 7594 7578 7576 7573 7572 7571 7569 7567 7565 7564 7563 7551 7549 7548 7547 7543 7542 7541 7539 7537 7527 7526 7523 7515 7508 7505 7504 7502 7495 7493 7491 7486 7481 7480 7473 7451 7449 7447 7445 7443 7442 7441 7440 7431 7424 7422 7420 7418 7417 7415 7407 7406 7400 7397 7396 7394 7389 7384 7381 7370 7369 7366 7365 7360 7357 7353 7341 7339 7336 7333 7326 7324 7323 7322 7321 7313 7309 7306 7303 7302 7297 7294 7286 7279 7278 7273 7272 7270 7258 7254 7238 7237 7236 7234 7232 7231 7225 7221 7220 7217 7213 7212 7208 7207 7200 7197 7178 7177 7173 7171 7170 7169 7166 7165 7161 7159 7158 7155 7151 7149 7148 7138 7131 7128 7120 7118 7116 7112 7107 7098 7092 7091 7084 7083 7076 7074 7073 7067 7063 7060 7058 7055 7049 7048 7045 7041 7036 7033 7030 7026 7022 7018 7012 7007 7005 7004 6998 6997 6996 6992 6990 6987 6986 6983 6982 6980 6979 6977 6973 6971 6970 6969 6963 6959 6957 6953 6952 6944 6943 6939 6930 6929 6923 6909 6906 6905 6896 6893 6888 6887 6881 6878 6876 6874 6872 6871 6870 6863 6862 6861 6858 6857 6844 6835 6833 6829 6826 6823 6821 6819 6816 6814 6811 6809 6803 6799 6797 6789 6788 6787 6784 6781 6779 6778 6777 6776 6772 6763 6757 6755 6754 6750 6749 6748 6743 6742 6739 6738 6736 6734 6730 6723 6721 6718 6714 6712 6710 6708 6705 6704 6703 6690 6685 6684 6677 6673 6671 6664 6652 6646 6643 6640 6639 6636 6635 6629 6627 6625 6609 6608 6605 6604 6599 6598 6594 6592 6590 6587 6585 6579 6574 6571 6570 6565 6556 6552 6549 6546 6532 6519 6516 6513 6508 6507 6504 6497 6496 6494 6492 6490 6489 6488 6487 6486 6481 6479 6478 6472 6471 6469 6458 6453 6450 6449 6442 6440 6438 6437 6436 6435 6422 6421 6419 6415 6414 6408 6406 6405 6401 6400 6398 6395 6394 6393 6385 6383 6379 6373 6372 6370 6369 6366 6364 6350 6347 6345 6343 6341 6338 6337 6334 6332 6329 6328 6325 6317 6308 6307 6299 6296 6290 6288 6287 6286 6284 6276 6273 6271 6266 6260 6257 6254 6237 6236 6234 6233 6232 6221 6219 6218 6215 6210 6209 6205 6201 6196 6195 6188 6183 6182 6180 6179 6175 6169 6166 6165 6163 6162 6156 6151 6149 6147 6138 6128 6126 6123 6122 6118 6115 6107 6105 6101 6098 6097 6096 6091 6088 6083 6082 6079 6071 6070 6067 6061 6054 6052 6050 6045 6040 6033 6030 6027 6026 6025 6016 6011 6008 6001 5999 5996 5984 5981 5974 5972 5967 5966 5965 5958 5956 5951 5949 5948 5947 5942 5939 5938 5932 5929 5927 5923 5922 5921 5915 5911 5907 5906 5901 5900 5870 5869 5866 5859 5857 5854 5853 5849 5848 5846 5845 5843 5841 5839 5833 5832 5827 5826 5822 5814 5807 5806 5800 5798 5797 5796 5795 5783 5766 5765 5757 5752 5740 5737 5726 5720 5713 5709 5706 5704 5695 5692 5691 5689 5685 5681 5675 5673 5672 5667 5665 5659 5655 5651 5642 5641 5638 5631 5629 5624 5620 5614 5613 5606 5605 5600 5594 5591 5586 5585 5583 5579 5574 5571 5569 5568 5567 5566 5565 5552 5547 5543 5539 5537 5533 5528 5526 5525 5523 5522 5521 5515 5504 5501 5499 5488 5483 5473 5472 5468 5464 5458 5455 5451 5450 5448 5447 5442 5438 5436 5430 5427 5422 5421 5415 5413 5411 5407 5403 5389 5388 5386 5370 5369 5368 5367 5360 5357 5356 5354 5351 5337 5323 5319 5318 5315 5309 5308 5305 5302 5297 5292 5290 5289 5288 5283 5280 5278 5277 5276 5275 5271 5266 5262 5259 5256 5253 5252 5251 5246 5243 5242 5239 5209 5208 5206 5205 5201 5200 5196 5195 5188 5184 5183 5180 5160 5155 5150 5149 5145 5143 5132 5131 5129 5128 5125 5113 5108 5093 5085 5081 5079 5077 5076 5075 5065 5063 5061 5060 5058 5056 5040 5030 5029 5028 5026 5015 5013 5009 5007 4995 4993 4986 4981 4980 4979 4976 4975 4970 4969 4966 4958 4955 4954 4945 4933 4932 4929 4927 4919 4916 4911 4909 4907 4905 4903 4897 4895 4893 4890 4889 4883 4879 4878 4876 4874 4870 4869 4867 4866 4860 4849 4847 4843 4841 4837 4835 4833 4827 4825 4822 4821 4816 4814 4813 4806 4804 4803 4801 4792 4791 4789 4784 4783 4780 4777 4767 4765 4752 4750 4749 4748 4743 4740 4739 4738 4731 4725 4724 4721 4703 4702 4699 4696 4694 4684 4682 4681 4676 4674 4670 4669 4667 4663 4655 4653 4643 4642 4634 4633 4627 4622 4619 4616 4598 4597 4596 4593 4589 4581 4576 4574 4562 4555 4553 4549 4543 4538 4535 4534 4527 4526 4522 4519 4518 4516 4515 4514 4509 4499 4489 4487 4485 4478 4474 4466 4463 4462 4457 4452 4451 4446 4444 4440 4439 4434 4429 4426 4418 4413 4408 4407 4396 4395 4394 4393 4392 4391 4386 4385 4384 4376 4369 4367 4359 4353 4350 4348 4345 4343 4342 4338 4334 4328 4327 4323 4319 4318 4316 4315 4313 4306 4305 4304 4296 4294 4293 4290 4289 4283 4282 4279 4276 4271 4266 4264 4259 4258 4257 4253 4248 4247 4234 4233 4229 4226 4225 4217 4216 4213 4206 4195 4186 4180 4179 4172 4171 4167 4161 4160 4156 4155 4136 4132 4131 4130 4128 4126 4124 4120 4111 4109 4106 4104 4103 4093 4091 4086 4085 4083 4081 4075 4062 4057 4055 4050 4046 4044 4039 4038 4037 4036 4034 4031 4030 4026 4021 4018 4009 4002 4001 3994 3985 3984 3983 3969 3967 3963 3961 3958 3956 3953 3951 3944 3939 3937 3933 3932 3925 3924 3923 3920 3916 3913 3912 3908 3900 3898 3894 3893 3892 3886 3883 3880 3878 3877 3873 3871 3866 3862 3859 3858 3851 3843 3842 3841 3834 3831 3825 3823 3815 3814 3812 3806 3803 3800 3799 3795 3794 3793 3786 3784 3781 3780 3772 3770 3768 3765 3764 3761 3757 3755 3753 3746 3744 3742 3737 3735 3734 3732 3726 3725 3724 3723 3720 3716 3707 3706 3700 3695 3691 3690 3682 3677 3673 3672 3671 3668 3658 3656 3653 3652 3649 3646 3643 3639 3631 3628 3627 3626 3622 3621 3619 3618 3617 3616 3610 3606 3604 3600 3590 3585 3584 3581 3577 3574 3573 3568 3561 3556 3550 3538 3535 3531 3528 3521 3520 3518 3509 3497 3495 3487 3483 3479 3477 3474 3470 3467 3463 3462 3460 3452 3446 3436 3425 3418 3416 3415 3408 3406 3405 3402 3401 3400 3397 3394 3391 3390 3386 3383 3382 3380 3378 3373 3369 3366 3364 3361 3360 3357 3352 3348 3346 3340 3336 3335 3332 3331 3328 3318 3316 3314 3313 3309 3302 3299 3295 3289 3287 3279 3275 3274 3270 3268 3267 3266 3264 3260 3259 3255 3251 3244 3241 3233 3226 3222 3221 3219 3217 3212 3203 3201 3200 3196 3195 3190 3182 3177 3175 3164 3162 3159 3157 3155 3154 3152 3150 3146 3144 3133 3131 3130 3128 3127 3124 3123 3115 3112 3106 3105 3100 3097 3096 3095 3093 3089 3080 3070 3067 3065 3057 3053 3052 3047 3040 3037 3033 3021 3009 3003 3002 2996 2992 2988 2983 2980 2974 2971 2963 2962 2956 2955 2952 2950 2938 2934 2932 2930 2927 2921 2919 2913 2910 2901 2900 2897 2892 2891 2889 2888 2885 2884 2874 2870 2864 2863 2860 2856 2854 2848 2846 2845 2841 2833 2829 2826 2821 2818 2813 2804 2803 2800 2798 2797 2792 2789 2784 2778 2775 2773 2772 2767 2761 2756 2755 2743 2734 2733 2727 2724 2721 2719 2716 2712 2708 2705 2703 2699 2696 2688 2687 2685 2681 2679 2674 2668 2667 2665 2664 2662 2661 2659 2658 2656 2644 2636 2635 2632 2627 2626 2622 2621 2616 2614 2607 2606 2603 2601 2600 2598 2597 2592 2590 2588 2583 2581 2574 2569 2568 2562 2560 2554 2544 2542 2533 2532 2530 2526 2515 2514 2506 2503 2484 2479 2472 2471 2461 2459 2458 2456 2453 2446 2441 2435 2431 2425 2424 2423 2420 2419 2417 2403 2402 2400 2399 2395 2391 2390 2387 2386 2385 2375 2369 2366 2365 2352 2351 2348 2341 2339 2332 2328 2325 2320 2317 2312 2311 2304 2286 2281 2280 2277 2275 2274 2273 2272 2271 2267 2262 2260 2259 2256 2253 2245 2244 2239 2235 2232 2231 2228 2225 2224 2221 2217 2215 2205 2200 2199 2193 2190 2189 2188 2184 2183 2181 2179 2174 2169 2168 2163 2162 2161 2159 2158 2157 2153 2151 2150 2149 2146 2141 2129 2117 2116 2113 2109 2108 2103 2102 2095 2094 2093 2087 2082 2081 2078 2073 2072 2068 2067 2065 2062 2058 2051 2049 2046 2039 2038 2030 2029 2028 2022 2018 2016 2014 2013 2012 2009 2005 2001 1999 1996 1994 1991 1989 1988 1984 1980 1975 1972 1971 1968 1966 1965 1958 1954 1952 1948 1941 1932 1930 1929 1928 1924 1920 1917 1916 1912 1911 1909 1907 1903 1901 1900 1899 1897 1896 1892 1890 1886 1884 1876 1870 1862 1857 1856 1853 1850 1841 1840 1839 1834 1828 1826 1825 1822 1812 1810 1809 1802 1800 1799 1798 1796 1795 1783 1774 1771 1770 1767 1766 1761 1759 1750 1749 1742 1739 1738 1737 1733 1728 1727 1719 1717 1715 1714 1711 1707 1705 1692 1690 1688 1687 1686 1684 1681 1678 1677 1675 1673 1672 1669 1665 1657 1653 1650 1649 1647 1644 1635 1632 1631 1620 1614 1607 1604 1601 1600 1598 1597 1596 1595 1592 1589 1585 1584 1582 1581 1578 1570 1568 1558 1557 1556 1544 1539 1536 1534 1532 1522 1520 1516 1511 1509 1505 1502 1498 1497 1494 1493 1491 1490 1489 1488 1485 1483 1482 1475 1471 1470 1469 1465 1457 1455 1454 1451 1449 1444 1441 1440 1434 1432 1429 1419 1418 1410 1409 1405 1404 1402 1395 1387 1386 1382 1373 1372 1371 1370 1357 1355 1351 1349 1348 1345 1343 1340 1330 1318 1309 1295 1287 1279 1278 1275 1270 1266 1265 1257 1248 1247 1244 1232 1230 1224 1220 1212 1210 1200 1197 1196 1189 1188 1180 1179 1176 1165 1164 1163 1162 1161 1158 1151 1148 1145 1144 1139 1134 1133 1125 1123 1122 1112 1109 1101 1099 1084 1082 1081 1079 1078 1077 1072 1070 1065 1063 1059 1058 1057 1055 1054 1053 1052 1047 1045 1041 1039 1033 1032 1031 1019 1017 1014 1012 1006 1003 997 993 988 986 981 980 970 968 963 962 960 956 955 953 949 947 942 941 939 937 934 931 930 927 925 924 918 917 916 910 903 901 898 896 893 891 882 878 877 870 866 863 861 857 851 848 844 842 841 838 837 827 824 823 822 821 818 811 806 797 796 795 791 788 786 779 778 775 771 765 760 759 758 754 751 747 737 735 729 728 725 721 717 711 703 701 697 695 692 689 682 678 676 671 668 665 663 662 660 648 646 639 638 626 625 621 620 618 617 616 612 599 597 591 588 587 575 566 564 560 557 552 551 545 543 540 527 523 521 520 518 514 505 503 501 500 491 487 485 483 478 473 472 468 464 463 462 459 449 447 433 431 429 422 419 410 407 406 404 403 402 396 385 383 373 371 370 366 365 358 357 349 347 346 339 338 337 331 317 314 309 308 305 296 295 294 293 282 279 278 263 260 259 256 253 250 247 245 244 241 239 237 236 234 232 228 227 225 223 221 214 213 208 203 197 196 186 184 181 177 175 173 170 169 162 159 158 154 151 145 144 142 136 135 133 132 130 123 119 118 114 111 109 104 101 100 99 96 94 93 86 82 72 70 68 64 62 59 58 56 53 48 43 38 37 36 32 27 22 20 14 12 9 8 4 2
