0
0
0
0
0
0
0
0
0
0
0
0
0
0
0
0
0
0
0
0
0
0
0
0
0
0
0
0
0
0
0
0
0
0
0
0
0
0
0
0
0
0
0
0
0
0
0
0
0
0
0
0
0
0
0
0
0
0
0
0
0
0
0
0
0
0
0
0
0
0
0
0
0
0
0
0
0
0
0
0
0
0
0
0
0
0
0
0
0
0
0
0
0
0
0
0
0
0
0
0
0
0
0
0
0
0
0
0
0
0
0
0
0
0
0
0
0
0
0
0
0
0
0
0
0
0
0
0
0
0
0
0
0
0
0
0
0
0
0
0
0
0
0
0
0
0
0
0
0
0
0
0
0
0
0
0
0
0
0
0
0
0
0
0
0
0
0
0
0
0
0
0
0
0
0
0
0
0
0
0
0
0
0
0
0
0
0
1 9322
3 8111 9485 4598
4 2114 4378 2485 5630
6 5303 3941 3301 2231 8107 8656
7 2574 9986 5322 7344 6064 4928 1090
5 4441 658 1355 7411 2779
17 2536 6470 4460 2763 838 7233 4477 3250 5567 1950 3550 1400 7571 7293 2819 9476 5780
16 2531 6212 9848 9976 1622 1451 2753 8480 2227 2639 1379 6803 7547 329 8863 2620
13 348 4725 4491 1065 6034 139 9576 9863 7166 587 6217 1235 4712
17 1757 6558 8705 8580 7874 6372 6297 6122 6311 5650 3289 2829 3872 655 9882 5033 3634
12 3093 8570 5656 3168 3207 9767 6524 4791 2804 5562 8898 4539
14 4211 707 9298 6243 8354 5544 9904 7029 3719 5915 1738 6656 2367 5723
13 6605 5321 1528 3497 5663 6397 6161 2400 561 764 8268 6480 4184
14 3523 8953 8484 4257 7371 2075 3202 8539 1399 8683 5836 4111 849 5269
16 6401 1987 727 1208 3467 7966 3218 6842 7841 7399 4135 7270 9607 212 3531 4901
5 4685 4063 2582 7722 1921
14 5339 7204 6241 1323 4354 9349 2968 2585 9296 6732 1690 277 9527 6051
12 4024 2438 8716 7697 6498 6390 2215 5227 4789 7907 8385 7326
5 3529 8715 3006 9802 6588
6 7655 1315 9330 1990 1864 3517
3 7049 900 4916
2 6511 7690
2 3642 6065
1 9418
13 1983 433 7266 3725 520 5140 3995 2134 4707 7947 5690 1637 8694
3 2630 9932 2103
4 7348 4364 4171 4576
1 2451
15 6805 9649 3739 6455 6541 5341 4850 7074 2007 6647 9343 7460 7162 1635 6627
4 5044 3107 9770 6090
9 2456 4923 5481 8479 4875 537 6121 8114 5320
3 1868 5638 2338
3 5273 7652 5517
7 2157 3071 2678 9481 6576 6632 7649
1 4347
4 4747 8314 2659 1445
2 1911 3748
1 3232
4 6596 8360 7272 233
2 8009 4188
2 9700 6575
4 9768 7187 6413 973
3 9255 6164 531
2 2149 8311
3 7134 3952 3143
1 3708
1 2084
2 9958 63
1 5193
1 519
4 1099 3048 5065 9941
1 5107
4 2791 1793 7747 9600
5 9957 9913 5136 6475 6787
1 4644
1 5823
3 6055 1993 4300
2 8629 6479
1 75
14 5756 6461 5377 9273 8074 3536 6255 6766 402 4395 1932 3195 7260 5738
14 8625 2906 7992 1913 250 6369 7768 3182 7317 2175 9970 9281 8808 969
16 4543 7031 1746 8118 5675 4715 8439 5051 6562 8036 6584 1189 7036 2651 1298 9741
16 7426 4568 5069 5472 3324 4195 1260 1257 5525 9619 9499 7955 525 9910 1168 9307
16 2940 5333 8063 3623 2633 1715 6481 6125 9990 1132 2061 7466 9908 2076 6581 7010
40 3150 5263 7519 5086 7603 3411 3238 3836 3537 2489 794 9059 1810 9870 7024 5474 1092 9839 3392 6456 2720 2859 6399 751 3605 183 2447 4847 6984 8612 1157 6834 8806 7254 8359 9657 3483 7857 1508 7207
49 1554 9751 906 1080 1795 4933 3733 2166 7952 784 5522 6389 3558 7338 7392 8076 8914 9554 5343 7038 6276 2083 5366 4856 8668 5036 8623 3121 4825 3028 4417 2220 1819 2256 222 2327 4054 3193 538 9174 1720 1072 8531 5025 2529 876 9198 6239 2288
61 724 4765 227 1670 3679 5115 6936 7890 7109 9515 5658 6677 8072 6262 4093 4273 9533 7880 4745 1012 1839 2832 4263 2919 1370 3254 2457 7743 8258 9500 1861 8943 2495 2092 557 5947 7859 8498 4522 7932 303 507 3432 8171 7098 5267 6023 2733 945 9938 1663 4816 6089 267 9496 2117 50 2392 2079 5445 7796
66 3914 6030 4219 2752 357 4587 795 7259 1076 6703 2908 9350 2266 8389 3037 685 7142 902 4588 3784 3388 1082 6531 886 5584 2943 1557 4869 2548 2397 7370 4092 387 4368 5767 9344 9430 6282 7700 7803 263 5056 4310 5001 4191 3125 3419 6759 490 3077 2277 867 9574 4744 2159 7954 366 4810 1782 5785 7501 3257 7073 8647 1995 5453
78 804 4949 8678 1860 1148 9984 2350 9385 2186 4910 6113 7625 171 5990 7176 9147 4514 3001 8620 5875 1541 3465 383 8848 6553 1897 5277 8150 472 168 6357 3280 7071 4168 2760 933 1988 5018 2923 7340 3798 2606 3622 7663 9177 3888 2237 95 9196 9616 5758 5924 4509 1858 9596 8461 4865 5212 646 976 3732 2023 2750 7170 7193 4849 7420 9449 9879 6694 6926 1031 4362 8088 3426 2376 9924 8799
84 9696 3104 4390 9460 6200 7979 7638 7219 9933 7552 5483 5109 9621 82 6444 6005 8697 7957 1681 1612 5693 1131 8873 2950 5223 5376 927 22 8517 3185 7078 2788 3683 7671 5293 4900 8603 5142 6233 9690 6263 6856 972 9529 9110 5647 9127 9812 7377 8734 6085 394 3543 8094 9359 7587 214 274 3616 2979 3409 8758 6850 9717 1224 2333 842 3880 5807 1984 5607 7145 3087 4971 4427 5922 5589 10 5624 7228 1374 7868 7289 7417
65 2049 1264 6322 6868 5144 1055 8320 8790 1804 2242 3830 2433 3803 2541 530 2179 4931 8493 1269 9842 5440 7925 9412 5550 545 7838 1933 567 8661 6780 2724 6878 2424 6426 3401 6448 2324 9424 9483 1918 7236 7353 1781 1584 8866 9528 3852 2271 155 7274 7311 1274 1202 7389 897 6355 5217 7461 8985 828 826 5408 9034 2104 7368
76 6351 6283 3442 4165 5949 289 4887 5126 8957 3804 2918 5323 5138 679 5177 2322 5253 9781 1602 2689 5407 6860 1516 7472 9368 6820 7387 9993 7771 7766 8931 6849 4379 8989 3011 7300 7493 2939 2225 8223 9668 9757 635 8242 3552 9426 762 8023 7848 9676 2272 9985 5103 5923 5288 1273 279 3999 2688 2861 3969 8091 136 3294 3309 5992 2655 9945 5873 8188 2340 8818 3841 197 7154 1154
71 4718 5210 3703 6731 6105 9880 107 3299 8154 2937 8316 2001 9270 1317 6472 6188 5222 8131 1349 4281 6672 3407 8832 8976 5281 3124 331 9655 2577 5024 8446 7953 2464 30 4230 4373 9876 7564 9507 2708 4232 7500 3113 4645 6326 1973 2299 7093 3638 2596 3690 6875 5602 3787 4528 7113 1617 1687 3221 1827 5792 2566 316 3910 2896 2638 7551 4061 2559 2248 9914
106 9925 6062 3937 5564 4169 7309 7698 6117 2399 2304 7867 3 3009 7416 2168 7728 7286 8594 2295 2138 8756 9407 9585 93 2334 8478 2027 6218 5748 980 5369 9885 8588 1242 8309 9260 2028 8055 4774 4720 5661 1695 3975 4835 2877 6386 109 2463 3502 9010 7491 6742 3920 5695 1122 4750 7630 5239 9077 4555 5287 7292 2929 5498 3473 1246 9896 4826 9783 4853 1970 9807 9614 9897 8704 5745 6118 8071 6370 2476 7562 8326 6917 5381 1443 6579 2285 4255 2328 7644 9253 7711 4228 1119 9710 9041 3328 9869 6094 7926 1184 8768 9873 5473 4978 3818
122 9321 4661 8090 7229 4260 2698 6497 3119 328 9257 4951 915 8969 9227 1037 1036 6003 5669 3268 8699 5258 5999 2144 3050 785 7180 9027 6816 3949 5188 6299 5580 5163 7278 8441 7405 2960 1610 6329 4691 4997 8655 1852 1683 1419 1688 521 1444 5818 4906 3314 3435 2878 2465 4511 4601 8814 4743 922 628 2800 1771 7844 9707 1070 8355 7385 86 8610 645 3895 7733 4493 5989 3824 1741 3754 9017 4399 2259 2473 4987 9005 9396 1230 5421 1476 6641 1008 1438 988 1979 3823 9146 5011 6723 5709 6593 5286 1108 374 1017 7119 8554 8343 8637 6002 3311 8893 5471 467 7801 5489 3366 3957 1484 4708 5851 5991 2406 8351 4678
105 3720 2550 8177 8492 7421 6970 5112 2769 9956 8540 8950 5226 2815 309 9549 2519 3881 2346 5368 9665 4597 4231 3103 2450 2674 2728 7931 8182 8238 9658 9274 620 3144 5384 6185 8213 7484 5501 8214 2522 3058 7776 5811 7785 3456 5118 6951 6129 32 1145 6741 4120 7238 1052 8926 4139 5546 5730 9683 2653 6466 8319 8587 5340 9922 7632 5977 4991 3428 454 4330 562 7814 3509 9313 8342 7452 2471 9623 9348 6209 1869 5686 1951 9865 4459 2718 5711 4517 4619 677 4380 9113 3985 7729 120 5374 9968 3305 6264 5877 966 4871 7908 6246
101 6504 4655 1588 2024 7488 8375 9223 9456 8897 939 4692 4048 3984 6547 4758 425 9425 2318 3215 2176 6847 1423 7409 392 7209 5175 9087 7802 1206 5480 7076 6434 5327 4376 7846 3584 7712 3974 1721 2165 3944 8915 1856 3063 1461 4277 7893 2372 5646 5378 9292 1511 8764 2727 1088 5174 1632 2200 8155 8082 2307 3885 285 2941 268 4719 8419 9846 2580 8692 7507 7160 1234 1775 5143 3338 2377 9369 7465 7658 7101 607 5719 2072 1685 4905 44 3588 6818 1939 3779 3652 8105 1672 6332 8092 1001 2809 496 1596 6172
115 3902 9340 4397 3632 7096 5771 3460 3312 6463 1590 8949 7798 2145 2573 9612 2051 5308 2555 9980 5416 4018 6292 4096 6007 8442 3619 1440 8718 9648 435 6738 9491 1149 4521 3654 431 8123 9889 9056 2097 2735 70 4844 54 7928 1548 4565 8448 334 9216 4599 4425 6176 6060 7258 3446 9763 9256 4471 6692 8490 2185 8422 9197 2387 2695 9469 4059 5755 7217 4534 4162 5733 481 4086 7283 6736 342 4649 1394 7446 4203 6165 6700 6194 5141 8229 9859 8888 6548 8388 1857 6911 5155 4593 485 8515 8306 3111 8994 6745 7746 8981 4580 453 2385 9927 501 4698 3664 6776 824 6142 3554 7899
116 9692 5939 8205 4066 9441 5197 6959 4503 6928 6092 2736 9175 540 2141 9033 1123 2085 8766 7144 8992 4192 8421 8293 703 5682 1004 7054 3203 8649 2917 3100 7483 9220 9339 5355 5838 7784 5068 7037 8760 9815 3603 1708 6191 6693 3955 3454 1908 6997 8536 7877 8938 4749 6406 5265 2056 7130 895 4855 1068 9681 6226 6930 6851 9119 3047 5590 6302 1537 9587 6617 3408 3162 4868 6863 6505 8800 8198 4159 7797 6529 154 6645 4234 7913 1362 3726 5518 1155 5765 186 1297 4790 4993 7052 3239 2393 7617 6013 4291 3274 3041 6988 2268 4561 1607 8187 3956 6269 3106 2386 7066 3285 6179 4097 5987
121 8141 9159 3145 1466 8561 377 7337 9447 3878 4994 6992 6093 8851 4808 3698 5942 1835 3172 3811 2253 5207 404 5448 8277 7667 4030 1093 6566 2622 7944 8454 4015 4478 2853 8256 7489 8687 7468 9308 5700 9442 3648 7812 5023 3362 5904 4857 4665 8358 7284 7811 2122 560 1524 2705 9249 2852 1176 6486 3010 2534 1553 4199 1452 2369 5786 984 2287 802 5409 5076 9209 5037 9999 5493 613 5884 2792 5495 6792 471 4786 1087 742 8856 7819 4709 9684 8280 9744 5710 4324 1912 1110 7480 7128 808 3586 6103 399 7453 3661 1947 7396 2093 3717 7858 5593 1015 2357 1446 1105 2123 4592 7123 5717 6038 946 1791 4690 9837
114 94 7186 8468 4878 6610 8434 4088 8592 5908 450 3260 2858 2305 8885 3306 7161 1267 3455 4573 7177 1969 6746 5744 5883 5857 6341 2637 7441 1245 8828 5556 252 5570 2303 8723 7580 6084 5183 2654 5856 4726 5597 4064 3670 6590 199 7983 39 6178 6224 7150 3778 5664 6253 9217 866 3801 4637 3495 1664 3437 5737 8168 1173 8972 3927 5958 5081 6050 2806 7975 6417 8367 8271 8997 2997 6035 2490 179 8397 3342 9105 7971 5165 5414 7920 5328 9972 4296 2374 9301 1112 1878 1790 4450 9020 6408 2627 6660 1115 6798 6028 1295 769 6883 6404 8290 4540 8819 518 7165 7063 6804 9784
123 333 7418 7901 2156 9814 1512 8730 8128 7235 9336 9591 3302 144 1862 5553 6234 273 7442 9150 1644 2914 5251 4739 8966 9874 813 8368 2782 365 3040 6309 8741 3904 5739 6793 4545 9240 4562 1219 2892 4483 4559 363 7190 7614 2078 452 4990 868 7039 6586 527 1935 2699 5890 9833 858 5451 3893 8963 3759 7077 1968 4551 2981 9931 1894 7033 7126 9290 2888 6111 9630 2889 101 6009 7889 803 4321 6940 6045 7189 5841 8495 2164 8671 8827 9901 8161 7357 3915 28 8059 7017 2190 1331 5085 7360 5120 3219 4959 6688 5173 8241 486 5459 1474 2703 8987 31 9774 5926 9987 8986 9094 9829 4422 7474 6564 9860 4771 7820 9478
110 3179 612 9868 1805 8710 5740 2836 4458 3659 7982 961 2614 6374 3367 8162 5945 7721 1276 1095 5166 3722 8012 5348 4975 5446 3821 7916 8993 1555 8460 8912 5119 3813 1643 5906 3431 5699 2948 9750 4823 9628 3635 1126 8020 1929 143 877 7919 7114 8489 6147 7853 9283 4839 4280 9794 1927 9264 7622 2945 955 7808 1195 812 6946 1623 307 9867 508 7624 9644 7051 1334 1284 5858 5094 7198 9114 7034 6259 9210 7657 8451 1311 3081 1337 1281 2398 4416 2203 1958 621 6654 8165 2501 6929 1385 2345 9080 3083 1255 3349 451 1150 7654 2493 4635 2783 7215 6202
114 719 1141 2381 5801 286 6319 5008 5889 6294 8850 702 9522 5247 5387 7724 6983 6284 6995 4248 6520 2218 4082 2053 2429 1794 2673 3079 975 4950 9675 5176 2601 3156 4432 4630 1089 2799 9634 6069 718 2178 6674 3434 384 6449 7990 71 6612 1544 345 3199 7043 4160 5048 8137 2010 2845 6895 6453 6350 2631 5541 2568 6621 8843 3820 5957 4070 1033 6939 7832 6527 7573 3244 774 9946 7325 4854 9271 8181 4102 7085 8357 3223 9259 1755 7224 4729 6560 1183 3438 4705 2427 754 5538 2250 9713 1333 2709 9517 6972 8582 7261 8011 6762 8585 1327 7921 2213 4339 5470 1773 2994 6441
115 9145 306 2163 8607 280 4501 8406 2803 3533 4060 2890 8781 9685 8431 4091 9459 7864 2570 1745 4 3177 8751 8693 3283 7383 5654 62 5706 6554 7719 9825 2838 8920 541 2435 5439 87 8700 5976 8783 6015 789 9153 1096 5350 6574 881 353 1163 4290 1436 2408 2818 6368 9287 5600 710 8149 8378 533 6846 234 6362 4845 6565 8200 3567 8401 4094 7210 3325 1265 4742 3248 9337 5431 7070 3217 7646 7640 6896 7786 2035 921 4755 6903 8157 1506 351 5234 4733 6501 3713 8747 4042 9766 2264 1509 2510 9099 2706 9778 2848 6881 5859 8070 6722 8402 8412 8167 7978 4418 6173 2155 9577
107 352 7793 182 9361 5537 8875 1410 1499 4050 2535 952 9123 4629 6844 15 7408 4795 8634 8201 134 9943 5157 2794 9362 8235 1944 5168 6328 2538 4641 5189 2552 4958 8944 1228 2116 5290 1044 1796 8248 8345 3251 1744 7973 125 4420 1170 5504 8630 3514 7831 7265 917 7018 4676 9617 7378 3814 6861 4843 56 9624 9405 444 241 6058 7447 4357 4837 7262 3916 1649 3964 7372 8361 9373 8209 3526 9468 7263 6852 3374 7445 1997 2177 1538 2063 3614 7505 3938 5725 6709 7810 6041 1601 4237 9293 3589 4548 1928 8583 3918 9782 6088 3876 5486 4361
105 6683 3833 7574 1556 5865 3322 9130 7707 9120 1380 8615 5910 9096 6580 1373 8746 1542 7201 8494 5424 2410 5850 1882 5302 1895 2961 8398 2624 1304 2415 1259 3166 5238 7305 5304 2986 2647 5404 3834 798 1650 3360 9158 5848 7612 5840 4617 7298 6375 7035 3753 1457 8732 7558 449 6726 2219 4525 4610 8425 6953 6124 2839 9266 2131 9473 9239 3976 9230 3666 5283 8208 3115 8785 6047 6158 1699 5088 543 9789 372 2284 1546 9221 9291 6086 9524 218 2095 3527 7544 787 8658 2008 3161 2371 1313 7593 6189 1503 1653 3570 2611 5681 6014
105 1125 3076 5324 8415 1491 6890 3383 8566 2042 9804 5668 4400 5181 6869 304 4408 706 9773 9915 2840 1592 5925 6817 380 9725 6944 5639 8486 5523 5235 9203 9737 1431 7062 5413 1158 7407 7334 7082 1002 4892 9855 5411 924 1091 8015 8864 782 2730 8761 2982 6540 3674 6451 4113 1383 6078 2111 8029 3109 4648 7438 5236 5246 8259 7003 772 3549 5853 4359 9088 2515 6346 6923 3230 757 9605 4912 8853 7169 8838 735 4366 3141 9065 859 1626 7616 5110 1361 9320 2834 9613 1486 3653 7677 2119 4872 368 9731 4897 7568 2719 697 960
106 3775 8523 8125 5503 2855 7358 1021 3044 5129 1809 3396 3682 5968 1855 2578 9761 8549 6242 678 7430 489 8176 745 2762 6286 3587 8322 9289 4446 5502 6344 1207 5035 391 6918 6183 3631 6813 741 2935 8659 5828 3488 8899 3303 3771 6114 2560 6873 3175 2151 2060 5095 1496 7556 8190 9852 4129 7218 299 884 6079 8519 8702 6120 7961 6775 5636 9641 3372 1901 6004 6219 8301 2605 4007 3270 4445 3750 2317 3676 8344 3613 9433 441 7342 4927 2626 634 8695 8712 6136 4840 9023 9244 7089 7731 9463 7631 5712 8374 4345 5779 9431 202 7917
125 9832 962 5919 9890 8502 7781 2713 3496 23 6668 9820 1040 314 1816 7694 8503 9797 9930 2963 5298 4455 6102 7485 3757 3292 4309 2258 8865 7299 3033 6128 7915 1368 3489 7356 8377 2983 5887 2233 4264 8040 5012 1872 9973 8224 8499 6033 5983 1564 4657 7423 2020 8145 9780 1934 5847 133 2790 9501 7308 4382 6026 4779 3220 9390 2077 5214 2872 3961 14 1876 4700 2110 3571 8333 9262 4609 8420 8396 4787 1903 3776 8839 6685 1940 6043 6949 6894 3843 6831 7599 1922 1041 728 9048 137 8951 3469 8922 4409 9569 9602 932 7306 2491 5946 3135 2694 6339 1279 6828 4615 3710 731 7090 8305 8487 5918 8574 5029 5007 3159 283 3021 1648
101 7539 726 4122 7871 6265 7496 6635 2244 9128 9966 3950 3524 7742 3954 7232 5082 3851 1740 9831 899 9242 1487 216 6099 6643 3854 6446 9583 9393 4465 1609 6652 4929 4542 1668 1435 3035 4021 1172 5395 2120 2900 6728 9135 4919 7346 4748 2615 5581 7199 5972 6462 7171 2193 7124 3073 1047 335 3043 7365 1581 905 3222 2319 326 9518 1884 3761 4711 1432 668 284 4620 142 2905 7902 1633 88 3112 5599 2618 3943 7463 8559 5466 427 940 3583 2572 6358 448 9687 3522 7852 5257 7837 2556 8631 9192 6537 8465
123 8033 7138 4523 2851 1769 7914 5552 3581 1942 1925 4796 6001 4773 417 1909 3598 4717 4535 4034 4966 6748 6237 9382 9115 4084 7147 8108 6966 7842 1300 5619 9238 590 5218 9477 8572 8553 8793 4004 3770 6740 9854 5090 4736 3908 9420 323 6609 4243 8159 2255 5083 3563 2685 5830 9370 8775 6082 1642 8686 4925 5833 4633 6156 713 7058 3672 254 7758 9047 4800 8773 4244 1495 1789 7829 583 302 2029 2026 1931 6528 1471 6199 495 4972 5979 6381 3966 9843 5933 9206 5684 8102 6101 6420 898 4462 4336 2545 6801 3729 3559 6053 3015 8535 5261 8516 6667 8376 2999 5667 2143 7764 6633 3474 3038 8216 2901 511 6843 5707 1766
110 3660 6885 4801 3240 6557 9288 9538 3628 687 1113 7394 7689 1140 3201 4217 7020 5566 3953 5612 421 1985 3380 2768 215 2339 2058 5901 4530 9055 9121 385 4377 7960 7541 5312 1064 2274 2707 1028 3341 1301 1620 9254 1679 4130 3825 9090 4262 9029 8144 4667 3356 9218 9458 8142 6836 2761 3585 3889 4851 5443 9453 3897 6629 5114 2130 6807 9140 4118 8414 1941 2321 3329 2684 370 2402 8496 8525 8869 8795 2361 8064 7565 364 7250 3689 7665 317 3023 8690 1318 8433 2884 3459 9878 8002 2866 4138 5747 205 321 4590 8501 8298 3381 5042 4767 6730 411 2518
114 3440 6042 6424 601 5645 8669 6897 6791 1364 6729 554 7030 5721 5529 6482 5206 460 6973 3582 896 3764 1220 7723 4156 1059 919 4252 9537 3573 3997 3858 7369 3528 2738 1777 720 6300 9949 4799 3865 3212 1980 4163 21 9375 2230 3546 7108 258 4582 6927 2124 4132 116 6735 8337 4294 918 178 5761 5006 8348 3896 6380 6743 1887 9513 9103 1 325 9534 9509 2521 2229 3822 875 4023 463 2192 8767 4863 5893 3189 4939 5004 8557 8474 3980 5243 8622 7220 2294 6887 2360 3510 8685 2214 7604 77 1765 2731 5882 5430 65 3979 5161 9422 8916 2616 5609 9645 7805 8887 6906
121 2446 7584 1999 9742 9246 625 2090 8545 275 2785 9695 7611 3643 3471 1976 2012 3476 8083 7351 432 7575 6348 4286 1025 4053 9097 4567 343 6658 6427 7464 572 1547 7379 2238 9975 484 6559 106 3715 9314 3532 5769 7670 5687 2835 2547 3606 9728 3490 9051 3134 239 8604 3695 3317 6298 1056 6716 7948 6915 3477 48 585 1094 2739 3344 6530 1469 4970 3837 3971 3602 3884 536 9567 3088 7428 4763 599 8537 6140 5891 3282 7226 9137 3564 1463 9926 5250 5888 1586 4265 783 4999 7197 8742 37 8192 2046 4783 2533 9805 9788 1937 1943 891 396 9586 8272 287 4674 9971 7903 7178 5410 5204 977 4625 2504 2107
112 681 1717 6808 2805 1587 2091 9360 3492 4447 3929 4701 5532 9470 9787 5113 4068 350 9592 4824 9224 2205 3620 5680 5520 4250 5797 2221 3332 4730 5351 1760 2096 7896 4356 7240 1299 2310 5401 4457 8904 290 7664 1118 2286 7462 2062 9793 9502 6976 4612 403 5974 1962 1321 225 3132 2817 9552 5716 4351 1439 1221 3599 8975 2697 2245 3805 6877 3596 478 6739 2128 9730 4187 5980 8303 5697 8524 5620 3617 2880 2002 5576 4772 9013 5814 9680 2363 7799 8556 6659 1686 1583 1815 7121 5101 2571 6052 6901 6068 7951 5844 2031 7002 4714 7772 6969 8514 4235 8470 2494 2980
113 9191 9180 327 4804 8057 8372 3756 9662 1539 5049 4754 7569 5528 910 3519 477 3612 291 1421 229 3845 3992 663 2701 4867 4553 5726 1750 6634 2642 9356 8564 6994 1222 6919 5274 9182 4575 8638 6764 4396 6795 1792 6412 4040 871 3925 1724 8347 7068 4873 2857 1630 6206 7429 6010 259 7884 9185 805 1482 3942 2032 9326 5752 4424 8129 2475 5531 193 6884 414 1346 834 8116 5617 5098 6967 6789 9429 1252 7506 7821 4668 6373 5626 8473 1814 6081 4403 6281 7252 1005 4267 9181 857 7524 4907 7457 8736 8846 4531 9143 4841 9828 8731 4827 6435 1350 2249 3403 9643 5666
106 8896 9243 3991 1712 8170 4481 4803 7922 1100 874 6509 2767 9073 627 1597 6563 7249 6410 1239 2018 7974 8285 2644 9546 8328 9107 5457 4385 926 9954 6550 6630 8593 6037 59 4941 1986 7275 8562 9952 301 8815 2998 3241 8332 9280 3449 7588 7557 1409 4148 9666 4072 8362 6134 8860 6977 8960 52 2043 6180 8034 398 1338 5422 4911 4372 7083 97 3485 1043 3052 4731 2958 6107 1696 8173 6679 7469 4848 6899 9036 4038 2065 3066 8567 105 3450 7807 1543 2054 4346 5734 3308 990 8228 8891 3962 836 8978 6955 3870 3555 9969 5211 9604
117 9413 9215 4107 5383 6982 1573 8568 7984 552 1186 2557 5914 4870 9747 4279 3867 7323 8053 817 6910 4009 593 1907 6016 5020 1016 9777 132 3225 8046 4486 5079 3151 674 1821 9394 1759 4247 925 5935 9733 619 5070 6225 790 5279 6705 3484 4988 3290 8892 228 8455 4100 3685 7989 6829 7509 1879 2903 4813 9824 664 8621 1667 2741 6166 4335 9400 1272 379 1567 6384 5248 1341 4623 5385 3056 2420 3031 6127 9626 9144 4513 5164 1844 5866 1159 8676 6067 7594 2089 293 1514 1669 8408 7754 6769 9450 9523 6717 7518 6222 7991 415 4895 556 9916 3072 9100 4256 2957 9866 1367 3375 7688 2436
114 7427 2672 7132 1204 3025 1038 7704 7511 6931 1424 191 7529 276 9743 9042 8049 4151 6459 931 8530 1448 4636 8884 5 3118 232 6779 4673 5353 3669 3326 8913 2745 1707 8911 6186 3912 8627 1310 4413 2722 4306 8042 5508 1104 4945 3986 8245 648 1395 9677 6862 1920 8666 9007 6941 7025 3807 8038 3061 4128 5994 8475 5104 6998 8373 2206 2341 2419 830 8847 3068 9671 5628 7040 2723 4498 5708 3466 7710 438 7780 4554 1945 9234 1949 3206 622 1162 1328 5981 6771 8104 4039 695 5702 3752 1378 3930 3859 9208 5936 4995 5032 3148 1288 8024 6266 1727 8132 1345 3530 8805 9138
114 2603 3016 4078 4065 1187 7545 4805 4303 8472 3361 8971 5077 2512 5898 429 8745 9019 9352 3844 1737 5696 6657 2401 3731 2710 7375 2608 9504 8831 6036 2748 209 3439 499 6205 3780 2470 8263 4885 230 7745 6824 5879 7847 3379 1256 8862 2052 6707 9575 1880 4002 9092 5964 8844 3629 430 2984 9261 9800 2546 5220 3211 5373 1382 2187 8759 6644 3799 112 9021 8217 6724 1780 9156 4812 6083 4389 3737 4604 5444 9521 201 7716 5892 7749 9775 3200 458 1481 2102 1497 6858 6478 9022 6317 9069 6366 7281 8018 9285 3196 1396 4600 4913 4352 5548 6755 2532 2481 265 3334 1185 9212
112 8946 8099 5062 2146 5673 9443 6891 698 5595 5903 5334 4797 5134 9492 4480 9806 6790 4622 6718 2048 2912 738 1042 238 8239 956 3541 6411 4251 177 2136 5969 6162 7629 8477 4652 1011 3487 4140 2030 822 2643 1709 2924 6999 5963 3819 1405 4430 1483 3390 4986 777 1498 2666 7882 4276 5270 6545 6432 7515 131 7546 2432 5040 386 2740 1403 5806 6494 1654 2246 1291 6307 7373 3967 3365 2127 2180 7548 944 6855 7434 2875 506 3977 4342 3994 983 4681 5342 8219 6201 3014 2926 749 1634 3355 575 9563 7726 1891 4353 2789 8619 4963 7850 2267 9109 9982 6614 7414
111 5455 102 4141 746 8698 5160 482 3247 3665 8983 3551 1768 6151 8286 1842 40 3339 7481 5751 5128 2971 6620 9627 8237 2746 6464 5671 8727 173 7347 5296 8645 6854 8488 8874 3887 5821 1676 1545 2511 597 995 7419 2011 7753 1526 5106 67 3795 9228 865 1459 3065 1467 9844 3646 1358 4761 278 6321 2300 5727 3662 7912 3013 1013 6628 8158 7181 6965 4035 7225 524 1480 1565 9480 7550 8662 8452 4233 6870 8340 3032 2240 7092 146 712 1086 7139 1479 6260 8823 8777 2422 3098 3649 7770 8077 262 5092 4384 1916 7470 8928 953 6650 6561 9404 3857 1363 6491
120 3511 2993 2830 5837 3832 3209 9136 6154 7494 5966 7695 1751 5917 2715 2472 5534 7985 1024 7579 3735 1890 2013 294 9625 2677 9494 8417 1414 4350 9315 9936 996 2744 6978 6538 2477 8541 9851 8483 2955 1693 2646 9720 4898 4178 7536 6914 8967 1723 1069 2412 4456 4428 9964 7288 9739 5839 1963 1401 8109 5804 2015 1458 981 1536 1840 2821 6991 4043 2975 5186 5123 5060 8291 8199 7732 6054 3337 5111 3475 1722 2816 7535 4563 1455 1843 8521 2764 8079 1232 2443 4485 1500 9063 2336 3996 1966 814 6077 2812 4367 9582 2505 4479 8244 8750 9398 8880 4954 937 1022 3734 1211 5789 371 5930 870 5988 7341 5885
115 9168 175 8724 3562 9740 5524 9727 9498 2332 7787 4338 4238 3501 7929 9699 1275 3932 5345 1422 3462 7116 5148 3744 605 504 1236 393 6519 4313 6395 4069 7751 1420 5105 7660 36 8679 2525 734 8988 5055 8652 7243 6171 38 8153 9526 4153 4266 5137 7958 8857 5894 5869 189 2682 9672 5132 2759 2204 1171 2251 57 1054 611 1832 8599 4149 7212 1673 494 8196 7231 9647 744 755 6689 5799 6900 6777 2208 4846 165 8 7686 2196 5264 6477 5172 963 5558 5319 6848 8811 3163 5017 4884 9277 1874 7508 192 7738 7164 1820 2881 1655 6821 5845 8270 5216 3970 3769 124 7555 5255
108 6130 1572 4768 9054 5147 1568 6980 5097 1437 3258 49 8297 9075 3618 4896 7744 3295 1964 7230 5456 3266 4677 9754 1210 2468 704 2301 7239 8609 4298 2868 9395 9439 8349 9457 2409 5861 7045 2843 1871 313 3336 3742 9482 9760 4344 1045 8907 5913 1144 6993 986 6187 2121 5330 8883 4829 1494 1137 5191 4177 4112 3657 369 8497 8757 7881 5614 4570 1732 1502 2754 7628 7285 6469 7959 807 8048 3357 4198 8069 1513 3691 770 242 4624 6342 2612 3838 948 4721 2964 1957 4360 7602 5985 7107 240 6503 4274 3697 3457 2814 936 7854 4594 7774 4131
104 7653 5260 3256 1387 6785 5941 7251 8919 4239 2777 4957 7084 170 2756 2353 9384 4476 4983 721 8266 2057 236 7538 6112 6393 3871 7561 6874 4348 2064 5074 2281 4880 6385 6364 7876 5429 4032 3191 2100 5309 4547 6115 832 1303 6137 8066 2973 412 2617 7586 2683 5152 8560 5577 3692 6439 4737 2283 5187 6306 2224 1117 5252 4085 3327 8041 840 3594 2022 19 272 3738 4982 9541 890 1534 7269 6733 8719 3133 9652 4242 752 9539 18 2553 9508 3842 6248 7332 5660 5549 7223 6303 4890 1967 7174 9188 825 5635 8784 4037 4331
114 7320 2098 7633 8544 7205 9038 846 5149 9584 6671 6888 4794 3181 8797 1196 7173 6925 8282 2930 2147 158 6985 9678 7016 2154 2569 9803 33 7185 760 6274 7840 1725 6535 5510 6236 576 6230 8004 8794 7761 4921 4443 6651 5291 8294 2188 1371 5405 3174 1097 7157 709 1489 6429 8185 2500 6684 7118 844 1830 2704 998 367 8713 6521 7159 6376 8221 6963 1906 6512 440 6476 4299 4842 5986 4618 9758 4670 4464 763 2172 1343 6934 2455 885 3591 4569 7498 3627 2437 7440 3577 6431 1682 9025 1518 2308 509 4936 806 4947 3101 378 9383 3601 2594 5591 6680 6061 7718 4977 9354
110 602 4960 4830 2209 688 8394 9850 7015 2330 2241 3630 8513 8080 5815 2459 1398 3391 8584 4817 9963 9907 9856 3847 308 4621 9892 9172 6744 8292 3644 1167 3500 1081 9883 1477 1519 6715 7522 7727 9917 4818 1825 9857 5282 4658 7941 7596 3981 9464 1406 5015 8509 5800 1838 9002 5718 8780 8990 5731 6841 9098 3137 1416 7155 3960 4103 1213 7635 5043 705 1656 8233 1748 9294 3394 9801 7685 2898 935 6144 6642 4022 7182 3307 1646 8905 2162 3498 7714 6273 640 3848 5091 8112 8247 8533 251 6356 1227 1881 7930 3197 3840 788 6947 6240 4965 6806 7756 2480
110 2849 7136 4114 671 558 1472 2517 839 9417 4166 2554 6347 8657 4769 3005 7969 9636 2469 4186 2664 6421 9629 7151 1677 3091 7668 8991 1593 7110 5396 8022 2247 3192 1253 9853 2403 9531 6331 7135 3774 1837 2867 2629 161 4101 1915 2913 359 9309 4985 4583 6192 2944 7247 522 9060 8787 9729 982 2326 6786 5648 8867 4693 1848 297 324 7813 6288 2690 5003 6195 9726 992 6682 864 1684 1510 7627 4216 5203 765 4968 118 3673 2199 5300 7897 9881 3424 6838 6782 7477 856 1316 6704 8660 6153 8830 5344 5948 5317 2306 3468 4866 6626 7315 8932 6216 7911
112 6599 586 9543 445 9764 1846 8183 1896 2793 8447 1807 2069 6416 9632 9039 2169 16 7449 9428 2352 9752 4152 5224 2167 3443 4183 4903 7878 1342 7227 4205 7111 7755 3745 7981 9436 4527 1083 9093 9376 8025 4497 9593 84 1493 7195 5768 5852 7400 1214 5766 907 2743 6337 1418 2082 9902 1662 6696 7075 3786 7924 4488 1057 999 4492 3319 3343 2663 2173 7578 9706 6678 6232 8056 9611 3245 6285 829 6468 1569 9711 4154 7302 9132 217 3165 4209 4463 2503 3224 9686 2991 5677 6335 8058 4646 2211 4666 7152 7280 6203 5491 7553 3931 4461 9388 8240 1739 1665 3436 9346
105 7833 4052 13 4469 2452 8961 3288 534 9166 90 8740 128 6250 3781 6474 3064 8829 1325 1278 2343 8445 6278 5313 8954 8281 1412 163 8754 6500 3479 3170 3604 4589 4194 5301 5757 5434 5028 1218 594 5749 4374 1329 5124 8296 8350 609 5249 5874 3812 1147 7696 3730 9207 5135 580 8796 7184 8550 4723 6323 6170 5642 4470 887 180 247 5038 5655 6958 1823 5335 9512 9944 7241 72 1605 2347 3793 5753 3862 2421 2856 7301 699 4510 4108 8576 9557 8043 2691 9148 2862 860 8776 7968 9615 9580 6320 8589 1991 224 2661 9510 2254
112 2440 1574 7735 7855 8299 994 7343 8366 8934 1734 5984 5237 7636 8134 6407 7699 6445 5826 4697 5066 768 208 6485 7203 1521 2298 3741 9571 9909 4454 4044 7202 6615 6523 3069 6268 4679 9317 4489 8602 7352 7091 7863 997 6354 7355 1085 2539 8278 909 5367 8371 9694 2428 3568 7431 6502 1146 6072 2348 3463 5662 9598 775 5447 9560 3499 6334 4557 5810 4738 5773 255 2488 7133 8608 5061 6270 8156 7403 1077 6536 7057 8136 7818 3768 298 880 2619 1277 113 2383 4320 3542 8606 2976 9112 8935 843 4735 2828 6029 1079 7246 4586 7537 3829 6133 1551 9558 8670 4915
98 8854 9111 3363 1788 5326 8184 4236 3128 9635 3235 1365 5881 4006 9408 4650 8438 7367 3350 6313 6150 571 2126 6794 3610 6710 4639 740 185 3297 5759 9272 4083 4953 4388 4055 4229 4193 7291 4579 5592 8617 6454 3515 4136 5289 7404 4696 8855 9365 5579 7321 5993 4371 1636 2549 9877 2108 1828 6653 4893 5741 588 2270 3046 5272 7333 591 1523 5179 4301 913 1388 9682 9086 3593 3022 459 8852 2978 2302 149 9074 737 1580 4150 7583 581 2094 7804 5586 340 3421 2850 4254 5970 1212 7534 6207
108 4891 9392 2584 4852 4322 2823 2996 7382 7297 7216 8152 6796 8903 1205 6664 5153 2396 8073 1197 9816 4046 4005 2239 6767 515 7381 7637 6859 2609 9864 3556 4672 675 1888 9415 7680 4190 8274 6567 6256 9921 3863 4047 2808 7906 8437 5297 8861 4147 5611 8826 9300 4179 3003 1029 1308 7088 6100 4578 6338 4614 6106 1571 8226 6962 6343 2972 8186 8667 3261 2045 1426 6193 8098 4770 9237 2073 8086 6458 4920 9245 1107 6116 6913 9631 3947 4210 8323 5657 9948 8510 8779 3214 7730 8117 4381 497 480 4197 7843 9698 2444 5050 5897 7806 8096 4275 3082
102 3636 7662 3831 7822 3704 7047 9826 523 8654 4989 4807 256 479 3385 1192 6258 6935 9967 9129 6556 8575 9258 908 3347 8257 3019 319 662 7866 2687 9310 5433 1603 9186 204 4289 7455 5133 1971 2725 8917 4124 2474 644 3315 8047 3846 1319 8605 6025 7459 8842 7860 603 729 475 920 1892 5519 492 2949 7750 8614 7898 3004 6712 4654 4924 6315 3414 847 9016 5929 2932 6568 8457 4606 7391 9305 3538 8411 7339 1628 4000 5158 1978 6577 3936 652 9637 127 6920 2041 3958 2380 2985 1678 5621 7153 6625 3386 6422
102 2038 9189 9714 9211 7642 9445 2586 27 9117 3534 3772 2005 665 8356 9755 2384 6275 1776 5829 4391 6123 53 4314 7158 6551 1160 8958 3335 6902 3480 150 4938 9006 5900 8528 9798 8876 5397 8628 5314 6318 8147 7939 4782 7000 2262 5000 2148 2314 2019 5063 6174 2171 3828 1774 6721 5720 6450 5268 4146 4955 8370 8283 461 3639 1336 2660 4453 5927 7141 8429 8379 4143 9083 4220 4675 4558 959 6066 4613 8169 7444 4449 2405 4105 3208 6832 1393 5809 1975 6495 2088 9765 3451 2915 1697 4956 362 4419 2296 7502 7527
100 9738 7318 3875 9488 6021 2414 6956 1599 9157 8227 9942 766 5185 7648 9219 1124 1608 4784 375 629 1604 3907 9229 7022 9391 7572 311 8581 8249 841 739 6097 3086 5403 991 7131 1899 1460 7188 7525 7830 8538 1490 7620 9303 3393 9008 7312 1353 5540 5356 9252 9232 9323 5746 5539 2425 716 7514 5357 7823 1710 2133 9779 3714 8403 9199 1733 4285 5788 3935 4626 7454 8923 8163 7451 5449 6880 2597 1061 1974 7659 1728 9124 1404 3369 5907 7156 9030 4798 7938 1270 573 4793 2530 9995 4512 9827 6835 2497
97 4935 2652 654 8653 5336 4398 9104 4751 5209 1139 26 5965 7516 2640 4607 3410 9836 837 5423 1283 949 8500 6622 9489 6244 5916 6057 1770 1657 6750 1098 6163 111 8689 987 2595 3286 3194 4435 546 8939 9372 6018 5352 9278 2686 2404 4098 376 2235 4602 965 623 7053 2508 903 8031 9659 4934 5692 7410 5150 4202 8016 7684 7479 7510 6314 5362 3809 8930 3933 4899 6131 1384 9486 708 11 9691 7998 5016 3727 4571 8940 6022 8081 3607 3940 7705 5231 3404 3868 7839 9015 2565 7540 8618
101 1434 5835 1808 1641 8598 5325 7179 2202 4057 1191 4170 5511 8003 3919 3866 5855 1758 8464 4227 6073 8820 4495 5022 971 5683 1198 1998 4487 2591 6295 5742 550 9437 8641 6666 4062 5059 2558 5412 5064 9247 9057 1389 237 916 2014 8639 8384 8334 9367 9334 6291 3382 3271 693 3180 6698 1866 3650 1050 5485 505 9709 3231 6110 6734 912 5034 1116 4499 5271 8664 9319 9000 4508 5743 8428 1953 9364 8632 7967 29 8802 2784 4664 4008 4271 3237 426 5276 9001 145 9071 9152 1106 6737 6587 503 5361 3808 2423
103 577 6096 395 3042 474 1035 5944 476 5846 5492 3640 2813 3921 3694 1926 6756 4249 3373 5574 6493 7865 9719 2439 9184 513 4472 7406 3243 9324 2679 4370 1883 7993 4363 4158 7610 413 6138 2513 9067 5192 7432 9012 9116 5488 5080 2004 7005 5450 7792 3321 337 6772 4167 1063 7795 7909 3886 9122 7994 6204 5154 1763 3184 3728 9345 535 6394 4894 488 5722 4225 6987 7736 1251 9840 6126 8739 7987 349 3478 3447 7683 8203 894 79 4631 1305 253 9705 4702 6637 5543 4552 8236 5372 2059 2807 1638 1954 2668 1778 3810
101 4172 9049 8709 4189 4574 1062 7918 6879 3656 4214 6655 667 4442 4937 4144 1053 5460 9139 9590 3707 35 147 2920 6990 5596 4387 9329 4874 8469 6160 8974 1193 6572 4888 5509 8325 3743 203 5311 8391 2928 223 2355 5905 1280 7549 1847 339 5427 7242 8255 157 9923 6749 6006 96 9830 4902 3129 6607 7248 3085 2899 6487 2910 6336 1286 7943 2974 9911 6788 7504 6608 2641 3097 3053 1501 8126 9306 6986 9167 312 2987 3706 9667 6499 4984 8100 9347 5937 2737 4683 4699 1473 1533 2969 6952 7886 7775 582 9895
99 2150 9822 3387 6229 9106 4049 3815 2864 8404 7439 3860 7183 2876 544 8733 3903 8613 2755 8273 9974 9416 5867 684 5435 4116 117 4809 1904 5760 7316 8251 3167 7693 5763 1671 615 2931 9173 1749 5603 642 9179 6882 5198 510 2842 2413 7809 4918 5732 3747 4317 4332 8871 1783 5790 9387 4549 4164 6400 9653 4836 4946 2886 3371 248 6020 7067 7366 8444 9746 1200 786 5364 7862 6109 767 9061 5932 4426 9813 2115 5359 8197 1576 892 7386 6308 3354 5633 5950 8317 7424 8061 7294 1071 8443 5392 647
106 6781 2635 7828 3236 7995 1048 7639 3693 6425 656 2604 5653 487 4507 3278 9702 1675 3763 8547 5005 7482 9241 6379 2359 1562 606 4828 9622 7980 851 8365 141 6436 8211 2989 3229 5045 4431 4533 4728 7942 4952 4316 9497 292 9906 7282 799 3923 5962 1905 8650 6228 6706 3963 2970 9609 6594 4328 5643 6353 2445 2798 9564 3376 1488 7437 6827 801 4016 1803 1180 3736 9693 1992 3789 9402 8881 2621 9062 5019 3413 8243 3352 5665 7376 1834 1449 4196 7413 717 6181 4411 9535 4026 7900 4518 491 7008 9474 2431 8879 8964 6546 85 6148
96 5014 5057 4473 1824 4494 2378 8364 3171 6640 8481 2365 1339 563 4436 61 6382 8193 7528 3323 8714 1575 970 6452 7910 9745 1854 5610 2797 7592 4017 6312 6675 9126 110 2055 5793 360 2590 6210 5791 911 6585 6954 7443 6143 3094 2833 9233 6063 7532 5075 264 8762 5982 4207 7737 4740 9066 8133 2181 4752 4706 9928 985 2592 8817 2871 4206 6333 7398 3017 3749 4142 7567 8735 1989 6799 8706 7717 8902 8527 6761 8174 8555 2537 2311 4820 9423 2716 6235 3580 7422 1946 4821 8909 341
94 4904 8097 2636 6330 6638 1817 1271 596 7395 9718 1956 1924 1407 108 4327 8324 6889 2860 1014 4926 2037 5940 4126 555 167 7467 1994 1322 6419 8506 80 3934 5278 2542 7401 3565 7765 8318 4833 1889 8889 872 5770 4019 1960 5162 529 3926 8115 9072 1249 680 3609 6624 559 3470 4125 4051 9169 6396 2309 8269 9295 3535 6839 2665 1582 7964 5641 2081 3924 9333 4173 8456 9399 7977 4979 2025 160 2261 4369 651 6532 8218 882 9542 2189 9573 7004 6960 9991 9847 8151 694
101 9058 4071 6197 3190 7313 1425 8835 3972 6720 1531 8143 5127 5349 9052 7384 130 9884 1600 1241 589 8663 7773 4278 2770 4282 5542 3281 6727 5170 8001 9495 9044 5822 4025 1039 7415 3176 5490 5121 7097 3364 7767 76 3310 2946 8507 9043 7104 1102 8807 831 6483 210 6945 8882 1142 2278 9810 2315 4838 6518 9276 354 4406 3293 1225 4475 7433 8230 9875 8822 8312 9401 3566 2773 6095 3561 3864 5452 6489 7619 3626 6602 1731 2483 7972 5515 8845 9342 3406 4981 3959 5215 4695 8353 7965 2467 6012 5365 8753 4585
93 5604 9351 5046 1965 9858 4671 6227 957 7175 5370 5213 2954 3149 9646 4917 1175 4415 2526 9899 3412 5478 5244 3917 5670 4394 3420 5772 1411 1306 5406 4003 8680 1326 2280 7473 8677 3797 4732 1589 3131 8801 9871 1698 1870 9618 8591 8755 3441 1914 8601 6591 7757 8688 2034 2951 7081 4756 7673 9674 6249 923 6695 1058 6555 2988 5047 9432 7582 8825 8748 8287 5824 2210 9503 7523 8836 6661 4020 5813 5380 7713 4270 9947 5256 103 7934 119 4516 1559 3913 8771 7936 3767
98 2870 691 8849 1386 3233 7566 8246 159 1468 8870 498 2152 5938 8166 8624 2430 7253 9454 6231 2775 9721 4001 1138 5052 397 1784 9235 4134 8812 6979 1639 4341 7835 878 5514 8260 3989 9332 4687 778 9703 2897 2416 8435 855 5073 4180 3269 9279 5230 7099 7012 3389 6175 4883 2714 2462 5394 7221 7779 9046 6039 5672 9487 7585 2726 3255 549 246 6571 5625 6937 151 9834 4439 6316 7933 9379 8160 8045 2778 1375 2883 8708 5294 6533 8979 8146 5685 9003 1801 2105 5513 1268 2956 6639 1177 9697
96 6440 6056 8725 3423 6950 3590 4760 2648 2086 9887 7222 8590 4392 8399 6597 3316 747 3027 8052 8778 3560 3671 9937 5318 3049 7412 4722 8970 6167 9939 3651 888 5053 3544 4831 4638 8458 8253 9979 3553 7950 2825 8665 7949 6352 2977 2520 6272 6892 4992 8329 5606 5346 3525 7888 8999 2364 5484 3418 3891 7273 226 5131 1613 7783 6964 1075 4781 6514 2458 4253 4308 4283 8467 9493 542 6981 3070 6289 9978 1877 9886 7048 2269 2567 6011 5196 3906 5375 696 6149 4832 6542 3188 2528 2936
86 2995 6933 9435 7609 4759 3265 8504 5354 1831 810 9589 7120 8026 8977 3099 5461 4560 3036 2195 7607 4304 8410 630 1787 9406 4452 4315 9898 74 5146 8532 6515 3608 3330 6711 5420 584 2370 3416 8722 8482 4713 2354 6544 115 6433 7001 5978 1713 7681 1114 7206 5295 6649 3359 2113 8087 2492 5463 5139 260 5871 5920 797 853 1381 1658 4484 1529 9514 5316 2865 4741 3655 4908 6059 9953 1930 5536 7100 2099 8225 2634 6810 2894 4659
84 3883 9581 9141 2563 3075 7006 2335 1691 34 5462 5041 5997 5545 60 8841 4200 5713 8234 3186 9790 1293 8178 4550 4734 1174 1485 8005 5496 8264 3850 3105 8369 7503 4822 1215 7531 1747 2316 5108 4914 3464 5379 6208 4448 7623 2581 7778 9312 938 514 8837 7499 5389 4305 2087 1743 8571 776 5605 9009 3178 5762 8405 5872 5099 4012 7956 2751 1287 4584 344 196 566 6305 3120 5507 3816 5432 8774 24 9841 8062 845 5561
95 1179 3873 1579 7256 1109 4349 9960 2765 6214 9992 4660 7014 7335 5794 405 2140 9131 1178 3557 5151 1923 2201 6753 4175 9961 9955 3205 7988 9467 1258 4185 6473 3777 4174 7597 1680 1694 8877 636 6582 8616 2066 9311 1948 5691 4161 8007 2342 1453 9389 3102 9421 1616 3574 5199 2411 2070 2292 100 7879 8331 2662 1366 4405 1335 9125 2628 5338 1332 7904 423 9226 8427 1982 8252 8393 1841 7595 5009 5615 4688 2962 6909 439 1762 1237 7861 2544 5559 3633 5953 4502 9724 7456 3227
91 4467 6507 5588 3766 3968 9594 8546 9031 4766 5557 8432 1704 9506 2228 1442 3762 6961 4716 5868 8250 8418 6815 4104 8924 6616 6676 9753 2158 190 3348 2613 3130 1020 3835 833 4500 753 6287 3298 6773 2044 3146 600 781 6378 1952 249 1103 9935 4213 5299 6048 6223 3287 756 3253 4541 1240 7127 2362 7023 7208 2460 1561 9519 2787 162 7827 206 7140 8101 1018 5571 9977 5521 6797 2927 8803 455 12 9045 6783 1615 9064 172 3030 1875 6865 9556 7021 1289
93 3155 4466 8407 9014 4077 1938 2583 188 8339 502 416 5895 6363 7295 4123 6922 7621 220 9462 5307 320 9795 4524 3520 2499 8518 1354 565 1802 1233 9771 83 7672 1647 5169 1799 9809 7554 8231 9651 4081 2017 55 2675 1188 5306 305 3152 8597 3108 3978 2125 6539 9893 6611 8707 6760 5419 618 7999 8304 3445 6247 6132 1026 1164 6071 2461 5494 1478 7945 6070 614 2434 732 1718 3154 5337 9759 2885 9134 8164 5864 4680 5678 4998 8548 7322 6830 7194 8696 5208 6091
89 1408 7148 3491 8579 3452 8386 5475 5952 6687 1779 9951 1520 6699 7581 2252 3139 5102 9263 5714 4307 7065 9989 7349 243 2562 4889 4785 1360 8262 893 7122 3277 1000 7009 9187 6763 3982 5817 406 8925 5219 6388 3894 6398 8341 9081 815 8175 5652 7013 9734 4106 8028 6365 4482 2564 6853 5554 9981 1101 6383 8021 122 6886 8054 723 8449 7055 6254 1129 4176 1900 8032 9633 5386 9934 7050 730 6184 1540 2670 796 8743 7608 8307 2291 4014 7641 6301
88 2822 3353 934 570 3384 6190 3482 6770 9037 8927 5241 7458 2003 3264 7191 1051 2135 873 2212 7087 7769 4942 6049 1865 8646 8423 7393 7891 2680 358 400 257 4647 7046 4440 5096 9821 3020 5803 4295 5347 4375 6601 1621 1352 7363 643 7044 3684 1726 7196 6220 6714 2466 6104 3641 733 1156 17 4451 631 761 6549 483 1702 3658 7530 3861 9550 9205 7600 6631 9201 6324 6907 1594 3712 2170 8792 8416 1629 4412 2911 3422 7471 8265 7996 1627
93 5371 207 3516 5030 7606 9446 9213 5130 7402 3503 4259 5583 4802 3746 3291 462 9817 1049 9520 8651 6618 5201 3783 7691 9183 5506 5512 3429 848 194 2071 6872 6606 2050 9089 8505 4519 5694 6814 564 8813 3415 2033 4515 6508 9414 9118 4546 9547 7276 9716 7307 5565 3067 9409 3458 5242 1886 8804 1845 7129 2344 3252 2696 4778 4333 3012 9516 7497 7 3624 2588 9578 8789 3521 6569 6517 4468 6636 181 6293 6506 4287 2904 2441 1550 2902 1136 3345 7533 6279 419 1199
89 820 4974 929 6392 993 5703 3856 8995 1348 8952 5886 3987 330 9785 7244 4710 69 2395 2036 422 5912 5860 7359 1203 2232 7513 1127 7605 356 2207 8013 1226 4292 2068 7213 7706 7873 4284 1320 5200 7056 7701 428 539 1936 2811 8254 9712 3054 5943 7271 5027 2757 6905 5331 5393 5573 7476 1806 5931 9530 7314 3296 9085 3089 725 1153 6391 3990 6467 9377 3578 5180 5764 5996 517 7788 1800 5527 3946 2329 9444 5774 3008 3472 9555 2623 9204 3504
93 5876 2223 2922 3709 3123 3210 8315 2607 6488 2000 854 7397 3051 9732 1863 8872 6864 9079 3259 7715 1560 682 8834 6686 9599 1340 2313 5390 3158 5159 1427 1307 266 4241 373 3892 3228 6460 3817 2610 1754 8335 9769 1972 8390 863 1294 2589 8338 7146 99 9091 3370 5820 6471 9011 1161 5775 7591 4814 9070 1652 3615 3790 46 7168 9195 5469 8382 8600 7137 2366 6465 9722 7512 8648 2454 4505 4490 9082 7791 6916 2712 8522 1209 3074 5398 3901 4643 9018 7319 8392 8194
89 5832 3187 4119 9872 660 9561 3911 7448 548 3505 7011 1700 2933 2482 6623 9076 3405 338 2279 221 5499 8006 4302 5796 4358 9133 1238 1730 9660 409 3802 5843 5659 9363 3791 9562 9548 6310 8552 2276 7328 8821 9792 6484 8035 6757 4011 1706 3026 9325 4414 2658 1169 8942 8288 8276 5464 3276 8984 3773 2112 967 5194 3000 2742 9479 8508 9171 5089 9108 8772 2109 6139 6583 1716 6040 4746 20 2478 3800 3687 6823 1010 6442 7362 2349 3279 98 7234
95 6430 6340 3448 5465 3877 1660 8440 626 4474 2198 8017 4909 7752 850 2418 1152 1961 1465 1659 1133 3267 4703 9165 8737 1302 5784 4089 964 1767 5862 7330 3678 9178 2320 3506 9689 7816 2426 4689 1128 5689 5438 9160 6811 2657 8436 2632 8279 3377 4074 4727 4421 5505 4109 8210 3576 6403 5899 8313 4819 4404 3945 9316 8459 4879 4861 7826 9511 9341 8212 9357 8430 6592 1703 6825 2669 8010 6702 8763 7486 809 1859 9101 2498 5569 9894 8895 1454 6573 3062 3826 2781 9786 7885 6405
87 9670 7277 3922 9601 1030 1764 493 2874 1330 5156 5245 5555 4311 1250 9772 2841 9640 879 408 792 466 9565 0 8673 3625 4117 3090 5878 4444 4110 7304 7875 2183 670 8511 5100 4223 1166 7560 8089 7740 6024 3147 6719 7739 3983 3096 7615 639 7725 3677 4033 3213 153 1413 3890 4704 4815 1955 244 2702 3263 4876 1296 5572 579 1324 4013 3572 9608 5575 5776 692 5819 25 4297 9900 4337 47 166 6377 6325 6447 869 2217 447 9154
95 7849 7080 6812 9284 8453 773 5388 8207 436 2496 5608 528 1818 7329 9236 7042 8906 1756 1462 6876 3331 7679 6304 5125 4948 2375 81 8000 6971 1836 3234 1194 3304 4204 3398 3402 4334 2260 4212 8284 1244 8352 7032 954 4045 6908 861 4930 2671 1392 512 245 58 407 6119 8135 2379 8119 7200 9929 7350 1563 8138 8300 9532 1356 5616 4041 269 6196 9638 8635 1372 5358 7666 4036 2160 8520 7019 3909 6867 9679 6169 1263 9164 8918 1464 5054 2067 8959 2587 9799 8945 5284 3116
86 2717 2772 2734 152 9194 9328 7782 9688 6595 3765 7794 7380 9891 5116 1505 8586 9397 3518 5400 1165 7149 1441 979 5228 771 4566 4137 6215 8642 7661 3313 1532 5547 7815 715 3494 3548 2389 6989 1262 9704 1742 673 4288 6996 1517 1507 7102 700 2226 4538 5880 4496 7834 3740 3204 650 8491 2118 8947 8643 3433 6349 5623 9269 3395 4537 5676 9176 8127 7734 9905 978 818 5402 5805 2942 4762 8060 5729 6496 282 2907 8816 9918 2507
82 9053 3216 8551 7674 4764 4753 4922 1753 2442 3701 9940 6402 968 8261 779 7060 5724 4529 9540 930 7800 5783 3513 7870 3275 8791 9338 9451 468 2947 3794 7374 6648 1074 2325 1618 8824 1003 5701 2502 3136 1661 6414 3723 4157 6904 7692 758 4312 8095 1736 1231 1450 9162 3621 4653 8563 4429 3539 8868 6031 6290 9603 7905 8965 8014 9903 4155 8672 5184 235 4407 617 7789 637 7214 3645 3540 9544 4962 6898 4775
91 156 3183 4967 8220 8858 1959 7760 8044 7720 5535 553 5613 3579 8565 736 9286 3951 1429 2236 5117 5705 5229 6822 8526 791 3486 6747 7748 5911 9762 974 6708 3637 4201 1290 7345 6893 1023 8721 2887 2390 9068 5998 9434 2780 7112 8886 4226 604 3368 8051 318 1606 361 1391 5013 2312 6725 2625 424 3718 1910 7634 2676 9386 7825 2543 9663 1019 5190 3699 296 114 9715 4608 1254 3493 5728 6921 9642 7478 7741 7435 5736 2273 1369 5698 9650 2561 8387 6371
79 3060 2758 9888 8085 862 1893 4433 750 6046 3333 7487 7894 8833 3417 9735 73 6516 3755 4858 3114 8050 6359 5587 1689 793 1151 4724 1549 4095 7709 569 6252 8413 2040 1182 3453 3839 9664 4343 213 2893 5202 683 2645 6438 4080 9673 9214 9551 1611 2453 8973 3007 6604 7027 608 9639 6443 6691 5902 7687 469 9028 8308 2197 6251 1981 714 1266 4877 8363 3045 9438 4268 5021 5928 5240 5674 5921
86 45 187 1711 4616 8424 9440 8267 2795 2847 6578 1067 5632 659 9606 2965 9095 7845 9268 7436 1217 7327 1674 883 2129 7061 420 2774 6277 3675 1248 2909 1121 4504 8573 7645 8008 9545 3127 3284 140 6809 123 1829 2656 1761 8124 2527 947 5956 5487 6758 8908 8996 4860 7064 2650 3788 7563 1357 1084 5363 2934 8202 2579 9472 4319 823 3084 8738 1812 7923 6076 6327 4682 516 6833 9358 5849 8037 3059 6942 1522 3444 4556 819 722
83 835 2600 5500 9371 6603 1492 5967 1285 9756 4099 1822 2 2693 3126 4777 2358 9190 2137 8711 8726 3272 3346 4642 5637 7117 9084 689 5802 3340 6690 1797 4520 8894 7450 5292 686 7237 3705 9845 3849 198 3034 1853 5067 1873 1530 5622 4027 9427 418 9553 9776 5827 4010 4596 1190 7495 7143 7762 1006 1201 1729 3874 6019 8275 9318 1447 6 8788 2732 7520 9620 1470 2844 5582 8409 6490 7521 5002 5551 3057 5178 592
82 5266 3249 6570 5254 9155 666 4634 551 5798 7475 89 6245 9811 8890 9304 780 5585 434 3122 3667 6280 6437 6752 7296 1735 800 2161 261 3647 219 8466 2509 1692 4544 9327 300 1292 9862 6145 3246 7007 5428 7962 4215 6418 6670 1552 9299 7836 7172 64 8720 649 7570 4595 1624 4886 2449 5078 9656 4073 6108 2575 5735 1570 6840 942 2953 8075 121 3988 2275 2448 5795 616 4811 8596 8195 8110 2810 3024 7364
82 9151 7851 6423 3592 8039 3782 4980 7946 8346 8400 1595 3575 6871 457 8130 8765 7650 598 4323 1282 690 7872 3318 743 5315 9994 5425 943 1525 7869 3430 8330 2373 5442 9466 6948 322 7589 4423 2080 6044 5259 8901 7290 5026 9050 5971 2290 9570 2047 9419 4669 211 9749 6938 7095 5087 827 8380 410 2831 9536 2729 5232 8302 2721 7125 9353 7106 2938 7856 2749 2516 7542 4940 4881 6598 126 2879 9410 8636 4329
83 2139 2182 9988 7937 7245 816 336 6857 68 2263 3899 7986 1417 1558 2916 9200 4788 4627 8093 456 7028 9302 1433 8462 7927 437 8840 9818 5071 3481 9835 3545 5951 7059 2826 6800 3507 5834 8859 7682 3700 7388 9222 9 669 4434 633 4340 3512 8139 9998 1073 1578 4056 5778 3600 672 3965 7963 6589 2222 5961 8065 8962 2486 661 5629 7354 4326 7517 6943 2990 1786 7192 5870 8068 6008 5960 4526 1428 2786 7577 3399
79 2234 9861 389 2417 1752 7708 9791 6765 271 6155 288 9559 3702 7279 3164 5896 4181 2394 7526 1344 4969 1243 6409 6866 2337 8206 200 3320 4684 5781 7257 1919 8956 8191 3721 1261 3508 1223 2837 2551 1504 914 5594 9411 7626 8529 2692 5399 1645 355 500 6087 4133 8703 7041 5458 9275 9026 3597 8626 6080 5305 8179 2282 9950 7618 9170 6415 9579 2776 5787 3226 2959 951 6157 6159 8682 711 4964
83 6261 8078 78 2921 7643 1377 1143 3169 446 5195 5476 5934 8120 8717 1772 3680 1430 6819 1631 8910 2391 2771 7361 7675 2142 4640 4325 5010 7163 6522 1032 5530 4293 8878 9035 1402 9919 2184 1034 6457 3095 1314 1135 3461 270 6837 1535 6075 958 8578 6768 8336 9796 5825 8684 4261 3751 2827 6525 4686 4029 9265 8998 7255 5995 5437 5039 4075 9335 6713 8084 6751 7094 8749 1705 7817 9723 3668 641 8180 7997 7492 4087
79 7678 42 1826 6669 1833 3425 6543 1312 1359 4632 4067 928 2524 7331 7026 2966 6681 4976 9669 7086 1996 8968 8381 5084 6221 8289 1120 4079 8122 5568 5329 7824 532 2802 4882 8611 6367 3879 4402 8426 2967 9024 8140 169 2006 6968 4240 9525 6492 381 3869 9465 7425 4572 9701 1625 176 7211 8113 5754 4663 9225 9331 821 3688 9004 464 7895 3547 9912 3173 4224 852 8744 5618 6974 578 4605 2681
84 1134 4182 5482 2191 9282 3611 4246 8121 2297 1130 2766 3681 6778 8327 6168 1390 2506 5598 2873 443 8204 3242 4076 5167 8933 8798 9149 6361 5975 9231 4864 8577 9808 332 4401 1867 1849 7267 8558 4591 5441 4410 5854 6701 8675 9455 4218 4365 9448 388 6924 1977 8295 3928 8534 5415 1216 759 9920 148 3397 9965 4269 7892 4651 6774 347 632 5560 5649 889 6141 6360 4532 8782 9748 3760 6673 624 9403 9838 7559 2388 7264
79 8103 3117 526 5777 6257 5955 8948 3827 5973 1066 4944 5310 9378 811 8471 5436 7790 2599 9708 6826 6267 43 610 174 3018 8728 1007 3785 2846 7935 7336 6098 9654 8189 6665 92 5497 5093 9381 5072 8148 7763 4862 4656 2216 904 6802 1351 2407 6387 1640 5468 3973 6957 2598 4806 9142 401 4536 4932 8809 4121 9849 9819 1347 2257 9661 3351 8542 2523 3993 9505 3758 547 6513 1027 2016 6017 3595
77 6428 3039 6975 3153 1415 2351 4581 9202 4662 6754 6032 8027 2479 4386 653 4355 6027 2106 3300 7598 5863 2331 3711 8463 2194 7105 7703 4272 6296 1309 4792 7651 2891 1585 5417 8222 6213 5909 6182 9959 1701 2540 7656 4258 3939 1456 7069 4780 2882 5816 5205 5750 657 1591 7940 8030 1078 346 3140 8729 5715 2824 3002 1714 8955 2514 4437 390 3796 5526 574 2487 3157 6074 5418 1651 1851
79 9475 8172 4611 7883 2711 8383 1060 9248 138 2265 4996 4757 1614 3855 281 3696 3898 7976 2992 941 5360 1917 9461 5058 9380 3427 9078 5704 2289 5382 2009 5601 3055 8106 8769 3686 2153 5332 5782 4090 8691 5426 9355 4776 5808 1046 5479 6146 9040 5688 2484 9823 3853 1619 8900 4208 5145 2356 3900 9610 7303 1811 8929 195 1527 3948 9962 442 9572 2667 1798 638 9452 5280 9161 6663 6135 5644 7887
76 1566 5634 8595 6613 7324 6152 8786 5262 4318 5233 9251 676 2323 6211 3716 2801 4393 4628 7777 1009 8569 3882 2021 2039 901 184 3110 4031 3262 4028 4127 9983 4564 5578 6646 6552 7072 3806 4943 5477 9736 7702 2593 9297 66 8982 4438 7079 8921 6526 3142 2700 3792 9102 8674 4245 2174 3358 2074 8485 5221 7647 5812 5391 9374 5275 2796 3138 3092 950 6271 6784 9163 2952 470 3080
78 8450 295 2368 8644 3198 1577 4115 701 7613 9366 5467 8543 2293 7543 8936 9484 8701 2101 8937 6912 1229 4221 1898 164 91 3724 2132 7390 51 465 8067 135 8215 8476 6510 3078 6238 9490 4603 8752 2576 1885 989 5842 9996 7167 2869 568 9595 8310 595 9471 5651 3378 8321 9566 1850 3569 104 4859 1475 748 9193 6662 7490 6619 9032 5225 6534 7970 5285 4973 4961 8770 6932 8640 8395 2895
90 6198 1785 5959 7576 1813 6845 8980 1247 2649 9568 5031 7115 6600 5516 2747 4834 6177 1515 5182 8681 6000 5171 473 4694 4145 9267 3905 7268 6697 4577 2243 3273 4383 2382 5533 310 8512 9250 231 5122 382 6345 1719 9588 7310 1598 7676 3400 1376 5627 7103 5631 5640 2602 5563 9597 1902 7669 129 3029 315 8633 7601 7287 3998 4222 8810 41 1181 3663 8941 2925 1397 4058 9997 8232 8019 7759 7590 5954 5831 5679 5454 4506 3160 2863 2854 2820 1666 1111
